ShittyQuotesPorn.csv
0
Sentiment(classification='pos', p_pos=0.77310994762480223, p_neg=0.22689005237519821)


1
Sentiment(classification='pos', p_pos=0.5, p_neg=0.5)




0.136363636364 0.5 0.363445026188 0.636554973812
0
Live long and prosper, young Jedi -- Dumbledore
Sentiment(polarity=0.34999999999999998, subjectivity=0.65000000000000002)
('Amy', '->', u'NP')
('Benjamin', '->', u'NP')
('Franklin', '->', u'NP')
('Khan', '->', u'NP')
('Neil', '->', u'NP')
('Nietzsche', '->', u'NP')
('Nietzsche', '->', u'NP')
('Lil', '->', u'NP')
('Ben', '->', u'NP')
('Tom', '->', u'NP')
('Cruise', '->', u'NP')
('Thomas', '->', u'NP')
('Don', '->', u'NP')
('America', '->', u'NP')
('Charles', '->', u'NP')
('Darwin', '->', u'NP')
('Thomas', '->', u'NP')
('Jefferson', '->', u'NP')
('Cash', '->', u'NP')
('Wise', '->', u'NP')
('Albert', '->', u'NP')
('Einstein', '->', u'NP')
('Dwight', '->', u'NP')
('Eisenhower', '->', u'NP')
('Churchill', '->', u'NP')
('Adolf', '->', u'NP')
('Hitler', '->', u'NP')
('Ching', '->', u'NP')
('Thomas', '->', u'NP')
('Jefferson', '->', u'NP')
('Louisiana', '->', u'NP')
('Bill', '->', u'NP')
('Clinton', '->', u'NP')
('Wise', '->', u'NP')
('Neil', '->', u'NP')
('Da', '->', u'NP')
('Tyson', '->', u'NP')
('Smith', '->', u'NP')
('James', '->', u'NP')
('W', '->', u'NP')
('Marshall', '->', u'NP')
('Duncan', '->', u'NP')
('Buzz', '->', u'NP')
('Abraham', '->', u'NP')
('Lincoln', '->', u'NP')
('Mark', '->', u'NP')
('Twain', '->', u'NP')
('Jack', '->', u'NP')
('Custer', '->', u'NP')
('Taft', '->', u'NP')
('Bill', '->', u'NP')
('Julius', '->', u'NP')
('Oscar', '->', u'NP')
('Ben', '->', u'NP')
('Franklin', '->', u'NP')
('Valentine', '->', u'NP')
('Hitler', '->', u'NP')
('Wise', '->', u'NP')
('Jesus', '->', u'NP')
('Francis', '->', u'NP')
('Bob', '->', u'NP')
('Rosa', '->', u'NP')
('Harry', '->', u'NP')
('Walt', '->', u'NP')
('Anne', '->', u'NP')
('Frank', '->', u'NP')
('Napoleon', '->', u'NP')
('Descartes', '->', u'NP')
('Jesus', '->', u'NP')
('James', '->', u'NP')
('Carl', '->', u'NP')
('John', '->', u'NP')
('Tyler', '->', u'NP')
('Winston', '->', u'NP')
('Churchill', '->', u'NP')
('Bill', '->', u'NP')
('Clinton', '->', u'NP')
('Dickinson', '->', u'NP')
('Adolf', '->', u'NP')
('George', '->', u'NP')
('W', '->', u'NP')
('Bush', '->', u'NP')
('Wise', '->', u'NP')
('Wise', '->', u'NP')
('Abraham', '->', u'NP')
('Lincoln', '->', u'NP')
('U', '->', u'NP')
('Mozart', '->', u'NP')
('Bill', '->', u'NP')
('Clinton', '->', u'NP')
('Sarah', '->', u'NP')
('Fil', '->', u'NP')
('Mark', '->', u'NP')
('Twain', '->', u'NP')
('Buzz', '->', u'NP')
('Pat', '->', u'NP')
('Robertson', '->', u'NP')
('Napoleon', '->', u'NP')
('Nietzsche', '->', u'NP')
('Wise', '->', u'NP')
('Ann', '->', u'NP')
('Wolf', '->', u'NP')
('Wise', '->', u'NP')
('Stephen', '->', u'NP')
('Jesus', '->', u'NP')
('George', '->', u'NP')
('Wise', '->', u'NP')
('Poe', '->', u'NP')
('Ben', '->', u'NP')
('Franklin', '->', u'NP')
('Abe', '->', u'NP')
('Wise', '->', u'NP')
('Wise', '->', u'NP')
('Winston', '->', u'NP')
('Churchill', '->', u'NP')
('Willy', '->', u'NP')
('Franklin', '->', u'NP')
('Roosevelt', '->', u'NP')
('America', '->', u'NP')
('Friedrich', '->', u'NP')
('Nietzsche', '->', u'NP')
('Abraham', '->', u'NP')
('Lincoln', '->', u'NP')
('Shakespeare', '->', u'NP')
('George', '->', u'NP')
('W', '->', u'NP')
('Bush', '->', u'NP')
('Wise', '->', u'NP')
('Wise', '->', u'NP')
('Arizona', '->', u'NP')
('Wise', '->', u'NP')
('George', '->', u'NP')
('Washington', '->', u'NP')
('Thomas', '->', u'NP')
('Edison', '->', u'NP')
('Wise', '->', u'NP')
('Bugs', '->', u'NP')
('John', '->', u'NP')
('Brown', '->', u'NP')
('Alex', '->', u'NP')
('Washington', '->', u'NP')
('America', '->', u'NP')
('Burnside', '->', u'NP')
('Edison', '->', u'NP')
('Carter', '->', u'NP')
('George', '->', u'NP')
('Kenny', '->', u'NP')
('G', '->', u'NP')
('George', '->', u'NP')
('Washington', '->', u'NP')
('Paul', '->', u'NP')
('Revere', '->', u'NP')
('Ann', '->', u'NP')
('Isaac', '->', u'NP')
('Carter', '->', u'NP')
('Rice', '->', u'NP')
('Wise', '->', u'NP')
('Shakespeare', '->', u'NP')
('Reverend', '->', u'NP')
('Jim', '->', u'NP')
('Jones', '->', u'NP')
('Oscar', '->', u'NP')
('Wilde', '->', u'NP')
('Dave', '->', u'NP')
('B', '->', u'NP')
('Cooper', '->', u'NP')
('Hard', '->', u'NP')
('Einstein', '->', u'NP')
('Jesus', '->', u'NP')
('Ryan', '->', u'NP')
('James', '->', u'NP')
('T', '->', u'NP')
('Kirk', '->', u'NP')
('Charles', '->', u'NP')
('AMA', '->', u'NP')
('Emma', '->', u'NP')
('Watson', '->', u'NP')
('Jesus', '->', u'NP')
('Christ', '->', u'NP')
('Nixon', '->', u'NP')
('God', '->', u'NP')
('Alan', '->', u'NP')
('America', '->', u'NP')
('Mark', '->', u'NP')
('Twain', '->', u'NP')
('Wise', '->', u'NP')
('Wise', '->', u'NP')
('James', '->', u'NP')
('K', '->', u'NP')
('America', '->', u'NP')
('Jimmy', '->', u'NP')
('Carter', '->', u'NP')
('Ludwig', '->', u'NP')
('Van', '->', u'NP')
('Beethoven', '->', u'NP')
('Bible', '->', u'NP')
('Mike', '->', u'NP')
('Paul', '->', u'NP')
('Revere', '->', u'NP')
('Jameson', '->', u'NP')
('Brian', '->', u'NP')
('Cox', '->', u'NP')
('September', '->', u'NP')
('Benjamin', '->', u'NP')
('Franklin', '->', u'NP')
('S', '->', u'NP')
('John', '->', u'NP')
('Tyler', '->', u'NP')
('Yalta', '->', u'NP')
('Paul', '->', u'NP')
('Carrie', '->', u'NP')
('Adolf', '->', u'NP')
('Hitler', '->', u'NP')
('Von', '->', u'NP')
('Wise', '->', u'NP')
('Frost', '->', u'NP')
('Voltaire', '->', u'NP')
('Karl', '->', u'NP')
('Dick', '->', u'NP')
('Da', '->', u'NP')
('Mark', '->', u'NP')
('Twain', '->', u'NP')
('Simon', '->', u'NP')
('Joseph', '->', u'NP')
('Stalin', '->', u'NP')
('Buddha', '->', u'NP')
('Europe', '->', u'NP')
227 

3152
