RedditForGrownups.csv
0
Sentiment(classification='neg', p_pos=0.12060631487748889, p_neg=0.87939368512250959)


1
Sentiment(classification='neg', p_pos=0.10306280928292652, p_neg=0.89693719071707256)




-0.046875 0.396875 0.88816543792 0.11183456208
0
Just tired of some of the juvenile behavior thought to be cool on reddit
Sentiment(polarity=0.34999999999999998, subjectivity=0.65000000000000002)
('E', '->', u'NP')
('T', '->', u'NP')
('May', '->', u'NP')
('Sears', '->', u'NP')
('F', '->', u'NP')
('U', '->', u'NP')
('S', '->', u'NP')
('S', '->', u'NP')
('Sheer', '->', u'NP')
('John', '->', u'NP')
('Jimmy', '->', u'NP')
('Hoffa', '->', u'NP')
('Easter', '->', u'NP')
('Sell', '->', u'NP')
('Valentine', '->', u'NP')
('America', '->', u'NP')
('May', '->', u'NP')
('May', '->', u'NP')
('L', '->', u'NP')
('Rodney', '->', u'NP')
('Zimmerman', '->', u'NP')
('Whitney', '->', u'NP')
('Houston', '->', u'NP')
('May', '->', u'NP')
('London', '->', u'NP')
('Don', '->', u'NP')
('Washington', '->', u'NP')
('T', '->', u'NP')
('Granny', '->', u'NP')
('Dean', '->', u'NP')
('Smith', '->', u'NP')
('California', '->', u'NP')
('Rush', '->', u'NP')
('Irene', '->', u'NP')
('Los', '->', u'NP')
('Angeles', '->', u'NP')
('Cable', '->', u'NP')
('Helen', '->', u'NP')
('Jennifer', '->', u'NP')
('Lopez', '->', u'NP')
('Jesus', '->', u'NP')
('Del', '->', u'NP')
('Germany', '->', u'NP')
('Saudi', '->', u'NP')
('Arabia', '->', u'NP')
('Chicago', '->', u'NP')
('Miss', '->', u'NP')
('Iowa', '->', u'NP')
('U', '->', u'NP')
('S', '->', u'NP')
('Rob', '->', u'NP')
('Rob', '->', u'NP')
('Kansas', '->', u'NP')
('Davy', '->', u'NP')
('Paul', '->', u'NP')
('Mike', '->', u'NP')
('John', '->', u'NP')
('Peter', '->', u'NP')
('George', '->', u'NP')
('George', '->', u'NP')
('Bush', '->', u'NP')
('Mike', '->', u'NP')
('Flanagan', '->', u'NP')
('Washington', '->', u'NP')
('Vegas', '->', u'NP')
('Maryland', '->', u'NP')
66 

4669
