teaching.csv
0
Sentiment(classification='pos', p_pos=0.67083472069506989, p_neg=0.32916527930493089)


1
Sentiment(classification='pos', p_pos=0.50275273880395366, p_neg=0.49724726119604634)




0.6 0.6 0.41320627025 0.58679372975
0
Teachers of Reddit: Looking for an engaging, informative, science-oriented (not to mention free) resource for the classroom? Check out Spigot Science Magazine, created by a former elementary school teacher.
Sentiment(polarity=0.34999999999999998, subjectivity=0.65000000000000002)
('Neil', '->', u'NP')
('Tyson', '->', u'NP')
('Chicago', '->', u'NP')
('Carroll', '->', u'NP')
('Wheaton', '->', u'NP')
('Matt', '->', u'NP')
('Damon', '->', u'NP')
('U', '->', u'NP')
('S', '->', u'NP')
('K', '->', u'NP')
('Gay', '->', u'NP')
('Korea', '->', u'NP')
('Hunter', '->', u'NP')
('S', '->', u'NP')
('Thompson', '->', u'NP')
('Halloween', '->', u'NP')
('Chicago', '->', u'NP')
('Lincoln', '->', u'NP')
('Cool', '->', u'NP')
('Chicago', '->', u'NP')
('Jefferson', '->', u'NP')
('Huff', '->', u'NP')
('Jon', '->', u'NP')
('Stewart', '->', u'NP')
('Jon', '->', u'NP')
('Stewart', '->', u'NP')
('Duncan', '->', u'NP')
('U', '->', u'NP')
('S', '->', u'NP')
('Chicago', '->', u'NP')
('Brian', '->', u'NP')
('France', '->', u'NP')
('Christmas', '->', u'NP')
('Job', '->', u'NP')
('Mark', '->', u'NP')
('Mars', '->', u'NP')
('Black', '->', u'NP')
('K', '->', u'NP')
('Di', '->', u'NP')
('F', '->', u'NP')
('Keith', '->', u'NP')
('Chicago', '->', u'NP')
('Duncan', '->', u'NP')
('Adam', '->', u'NP')
('Kirk', '->', u'NP')
('Chicago', '->', u'NP')
('Thai', '->', u'NP')
('Pearson', '->', u'NP')
('Ed', '->', u'NP')
('Wu', '->', u'NP')
('Pierson', '->', u'NP')
('Worth', '->', u'NP')
('Chicago', '->', u'NP')
('Martin', '->', u'NP')
('Stewart', '->', u'NP')
('America', '->', u'NP')
('Atlanta', '->', u'NP')
('Don', '->', u'NP')
('May', '->', u'NP')
('Gordon', '->', u'NP')
('Hamilton', '->', u'NP')
('Khan', '->', u'NP')
('Pen', '->', u'NP')
('Pick', '->', u'NP')
('App', '->', u'NP')
('Neal', '->', u'NP')
('Sir', '->', u'NP')
('Michael', '->', u'NP')
('Alabama', '->', u'NP')
('America', '->', u'NP')
('Bill', '->', u'NP')
('Indiana', '->', u'NP')
('Khan', '->', u'NP')
('Bill', '->', u'NP')
('Gates', '->', u'NP')
('Andrew', '->', u'NP')
('Denmark', '->', u'NP')
('Kathy', '->', u'NP')
('Collins', '->', u'NP')
('January', '->', u'NP')
('Grant', '->', u'NP')
('Jay', '->', u'NP')
('Asher', '->', u'NP')
('Sir', '->', u'NP')
('Kenneth', '->', u'NP')
('Robinson', '->', u'NP')
('U', '->', u'NP')
('S', '->', u'NP')
('U', '->', u'NP')
('S', '->', u'NP')
('T', '->', u'NP')
('Job', '->', u'NP')
('Thomas', '->', u'NP')
('Chicago', '->', u'NP')
('Texas', '->', u'NP')
('Canada', '->', u'NP')
('May', '->', u'NP')
('Don', '->', u'NP')
('May', '->', u'NP')
('America', '->', u'NP')
('Emanuel', '->', u'NP')
('Chicago', '->', u'NP')
('Chicago', '->', u'NP')
('K', '->', u'NP')
('E', '->', u'NP')
('Taiwan', '->', u'NP')
('Ed', '->', u'NP')
('Khan', '->', u'NP')
('Florida', '->', u'NP')
('Buzz', '->', u'NP')
('Chicago', '->', u'NP')
('Taiwan', '->', u'NP')
('Mantle', '->', u'NP')
('Chicago', '->', u'NP')
('Ed', '->', u'NP')
('Maryland', '->', u'NP')
('K', '->', u'NP')
('Halloween', '->', u'NP')
('Billie', '->', u'NP')
('Texas', '->', u'NP')
('Alabama', '->', u'NP')
('Low', '->', u'NP')
('Winter', '->', u'NP')
('France', '->', u'NP')
('Quebec', '->', u'NP')
('Carl', '->', u'NP')
('Texas', '->', u'NP')
('Duncan', '->', u'NP')
('Emanuel', '->', u'NP')
('Job', '->', u'NP')
('Taylor', '->', u'NP')
('Mali', '->', u'NP')
('Cool', '->', u'NP')
('Barbara', '->', u'NP')
('Miss', '->', u'NP')
('Tom', '->', u'NP')
136 

14388
