tekkit.csv
0
Sentiment(classification='pos', p_pos=0.74457652774755778, p_neg=0.25542347225244244)


1
Sentiment(classification='pos', p_pos=0.50319504890216205, p_neg=0.4968049510978389)




0.0375 0.6625 0.376114211675 0.623885788325
0
SubReddit for TekkitServers?
Sentiment(polarity=0.34999999999999998, subjectivity=0.65000000000000002)
('Mining', '->', u'NP')
('Cheat', '->', u'NP')
('Guy', '->', u'NP')
('Player', '->', u'NP')
('Pretty', '->', u'NP')
('Mining', '->', u'NP')
('Craft', '->', u'NP')
('Fish', '->', u'NP')
('Heard', '->', u'NP')
('Player', '->', u'NP')
('T', '->', u'NP')
('Pompeii', '->', u'NP')
('Tech', '->', u'NP')
('Rush', '->', u'NP')
('Beta', '->', u'NP')
('Bud', '->', u'NP')
('Self', '->', u'NP')
('Chambers', '->', u'NP')
('Mining', '->', u'NP')
('T', '->', u'NP')
('Redstone', '->', u'NP')
('Guest', '->', u'NP')
('Craft', '->', u'NP')
('Caravan', '->', u'NP')
('Mining', '->', u'NP')
('Kansas', '->', u'NP')
('England', '->', u'NP')
('Rube', '->', u'NP')
('Goldberg', '->', u'NP')
('Cool', '->', u'NP')
('May', '->', u'NP')
('Mining', '->', u'NP')
('Redstone', '->', u'NP')
('Tech', '->', u'NP')
('Rush', '->', u'NP')
('May', '->', u'NP')
('Craft', '->', u'NP')
('S', '->', u'NP')
('May', '->', u'NP')
('Christmas', '->', u'NP')
('Rae', '->', u'NP')
('Jack', '->', u'NP')
('Don', '->', u'NP')
('Lock', '->', u'NP')
('Pompeii', '->', u'NP')
('Booth', '->', u'NP')
('Jed', '->', u'NP')
('May', '->', u'NP')
('Mining', '->', u'NP')
('Hard', '->', u'NP')
('Mark', '->', u'NP')
('Fish', '->', u'NP')
('Pick', '->', u'NP')
('Bill', '->', u'NP')
('Craft', '->', u'NP')
('Coke', '->', u'NP')
('Craft', '->', u'NP')
('Hack', '->', u'NP')
('Tech', '->', u'NP')
('Christmas', '->', u'NP')
('God', '->', u'NP')
('Friend', '->', u'NP')
('Redstone', '->', u'NP')
('Mining', '->', u'NP')
('Caravan', '->', u'NP')
('Craft', '->', u'NP')
('Craft', '->', u'NP')
('Low', '->', u'NP')
('AMA', '->', u'NP')
('AMA', '->', u'NP')
('Craft', '->', u'NP')
('Mining', '->', u'NP')
('Redstone', '->', u'NP')
('Gates', '->', u'NP')
74 

12210
