evolutionReddit.csv
0
Sentiment(classification='pos', p_pos=0.87940117750186353, p_neg=0.12059882249813433)


1
Sentiment(classification='neg', p_pos=0.41551181388150465, p_neg=0.58448818611849551)




0.127272727273 0.388636363636 0.352543504308 0.647456495692
0
Elizabeth Warren's Cautionary Lecture: The Coming Collapse of the Middle Class
Sentiment(polarity=0.34999999999999998, subjectivity=0.65000000000000002)
('Congress', '->', u'NP')
('America', '->', u'NP')
('Sherman', '->', u'NP')
('Glenn', '->', u'NP')
('Montana', '->', u'NP')
('Iceland', '->', u'NP')
('America', '->', u'NP')
('Edward', '->', u'NP')
('Aaron', '->', u'NP')
('Child', '->', u'NP')
('Bradley', '->', u'NP')
('Manning', '->', u'NP')
('Case', '->', u'NP')
('Manning', '->', u'NP')
('Switzerland', '->', u'NP')
('Finland', '->', u'NP')
('Bill', '->', u'NP')
('Edward', '->', u'NP')
('Congress', '->', u'NP')
('Texas', '->', u'NP')
('March', '->', u'NP')
('Bradley', '->', u'NP')
('Manning', '->', u'NP')
('Carmen', '->', u'NP')
('Aaron', '->', u'NP')
('Bradley', '->', u'NP')
('Manning', '->', u'NP')
('Palestine', '->', u'NP')
('Israel', '->', u'NP')
('Turkey', '->', u'NP')
('Bradley', '->', u'NP')
('Manning', '->', u'NP')
('Washington', '->', u'NP')
('Sargent', '->', u'NP')
('Aaron', '->', u'NP')
('Jack', '->', u'NP')
('London', '->', u'NP')
('Iceland', '->', u'NP')
('Jimmy', '->', u'NP')
('Carter', '->', u'NP')
('Edward', '->', u'NP')
('Edward', '->', u'NP')
('Eugene', '->', u'NP')
('Robinson', '->', u'NP')
('Edward', '->', u'NP')
('Stein', '->', u'NP')
('Julian', '->', u'NP')
('U', '->', u'NP')
('S', '->', u'NP')
('Aaron', '->', u'NP')
('Edward', '->', u'NP')
('Congress', '->', u'NP')
('Aaron', '->', u'NP')
('Iceland', '->', u'NP')
('Turkey', '->', u'NP')
('Aaron', '->', u'NP')
('America', '->', u'NP')
('Pakistan', '->', u'NP')
('Bradley', '->', u'NP')
('Manning', '->', u'NP')
('Pitt', '->', u'NP')
('May', '->', u'NP')
('Maine', '->', u'NP')
('Democrat', '->', u'NP')
('Smith', '->', u'NP')
('Larry', '->', u'NP')
('Potter', '->', u'NP')
('Jack', '->', u'NP')
('Don', '->', u'NP')
('U', '->', u'NP')
('S', '->', u'NP')
('George', '->', u'NP')
('Orwell', '->', u'NP')
('Gary', '->', u'NP')
('Johnson', '->', u'NP')
('Bradley', '->', u'NP')
('Manning', '->', u'NP')
('Chris', '->', u'NP')
('Daniel', '->', u'NP')
('U', '->', u'NP')
('S', '->', u'NP')
('Katherine', '->', u'NP')
('Forrest', '->', u'NP')
('Pennsylvania', '->', u'NP')
('Nancy', '->', u'NP')
('Fascism', '->', u'NP')
('Boston', '->', u'NP')
('Boston', '->', u'NP')
('America', '->', u'NP')
('Hard', '->', u'NP')
('America', '->', u'NP')
('Rand', '->', u'NP')
('Paul', '->', u'NP')
('Republican', '->', u'NP')
('Pakistan', '->', u'NP')
('Jimmy', '->', u'NP')
('Carter', '->', u'NP')
('Edward', '->', u'NP')
('Bill', '->', u'NP')
('California', '->', u'NP')
('Philly', '->', u'NP')
('America', '->', u'NP')
('America', '->', u'NP')
('Congress', '->', u'NP')
('Texas', '->', u'NP')
('Black', '->', u'NP')
('Congress', '->', u'NP')
('Edward', '->', u'NP')
('Baptist', '->', u'NP')
('America', '->', u'NP')
('America', '->', u'NP')
('Brazil', '->', u'NP')
('Congress', '->', u'NP')
('America', '->', u'NP')
('Bush', '->', u'NP')
('Richard', '->', u'NP')
('Oliver', '->', u'NP')
('Edward', '->', u'NP')
('Aaron', '->', u'NP')
('Congress', '->', u'NP')
('Warner', '->', u'NP')
('Congress', '->', u'NP')
('Manning', '->', u'NP')
('Syria', '->', u'NP')
('Al', '->', u'NP')
('Baltimore', '->', u'NP')
('Boston', '->', u'NP')
('Bill', '->', u'NP')
('Congress', '->', u'NP')
('Mickey', '->', u'NP')
('Edward', '->', u'NP')
('U', '->', u'NP')
('S', '->', u'NP')
('U', '->', u'NP')
('S', '->', u'NP')
('Portugal', '->', u'NP')
('September', '->', u'NP')
('Julian', '->', u'NP')
('Edward', '->', u'NP')
('America', '->', u'NP')
('America', '->', u'NP')
('America', '->', u'NP')
('Boston', '->', u'NP')
('Bradley', '->', u'NP')
('Manning', '->', u'NP')
('B', '->', u'NP')
('W', '->', u'NP')
('February', '->', u'NP')
('Bradley', '->', u'NP')
('Manning', '->', u'NP')
('America', '->', u'NP')
('Edward', '->', u'NP')
('Aaron', '->', u'NP')
('Congress', '->', u'NP')
('Glenn', '->', u'NP')
('Roger', '->', u'NP')
('Vinson', '->', u'NP')
('Aaron', '->', u'NP')
('Overreach', '->', u'NP')
('Congress', '->', u'NP')
('Texas', '->', u'NP')
('Cliff', '->', u'NP')
('Bill', '->', u'NP')
('Pearson', '->', u'NP')
('Glenn', '->', u'NP')
('America', '->', u'NP')
('Congress', '->', u'NP')
('Congress', '->', u'NP')
('Bill', '->', u'NP')
('Ecuador', '->', u'NP')
('America', '->', u'NP')
('Edward', '->', u'NP')
('America', '->', u'NP')
('Warner', '->', u'NP')
('Cable', '->', u'NP')
('Kansas', '->', u'NP')
('Smith', '->', u'NP')
('Jimmy', '->', u'NP')
('Wales', '->', u'NP')
('Tyler', '->', u'NP')
('Glenn', '->', u'NP')
('U', '->', u'NP')
('S', '->', u'NP')
('Weeks', '->', u'NP')
('Bradley', '->', u'NP')
('Manning', '->', u'NP')
('Florida', '->', u'NP')
('Al', '->', u'NP')
('Gore', '->', u'NP')
('Boston', '->', u'NP')
('California', '->', u'NP')
('Bill', '->', u'NP')
('Bradley', '->', u'NP')
('Manning', '->', u'NP')
('Papa', '->', u'NP')
('John', '->', u'NP')
('Bradley', '->', u'NP')
('Manning', '->', u'NP')
('America', '->', u'NP')
('Aaron', '->', u'NP')
('James', '->', u'NP')
('Madison', '->', u'NP')
('Gary', '->', u'NP')
('Johnson', '->', u'NP')
('Congress', '->', u'NP')
('U', '->', u'NP')
('S', '->', u'NP')
('Michael', '->', u'NP')
('Hastings', '->', u'NP')
('Stanley', '->', u'NP')
('June', '->', u'NP')
('Nevada', '->', u'NP')
('Ecuador', '->', u'NP')
('London', '->', u'NP')
('America', '->', u'NP')
('Aaron', '->', u'NP')
('Bradley', '->', u'NP')
('Manning', '->', u'NP')
('Donald', '->', u'NP')
('Congress', '->', u'NP')
('Congress', '->', u'NP')
('Matt', '->', u'NP')
('Boston', '->', u'NP')
('Bush', '->', u'NP')
('Bradley', '->', u'NP')
('Manning', '->', u'NP')
('Israel', '->', u'NP')
('Page', '->', u'NP')
('Daniel', '->', u'NP')
('Oregon', '->', u'NP')
('Peter', '->', u'NP')
('G', '->', u'NP')
('Neumann', '->', u'NP')
('Jon', '->', u'NP')
('Stewart', '->', u'NP')
('Hook', '->', u'NP')
('March', '->', u'NP')
('Thomas', '->', u'NP')
('Drake', '->', u'NP')
('Bruce', '->', u'NP')
('Black', '->', u'NP')
('Peru', '->', u'NP')
('America', '->', u'NP')
('Grey', '->', u'NP')
('Steve', '->', u'NP')
('Edward', '->', u'NP')
('Daniel', '->', u'NP')
('Boston', '->', u'NP')
('U', '->', u'NP')
('S', '->', u'NP')
('U', '->', u'NP')
('S', '->', u'NP')
('Jon', '->', u'NP')
('Jeff', '->', u'NP')
('Congress', '->', u'NP')
('Aurora', '->', u'NP')
('America', '->', u'NP')
('Bradley', '->', u'NP')
('Manning', '->', u'NP')
('Glenn', '->', u'NP')
('Edward', '->', u'NP')
('May', '->', u'NP')
('Boston', '->', u'NP')
('Bradley', '->', u'NP')
('Manning', '->', u'NP')
('Don', '->', u'NP')
('U', '->', u'NP')
('S', '->', u'NP')
('Bill', '->', u'NP')
('Bradley', '->', u'NP')
('Manning', '->', u'NP')
('Manning', '->', u'NP')
('Pakistan', '->', u'NP')
('Europe', '->', u'NP')
('Darrell', '->', u'NP')
('Congress', '->', u'NP')
('Australia', '->', u'NP')
('Australian', '->', u'NP')
('Ron', '->', u'NP')
('Paul', '->', u'NP')
('Aurora', '->', u'NP')
('Warren', '->', u'NP')
('Boston', '->', u'NP')
('Massachusetts', '->', u'NP')
('Boston', '->', u'NP')
('John', '->', u'NP')
('Bob', '->', u'NP')
('Edgar', '->', u'NP')
('Britain', '->', u'NP')
('Tom', '->', u'NP')
('Nazi', '->', u'NP')
('Dawn', '->', u'NP')
('Athens', '->', u'NP')
('Bradley', '->', u'NP')
('Manning', '->', u'NP')
('America', '->', u'NP')
('Barrett', '->', u'NP')
('Brown', '->', u'NP')
('Michael', '->', u'NP')
('Connell', '->', u'NP')
('Karl', '->', u'NP')
('Barnes', '->', u'NP')
('Iceland', '->', u'NP')
('America', '->', u'NP')
('Gary', '->', u'NP')
('Johnson', '->', u'NP')
('California', '->', u'NP')
('Smith', '->', u'NP')
('Hollywood', '->', u'NP')
('Congress', '->', u'NP')
('U', '->', u'NP')
('S', '->', u'NP')
('E', '->', u'NP')
('Canada', '->', u'NP')
('Republican', '->', u'NP')
('Johnson', '->', u'NP')
('Russia', '->', u'NP')
('Aaron', '->', u'NP')
('U', '->', u'NP')
('S', '->', u'NP')
('Boston', '->', u'NP')
('T', '->', u'NP')
('Aaron', '->', u'NP')
('Pretty', '->', u'NP')
('Hollywood', '->', u'NP')
('Kansas', '->', u'NP')
('Bill', '->', u'NP')
('Congress', '->', u'NP')
('Hillary', '->', u'NP')
('Clinton', '->', u'NP')
('Elizabeth', '->', u'NP')
('Warren', '->', u'NP')
('America', '->', u'NP')
('Ecuador', '->', u'NP')
('Julian', '->', u'NP')
('Rafael', '->', u'NP')
('Britain', '->', u'NP')
('Manning', '->', u'NP')
('Chris', '->', u'NP')
('Edward', '->', u'NP')
('Moscow', '->', u'NP')
('San', '->', u'NP')
('Diego', '->', u'NP')
('California', '->', u'NP')
('Leland', '->', u'NP')
('Vegas', '->', u'NP')
('Case', '->', u'NP')
('Cash', '->', u'NP')
('Weeks', '->', u'NP')
('Edward', '->', u'NP')
('Glenn', '->', u'NP')
('Bradley', '->', u'NP')
('Manning', '->', u'NP')
('Edward', '->', u'NP')
('America', '->', u'NP')
('Daniel', '->', u'NP')
('Carmen', '->', u'NP')
('Aaron', '->', u'NP')
('Congress', '->', u'NP')
('Gary', '->', u'NP')
('Johnson', '->', u'NP')
('Glenn', '->', u'NP')
('Elizabeth', '->', u'NP')
('Warren', '->', u'NP')
('Graham', '->', u'NP')
('Rich', '->', u'NP')
('Congress', '->', u'NP')
('Aaron', '->', u'NP')
('Bradley', '->', u'NP')
('Manning', '->', u'NP')
('Short', '->', u'NP')
('California', '->', u'NP')
('Boeing', '->', u'NP')
('Ron', '->', u'NP')
('Paul', '->', u'NP')
('Manning', '->', u'NP')
('Don', '->', u'NP')
('Ward', '->', u'NP')
('Alexander', '->', u'NP')
('Patrick', '->', u'NP')
('Toomey', '->', u'NP')
('Chicago', '->', u'NP')
('John', '->', u'NP')
('Texas', '->', u'NP')
('Sell', '->', u'NP')
('Gun', '->', u'NP')
('Scott', '->', u'NP')
('Israel', '->', u'NP')
('Democrat', '->', u'NP')
('Congress', '->', u'NP')
('U', '->', u'NP')
('S', '->', u'NP')
('Germany', '->', u'NP')
('Madrid', '->', u'NP')
('Joseph', '->', u'NP')
('McCarthy', '->', u'NP')
('Chicago', '->', u'NP')
('Ron', '->', u'NP')
('France', '->', u'NP')
('Le', '->', u'NP')
('Hong', '->', u'NP')
('Kong', '->', u'NP')
('Edward', '->', u'NP')
('America', '->', u'NP')
('America', '->', u'NP')
('Cambodia', '->', u'NP')
('Barrett', '->', u'NP')
('Brown', '->', u'NP')
('Barrett', '->', u'NP')
('Brown', '->', u'NP')
('Edward', '->', u'NP')
('Iraq', '->', u'NP')
('Bradley', '->', u'NP')
('Manning', '->', u'NP')
('U', '->', u'NP')
('S', '->', u'NP')
('Bill', '->', u'NP')
('Case', '->', u'NP')
('America', '->', u'NP')
('Joe', '->', u'NP')
('Iceland', '->', u'NP')
('Richard', '->', u'NP')
('Quebec', '->', u'NP')
('Mitch', '->', u'NP')
('McConnell', '->', u'NP')
('Worth', '->', u'NP')
('Mark', '->', u'NP')
('January', '->', u'NP')
('U', '->', u'NP')
('S', '->', u'NP')
('Ed', '->', u'NP')
('Edward', '->', u'NP')
('Glenn', '->', u'NP')
('U', '->', u'NP')
('S', '->', u'NP')
('Heard', '->', u'NP')
('U', '->', u'NP')
('S', '->', u'NP')
('Jimmy', '->', u'NP')
('Wales', '->', u'NP')
('America', '->', u'NP')
('U', '->', u'NP')
('S', '->', u'NP')
('Keys', '->', u'NP')
('U', '->', u'NP')
('S', '->', u'NP')
('America', '->', u'NP')
('T', '->', u'NP')
('Don', '->', u'NP')
('Rich', '->', u'NP')
('Boston', '->', u'NP')
('China', '->', u'NP')
('K', '->', u'NP')
('U', '->', u'NP')
('S', '->', u'NP')
('Burns', '->', u'NP')
('California', '->', u'NP')
('America', '->', u'NP')
('Gary', '->', u'NP')
('Johnson', '->', u'NP')
('Bill', '->', u'NP')
('Edward', '->', u'NP')
('Glenn', '->', u'NP')
('N', '->', u'NP')
('S', '->', u'NP')
('Republican', '->', u'NP')
('Bradley', '->', u'NP')
('Manning', '->', u'NP')
('America', '->', u'NP')
('Rip', '->', u'NP')
('Switzerland', '->', u'NP')
('America', '->', u'NP')
('John', '->', u'NP')
('U', '->', u'NP')
('S', '->', u'NP')
('Beta', '->', u'NP')
('AMA', '->', u'NP')
('Utah', '->', u'NP')
('Syria', '->', u'NP')
('Iran', '->', u'NP')
('Robert', '->', u'NP')
('Bob', '->', u'NP')
('Aaron', '->', u'NP')
('Utah', '->', u'NP')
('Washington', '->', u'NP')
('T', '->', u'NP')
('U', '->', u'NP')
('S', '->', u'NP')
('Congress', '->', u'NP')
('Ron', '->', u'NP')
('Edward', '->', u'NP')
('America', '->', u'NP')
('Bradley', '->', u'NP')
('Manning', '->', u'NP')
('Montana', '->', u'NP')
('Aaron', '->', u'NP')
('Drake', '->', u'NP')
('Bill', '->', u'NP')
('China', '->', u'NP')
('Don', '->', u'NP')
('Bill', '->', u'NP')
('U', '->', u'NP')
('S', '->', u'NP')
('Solomon', '->', u'NP')
('T', '->', u'NP')
('America', '->', u'NP')
('Pat', '->', u'NP')
('Downs', '->', u'NP')
('America', '->', u'NP')
('Dies', '->', u'NP')
('Icelandic', '->', u'NP')
('Plate', '->', u'NP')
('Gary', '->', u'NP')
('Johnson', '->', u'NP')
('Bill', '->', u'NP')
('Texas', '->', u'NP')
('U', '->', u'NP')
('S', '->', u'NP')
('Turkey', '->', u'NP')
('Bradley', '->', u'NP')
('Manning', '->', u'NP')
('Neil', '->', u'NP')
('Congress', '->', u'NP')
('Black', '->', u'NP')
('Italy', '->', u'NP')
('Powers', '->', u'NP')
('Khan', '->', u'NP')
('Washington', '->', u'NP')
('Washington', '->', u'NP')
('Bradley', '->', u'NP')
('Manning', '->', u'NP')
('Colorado', '->', u'NP')
('Chicago', '->', u'NP')
('Larry', '->', u'NP')
('Page', '->', u'NP')
('Pennsylvania', '->', u'NP')
('Forbes', '->', u'NP')
('Brennan', '->', u'NP')
('Bill', '->', u'NP')
('Massachusetts', '->', u'NP')
('Brown', '->', u'NP')
('U', '->', u'NP')
('S', '->', u'NP')
('July', '->', u'NP')
('Key', '->', u'NP')
('U', '->', u'NP')
('S', '->', u'NP')
('Congress', '->', u'NP')
('Bill', '->', u'NP')
('Japan', '->', u'NP')
('Russia', '->', u'NP')
('Russia', '->', u'NP')
('Matt', '->', u'NP')
('Parker', '->', u'NP')
('America', '->', u'NP')
('Germany', '->', u'NP')
('Edward', '->', u'NP')
('Russia', '->', u'NP')
('Europe', '->', u'NP')
('Germany', '->', u'NP')
('Spain', '->', u'NP')
('Portugal', '->', u'NP')
('Congress', '->', u'NP')
('Congress', '->', u'NP')
('Aaron', '->', u'NP')
('Bradley', '->', u'NP')
('Congress', '->', u'NP')
('Washington', '->', u'NP')
('Ron', '->', u'NP')
('Paul', '->', u'NP')
('Cam', '->', u'NP')
('Bryan', '->', u'NP')
('Spencer', '->', u'NP')
('Charles', '->', u'NP')
('Bill', '->', u'NP')
('Edward', '->', u'NP')
('Edward', '->', u'NP')
('Gordon', '->', u'NP')
('Humphrey', '->', u'NP')
('Nicaragua', '->', u'NP')
('Venezuela', '->', u'NP')
('Grant', '->', u'NP')
('Barrett', '->', u'NP')
('Brown', '->', u'NP')
('Edward', '->', u'NP')
('Bradley', '->', u'NP')
('Manning', '->', u'NP')
('Brown', '->', u'NP')
('Eric', '->', u'NP')
('America', '->', u'NP')
('Congress', '->', u'NP')
('Gun', '->', u'NP')
('Case', '->', u'NP')
('Low', '->', u'NP')
('Julian', '->', u'NP')
('Iran', '->', u'NP')
('Iran', '->', u'NP')
('Iran', '->', u'NP')
('America', '->', u'NP')
('Al', '->', u'NP')
('Houston', '->', u'NP')
('Joe', '->', u'NP')
('Wisconsin', '->', u'NP')
('Edward', '->', u'NP')
('Germany', '->', u'NP')
('U', '->', u'NP')
('S', '->', u'NP')
('Black', '->', u'NP')
('America', '->', u'NP')
('Texas', '->', u'NP')
('Gallon', '->', u'NP')
('Glenn', '->', u'NP')
('Aaron', '->', u'NP')
('Bush', '->', u'NP')
('Aaron', '->', u'NP')
('America', '->', u'NP')
('F', '->', u'NP')
('Ed', '->', u'NP')
('John', '->', u'NP')
('Republican', '->', u'NP')
('Pennsylvania', '->', u'NP')
('Brian', '->', u'NP')
('Sims', '->', u'NP')
('France', '->', u'NP')
('Case', '->', u'NP')
('Barrett', '->', u'NP')
('Brown', '->', u'NP')
('Barrett', '->', u'NP')
('Brown', '->', u'NP')
('U', '->', u'NP')
('S', '->', u'NP')
('Detroit', '->', u'NP')
('May', '->', u'NP')
('Sandra', '->', u'NP')
('Sweden', '->', u'NP')
('Iceland', '->', u'NP')
('Congress', '->', u'NP')
('E', '->', u'NP')
('Aaron', '->', u'NP')
('Greece', '->', u'NP')
('Germany', '->', u'NP')
('Germany', '->', u'NP')
('Short', '->', u'NP')
('Germany', '->', u'NP')
('Oliver', '->', u'NP')
('Daniel', '->', u'NP')
('Thomas', '->', u'NP')
('Drake', '->', u'NP')
('Edward', '->', u'NP')
('Delaware', '->', u'NP')
('Arizona', '->', u'NP')
('Met', '->', u'NP')
('Bradley', '->', u'NP')
('Manning', '->', u'NP')
('Miss', '->', u'NP')
('Carmen', '->', u'NP')
('Congress', '->', u'NP')
('Aaron', '->', u'NP')
('Lawrence', '->', u'NP')
('U', '->', u'NP')
('N', '->', u'NP')
('U', '->', u'NP')
('S', '->', u'NP')
('U', '->', u'NP')
('S', '->', u'NP')
('Islam', '->', u'NP')
('Smith', '->', u'NP')
('Massachusetts', '->', u'NP')
('Canada', '->', u'NP')
('America', '->', u'NP')
('Michael', '->', u'NP')
('Hastings', '->', u'NP')
('Bey', '->', u'NP')
('Wheeler', '->', u'NP')
('Elizabeth', '->', u'NP')
('Warren', '->', u'NP')
676 

19293
