Braveryjerk.csv
0
Sentiment(classification='neg', p_pos=0.45592889384662, p_neg=0.54407110615337806)


1
Sentiment(classification='pos', p_pos=0.81638983665408238, p_neg=0.1836101633459167)




-0.25 0.5 0.36384063475 0.63615936525
0
DAE like le me-me's?
Sentiment(polarity=0.34999999999999998, subjectivity=0.65000000000000002)
('AMA', '->', u'NP')
('S', '->', u'NP')
('Zimmerman', '->', u'NP')
('China', '->', u'NP')
('138', '->', u'NP')
('Ron', '->', u'NP')
('Paul', '->', u'NP')
('AMA', '->', u'NP')
('Ron', '->', u'NP')
('Paul', '->', u'NP')
('Ron', '->', u'NP')
('Paul', '->', u'NP')
('Ron', '->', u'NP')
('Paul', '->', u'NP')
('Ron', '->', u'NP')
('Paul', '->', u'NP')
('Hitler', '->', u'NP')
('Ron', '->', u'NP')
('Paul', '->', u'NP')
('God', '->', u'NP')
('Ron', '->', u'NP')
('Paul', '->', u'NP')
('Israel', '->', u'NP')
('Palestine', '->', u'NP')
('Ron', '->', u'NP')
('Paul', '->', u'NP')
('Bob', '->', u'NP')
('Ross', '->', u'NP')
('S', '->', u'NP')
('Korea', '->', u'NP')
('Ron', '->', u'NP')
('Paul', '->', u'NP')
('Carl', '->', u'NP')
('Le', '->', u'NP')
('Le', '->', u'NP')
('T', '->', u'NP')
('Le', '->', u'NP')
('George', '->', u'NP')
('Zimmerman', '->', u'NP')
('T', '->', u'NP')
('Ron', '->', u'NP')
('Paul', '->', u'NP')
('Don', '->', u'NP')
('Carl', '->', u'NP')
('Ron', '->', u'NP')
('Ron', '->', u'NP')
('Le', '->', u'NP')
('Ron', '->', u'NP')
('Paul', '->', u'NP')
('Russia', '->', u'NP')
('Europe', '->', u'NP')
('Ron', '->', u'NP')
('Paul', '->', u'NP')
('U', '->', u'NP')
('Ron', '->', u'NP')
('Paul', '->', u'NP')
('N', '->', u'NP')
('Kate', '->', u'NP')
('Ron', '->', u'NP')
('Paul', '->', u'NP')
('Ron', '->', u'NP')
('Paul', '->', u'NP')
('S', '->', u'NP')
('Ron', '->', u'NP')
('Le', '->', u'NP')
('June', '->', u'NP')
('Billy', '->', u'NP')
('Mays', '->', u'NP')
('Rudolph', '->', u'NP')
('Rudolph', '->', u'NP')
('T', '->', u'NP')
('Le', '->', u'NP')
('U', '->', u'NP')
('Self', '->', u'NP')
('Guy', '->', u'NP')
('Ron', '->', u'NP')
('Paul', '->', u'NP')
('Burger', '->', u'NP')
('Ron', '->', u'NP')
('Paul', '->', u'NP')
('God', '->', u'NP')
('America', '->', u'NP')
('Le', '->', u'NP')
('February', '->', u'NP')
('Stack', '->', u'NP')
('Ron', '->', u'NP')
('Paul', '->', u'NP')
('Ron', '->', u'NP')
('Le', '->', u'NP')
('Carl', '->', u'NP')
('Ron', '->', u'NP')
('Paul', '->', u'NP')
('Sir', '->', u'NP')
('Martin', '->', u'NP')
('Ron', '->', u'NP')
('Paul', '->', u'NP')
('AMA', '->', u'NP')
('Paula', '->', u'NP')
('Edward', '->', u'NP')
('Zimmerman', '->', u'NP')
('Hitler', '->', u'NP')
('Le', '->', u'NP')
('L', '->', u'NP')
('T', '->', u'NP')
('E', '->', u'NP')
('L', '->', u'NP')
('L', '->', u'NP')
('Brian', '->', u'NP')
('Carl', '->', u'NP')
('Al', '->', u'NP')
('Ron', '->', u'NP')
('Paul', '->', u'NP')
('Don', '->', u'NP')
('Dolan', '->', u'NP')
('Ron', '->', u'NP')
('Sarah', '->', u'NP')
('Jessica', '->', u'NP')
('Parker', '->', u'NP')
('F', '->', u'NP')
('Chavez', '->', u'NP')
('Carl', '->', u'NP')
('Tyson', '->', u'NP')
('Ron', '->', u'NP')
('Paul', '->', u'NP')
('Hitler', '->', u'NP')
('Zimmerman', '->', u'NP')
('Ron', '->', u'NP')
('Paul', '->', u'NP')
('F', '->', u'NP')
('Dick', '->', u'NP')
('Le', '->', u'NP')
('Le', '->', u'NP')
('Hitler', '->', u'NP')
('Hitler', '->', u'NP')
('Ron', '->', u'NP')
('Paul', '->', u'NP')
('Ron', '->', u'NP')
('Paul', '->', u'NP')
('America', '->', u'NP')
('August', '->', u'NP')
('Bruce', '->', u'NP')
('Willis', '->', u'NP')
('Jimmy', '->', u'NP')
('Wales', '->', u'NP')
('K', '->', u'NP')
('N', '->', u'NP')
('Hitler', '->', u'NP')
('N', '->', u'NP')
('Conan', '->', u'NP')
('Brien', '->', u'NP')
('Ron', '->', u'NP')
('Cool', '->', u'NP')
('April', '->', u'NP')
('T', '->', u'NP')
('T', '->', u'NP')
('Bird', '->', u'NP')
('Rebecca', '->', u'NP')
('Black', '->', u'NP')
('Oscar', '->', u'NP')
('Le', '->', u'NP')
('Le', '->', u'NP')
('Ron', '->', u'NP')
('Paul', '->', u'NP')
('Christianity', '->', u'NP')
('Guy', '->', u'NP')
('Michael', '->', u'NP')
('Tyson', '->', u'NP')
('Neil', '->', u'NP')
('Ron', '->', u'NP')
('Paul', '->', u'NP')
('Pee', '->', u'NP')
('Wee', '->', u'NP')
('Herman', '->', u'NP')
('Canada', '->', u'NP')
('Atlas', '->', u'NP')
('Le', '->', u'NP')
('Hitler', '->', u'NP')
('Reilly', '->', u'NP')
('Alex', '->', u'NP')
('Jones', '->', u'NP')
('God', '->', u'NP')
('Ron', '->', u'NP')
('Paul', '->', u'NP')
('Guy', '->', u'NP')
('Ron', '->', u'NP')
('Paul', '->', u'NP')
('F', '->', u'NP')
('Ron', '->', u'NP')
('Paul', '->', u'NP')
('Hitler', '->', u'NP')
('Hitler', '->', u'NP')
('Ron', '->', u'NP')
('Paul', '->', u'NP')
('Ron', '->', u'NP')
('Paul', '->', u'NP')
('AMA', '->', u'NP')
('E', '->', u'NP')
('Nazi', '->', u'NP')
('Le', '->', u'NP')
('AMA', '->', u'NP')
('Hank', '->', u'NP')
('Bill', '->', u'NP')
('Carl', '->', u'NP')
('Neil', '->', u'NP')
('Tyson', '->', u'NP')
('Christianity', '->', u'NP')
('Le', '->', u'NP')
('Ike', '->', u'NP')
('Ron', '->', u'NP')
('Paul', '->', u'NP')
('Ron', '->', u'NP')
('Paul', '->', u'NP')
('Don', '->', u'NP')
('God', '->', u'NP')
('Lil', '->', u'NP')
('Ron', '->', u'NP')
('Ron', '->', u'NP')
('Paul', '->', u'NP')
('Ron', '->', u'NP')
('Paul', '->', u'NP')
('Ronald', '->', u'NP')
('Le', '->', u'NP')
('Le', '->', u'NP')
('Wise', '->', u'NP')
('Carl', '->', u'NP')
('Le', '->', u'NP')
('God', '->', u'NP')
('Daniel', '->', u'NP')
228 

17904
