starcraft.csv
0
Sentiment(classification='neg', p_pos=0.48163212359242646, p_neg=0.51836787640757276)


1
Sentiment(classification='neg', p_pos=0.35859907197156732, p_neg=0.64140092802843263)




0.075 0.775 0.579884402218 0.420115597782
0
Good job reddit, good job!
Sentiment(polarity=0.34999999999999998, subjectivity=0.65000000000000002)
('Ottawa', '->', u'NP')
('Greg', '->', u'NP')
('Fields', '->', u'NP')
('Korea', '->', u'NP')
('Winter', '->', u'NP')
('Easter', '->', u'NP')
('Roach', '->', u'NP')
('Korea', '->', u'NP')
('S', '->', u'NP')
('B', '->', u'NP')
('S', '->', u'NP')
('Thor', '->', u'NP')
('Robinson', '->', u'NP')
('Nick', '->', u'NP')
('AMA', '->', u'NP')
('Taylor', '->', u'NP')
('Swift', '->', u'NP')
('America', '->', u'NP')
('U', '->', u'NP')
('L', '->', u'NP')
('E', '->', u'NP')
('AMA', '->', u'NP')
('Buffalo', '->', u'NP')
('Orlando', '->', u'NP')
('Sean', '->', u'NP')
('Columbus', '->', u'NP')
('Seoul', '->', u'NP')
('Korea', '->', u'NP')
('March', '->', u'NP')
('Dave', '->', u'NP')
('Korea', '->', u'NP')
('S', '->', u'NP')
('Sean', '->', u'NP')
('Easter', '->', u'NP')
('Styles', '->', u'NP')
('America', '->', u'NP')
('T', '->', u'NP')
('Papa', '->', u'NP')
('John', '->', u'NP')
('Korea', '->', u'NP')
('AMA', '->', u'NP')
('Ransom', '->', u'NP')
('E', '->', u'NP')
('S', '->', u'NP')
('Beta', '->', u'NP')
('Bill', '->', u'NP')
('Forbes', '->', u'NP')
('Columbus', '->', u'NP')
('James', '->', u'NP')
('Harding', '->', u'NP')
('Australia', '->', u'NP')
('December', '->', u'NP')
('Guy', '->', u'NP')
('S', '->', u'NP')
('Pick', '->', u'NP')
('Beta', '->', u'NP')
('Met', '->', u'NP')
('Beta', '->', u'NP')
('Korea', '->', u'NP')
('S', '->', u'NP')
('Winter', '->', u'NP')
('America', '->', u'NP')
('Anna', '->', u'NP')
('Prosser', '->', u'NP')
('S', '->', u'NP')
('Taiwan', '->', u'NP')
('Guy', '->', u'NP')
('T', '->', u'NP')
('E', '->', u'NP')
('David', '->', u'NP')
('T', '->', u'NP')
('Tyler', '->', u'NP')
('America', '->', u'NP')
('Jim', '->', u'NP')
('Winter', '->', u'NP')
('Korea', '->', u'NP')
('God', '->', u'NP')
('Valentine', '->', u'NP')
('Phoenix', '->', u'NP')
('John', '->', u'NP')
('September', '->', u'NP')
('America', '->', u'NP')
('Judy', '->', u'NP')
('Thor', '->', u'NP')
('S', '->', u'NP')
('Jessica', '->', u'NP')
('Wheaton', '->', u'NP')
('Grant', '->', u'NP')
('Player', '->', u'NP')
('Player', '->', u'NP')
('S', '->', u'NP')
('Jones', '->', u'NP')
('John', '->', u'NP')
('Waite', '->', u'NP')
('Beta', '->', u'NP')
('Ireland', '->', u'NP')
('Dallas', '->', u'NP')
('Walker', '->', u'NP')
('AMA', '->', u'NP')
('Guy', '->', u'NP')
('Columbus', '->', u'NP')
('Adam', '->', u'NP')
('Key', '->', u'NP')
('Alex', '->', u'NP')
('AMA', '->', u'NP')
('Christmas', '->', u'NP')
('Toronto', '->', u'NP')
('Europe', '->', u'NP')
('Christmas', '->', u'NP')
('Frenchman', '->', u'NP')
('Australian', '->', u'NP')
('China', '->', u'NP')
('Winter', '->', u'NP')
('Roach', '->', u'NP')
('Austin', '->', u'NP')
('May', '->', u'NP')
('Rob', '->', u'NP')
('Simpson', '->', u'NP')
('Bill', '->', u'NP')
('Queens', '->', u'NP')
('Tyler', '->', u'NP')
('Korea', '->', u'NP')
('Lil', '->', u'NP')
('Dennis', '->', u'NP')
('Terry', '->', u'NP')
('Beta', '->', u'NP')
('Korea', '->', u'NP')
('Dwight', '->', u'NP')
('Howard', '->', u'NP')
('Sweden', '->', u'NP')
('E', '->', u'NP')
('Sweden', '->', u'NP')
('AMA', '->', u'NP')
('Phoenix', '->', u'NP')
('Sir', '->', u'NP')
('Melbourne', '->', u'NP')
('Australia', '->', u'NP')
('Hack', '->', u'NP')
('U', '->', u'NP')
('L', '->', u'NP')
('E', '->', u'NP')
('John', '->', u'NP')
('Guy', '->', u'NP')
('Player', '->', u'NP')
('God', '->', u'NP')
('Providence', '->', u'NP')
('Winter', '->', u'NP')
('Seoul', '->', u'NP')
('S', '->', u'NP')
('Steve', '->', u'NP')
('Gay', '->', u'NP')
('Roach', '->', u'NP')
('Alicia', '->', u'NP')
('S', '->', u'NP')
('Halloween', '->', u'NP')
('David', '->', u'NP')
('Korea', '->', u'NP')
('B', '->', u'NP')
('David', '->', u'NP')
('S', '->', u'NP')
('Korea', '->', u'NP')
('AMA', '->', u'NP')
('America', '->', u'NP')
('Santa', '->', u'NP')
('Christmas', '->', u'NP')
('Robinson', '->', u'NP')
('July', '->', u'NP')
('Low', '->', u'NP')
('Jim', '->', u'NP')
('Low', '->', u'NP')
('L', '->', u'NP')
('E', '->', u'NP')
('Asher', '->', u'NP')
('G', '->', u'NP')
('N', '->', u'NP')
175 

11109
