fitmeals.csv
0
Sentiment(classification='neg', p_pos=0.48253041499674093, p_neg=0.51746958500325901)


1
Sentiment(classification='neg', p_pos=0.49154917263374404, p_neg=0.50845082736625768)




0.444444444444 0.677777777778 0.512960206185 0.487039793815
0
Preparing meals for the week
Sentiment(polarity=0.34999999999999998, subjectivity=0.65000000000000002)
('Patrick', '->', u'NP')
('Salmon', '->', u'NP')
('Curry', '->', u'NP')
('Rice', '->', u'NP')
('Turkey', '->', u'NP')
('Inca', '->', u'NP')
('Lo', '->', u'NP')
('Lo', '->', u'NP')
('Bacon', '->', u'NP')
('Chips', '->', u'NP')
('Green', '->', u'NP')
('Turkey', '->', u'NP')
('Berry', '->', u'NP')
('Pretty', '->', u'NP')
('Gordon', '->', u'NP')
('Herb', '->', u'NP')
('Bacon', '->', u'NP')
('Salmon', '->', u'NP')
('Turkey', '->', u'NP')
('Cal', '->', u'NP')
('Cool', '->', u'NP')
('Lemon', '->', u'NP')
('Lemon', '->', u'NP')
('Olive', '->', u'NP')
('Chips', '->', u'NP')
('Rolls', '->', u'NP')
('Low', '->', u'NP')
('Cal', '->', u'NP')
('Alfredo', '->', u'NP')
('Turkey', '->', u'NP')
('Mason', '->', u'NP')
('Thai', '->', u'NP')
('Bake', '->', u'NP')
('Salmon', '->', u'NP')
('Salmon', '->', u'NP')
('Mac', '->', u'NP')
('Low', '->', u'NP')
('Cal', '->', u'NP')
('Low', '->', u'NP')
('Basil', '->', u'NP')
('Chips', '->', u'NP')
('Black', '->', u'NP')
('Bean', '->', u'NP')
('Low', '->', u'NP')
('Lemon', '->', u'NP')
('Low', '->', u'NP')
('Cal', '->', u'NP')
('Low', '->', u'NP')
('Cal', '->', u'NP')
('Rice', '->', u'NP')
('Cook', '->', u'NP')
('Salmon', '->', u'NP')
('Basil', '->', u'NP')
('Lemon', '->', u'NP')
('Basil', '->', u'NP')
('Low', '->', u'NP')
('Cal', '->', u'NP')
('Winter', '->', u'NP')
('Rice', '->', u'NP')
('Lemon', '->', u'NP')
('Low', '->', u'NP')
('Low', '->', u'NP')
('Fra', '->', u'NP')
('Dijon', '->', u'NP')
('Fish', '->', u'NP')
('Burger', '->', u'NP')
('Joe', '->', u'NP')
('Low', '->', u'NP')
('Chips', '->', u'NP')
('Oliver', '->', u'NP')
('Don', '->', u'NP')
('Low', '->', u'NP')
('Cal', '->', u'NP')
('Pretty', '->', u'NP')
('Low', '->', u'NP')
('Bake', '->', u'NP')
('Lemon', '->', u'NP')
('Dijon', '->', u'NP')
('Green', '->', u'NP')
('Ham', '->', u'NP')
('Mayo', '->', u'NP')
('Low', '->', u'NP')
('Low', '->', u'NP')
('Cal', '->', u'NP')
('Black', '->', u'NP')
('Bean', '->', u'NP')
('Jack', '->', u'NP')
('Ham', '->', u'NP')
('Turkey', '->', u'NP')
('Sunny', '->', u'NP')
('Low', '->', u'NP')
('Cal', '->', u'NP')
('Turkey', '->', u'NP')
('Santa', '->', u'NP')
('Fe', '->', u'NP')
('Mediterranean', '->', u'NP')
('Low', '->', u'NP')
('Skinny', '->', u'NP')
('Guy', '->', u'NP')
('Lemon', '->', u'NP')
('Basil', '->', u'NP')
('Lemon', '->', u'NP')
('ABC', '->', u'NP')
('Low', '->', u'NP')
('Cal', '->', u'NP')
('Low', '->', u'NP')
('Cal', '->', u'NP')
('Thai', '->', u'NP')
('Low', '->', u'NP')
('Cal', '->', u'NP')
('Low', '->', u'NP')
('Turkey', '->', u'NP')
('Low', '->', u'NP')
('Cal', '->', u'NP')
('Turkey', '->', u'NP')
('Pops', '->', u'NP')
('Rolls', '->', u'NP')
('Lemon', '->', u'NP')
('Bacon', '->', u'NP')
('Lemon', '->', u'NP')
('Rice', '->', u'NP')
('Low', '->', u'NP')
('Cal', '->', u'NP')
('Low', '->', u'NP')
('Winter', '->', u'NP')
('Shepard', '->', u'NP')
('Low', '->', u'NP')
('Brown', '->', u'NP')
('Rice', '->', u'NP')
('Bacon', '->', u'NP')
('Bella', '->', u'NP')
('Salmon', '->', u'NP')
('Low', '->', u'NP')
('Low', '->', u'NP')
('Ham', '->', u'NP')
('Black', '->', u'NP')
('Turkey', '->', u'NP')
('Rich', '->', u'NP')
('Low', '->', u'NP')
('Cal', '->', u'NP')
('Mac', '->', u'NP')
('Low', '->', u'NP')
('Cal', '->', u'NP')
('Low', '->', u'NP')
('Low', '->', u'NP')
('Cal', '->', u'NP')
('Low', '->', u'NP')
('Low', '->', u'NP')
('Cal', '->', u'NP')
('Australian', '->', u'NP')
('Halloween', '->', u'NP')
('Jack', '->', u'NP')
('Turkey', '->', u'NP')
('Brown', '->', u'NP')
('Rice', '->', u'NP')
('Dijon', '->', u'NP')
('Black', '->', u'NP')
('Bean', '->', u'NP')
('Linda', '->', u'NP')
('Low', '->', u'NP')
('Thai', '->', u'NP')
('Low', '->', u'NP')
('Cal', '->', u'NP')
('Lemon', '->', u'NP')
('Skinny', '->', u'NP')
('Skinny', '->', u'NP')
('Bacon', '->', u'NP')
('F', '->', u'NP')
('Caribbean', '->', u'NP')
('Rice', '->', u'NP')
('Brussels', '->', u'NP')
('Low', '->', u'NP')
('Cal', '->', u'NP')
('Turkey', '->', u'NP')
('Lemon', '->', u'NP')
('Mediterranean', '->', u'NP')
('Low', '->', u'NP')
('Cal', '->', u'NP')
('Brown', '->', u'NP')
('Rice', '->', u'NP')
('Low', '->', u'NP')
('Cal', '->', u'NP')
('Thai', '->', u'NP')
('Buffalo', '->', u'NP')
('Turkey', '->', u'NP')
('Buffalo', '->', u'NP')
('Turkey', '->', u'NP')
('Buffalo', '->', u'NP')
('Bean', '->', u'NP')
('Low', '->', u'NP')
('Cal', '->', u'NP')
('Turkey', '->', u'NP')
('Black', '->', u'NP')
('Bean', '->', u'NP')
('Reese', '->', u'NP')
('Black', '->', u'NP')
('Bean', '->', u'NP')
('Cal', '->', u'NP')
('Rice', '->', u'NP')
('Low', '->', u'NP')
('Turkey', '->', u'NP')
('Olive', '->', u'NP')
('Dill', '->', u'NP')
('Rice', '->', u'NP')
('Chips', '->', u'NP')
('Low', '->', u'NP')
('Cal', '->', u'NP')
('Rice', '->', u'NP')
('Curry', '->', u'NP')
('De', '->', u'NP')
('Mayo', '->', u'NP')
('Black', '->', u'NP')
('Bean', '->', u'NP')
('Buffalo', '->', u'NP')
('Sandwich', '->', u'NP')
('Mac', '->', u'NP')
('Rolls', '->', u'NP')
('Lemon', '->', u'NP')
('Low', '->', u'NP')
('Sandwich', '->', u'NP')
('Curry', '->', u'NP')
('Curry', '->', u'NP')
('Salmon', '->', u'NP')
('Bake', '->', u'NP')
('Curry', '->', u'NP')
('Turkey', '->', u'NP')
('Rice', '->', u'NP')
('Black', '->', u'NP')
('Epicurean', '->', u'NP')
('Lemon', '->', u'NP')
('Halloween', '->', u'NP')
('Sunny', '->', u'NP')
('Rolls', '->', u'NP')
('Low', '->', u'NP')
('Chips', '->', u'NP')
('Black', '->', u'NP')
('Bean', '->', u'NP')
('Thai', '->', u'NP')
('Low', '->', u'NP')
('Salmon', '->', u'NP')
('Turkey', '->', u'NP')
('Brown', '->', u'NP')
('Rice', '->', u'NP')
('Low', '->', u'NP')
('Reese', '->', u'NP')
('Arizona', '->', u'NP')
('Arnold', '->', u'NP')
('Low', '->', u'NP')
('Cal', '->', u'NP')
('Low', '->', u'NP')
('Turkey', '->', u'NP')
('Low', '->', u'NP')
('Thai', '->', u'NP')
('Black', '->', u'NP')
('Bean', '->', u'NP')
('Turkey', '->', u'NP')
('Buster', '->', u'NP')
('Black', '->', u'NP')
('Bean', '->', u'NP')
('Basil', '->', u'NP')
('Low', '->', u'NP')
('Bean', '->', u'NP')
('Black', '->', u'NP')
('Low', '->', u'NP')
('Cal', '->', u'NP')
('Low', '->', u'NP')
('Cal', '->', u'NP')
('Turkey', '->', u'NP')
('George', '->', u'NP')
('Rice', '->', u'NP')
('Rosemary', '->', u'NP')
('Christmas', '->', u'NP')
('Low', '->', u'NP')
('Berry', '->', u'NP')
('Rich', '->', u'NP')
('Bean', '->', u'NP')
('Low', '->', u'NP')
('Cal', '->', u'NP')
278 

14307
