BestOfStreamingVideo.csv
0
Sentiment(classification='pos', p_pos=0.5, p_neg=0.5)


1
Sentiment(classification='neg', p_pos=0.18502630336117021, p_neg=0.81497369663882957)




-0.152777777778 0.244444444444 0.657486848319 0.342513151681
0
Saw 6
Sentiment(polarity=0.34999999999999998, subjectivity=0.65000000000000002)
('Django', '->', u'NP')
('Django', '->', u'NP')
('Mitchell', '->', u'NP')
('Webb', '->', u'NP')
('Green', '->', u'NP')
('Daniel', '->', u'NP')
('Craig', '->', u'NP')
('George', '->', u'NP')
('Orwell', '->', u'NP')
('Bob', '->', u'NP')
('Bill', '->', u'NP')
('Murray', '->', u'NP')
('Monty', '->', u'NP')
('Peter', '->', u'NP')
('Jackson', '->', u'NP')
('Al', '->', u'NP')
('Bob', '->', u'NP')
('Burger', '->', u'NP')
('Ted', '->', u'NP')
('Ralph', '->', u'NP')
('Duncan', '->', u'NP')
('Jones', '->', u'NP')
('Atlas', '->', u'NP')
('George', '->', u'NP')
('Muhammad', '->', u'NP')
('Hitchcock', '->', u'NP')
('Christmas', '->', u'NP')
('Jesus', '->', u'NP')
('Christ', '->', u'NP')
('Ferrell', '->', u'NP')
('Huxley', '->', u'NP')
('Sunny', '->', u'NP')
('Philadelphia', '->', u'NP')
('Lars', '->', u'NP')
('Bill', '->', u'NP')
('Bill', '->', u'NP')
('Harry', '->', u'NP')
('Brown', '->', u'NP')
('Patrick', '->', u'NP')
('Joe', '->', u'NP')
('Guy', '->', u'NP')
('David', '->', u'NP')
('Amy', '->', u'NP')
('George', '->', u'NP')
('Joe', '->', u'NP')
('Matthew', '->', u'NP')
('Greece', '->', u'NP')
('Del', '->', u'NP')
('Bill', '->', u'NP')
('Thurman', '->', u'NP')
('Mary', '->', u'NP')
('Max', '->', u'NP')
('Stalin', '->', u'NP')
('Robert', '->', u'NP')
('Fisher', '->', u'NP')
('Salton', '->', u'NP')
('Lincoln', '->', u'NP')
('Fish', '->', u'NP')
('Friend', '->', u'NP')
('Eddy', '->', u'NP')
('Murphy', '->', u'NP')
('Mormon', '->', u'NP')
('Bob', '->', u'NP')
('Louis', '->', u'NP')
('K', '->', u'NP')
('Bill', '->', u'NP')
('Murray', '->', u'NP')
('John', '->', u'NP')
('Hughes', '->', u'NP')
('Wilfred', '->', u'NP')
('Anne', '->', u'NP')
('Sullivan', '->', u'NP')
('Helen', '->', u'NP')
('Anne', '->', u'NP')
('Bancroft', '->', u'NP')
('Eve', '->', u'NP')
('Lincoln', '->', u'NP')
('John', '->', u'NP')
('Dies', '->', u'NP')
('Halloween', '->', u'NP')
('Dave', '->', u'NP')
('Buffalo', '->', u'NP')
('Buffalo', '->', u'NP')
('Bugs', '->', u'NP')
('Bunny', '->', u'NP')
('Arthur', '->', u'NP')
('Paris', '->', u'NP')
('Rider', '->', u'NP')
('Smith', '->', u'NP')
('Nick', '->', u'NP')
('Hoffman', '->', u'NP')
('Steve', '->', u'NP')
('Mitchell', '->', u'NP')
('Webb', '->', u'NP')
('De', '->', u'NP')
('Mi', '->', u'NP')
('Wood', '->', u'NP')
('Eden', '->', u'NP')
('Pi', '->', u'NP')
('Fields', '->', u'NP')
('Monte', '->', u'NP')
('Monty', '->', u'NP')
('Texas', '->', u'NP')
('Bob', '->', u'NP')
('Rome', '->', u'NP')
('Scotland', '->', u'NP')
('Lincoln', '->', u'NP')
('Ohio', '->', u'NP')
('Cook', '->', u'NP')
('Anthony', '->', u'NP')
('Nick', '->', u'NP')
('Lane', '->', u'NP')
('David', '->', u'NP')
('Las', '->', u'NP')
('Vegas', '->', u'NP')
('Bean', '->', u'NP')
('Britain', '->', u'NP')
('Simon', '->', u'NP')
('Clint', '->', u'NP')
('K', '->', u'NP')
('Poughkeepsie', '->', u'NP')
('Louis', '->', u'NP')
('K', '->', u'NP')
('Louis', '->', u'NP')
('K', '->', u'NP')
('Capote', '->', u'NP')
('Jesse', '->', u'NP')
('James', '->', u'NP')
('Coward', '->', u'NP')
('Robert', '->', u'NP')
('Ford', '->', u'NP')
('Paris', '->', u'NP')
('Wolf', '->', u'NP')
('Jack', '->', u'NP')
('Nicholson', '->', u'NP')
('David', '->', u'NP')
('Dawn', '->', u'NP')
('Booth', '->', u'NP')
('July', '->', u'NP')
('Ellen', '->', u'NP')
('Jackie', '->', u'NP')
('Christmas', '->', u'NP')
('China', '->', u'NP')
('Ball', '->', u'NP')
('Rudy', '->', u'NP')
('Crawford', '->', u'NP')
('Khan', '->', u'NP')
('Tom', '->', u'NP')
('Jack', '->', u'NP')
('Sutherland', '->', u'NP')
('John', '->', u'NP')
('David', '->', u'NP')
('Dawn', '->', u'NP')
('Jackie', '->', u'NP')
('Vincent', '->', u'NP')
('Black', '->', u'NP')
('Hawk', '->', u'NP')
('Gene', '->', u'NP')
('Wilder', '->', u'NP')
('Richard', '->', u'NP')
('Sidney', '->', u'NP')
('Gregory', '->', u'NP')
('Savage', '->', u'NP')
('Grace', '->', u'NP')
('Hard', '->', u'NP')
('Penny', '->', u'NP')
('Penny', '->', u'NP')
('Britain', '->', u'NP')
('Robinson', '->', u'NP')
('Mars', '->', u'NP')
('Roger', '->', u'NP')
('Nicholson', '->', u'NP')
('Sam', '->', u'NP')
('Gilbert', '->', u'NP')
('Bronx', '->', u'NP')
('Jackie', '->', u'NP')
('Short', '->', u'NP')
('Marilyn', '->', u'NP')
('Crawford', '->', u'NP')
('Confucius', '->', u'NP')
('Morgan', '->', u'NP')
('Alec', '->', u'NP')
('Baldwin', '->', u'NP')
('Farrell', '->', u'NP')
('Johnny', '->', u'NP')
('Sarah', '->', u'NP')
('Connor', '->', u'NP')
('Sarah', '->', u'NP')
('Connor', '->', u'NP')
('John', '->', u'NP')
('Armageddon', '->', u'NP')
('Grimm', '->', u'NP')
('Grimm', '->', u'NP')
('Met', '->', u'NP')
('Neil', '->', u'NP')
('Patrick', '->', u'NP')
('Harris', '->', u'NP')
('Marina', '->', u'NP')
('Loving', '->', u'NP')
('Grace', '->', u'NP')
('America', '->', u'NP')
('Peterson', '->', u'NP')
('France', '->', u'NP')
('Hunt', '->', u'NP')
('Los', '->', u'NP')
('Arctic', '->', u'NP')
('Valentine', '->', u'NP')
('Jamaican', '->', u'NP')
('Isaac', '->', u'NP')
('Johnny', '->', u'NP')
('Jesus', '->', u'NP')
('Amazon', '->', u'NP')
('Jim', '->', u'NP')
('Tokyo', '->', u'NP')
('Thomas', '->', u'NP')
('Edison', '->', u'NP')
('Bean', '->', u'NP')
('Sunny', '->', u'NP')
('Philadelphia', '->', u'NP')
('Django', '->', u'NP')
('El', '->', u'NP')
('Monty', '->', u'NP')
('Graham', '->', u'NP')
('Chapman', '->', u'NP')
('Khan', '->', u'NP')
('Hannibal', '->', u'NP')
('George', '->', u'NP')
('Washington', '->', u'NP')
('Napoleon', '->', u'NP')
('God', '->', u'NP')
('Stark', '->', u'NP')
('Neil', '->', u'NP')
('Patrick', '->', u'NP')
('Harris', '->', u'NP')
('Tony', '->', u'NP')
('Babylon', '->', u'NP')
('Winter', '->', u'NP')
('Black', '->', u'NP')
('Harry', '->', u'NP')
('Potter', '->', u'NP')
('Mark', '->', u'NP')
('B', '->', u'NP')
('Lane', '->', u'NP')
('Plane', '->', u'NP')
('Stan', '->', u'NP')
('Rob', '->', u'NP')
246 

5899
