DJs.csv
0
Sentiment(classification='pos', p_pos=0.59245064486827237, p_neg=0.40754935513172663)


1
Sentiment(classification='neg', p_pos=0.069940057875736775, p_neg=0.93005994212426391)




0.425 0.575 0.668804648628 0.331195351372
0
DJ Kevin Scott releases previously unreleased DJ AM mix from 2008 "Live at Pure Nightclub".
Sentiment(polarity=0.34999999999999998, subjectivity=0.65000000000000002)
('Wolfgang', '->', u'NP')
('Cool', '->', u'NP')
('Carl', '->', u'NP')
('Cox', '->', u'NP')
('Guy', '->', u'NP')
('Dillon', '->', u'NP')
('Francis', '->', u'NP')
('Rider', '->', u'NP')
('Steve', '->', u'NP')
('Hard', '->', u'NP')
('Tunisia', '->', u'NP')
('Guy', '->', u'NP')
('T', '->', u'NP')
('Don', '->', u'NP')
('Don', '->', u'NP')
('Steve', '->', u'NP')
('Steve', '->', u'NP')
('Leger', '->', u'NP')
('Met', '->', u'NP')
('Christmas', '->', u'NP')
('april', '->', u'NP')
('Israel', '->', u'NP')
('T', '->', u'NP')
('Italy', '->', u'NP')
('B', '->', u'NP')
('Guy', '->', u'NP')
('Ray', '->', u'NP')
('Pete', '->', u'NP')
('Tong', '->', u'NP')
('California', '->', u'NP')
('Luke', '->', u'NP')
('Van', '->', u'NP')
('Hollywood', '->', u'NP')
('Jackson', '->', u'NP')
('Jeff', '->', u'NP')
('Carl', '->', u'NP')
('Cox', '->', u'NP')
('March', '->', u'NP')
('Japan', '->', u'NP')
('Aphrodite', '->', u'NP')
('Paris', '->', u'NP')
('Michael', '->', u'NP')
('Phelps', '->', u'NP')
('December', '->', u'NP')
('Christmas', '->', u'NP')
('Tobin', '->', u'NP')
('Harlem', '->', u'NP')
('April', '->', u'NP')
('Christmas', '->', u'NP')
('January', '->', u'NP')
('Steve', '->', u'NP')
('Page', '->', u'NP')
('Pretty', '->', u'NP')
('App', '->', u'NP')
('Mac', '->', u'NP')
('Simon', '->', u'NP')
('Vegas', '->', u'NP')
('Amazon', '->', u'NP')
('Pretty', '->', u'NP')
('Las', '->', u'NP')
('Vegas', '->', u'NP')
('Don', '->', u'NP')
('Pretty', '->', u'NP')
('Halloween', '->', u'NP')
('Paul', '->', u'NP')
('E', '->', u'NP')
('Lowe', '->', u'NP')
('Don', '->', u'NP')
('Jack', '->', u'NP')
('Rolls', '->', u'NP')
('Royce', '->', u'NP')
('Swing', '->', u'NP')
('Carl', '->', u'NP')
('Cox', '->', u'NP')
('Guy', '->', u'NP')
('Camelot', '->', u'NP')
('Denmark', '->', u'NP')
('Cable', '->', u'NP')
('AMA', '->', u'NP')
('Key', '->', u'NP')
('Harry', '->', u'NP')
('Hard', '->', u'NP')
('Chicago', '->', u'NP')
('LD', '->', u'NP')
('Michael', '->', u'NP')
('Danny', '->', u'NP')
('Rob', '->', u'NP')
('Swift', '->', u'NP')
('Black', '->', u'NP')
('Greg', '->', u'NP')
('David', '->', u'NP')
('T', '->', u'NP')
('Wolfgang', '->', u'NP')
('Martin', '->', u'NP')
('March', '->', u'NP')
('Christmas', '->', u'NP')
('Ellis', '->', u'NP')
('Luke', '->', u'NP')
('Dan', '->', u'NP')
('K', '->', u'NP')
('Pete', '->', u'NP')
('Tong', '->', u'NP')
('Germany', '->', u'NP')
('Chris', '->', u'NP')
('August', '->', u'NP')
('Camelot', '->', u'NP')
('Midi', '->', u'NP')
('Tech', '->', u'NP')
('Carl', '->', u'NP')
('Cox', '->', u'NP')
('Steve', '->', u'NP')
('Tech', '->', u'NP')
('Key', '->', u'NP')
('Korea', '->', u'NP')
('Eric', '->', u'NP')
('B', '->', u'NP')
('Van', '->', u'NP')
('Newcastle', '->', u'NP')
('Jeff', '->', u'NP')
('Peter', '->', u'NP')
('Mac', '->', u'NP')
('Jim', '->', u'NP')
('James', '->', u'NP')
('Murphy', '->', u'NP')
('Pretty', '->', u'NP')
('Short', '->', u'NP')
('Jeff', '->', u'NP')
('Mills', '->', u'NP')
('Pretty', '->', u'NP')
('Las', '->', u'NP')
('Vegas', '->', u'NP')
('Dillon', '->', u'NP')
('Francis', '->', u'NP')
('AMA', '->', u'NP')
('Eve', '->', u'NP')
('Christmas', '->', u'NP')
('Paris', '->', u'NP')
('Rich', '->', u'NP')
('Charles', '->', u'NP')
('Don', '->', u'NP')
('Hard', '->', u'NP')
('Steve', '->', u'NP')
('Tech', '->', u'NP')
('Midi', '->', u'NP')
('Lenin', '->', u'NP')
('Ball', '->', u'NP')
('Victor', '->', u'NP')
('Don', '->', u'NP')
('San', '->', u'NP')
('Fran', '->', u'NP')
('Al', '->', u'NP')
('Phoenix', '->', u'NP')
('August', '->', u'NP')
('Australian', '->', u'NP')
('Don', '->', u'NP')
('Pee', '->', u'NP')
('Carl', '->', u'NP')
('Cox', '->', u'NP')
('Don', '->', u'NP')
('April', '->', u'NP')
('Alan', '->', u'NP')
('February', '->', u'NP')
('Midi', '->', u'NP')
('Toronto', '->', u'NP')
('March', '->', u'NP')
('Key', '->', u'NP')
('App', '->', u'NP')
('Gotham', '->', u'NP')
('Sept', '->', u'NP')
('September', '->', u'NP')
('Booth', '->', u'NP')
('Mason', '->', u'NP')
('Don', '->', u'NP')
('James', '->', u'NP')
('Don', '->', u'NP')
('Rich', '->', u'NP')
('Sell', '->', u'NP')
('Simon', '->', u'NP')
('Buddy', '->', u'NP')
('App', '->', u'NP')
('Luke', '->', u'NP')
('Williams', '->', u'NP')
('Rodgers', '->', u'NP')
('February', '->', u'NP')
('Roger', '->', u'NP')
('Luke', '->', u'NP')
('America', '->', u'NP')
('L', '->', u'NP')
('E', '->', u'NP')
('Jim', '->', u'NP')
('Morrison', '->', u'NP')
('Steve', '->', u'NP')
('App', '->', u'NP')
('Tech', '->', u'NP')
('Australian', '->', u'NP')
('London', '->', u'NP')
('Michigan', '->', u'NP')
('Mark', '->', u'NP')
('Farina', '->', u'NP')
('Tech', '->', u'NP')
('Booth', '->', u'NP')
('May', '->', u'NP')
('Seattle', '->', u'NP')
('Sara', '->', u'NP')
('July', '->', u'NP')
('Jeff', '->', u'NP')
('Mobile', '->', u'NP')
('Bill', '->', u'NP')
('Eve', '->', u'NP')
('McCauley', '->', u'NP')
('Paris', '->', u'NP')
('AMA', '->', u'NP')
('Nicholas', '->', u'NP')
('Scott', '->', u'NP')
214 

14462
