radioreddit.csv
0
Sentiment(classification='neg', p_pos=0.030047792960559157, p_neg=0.96995220703944329)


1
Sentiment(classification='neg', p_pos=0.21510061016840429, p_neg=0.78489938983159557)




0.0 0.7 0.877425798436 0.122574201564
0
Downwards From The Mountains by In The Time Of Giants (Thoughtninja)
Sentiment(polarity=0.34999999999999998, subjectivity=0.65000000000000002)
('Jay', '->', u'NP')
('Shakespeare', '->', u'NP')
('U', '->', u'NP')
('Ron', '->', u'NP')
('Burgundy', '->', u'NP')
('U', '->', u'NP')
('Raymond', '->', u'NP')
('May', '->', u'NP')
('Hudson', '->', u'NP')
('K', '->', u'NP')
('Buzz', '->', u'NP')
('Alan', '->', u'NP')
('Cady', '->', u'NP')
('Sullivan', '->', u'NP')
('Bobby', '->', u'NP')
('Met', '->', u'NP')
('Spark', '->', u'NP')
('Chris', '->', u'NP')
('Simpkins', '->', u'NP')
('Paul', '->', u'NP')
('August', '->', u'NP')
('Paul', '->', u'NP')
('Rose', '->', u'NP')
('Ainsley', '->', u'NP')
('Bobby', '->', u'NP')
('Mike', '->', u'NP')
('Andrews', '->', u'NP')
('Roach', '->', u'NP')
('June', '->', u'NP')
('Erik', '->', u'NP')
('Don', '->', u'NP')
('Brown', '->', u'NP')
('May', '->', u'NP')
('Ben', '->', u'NP')
('Johnny', '->', u'NP')
('Stimson', '->', u'NP')
('Turkey', '->', u'NP')
('Ella', '->', u'NP')
('Jim', '->', u'NP')
('Jonathan', '->', u'NP')
('Howe', '->', u'NP')
('September', '->', u'NP')
('Means', '->', u'NP')
('Amazon', '->', u'NP')
('Spark', '->', u'NP')
('Brown', '->', u'NP')
('Von', '->', u'NP')
('March', '->', u'NP')
('Rebecca', '->', u'NP')
('Adam', '->', u'NP')
('Adam', '->', u'NP')
('K', '->', u'NP')
('Winter', '->', u'NP')
('Dick', '->', u'NP')
('Karl', '->', u'NP')
('Mundt', '->', u'NP')
('138', '->', u'NP')
('Waters', '->', u'NP')
('Nick', '->', u'NP')
('Cooper', '->', u'NP')
('K', '->', u'NP')
('F', '->', u'NP')
('U', '->', u'NP')
('Van', '->', u'NP')
('K', '->', u'NP')
('Black', '->', u'NP')
('Violet', '->', u'NP')
('Christopher', '->', u'NP')
('Bennett', '->', u'NP')
('Bobby', '->', u'NP')
('Joe', '->', u'NP')
('Jan', '->', u'NP')
('Raymond', '->', u'NP')
('May', '->', u'NP')
('Ray', '->', u'NP')
('September', '->', u'NP')
('Pi', '->', u'NP')
('Kitty', '->', u'NP')
('Green', '->', u'NP')
('Snow', '->', u'NP')
('Ainsley', '->', u'NP')
('Black', '->', u'NP')
('Oliver', '->', u'NP')
('Via', '->', u'NP')
('Demetrius', '->', u'NP')
('Max', '->', u'NP')
('Chaplin', '->', u'NP')
('Bugs', '->', u'NP')
('E', '->', u'NP')
('Vida', '->', u'NP')
('Jen', '->', u'NP')
('Jesse', '->', u'NP')
('Ainsley', '->', u'NP')
('Nathan', '->', u'NP')
('Rush', '->', u'NP')
('K', '->', u'NP')
('Means', '->', u'NP')
('Budapest', '->', u'NP')
('Raymond', '->', u'NP')
('May', '->', u'NP')
('Michael', '->', u'NP')
('Edwards', '->', u'NP')
('Low', '->', u'NP')
('Jeff', '->', u'NP')
('Van', '->', u'NP')
('August', '->', u'NP')
('Means', '->', u'NP')
('U', '->', u'NP')
('S', '->', u'NP')
('Black', '->', u'NP')
('Friend', '->', u'NP')
('Idaho', '->', u'NP')
('Shakespeare', '->', u'NP')
('Rev', '->', u'NP')
('Cash', '->', u'NP')
('Raymond', '->', u'NP')
('May', '->', u'NP')
('App', '->', u'NP')
('Dawn', '->', u'NP')
('U', '->', u'NP')
('Walker', '->', u'NP')
('God', '->', u'NP')
('Shakespeare', '->', u'NP')
('August', '->', u'NP')
('Erik', '->', u'NP')
('B', '->', u'NP')
('Skip', '->', u'NP')
('Sandwich', '->', u'NP')
('Van', '->', u'NP')
('Rush', '->', u'NP')
('Raymond', '->', u'NP')
('May', '->', u'NP')
('Salvatore', '->', u'NP')
('David', '->', u'NP')
('Emma', '->', u'NP')
('Grace', '->', u'NP')
('Bryce', '->', u'NP')
('David', '->', u'NP')
('Murphy', '->', u'NP')
('Green', '->', u'NP')
('Ed', '->', u'NP')
('Michael', '->', u'NP')
('Robinson', '->', u'NP')
('Sol', '->', u'NP')
('Erik', '->', u'NP')
('Fields', '->', u'NP')
('Ben', '->', u'NP')
('von', '->', u'NP')
('Sweden', '->', u'NP')
('Lewis', '->', u'NP')
('Urn', '->', u'NP')
('Andrew', '->', u'NP')
('Mana', '->', u'NP')
('Walker', '->', u'NP')
('Kelly', '->', u'NP')
('Barnard', '->', u'NP')
('Kansas', '->', u'NP')
('Cooper', '->', u'NP')
('Ainsley', '->', u'NP')
('Dei', '->', u'NP')
('Shakespeare', '->', u'NP')
('der', '->', u'NP')
('Van', '->', u'NP')
('B', '->', u'NP')
('Andy', '->', u'NP')
('Christmas', '->', u'NP')
('De', '->', u'NP')
('Ball', '->', u'NP')
('Hank', '->', u'NP')
('Friend', '->', u'NP')
('Colonna', '->', u'NP')
('Jim', '->', u'NP')
('Case', '->', u'NP')
('Alec', '->', u'NP')
('U', '->', u'NP')
('S', '->', u'NP')
('Low', '->', u'NP')
('K', '->', u'NP')
('Sol', '->', u'NP')
('Darwin', '->', u'NP')
('Hudson', '->', u'NP')
('Clyde', '->', u'NP')
('Clyde', '->', u'NP')
('Alexander', '->', u'NP')
('Hunt', '->', u'NP')
('Erik', '->', u'NP')
('Jen', '->', u'NP')
('Kirby', '->', u'NP')
('Karl', '->', u'NP')
('Mundt', '->', u'NP')
('Bunny', '->', u'NP')
('Bunny', '->', u'NP')
('Downs', '->', u'NP')
('Elijah', '->', u'NP')
('Craig', '->', u'NP')
('Lewis', '->', u'NP')
('Ben', '->', u'NP')
('Omega', '->', u'NP')
('Damon', '->', u'NP')
('Winter', '->', u'NP')
('August', '->', u'NP')
('Los', '->', u'NP')
('Angeles', '->', u'NP')
('Bright', '->', u'NP')
('Mike', '->', u'NP')
('Bloom', '->', u'NP')
('China', '->', u'NP')
('Steve', '->', u'NP')
('K', '->', u'NP')
('Shakespeare', '->', u'NP')
('Daniel', '->', u'NP')
('L', '->', u'NP')
('Self', '->', u'NP')
('Bright', '->', u'NP')
('Hunt', '->', u'NP')
('Crane', '->', u'NP')
('James', '->', u'NP')
('Scott', '->', u'NP')
('G', '->', u'NP')
('Swim', '->', u'NP')
('Adams', '->', u'NP')
('Rev', '->', u'NP')
('Jim', '->', u'NP')
('Cook', '->', u'NP')
('E', '->', u'NP')
('Colonna', '->', u'NP')
('Eden', '->', u'NP')
('Peter', '->', u'NP')
('Hunter', '->', u'NP')
('Bryce', '->', u'NP')
('Alex', '->', u'NP')
('Green', '->', u'NP')
('Cool', '->', u'NP')
('Alaska', '->', u'NP')
('Erik', '->', u'NP')
('Erik', '->', u'NP')
('Mark', '->', u'NP')
('K', '->', u'NP')
('Cadillac', '->', u'NP')
('Lewis', '->', u'NP')
('Jackie', '->', u'NP')
('September', '->', u'NP')
('Miles', '->', u'NP')
('Nick', '->', u'NP')
('Coward', '->', u'NP')
('Nick', '->', u'NP')
('Coward', '->', u'NP')
('Ana', '->', u'NP')
('Grey', '->', u'NP')
('Lane', '->', u'NP')
('Mike', '->', u'NP')
('April', '->', u'NP')
('Bruce', '->', u'NP')
('Freeman', '->', u'NP')
('Friend', '->', u'NP')
('Bruce', '->', u'NP')
('Miles', '->', u'NP')
('Beta', '->', u'NP')
('Tate', '->', u'NP')
('Mommy', '->', u'NP')
('Yen', '->', u'NP')
('Hazard', '->', u'NP')
('Joe', '->', u'NP')
('Dillon', '->', u'NP')
('Winter', '->', u'NP')
('Florida', '->', u'NP')
('Shakespeare', '->', u'NP')
('Slim', '->', u'NP')
('Jim', '->', u'NP')
('Friend', '->', u'NP')
('Matt', '->', u'NP')
('Violet', '->', u'NP')
('Buddy', '->', u'NP')
273 

12408
