oceans.csv
0
Sentiment(classification='pos', p_pos=0.50974577868449311, p_neg=0.49025422131550883)


1
Sentiment(classification='neg', p_pos=0.47572846848195699, p_neg=0.52427153151804273)




0.183333333333 0.316666666667 0.507262876417 0.492737123583
0
Volvo Ocean Race Game: The subreddit for desktop sailors to compete against the real VOR Open 70's, kick some ass, circle the globe, and never get wet.  The start is in 4 days.  Bring it.
Sentiment(polarity=0.34999999999999998, subjectivity=0.65000000000000002)
('Mylar', '->', u'NP')
('Caribbean', '->', u'NP')
('James', '->', u'NP')
('Cameron', '->', u'NP')
('Congress', '->', u'NP')
('Mars', '->', u'NP')
('Dorado', '->', u'NP')
('Houston', '->', u'NP')
('Marshall', '->', u'NP')
('China', '->', u'NP')
('Caribbean', '->', u'NP')
('Japan', '->', u'NP')
('James', '->', u'NP')
('Cameron', '->', u'NP')
('Spain', '->', u'NP')
('Hawaii', '->', u'NP')
('May', '->', u'NP')
('Miles', '->', u'NP')
('U', '->', u'NP')
('S', '->', u'NP')
('Hong', '->', u'NP')
('Kong', '->', u'NP')
('San', '->', u'NP')
('Texas', '->', u'NP')
('Florida', '->', u'NP')
('Korea', '->', u'NP')
('Asia', '->', u'NP')
('China', '->', u'NP')
('June', '->', u'NP')
('California', '->', u'NP')
('California', '->', u'NP')
('California', '->', u'NP')
('Don', '->', u'NP')
('Maine', '->', u'NP')
('Brown', '->', u'NP')
('Dawn', '->', u'NP')
('Alvin', '->', u'NP')
('Tokyo', '->', u'NP')
('Japan', '->', u'NP')
('Rebecca', '->', u'NP')
('Canada', '->', u'NP')
('Chance', '->', u'NP')
('California', '->', u'NP')
('Santa', '->', u'NP')
('Monica', '->', u'NP')
('America', '->', u'NP')
('Africa', '->', u'NP')
('Africa', '->', u'NP')
('August', '->', u'NP')
('Salmon', '->', u'NP')
('B', '->', u'NP')
('James', '->', u'NP')
('Cameron', '->', u'NP')
('Hercules', '->', u'NP')
('Cook', '->', u'NP')
('Monterey', '->', u'NP')
('July', '->', u'NP')
('Greenland', '->', u'NP')
('Brazil', '->', u'NP')
('Maryland', '->', u'NP')
('Hawaii', '->', u'NP')
('Monterey', '->', u'NP')
('England', '->', u'NP')
('England', '->', u'NP')
('Arctic', '->', u'NP')
('Panama', '->', u'NP')
('Canada', '->', u'NP')
('AMA', '->', u'NP')
('Willis', '->', u'NP')
('October', '->', u'NP')
('Waters', '->', u'NP')
('Cruise', '->', u'NP')
('Virginia', '->', u'NP')
('Florida', '->', u'NP')
('California', '->', u'NP')
('Midway', '->', u'NP')
('Chris', '->', u'NP')
('Jordan', '->', u'NP')
('Washington', '->', u'NP')
('Sonoma', '->', u'NP')
('California', '->', u'NP')
('Australia', '->', u'NP')
('Japan', '->', u'NP')
('Alaska', '->', u'NP')
('Fish', '->', u'NP')
('Florida', '->', u'NP')
('Florida', '->', u'NP')
('E', '->', u'NP')
('Arctic', '->', u'NP')
('Pace', '->', u'NP')
('Congress', '->', u'NP')
('Russia', '->', u'NP')
('Arctic', '->', u'NP')
('Arctic', '->', u'NP')
('Hong', '->', u'NP')
('Kong', '->', u'NP')
('California', '->', u'NP')
('Bacillus', '->', u'NP')
('Canada', '->', u'NP')
('India', '->', u'NP')
('Israel', '->', u'NP')
('Black', '->', u'NP')
('Fish', '->', u'NP')
('Fish', '->', u'NP')
('Neil', '->', u'NP')
('Armstrong', '->', u'NP')
('Phoenix', '->', u'NP')
('Florida', '->', u'NP')
('James', '->', u'NP')
('Cameron', '->', u'NP')
('Toronto', '->', u'NP')
('Maine', '->', u'NP')
('Louisiana', '->', u'NP')
('John', '->', u'NP')
('Ross', '->', u'NP')
('Jacques', '->', u'NP')
('U', '->', u'NP')
('S', '->', u'NP')
('Peter', '->', u'NP')
('Waters', '->', u'NP')
('Arctic', '->', u'NP')
('Indonesia', '->', u'NP')
('London', '->', u'NP')
('David', '->', u'NP')
('Florida', '->', u'NP')
('China', '->', u'NP')
('America', '->', u'NP')
('California', '->', u'NP')
('Richard', '->', u'NP')
('James', '->', u'NP')
('Cameron', '->', u'NP')
('Ed', '->', u'NP')
('U', '->', u'NP')
('S', '->', u'NP')
('James', '->', u'NP')
('Cameron', '->', u'NP')
('Norway', '->', u'NP')
('Arctic', '->', u'NP')
('Ryan', '->', u'NP')
('California', '->', u'NP')
('Marin', '->', u'NP')
('Washington', '->', u'NP')
('Fish', '->', u'NP')
('California', '->', u'NP')
('Monterey', '->', u'NP')
('Arctic', '->', u'NP')
('Peter', '->', u'NP')
('Caribbean', '->', u'NP')
('England', '->', u'NP')
('May', '->', u'NP')
('James', '->', u'NP')
('Cameron', '->', u'NP')
('Australia', '->', u'NP')
('Black', '->', u'NP')
('Alaska', '->', u'NP')
('Texas', '->', u'NP')
('California', '->', u'NP')
('Chile', '->', u'NP')
('Cruise', '->', u'NP')
('James', '->', u'NP')
('Cameron', '->', u'NP')
('Africa', '->', u'NP')
('Los', '->', u'NP')
('Angeles', '->', u'NP')
('Green', '->', u'NP')
('Rob', '->', u'NP')
('Stewart', '->', u'NP')
('China', '->', u'NP')
('Hampton', '->', u'NP')
('Baltimore', '->', u'NP')
('England', '->', u'NP')
('Congress', '->', u'NP')
('Brian', '->', u'NP')
('Japan', '->', u'NP')
('Madagascar', '->', u'NP')
('Arctic', '->', u'NP')
('U', '->', u'NP')
('S', '->', u'NP')
('Japan', '->', u'NP')
('Australia', '->', u'NP')
('Indonesia', '->', u'NP')
('Florida', '->', u'NP')
('Sharp', '->', u'NP')
('Japan', '->', u'NP')
('England', '->', u'NP')
('Hawaii', '->', u'NP')
('Florida', '->', u'NP')
('Alaska', '->', u'NP')
('Salmon', '->', u'NP')
('James', '->', u'NP')
('Cameron', '->', u'NP')
('Robert', '->', u'NP')
('Ballard', '->', u'NP')
('May', '->', u'NP')
('Washington', '->', u'NP')
('Dyer', '->', u'NP')
('Richard', '->', u'NP')
('Carrie', '->', u'NP')
('Australia', '->', u'NP')
('Canada', '->', u'NP')
('Australia', '->', u'NP')
('Bill', '->', u'NP')
('Charlotte', '->', u'NP')
('Australia', '->', u'NP')
('Japan', '->', u'NP')
('Forbes', '->', u'NP')
('Cornwall', '->', u'NP')
('Brazil', '->', u'NP')
('England', '->', u'NP')
('Peru', '->', u'NP')
('Antarctica', '->', u'NP')
('Europe', '->', u'NP')
('Australian', '->', u'NP')
('Scott', '->', u'NP')
('Fish', '->', u'NP')
('Galapagos', '->', u'NP')
('Rebecca', '->', u'NP')
('Caribbean', '->', u'NP')
('Arctic', '->', u'NP')
('Monterey', '->', u'NP')
('David', '->', u'NP')
('Fish', '->', u'NP')
('Key', '->', u'NP')
('Biscayne', '->', u'NP')
('Antarctica', '->', u'NP')
('Alaska', '->', u'NP')
('Salmon', '->', u'NP')
('Cameron', '->', u'NP')
('Arctic', '->', u'NP')
('S', '->', u'NP')
('T', '->', u'NP')
('E', '->', u'NP')
('N', '->', u'NP')
('S', '->', u'NP')
('E', '->', u'NP')
('Oregon', '->', u'NP')
('Canada', '->', u'NP')
('Rush', '->', u'NP')
('Alvin', '->', u'NP')
('Phoenix', '->', u'NP')
('Rio', '->', u'NP')
('Paul', '->', u'NP')
('Watson', '->', u'NP')
('Germany', '->', u'NP')
('Arctic', '->', u'NP')
('Boston', '->', u'NP')
('U', '->', u'NP')
('S', '->', u'NP')
('Sussex', '->', u'NP')
('England', '->', u'NP')
('Australia', '->', u'NP')
('Gloucester', '->', u'NP')
('Florida', '->', u'NP')
('Tokyo', '->', u'NP')
('Neptune', '->', u'NP')
('Canada', '->', u'NP')
('March', '->', u'NP')
('Black', '->', u'NP')
('Australian', '->', u'NP')
('Eric', '->', u'NP')
('Schmidt', '->', u'NP')
('San', '->', u'NP')
('Francisco', '->', u'NP')
('Russia', '->', u'NP')
('Guam', '->', u'NP')
('Massachusetts', '->', u'NP')
('Mining', '->', u'NP')
('Marshall', '->', u'NP')
('El', '->', u'NP')
('Brazil', '->', u'NP')
('China', '->', u'NP')
('Greenland', '->', u'NP')
('India', '->', u'NP')
('Monterey', '->', u'NP')
('U', '->', u'NP')
('S', '->', u'NP')
('Australia', '->', u'NP')
('Neptune', '->', u'NP')
('Canada', '->', u'NP')
('Australia', '->', u'NP')
('Thomas', '->', u'NP')
('Jefferson', '->', u'NP')
('Halloween', '->', u'NP')
('England', '->', u'NP')
('John', '->', u'NP')
('Hancock', '->', u'NP')
('Boston', '->', u'NP')
('Boston', '->', u'NP')
('England', '->', u'NP')
('Neil', '->', u'NP')
('Berry', '->', u'NP')
('Salmon', '->', u'NP')
('Phoenix', '->', u'NP')
('Black', '->', u'NP')
('England', '->', u'NP')
('Hawaii', '->', u'NP')
('Japan', '->', u'NP')
('Santa', '->', u'NP')
('Cruz', '->', u'NP')
('San', '->', u'NP')
('Jose', '->', u'NP')
('Mercury', '->', u'NP')
('Short', '->', u'NP')
('James', '->', u'NP')
('Cameron', '->', u'NP')
('England', '->', u'NP')
('James', '->', u'NP')
('Cameron', '->', u'NP')
('Dean', '->', u'NP')
('San', '->', u'NP')
('Lagoon', '->', u'NP')
('Nina', '->', u'NP')
('Green', '->', u'NP')
('Green', '->', u'NP')
('Delaware', '->', u'NP')
('May', '->', u'NP')
('Nazi', '->', u'NP')
('California', '->', u'NP')
('England', '->', u'NP')
('Washington', '->', u'NP')
('Salmon', '->', u'NP')
('Greenland', '->', u'NP')
('Hong', '->', u'NP')
('Kong', '->', u'NP')
('Pen', '->', u'NP')
('Waters', '->', u'NP')
('U', '->', u'NP')
('S', '->', u'NP')
('Gloucester', '->', u'NP')
('California', '->', u'NP')
('England', '->', u'NP')
('Cool', '->', u'NP')
('Key', '->', u'NP')
('Boston', '->', u'NP')
('France', '->', u'NP')
('Ireland', '->', u'NP')
('Marlin', '->', u'NP')
('Canada', '->', u'NP')
('Fish', '->', u'NP')
('Wallace', '->', u'NP')
('Nichols', '->', u'NP')
('California', '->', u'NP')
('Key', '->', u'NP')
('Australia', '->', u'NP')
('Australia', '->', u'NP')
('Paul', '->', u'NP')
('Watson', '->', u'NP')
('Alvin', '->', u'NP')
('Tasmania', '->', u'NP')
('Australia', '->', u'NP')
('Arctic', '->', u'NP')
('Arctic', '->', u'NP')
('August', '->', u'NP')
('August', '->', u'NP')
('Canada', '->', u'NP')
('Monterey', '->', u'NP')
('Sydney', '->', u'NP')
('England', '->', u'NP')
('Australia', '->', u'NP')
('Texas', '->', u'NP')
('Tim', '->', u'NP')
('Florida', '->', u'NP')
('Peru', '->', u'NP')
('Sedgwick', '->', u'NP')
('England', '->', u'NP')
('Newport', '->', u'NP')
('Peru', '->', u'NP')
('Jack', '->', u'NP')
('Hawaii', '->', u'NP')
('Lawrence', '->', u'NP')
('Forbes', '->', u'NP')
('Arctic', '->', u'NP')
('Swim', '->', u'NP')
('Edward', '->', u'NP')
('Loving', '->', u'NP')
('Scripps', '->', u'NP')
('California', '->', u'NP')
('Forbes', '->', u'NP')
('U', '->', u'NP')
('S', '->', u'NP')
('China', '->', u'NP')
('Brian', '->', u'NP')
('Worth', '->', u'NP')
('Africa', '->', u'NP')
('S', '->', u'NP')
('F', '->', u'NP')
('Mississippi', '->', u'NP')
('Penny', '->', u'NP')
('Palfrey', '->', u'NP')
('Mediterranean', '->', u'NP')
('Julie', '->', u'NP')
('Packard', '->', u'NP')
('June', '->', u'NP')
('Hard', '->', u'NP')
('Alaska', '->', u'NP')
('Arctic', '->', u'NP')
('Hawaii', '->', u'NP')
('Florida', '->', u'NP')
('Hawaii', '->', u'NP')
('Australia', '->', u'NP')
('Fish', '->', u'NP')
('Fish', '->', u'NP')
('China', '->', u'NP')
('Japan', '->', u'NP')
('Arctic', '->', u'NP')
('Japan', '->', u'NP')
('Peru', '->', u'NP')
('Koch', '->', u'NP')
('Dave', '->', u'NP')
('America', '->', u'NP')
('Fish', '->', u'NP')
('Arctic', '->', u'NP')
('Newport', '->', u'NP')
('Don', '->', u'NP')
('Rio', '->', u'NP')
('Japan', '->', u'NP')
('U', '->', u'NP')
('S', '->', u'NP')
('Hector', '->', u'NP')
('Australia', '->', u'NP')
('Monterey', '->', u'NP')
('England', '->', u'NP')
('San', '->', u'NP')
('Diego', '->', u'NP')
('U', '->', u'NP')
('N', '->', u'NP')
('Santa', '->', u'NP')
('Cruz', '->', u'NP')
('China', '->', u'NP')
('Alaska', '->', u'NP')
('Gloucester', '->', u'NP')
('Chance', '->', u'NP')
('Charles', '->', u'NP')
('Moore', '->', u'NP')
('Canada', '->', u'NP')
('Easter', '->', u'NP')
436 

14712
