ronpaul.csv
0
Sentiment(classification='neg', p_pos=0.35356065018030841, p_neg=0.6464393498196902)


1
Sentiment(classification='pos', p_pos=0.75546930760270425, p_neg=0.24453069239729563)




-1.0 0.9 0.445485021108 0.554514978892
0
"We're building a domestic army" -Marine Corps Colonel speaks out
Sentiment(polarity=0.34999999999999998, subjectivity=0.65000000000000002)
('Ron', '->', u'NP')
('Paul', '->', u'NP')
('Smith', '->', u'NP')
('Smith', '->', u'NP')
('Ron', '->', u'NP')
('Paul', '->', u'NP')
('Ron', '->', u'NP')
('Paul', '->', u'NP')
('Memphis', '->', u'NP')
('Ron', '->', u'NP')
('Paul', '->', u'NP')
('Fox', '->', u'NP')
('Ron', '->', u'NP')
('Paul', '->', u'NP')
('Ron', '->', u'NP')
('Paul', '->', u'NP')
('Maine', '->', u'NP')
('Paul', '->', u'NP')
('Minnesota', '->', u'NP')
('Ron', '->', u'NP')
('Paul', '->', u'NP')
('Congress', '->', u'NP')
('Paul', '->', u'NP')
('Ron', '->', u'NP')
('Paul', '->', u'NP')
('Kelly', '->', u'NP')
('Ron', '->', u'NP')
('Paul', '->', u'NP')
('Jon', '->', u'NP')
('Stewart', '->', u'NP')
('Ron', '->', u'NP')
('Paul', '->', u'NP')
('Ron', '->', u'NP')
('Paul', '->', u'NP')
('Paul', '->', u'NP')
('Maine', '->', u'NP')
('Jon', '->', u'NP')
('Stewart', '->', u'NP')
('Ron', '->', u'NP')
('Paul', '->', u'NP')
('Ron', '->', u'NP')
('Paul', '->', u'NP')
('Jon', '->', u'NP')
('Ron', '->', u'NP')
('Paul', '->', u'NP')
('Ben', '->', u'NP')
('AMA', '->', u'NP')
('Maine', '->', u'NP')
('Ron', '->', u'NP')
('Paul', '->', u'NP')
('Republican', '->', u'NP')
('Johnson', '->', u'NP')
('Guy', '->', u'NP')
('Ron', '->', u'NP')
('Poland', '->', u'NP')
('Ron', '->', u'NP')
('Ron', '->', u'NP')
('Ron', '->', u'NP')
('Paul', '->', u'NP')
('Rand', '->', u'NP')
('Paul', '->', u'NP')
('Nashville', '->', u'NP')
('Ron', '->', u'NP')
('Paul', '->', u'NP')
('Ron', '->', u'NP')
('Paul', '->', u'NP')
('Michael', '->', u'NP')
('Steele', '->', u'NP')
('Ron', '->', u'NP')
('Paul', '->', u'NP')
('Peter', '->', u'NP')
('Ron', '->', u'NP')
('Paul', '->', u'NP')
('Forbes', '->', u'NP')
('Paul', '->', u'NP')
('Ron', '->', u'NP')
('Paul', '->', u'NP')
('Maine', '->', u'NP')
('May', '->', u'NP')
('Ron', '->', u'NP')
('Paul', '->', u'NP')
('Ron', '->', u'NP')
('Paul', '->', u'NP')
('Ron', '->', u'NP')
('Paul', '->', u'NP')
('Washington', '->', u'NP')
('Ron', '->', u'NP')
('Paul', '->', u'NP')
('America', '->', u'NP')
('Burlington', '->', u'NP')
('Vermont', '->', u'NP')
('Paul', '->', u'NP')
('Congress', '->', u'NP')
('Ron', '->', u'NP')
('Paul', '->', u'NP')
('Cam', '->', u'NP')
('Bryan', '->', u'NP')
('Spencer', '->', u'NP')
('Charles', '->', u'NP')
('Ron', '->', u'NP')
('Carol', '->', u'NP')
('Paul', '->', u'NP')
('Ron', '->', u'NP')
('Paul', '->', u'NP')
('Michigan', '->', u'NP')
('Joanne', '->', u'NP')
('Ron', '->', u'NP')
('Paul', '->', u'NP')
('Paul', '->', u'NP')
('Paul', '->', u'NP')
('Ron', '->', u'NP')
('Paul', '->', u'NP')
('Ron', '->', u'NP')
('Paul', '->', u'NP')
('Ron', '->', u'NP')
('Paul', '->', u'NP')
('Ron', '->', u'NP')
('Paul', '->', u'NP')
('Ron', '->', u'NP')
('Paul', '->', u'NP')
('Ron', '->', u'NP')
('Paul', '->', u'NP')
('Congress', '->', u'NP')
('Ron', '->', u'NP')
('Paul', '->', u'NP')
('Oliver', '->', u'NP')
('Ron', '->', u'NP')
('Paul', '->', u'NP')
('Ron', '->', u'NP')
('Paul', '->', u'NP')
('Ron', '->', u'NP')
('Paul', '->', u'NP')
('Ron', '->', u'NP')
('Paul', '->', u'NP')
('Houston', '->', u'NP')
('May', '->', u'NP')
('Ron', '->', u'NP')
('Paul', '->', u'NP')
('Austin', '->', u'NP')
('Fox', '->', u'NP')
('Ron', '->', u'NP')
('Paul', '->', u'NP')
('Ron', '->', u'NP')
('Paul', '->', u'NP')
('Republican', '->', u'NP')
('Ron', '->', u'NP')
('Paul', '->', u'NP')
('Ron', '->', u'NP')
('Paul', '->', u'NP')
('Ron', '->', u'NP')
('Paul', '->', u'NP')
('Cornell', '->', u'NP')
('Paul', '->', u'NP')
('Texas', '->', u'NP')
('Iran', '->', u'NP')
('Guy', '->', u'NP')
('Ron', '->', u'NP')
('Paul', '->', u'NP')
('Ron', '->', u'NP')
('Paul', '->', u'NP')
('Ron', '->', u'NP')
('Paul', '->', u'NP')
('Ron', '->', u'NP')
('Paul', '->', u'NP')
('Aurora', '->', u'NP')
('Ron', '->', u'NP')
('Paul', '->', u'NP')
('Ron', '->', u'NP')
('Paul', '->', u'NP')
('Ron', '->', u'NP')
('Paul', '->', u'NP')
('Nevada', '->', u'NP')
('Don', '->', u'NP')
('Ron', '->', u'NP')
('Paul', '->', u'NP')
('Rand', '->', u'NP')
('Paul', '->', u'NP')
('Ron', '->', u'NP')
('Paul', '->', u'NP')
('Ron', '->', u'NP')
('Paul', '->', u'NP')
('Paul', '->', u'NP')
('April', '->', u'NP')
('Ron', '->', u'NP')
('Paul', '->', u'NP')
('Roger', '->', u'NP')
('Paul', '->', u'NP')
('Paul', '->', u'NP')
('Ron', '->', u'NP')
('Paul', '->', u'NP')
('Maine', '->', u'NP')
('Ron', '->', u'NP')
('Paul', '->', u'NP')
('Louisiana', '->', u'NP')
('Ron', '->', u'NP')
('Paul', '->', u'NP')
('Iran', '->', u'NP')
('Allen', '->', u'NP')
('James', '->', u'NP')
('Davis', '->', u'NP')
('Republican', '->', u'NP')
('Guy', '->', u'NP')
('Ron', '->', u'NP')
('Paul', '->', u'NP')
('Ron', '->', u'NP')
('Paul', '->', u'NP')
('Lew', '->', u'NP')
('Ron', '->', u'NP')
('Paul', '->', u'NP')
('Paul', '->', u'NP')
('Jon', '->', u'NP')
('Stewart', '->', u'NP')
('Ron', '->', u'NP')
('Paul', '->', u'NP')
('F', '->', u'NP')
('Guy', '->', u'NP')
('Ron', '->', u'NP')
('Paul', '->', u'NP')
('Louisiana', '->', u'NP')
('Paul', '->', u'NP')
('Ron', '->', u'NP')
('Paul', '->', u'NP')
('Ron', '->', u'NP')
('Paul', '->', u'NP')
('Larry', '->', u'NP')
('Paul', '->', u'NP')
('Ron', '->', u'NP')
('Paul', '->', u'NP')
('Ron', '->', u'NP')
('Paul', '->', u'NP')
('Jay', '->', u'NP')
('Washington', '->', u'NP')
('U', '->', u'NP')
('S', '->', u'NP')
('Iraq', '->', u'NP')
('Paul', '->', u'NP')
('Iraq', '->', u'NP')
('Ron', '->', u'NP')
('Paul', '->', u'NP')
('Washington', '->', u'NP')
('Seattle', '->', u'NP')
('Ron', '->', u'NP')
('Paul', '->', u'NP')
('Ron', '->', u'NP')
('Paul', '->', u'NP')
('Ron', '->', u'NP')
('Paul', '->', u'NP')
('Ron', '->', u'NP')
('Paul', '->', u'NP')
('California', '->', u'NP')
('Ron', '->', u'NP')
('Paul', '->', u'NP')
('Ron', '->', u'NP')
('Paul', '->', u'NP')
('Ron', '->', u'NP')
('Paul', '->', u'NP')
('Ron', '->', u'NP')
('Paul', '->', u'NP')
('Ron', '->', u'NP')
('Paul', '->', u'NP')
('Iowa', '->', u'NP')
('Rachel', '->', u'NP')
('April', '->', u'NP')
('Norway', '->', u'NP')
('Ron', '->', u'NP')
('Paul', '->', u'NP')
('Ron', '->', u'NP')
('Paul', '->', u'NP')
('Black', '->', u'NP')
('Ron', '->', u'NP')
('Paul', '->', u'NP')
('Ron', '->', u'NP')
('Paul', '->', u'NP')
('Ron', '->', u'NP')
('Paul', '->', u'NP')
('Ron', '->', u'NP')
('Paul', '->', u'NP')
('Fox', '->', u'NP')
('Ron', '->', u'NP')
('Paul', '->', u'NP')
('Paul', '->', u'NP')
('Paul', '->', u'NP')
('Ron', '->', u'NP')
('Paul', '->', u'NP')
('Paul', '->', u'NP')
('Nevada', '->', u'NP')
('Nevada', '->', u'NP')
('Jon', '->', u'NP')
('Stewart', '->', u'NP')
('Ron', '->', u'NP')
('Iowa', '->', u'NP')
('Nelson', '->', u'NP')
('Ron', '->', u'NP')
('Paul', '->', u'NP')
('Ron', '->', u'NP')
('Paul', '->', u'NP')
('Ron', '->', u'NP')
('Paul', '->', u'NP')
('Ron', '->', u'NP')
('Paul', '->', u'NP')
('Ron', '->', u'NP')
('Paul', '->', u'NP')
('Carol', '->', u'NP')
('Paul', '->', u'NP')
('Ron', '->', u'NP')
('Paul', '->', u'NP')
('Montana', '->', u'NP')
('Maine', '->', u'NP')
('Jerry', '->', u'NP')
('Doyle', '->', u'NP')
('Republican', '->', u'NP')
('Maine', '->', u'NP')
('Charlie', '->', u'NP')
('Maine', '->', u'NP')
('Ron', '->', u'NP')
('Paul', '->', u'NP')
('Ron', '->', u'NP')
('Paul', '->', u'NP')
('Ron', '->', u'NP')
('Paul', '->', u'NP')
('Ron', '->', u'NP')
('Paul', '->', u'NP')
('Maine', '->', u'NP')
('Ron', '->', u'NP')
('Paul', '->', u'NP')
('Texas', '->', u'NP')
('Ron', '->', u'NP')
('Paul', '->', u'NP')
('Ron', '->', u'NP')
('Paul', '->', u'NP')
('Paul', '->', u'NP')
('Ron', '->', u'NP')
('Paul', '->', u'NP')
('Don', '->', u'NP')
('Ron', '->', u'NP')
('Paul', '->', u'NP')
('Fox', '->', u'NP')
('Ron', '->', u'NP')
('Paul', '->', u'NP')
('Guy', '->', u'NP')
('Ron', '->', u'NP')
('Paul', '->', u'NP')
('Boone', '->', u'NP')
('Missouri', '->', u'NP')
('Nevada', '->', u'NP')
('Ron', '->', u'NP')
('Paul', '->', u'NP')
('Paul', '->', u'NP')
('Texas', '->', u'NP')
('Ron', '->', u'NP')
('Paul', '->', u'NP')
('Forbes', '->', u'NP')
('Ron', '->', u'NP')
('Paul', '->', u'NP')
('AMA', '->', u'NP')
('Ron', '->', u'NP')
('Paul', '->', u'NP')
('Ben', '->', u'NP')
('Maine', '->', u'NP')
('Ron', '->', u'NP')
('Paul', '->', u'NP')
('Ron', '->', u'NP')
('Paul', '->', u'NP')
('Virginia', '->', u'NP')
('Gary', '->', u'NP')
('Johnson', '->', u'NP')
('Ron', '->', u'NP')
('Paul', '->', u'NP')
('May', '->', u'NP')
('Al', '->', u'NP')
('Ron', '->', u'NP')
('Paul', '->', u'NP')
('Martin', '->', u'NP')
('Luther', '->', u'NP')
('Ron', '->', u'NP')
('Paul', '->', u'NP')
('Bill', '->', u'NP')
('Israel', '->', u'NP')
('Ron', '->', u'NP')
('Paul', '->', u'NP')
('Ron', '->', u'NP')
('Paul', '->', u'NP')
('Ron', '->', u'NP')
('Paul', '->', u'NP')
('Ron', '->', u'NP')
('Paul', '->', u'NP')
('Ron', '->', u'NP')
('Paul', '->', u'NP')
('Ohio', '->', u'NP')
('Gotham', '->', u'NP')
('Ron', '->', u'NP')
('Paul', '->', u'NP')
('Ron', '->', u'NP')
('Paul', '->', u'NP')
('Ron', '->', u'NP')
('Paul', '->', u'NP')
('California', '->', u'NP')
('Maine', '->', u'NP')
('Gary', '->', u'NP')
('Johnson', '->', u'NP')
('November', '->', u'NP')
('Ron', '->', u'NP')
('Paul', '->', u'NP')
('California', '->', u'NP')
('Maine', '->', u'NP')
('Ron', '->', u'NP')
('Paul', '->', u'NP')
('Paul', '->', u'NP')
('Ron', '->', u'NP')
('Paul', '->', u'NP')
('Nevada', '->', u'NP')
('Republican', '->', u'NP')
('Ron', '->', u'NP')
('Paul', '->', u'NP')
('Case', '->', u'NP')
('Ron', '->', u'NP')
('Paul', '->', u'NP')
('Gary', '->', u'NP')
('Johnson', '->', u'NP')
('Ron', '->', u'NP')
('Paul', '->', u'NP')
('Ron', '->', u'NP')
('Paul', '->', u'NP')
('Ron', '->', u'NP')
('Paul', '->', u'NP')
('Chattanooga', '->', u'NP')
('Ron', '->', u'NP')
('Paul', '->', u'NP')
('Ron', '->', u'NP')
('Paul', '->', u'NP')
('Ron', '->', u'NP')
('Paul', '->', u'NP')
('Ron', '->', u'NP')
('Paul', '->', u'NP')
('Wisconsin', '->', u'NP')
('Ron', '->', u'NP')
('Paul', '->', u'NP')
('Rand', '->', u'NP')
('Ron', '->', u'NP')
('Paul', '->', u'NP')
('Ron', '->', u'NP')
('Paul', '->', u'NP')
('Ron', '->', u'NP')
('Ron', '->', u'NP')
('Paul', '->', u'NP')
('Ron', '->', u'NP')
('Paul', '->', u'NP')
('Ron', '->', u'NP')
('Paul', '->', u'NP')
('Clinton', '->', u'NP')
('Iraq', '->', u'NP')
('Ron', '->', u'NP')
('Paul', '->', u'NP')
('Jan', '->', u'NP')
('Ron', '->', u'NP')
('Paul', '->', u'NP')
('Ron', '->', u'NP')
('Paul', '->', u'NP')
('Ron', '->', u'NP')
('Paul', '->', u'NP')
('Wisconsin', '->', u'NP')
('Ron', '->', u'NP')
('Paul', '->', u'NP')
('Ron', '->', u'NP')
('Paul', '->', u'NP')
('Nevada', '->', u'NP')
('Ron', '->', u'NP')
('Paul', '->', u'NP')
('Ron', '->', u'NP')
('Paul', '->', u'NP')
('Ron', '->', u'NP')
('Paul', '->', u'NP')
('Ron', '->', u'NP')
('Paul', '->', u'NP')
('Paul', '->', u'NP')
('Don', '->', u'NP')
('Gary', '->', u'NP')
('Johnson', '->', u'NP')
('Ron', '->', u'NP')
('Paul', '->', u'NP')
('S', '->', u'NP')
('Ron', '->', u'NP')
('Paul', '->', u'NP')
('Ron', '->', u'NP')
('Paul', '->', u'NP')
('Ohio', '->', u'NP')
('Ron', '->', u'NP')
('Paul', '->', u'NP')
('Nevada', '->', u'NP')
('Ron', '->', u'NP')
('Paul', '->', u'NP')
('Ron', '->', u'NP')
('Paul', '->', u'NP')
('Ron', '->', u'NP')
('Paul', '->', u'NP')
('Ron', '->', u'NP')
('Paul', '->', u'NP')
('Ron', '->', u'NP')
('Paul', '->', u'NP')
('Virginia', '->', u'NP')
('Ron', '->', u'NP')
('Paul', '->', u'NP')
('Ron', '->', u'NP')
('Paul', '->', u'NP')
('Ron', '->', u'NP')
('Paul', '->', u'NP')
('Ron', '->', u'NP')
('Paul', '->', u'NP')
('Fox', '->', u'NP')
('Ron', '->', u'NP')
('Paul', '->', u'NP')
('October', '->', u'NP')
('Ron', '->', u'NP')
('Paul', '->', u'NP')
('Ron', '->', u'NP')
('Paul', '->', u'NP')
('California', '->', u'NP')
('Paul', '->', u'NP')
('Ron', '->', u'NP')
('Paul', '->', u'NP')
('July', '->', u'NP')
('Ron', '->', u'NP')
('Paul', '->', u'NP')
('Paul', '->', u'NP')
('Ron', '->', u'NP')
('Paul', '->', u'NP')
('Ron', '->', u'NP')
('Paul', '->', u'NP')
('Ryan', '->', u'NP')
('Ron', '->', u'NP')
('Paul', '->', u'NP')
('Ron', '->', u'NP')
('Paul', '->', u'NP')
('Ron', '->', u'NP')
('Paul', '->', u'NP')
('Ron', '->', u'NP')
('Paul', '->', u'NP')
('Ron', '->', u'NP')
('Ron', '->', u'NP')
('Paul', '->', u'NP')
('Ron', '->', u'NP')
('Paul', '->', u'NP')
('Madison', '->', u'NP')
('Nate', '->', u'NP')
('Paul', '->', u'NP')
('Ron', '->', u'NP')
('Paul', '->', u'NP')
('Paul', '->', u'NP')
('Ron', '->', u'NP')
('Paul', '->', u'NP')
('Chico', '->', u'NP')
('California', '->', u'NP')
('Rand', '->', u'NP')
('Ron', '->', u'NP')
('Paul', '->', u'NP')
('Ron', '->', u'NP')
('Paul', '->', u'NP')
('Nevada', '->', u'NP')
('Ron', '->', u'NP')
('Paul', '->', u'NP')
('Nat', '->', u'NP')
('Ron', '->', u'NP')
('Paul', '->', u'NP')
('Republican', '->', u'NP')
('Ron', '->', u'NP')
('Paul', '->', u'NP')
('Guy', '->', u'NP')
('Ron', '->', u'NP')
('Paul', '->', u'NP')
('Iran', '->', u'NP')
('August', '->', u'NP')
('Ron', '->', u'NP')
('Paul', '->', u'NP')
('Ron', '->', u'NP')
('Paul', '->', u'NP')
('Michael', '->', u'NP')
('Ron', '->', u'NP')
('Paul', '->', u'NP')
('Maine', '->', u'NP')
('W', '->', u'NP')
('T', '->', u'NP')
('F', '->', u'NP')
('Tim', '->', u'NP')
('Thomas', '->', u'NP')
('Ron', '->', u'NP')
('Paul', '->', u'NP')
('Fox', '->', u'NP')
('Kelly', '->', u'NP')
('Ron', '->', u'NP')
('Paul', '->', u'NP')
('Ron', '->', u'NP')
('Paul', '->', u'NP')
('Paul', '->', u'NP')
('Paul', '->', u'NP')
('Ron', '->', u'NP')
('Paul', '->', u'NP')
('Ron', '->', u'NP')
('Paul', '->', u'NP')
('Ron', '->', u'NP')
('Paul', '->', u'NP')
('Ron', '->', u'NP')
('Paul', '->', u'NP')
('Ron', '->', u'NP')
('Paul', '->', u'NP')
('U', '->', u'NP')
('S', '->', u'NP')
('Syria', '->', u'NP')
('June', '->', u'NP')
('Indiana', '->', u'NP')
('Michigan', '->', u'NP')
('May', '->', u'NP')
('Ben', '->', u'NP')
('Maine', '->', u'NP')
('Brace', '->', u'NP')
('Ron', '->', u'NP')
('Paul', '->', u'NP')
('Fox', '->', u'NP')
('Fox', '->', u'NP')
('Ron', '->', u'NP')
('Paul', '->', u'NP')
('Ron', '->', u'NP')
('Paul', '->', u'NP')
('Jesse', '->', u'NP')
('Ventura', '->', u'NP')
('Ron', '->', u'NP')
('Paul', '->', u'NP')
('America', '->', u'NP')
('Ron', '->', u'NP')
('Paul', '->', u'NP')
('Iowa', '->', u'NP')
('Ron', '->', u'NP')
('Paul', '->', u'NP')
('Ron', '->', u'NP')
('Paul', '->', u'NP')
('Chris', '->', u'NP')
('Ron', '->', u'NP')
('Paul', '->', u'NP')
('Republican', '->', u'NP')
('Ron', '->', u'NP')
('Paul', '->', u'NP')
('Gary', '->', u'NP')
('Johnson', '->', u'NP')
('Ron', '->', u'NP')
('Paul', '->', u'NP')
('Republican', '->', u'NP')
('Penn', '->', u'NP')
('Ron', '->', u'NP')
('Paul', '->', u'NP')
('Ron', '->', u'NP')
('Paul', '->', u'NP')
('Republican', '->', u'NP')
('AMA', '->', u'NP')
('Ron', '->', u'NP')
('Paul', '->', u'NP')
('Hard', '->', u'NP')
('Don', '->', u'NP')
('Paul', '->', u'NP')
('Ron', '->', u'NP')
('Paul', '->', u'NP')
('Ron', '->', u'NP')
('Paul', '->', u'NP')
('Piers', '->', u'NP')
('Morgan', '->', u'NP')
('Ron', '->', u'NP')
('Paul', '->', u'NP')
('Los', '->', u'NP')
('Angeles', '->', u'NP')
('Ron', '->', u'NP')
('Paul', '->', u'NP')
('Ron', '->', u'NP')
('Paul', '->', u'NP')
('Ron', '->', u'NP')
('Paul', '->', u'NP')
('Louis', '->', u'NP')
('Ron', '->', u'NP')
('Paul', '->', u'NP')
('Stephen', '->', u'NP')
('Ron', '->', u'NP')
('Paul', '->', u'NP')
('Ron', '->', u'NP')
('Paul', '->', u'NP')
('Ron', '->', u'NP')
('Paul', '->', u'NP')
('Ron', '->', u'NP')
('Paul', '->', u'NP')
('Fox', '->', u'NP')
('John', '->', u'NP')
('Ron', '->', u'NP')
('Paul', '->', u'NP')
('Kelly', '->', u'NP')
('Ron', '->', u'NP')
('Paul', '->', u'NP')
('Ron', '->', u'NP')
('Paul', '->', u'NP')
('Ron', '->', u'NP')
('Paul', '->', u'NP')
('Harris', '->', u'NP')
('Paul', '->', u'NP')
('Utah', '->', u'NP')
('U', '->', u'NP')
('S', '->', u'NP')
('Ron', '->', u'NP')
('Paul', '->', u'NP')
('Republican', '->', u'NP')
('Rand', '->', u'NP')
('Paul', '->', u'NP')
('Ron', '->', u'NP')
('Paul', '->', u'NP')
('Ron', '->', u'NP')
('Paul', '->', u'NP')
('Broun', '->', u'NP')
('Bill', '->', u'NP')
('Pick', '->', u'NP')
('Ron', '->', u'NP')
('Paul', '->', u'NP')
('Ron', '->', u'NP')
('Paul', '->', u'NP')
('Georgia', '->', u'NP')
('Iowa', '->', u'NP')
('Iowa', '->', u'NP')
('Ron', '->', u'NP')
('Paul', '->', u'NP')
('Ron', '->', u'NP')
('Paul', '->', u'NP')
('Ron', '->', u'NP')
('Paul', '->', u'NP')
('Rand', '->', u'NP')
('Paul', '->', u'NP')
('Brennan', '->', u'NP')
('Ron', '->', u'NP')
('Paul', '->', u'NP')
('S', '->', u'NP')
('Ron', '->', u'NP')
('Paul', '->', u'NP')
('Ron', '->', u'NP')
('Paul', '->', u'NP')
('Neil', '->', u'NP')
('Republican', '->', u'NP')
('Ron', '->', u'NP')
('Paul', '->', u'NP')
('Ron', '->', u'NP')
('Paul', '->', u'NP')
('Ron', '->', u'NP')
('Paul', '->', u'NP')
('Peter', '->', u'NP')
('Ron', '->', u'NP')
('Paul', '->', u'NP')
('Ron', '->', u'NP')
('Paul', '->', u'NP')
('Ron', '->', u'NP')
('Paul', '->', u'NP')
('America', '->', u'NP')
('Paul', '->', u'NP')
('Ron', '->', u'NP')
('Paul', '->', u'NP')
('Maine', '->', u'NP')
('Ron', '->', u'NP')
('Paul', '->', u'NP')
('Ron', '->', u'NP')
('Paul', '->', u'NP')
('Ron', '->', u'NP')
('Paul', '->', u'NP')
('Ron', '->', u'NP')
('Paul', '->', u'NP')
('Nevada', '->', u'NP')
('Colorado', '->', u'NP')
('Minnesota', '->', u'NP')
('Missouri', '->', u'NP')
('Ron', '->', u'NP')
('Paul', '->', u'NP')
('S', '->', u'NP')
('Ron', '->', u'NP')
('Paul', '->', u'NP')
('Tom', '->', u'NP')
('Davis', '->', u'NP')
('Ron', '->', u'NP')
('Paul', '->', u'NP')
('Harry', '->', u'NP')
('Reid', '->', u'NP')
('Ron', '->', u'NP')
('Paul', '->', u'NP')
('Sherry', '->', u'NP')
('Peel', '->', u'NP')
('Jackson', '->', u'NP')
('Ron', '->', u'NP')
('Paul', '->', u'NP')
('Ron', '->', u'NP')
('Paul', '->', u'NP')
('Don', '->', u'NP')
('Paul', '->', u'NP')
('Jon', '->', u'NP')
('Stewart', '->', u'NP')
('Ron', '->', u'NP')
('Paul', '->', u'NP')
('Ron', '->', u'NP')
('Paul', '->', u'NP')
('Paul', '->', u'NP')
('Ron', '->', u'NP')
('Ron', '->', u'NP')
('Paul', '->', u'NP')
('Ron', '->', u'NP')
('Paul', '->', u'NP')
('Ron', '->', u'NP')
('Paul', '->', u'NP')
('Ron', '->', u'NP')
('Paul', '->', u'NP')
('Ron', '->', u'NP')
('Paul', '->', u'NP')
('Ron', '->', u'NP')
('Paul', '->', u'NP')
('Ron', '->', u'NP')
('Paul', '->', u'NP')
('Paul', '->', u'NP')
('Ron', '->', u'NP')
('Paul', '->', u'NP')
('Rand', '->', u'NP')
('Paul', '->', u'NP')
('Clarke', '->', u'NP')
('Georgia', '->', u'NP')
('Fox', '->', u'NP')
('Ron', '->', u'NP')
('Paul', '->', u'NP')
('Ron', '->', u'NP')
('Paul', '->', u'NP')
('May', '->', u'NP')
('Ron', '->', u'NP')
('Paul', '->', u'NP')
('Ron', '->', u'NP')
('Paul', '->', u'NP')
('Minnesota', '->', u'NP')
('Ron', '->', u'NP')
('Paul', '->', u'NP')
('Rake', '->', u'NP')
('Ron', '->', u'NP')
('Paul', '->', u'NP')
('Ron', '->', u'NP')
('Paul', '->', u'NP')
('Houston', '->', u'NP')
('Ron', '->', u'NP')
('Paul', '->', u'NP')
('England', '->', u'NP')
('Ron', '->', u'NP')
('Paul', '->', u'NP')
('Gary', '->', u'NP')
('Ron', '->', u'NP')
('Paul', '->', u'NP')
('Washington', '->', u'NP')
('Paul', '->', u'NP')
('Montana', '->', u'NP')
('Washington', '->', u'NP')
('Utah', '->', u'NP')
('Idaho', '->', u'NP')
('Idaho', '->', u'NP')
('Rand', '->', u'NP')
('Paul', '->', u'NP')
('Ron', '->', u'NP')
('Paul', '->', u'NP')
('Fox', '->', u'NP')
('Rand', '->', u'NP')
('Paul', '->', u'NP')
('U', '->', u'NP')
('S', '->', u'NP')
('Egypt', '->', u'NP')
('Pakistan', '->', u'NP')
('Jesse', '->', u'NP')
('Ventura', '->', u'NP')
('Gary', '->', u'NP')
('Johnson', '->', u'NP')
('Ron', '->', u'NP')
('Paul', '->', u'NP')
('Ron', '->', u'NP')
('Paul', '->', u'NP')
('Ron', '->', u'NP')
('Paul', '->', u'NP')
('John', '->', u'NP')
('Syria', '->', u'NP')
('June', '->', u'NP')
('Ron', '->', u'NP')
('Paul', '->', u'NP')
('Ron', '->', u'NP')
('Paul', '->', u'NP')
('Ron', '->', u'NP')
('Paul', '->', u'NP')
('Ron', '->', u'NP')
('Paul', '->', u'NP')
('Ron', '->', u'NP')
('Paul', '->', u'NP')
('Fox', '->', u'NP')
('Fox', '->', u'NP')
('Ron', '->', u'NP')
('Paul', '->', u'NP')
('Texas', '->', u'NP')
('Ron', '->', u'NP')
('Paul', '->', u'NP')
('Oklahoma', '->', u'NP')
('Maine', '->', u'NP')
('Ron', '->', u'NP')
('Paul', '->', u'NP')
('Virginia', '->', u'NP')
('Ron', '->', u'NP')
('Paul', '->', u'NP')
('Ron', '->', u'NP')
('Paul', '->', u'NP')
('Ron', '->', u'NP')
('Paul', '->', u'NP')
('Paul', '->', u'NP')
('Ron', '->', u'NP')
('Paul', '->', u'NP')
('Joe', '->', u'NP')
('Ron', '->', u'NP')
('Paul', '->', u'NP')
('Maine', '->', u'NP')
('Ron', '->', u'NP')
('Paul', '->', u'NP')
('California', '->', u'NP')
('Jon', '->', u'NP')
('Stewart', '->', u'NP')
('Paul', '->', u'NP')
('Ron', '->', u'NP')
('Paul', '->', u'NP')
('Paul', '->', u'NP')
('Ron', '->', u'NP')
('Paul', '->', u'NP')
('Paul', '->', u'NP')
('Iowa', '->', u'NP')
('Ron', '->', u'NP')
('Paul', '->', u'NP')
('Ron', '->', u'NP')
('Paul', '->', u'NP')
('Jack', '->', u'NP')
('Welch', '->', u'NP')
('Bryan', '->', u'NP')
('Cranston', '->', u'NP')
('Ron', '->', u'NP')
('Paul', '->', u'NP')
('Paul', '->', u'NP')
('Ron', '->', u'NP')
('Maine', '->', u'NP')
('Ron', '->', u'NP')
('Paul', '->', u'NP')
('Maine', '->', u'NP')
('Ron', '->', u'NP')
('Paul', '->', u'NP')
('Ron', '->', u'NP')
('Paul', '->', u'NP')
('Texas', '->', u'NP')
('Ron', '->', u'NP')
('Paul', '->', u'NP')
('Fox', '->', u'NP')
('Bill', '->', u'NP')
('Gary', '->', u'NP')
('Johnson', '->', u'NP')
('Ron', '->', u'NP')
('Paul', '->', u'NP')
('November', '->', u'NP')
('Johnson', '->', u'NP')
('Gary', '->', u'NP')
('Ron', '->', u'NP')
('Paul', '->', u'NP')
('Ron', '->', u'NP')
('Paul', '->', u'NP')
('Ron', '->', u'NP')
('Paul', '->', u'NP')
('Ron', '->', u'NP')
('Paul', '->', u'NP')
('Paul', '->', u'NP')
('Peter', '->', u'NP')
('Morley', '->', u'NP')
('Ron', '->', u'NP')
('Paul', '->', u'NP')
('Paul', '->', u'NP')
('Mississippi', '->', u'NP')
('Ron', '->', u'NP')
('Paul', '->', u'NP')
('Ron', '->', u'NP')
('Paul', '->', u'NP')
('Ron', '->', u'NP')
('Paul', '->', u'NP')
('Iowa', '->', u'NP')
('Ron', '->', u'NP')
('Paul', '->', u'NP')
('Ron', '->', u'NP')
('Paul', '->', u'NP')
('Ron', '->', u'NP')
('Paul', '->', u'NP')
('Ron', '->', u'NP')
('Paul', '->', u'NP')
('Ron', '->', u'NP')
('Paul', '->', u'NP')
('Republican', '->', u'NP')
('Gary', '->', u'NP')
('Johnson', '->', u'NP')
('Ron', '->', u'NP')
('Paul', '->', u'NP')
('America', '->', u'NP')
('Ron', '->', u'NP')
('Paul', '->', u'NP')
('Ron', '->', u'NP')
('Paul', '->', u'NP')
('Alabama', '->', u'NP')
('Paul', '->', u'NP')
('Ron', '->', u'NP')
('Paul', '->', u'NP')
('Norm', '->', u'NP')
('MacDonald', '->', u'NP')
('Ron', '->', u'NP')
('Paul', '->', u'NP')
('Ron', '->', u'NP')
('Paul', '->', u'NP')
('Jon', '->', u'NP')
('Stewart', '->', u'NP')
('Ron', '->', u'NP')
('Paul', '->', u'NP')
('Ron', '->', u'NP')
('Paul', '->', u'NP')
('Ron', '->', u'NP')
('Paul', '->', u'NP')
('Jon', '->', u'NP')
('Stewart', '->', u'NP')
('Paul', '->', u'NP')
('Iowa', '->', u'NP')
('Paul', '->', u'NP')
('Ron', '->', u'NP')
('Paul', '->', u'NP')
('Paul', '->', u'NP')
('Gary', '->', u'NP')
('Johnson', '->', u'NP')
('Ron', '->', u'NP')
('Paul', '->', u'NP')
('Ron', '->', u'NP')
('Paul', '->', u'NP')
('Don', '->', u'NP')
('Ron', '->', u'NP')
('Paul', '->', u'NP')
('Ron', '->', u'NP')
('Paul', '->', u'NP')
('Boston', '->', u'NP')
('Minnesota', '->', u'NP')
('Ron', '->', u'NP')
('Paul', '->', u'NP')
('Republican', '->', u'NP')
('Massachusetts', '->', u'NP')
('Republican', '->', u'NP')
('Ron', '->', u'NP')
('Paul', '->', u'NP')
('Ron', '->', u'NP')
('Paul', '->', u'NP')
('Iowa', '->', u'NP')
('Ron', '->', u'NP')
('Paul', '->', u'NP')
('Ron', '->', u'NP')
('Paul', '->', u'NP')
('America', '->', u'NP')
('Ron', '->', u'NP')
('Paul', '->', u'NP')
('Ron', '->', u'NP')
('Paul', '->', u'NP')
('Ron', '->', u'NP')
('Paul', '->', u'NP')
('Waldo', '->', u'NP')
('Rachel', '->', u'NP')
('Ron', '->', u'NP')
('Paul', '->', u'NP')
('Ron', '->', u'NP')
('Paul', '->', u'NP')
('Pennsylvania', '->', u'NP')
('John', '->', u'NP')
('Ron', '->', u'NP')
('Paul', '->', u'NP')
('Ron', '->', u'NP')
('Paul', '->', u'NP')
('Ron', '->', u'NP')
('Paul', '->', u'NP')
('Ron', '->', u'NP')
('Paul', '->', u'NP')
('Ron', '->', u'NP')
('Paul', '->', u'NP')
('Iowa', '->', u'NP')
('Iowa', '->', u'NP')
('Ron', '->', u'NP')
('Paul', '->', u'NP')
('Ron', '->', u'NP')
('Paul', '->', u'NP')
('ABC', '->', u'NP')
('ABC', '->', u'NP')
('Paul', '->', u'NP')
('Huff', '->', u'NP')
('Gary', '->', u'NP')
('Johnson', '->', u'NP')
('Iowa', '->', u'NP')
('Ron', '->', u'NP')
('Paul', '->', u'NP')
('Ron', '->', u'NP')
('Ron', '->', u'NP')
('Paul', '->', u'NP')
('Nevada', '->', u'NP')
('Tom', '->', u'NP')
('Ron', '->', u'NP')
('Paul', '->', u'NP')
('Tom', '->', u'NP')
('June', '->', u'NP')
('Ron', '->', u'NP')
('Paul', '->', u'NP')
('Ron', '->', u'NP')
('Paul', '->', u'NP')
('Iowa', '->', u'NP')
('Rand', '->', u'NP')
('Paul', '->', u'NP')
('Paul', '->', u'NP')
('Ron', '->', u'NP')
('Paul', '->', u'NP')
('Louisiana', '->', u'NP')
('Paul', '->', u'NP')
('California', '->', u'NP')
('Don', '->', u'NP')
('Republican', '->', u'NP')
('May', '->', u'NP')
('Guy', '->', u'NP')
('Ron', '->', u'NP')
('Ron', '->', u'NP')
('Paul', '->', u'NP')
('Ron', '->', u'NP')
('Paul', '->', u'NP')
('U', '->', u'NP')
('S', '->', u'NP')
('Paul', '->', u'NP')
('Ron', '->', u'NP')
('Paul', '->', u'NP')
('Missouri', '->', u'NP')
('Ron', '->', u'NP')
('Paul', '->', u'NP')
('Fox', '->', u'NP')
('Ron', '->', u'NP')
('Paul', '->', u'NP')
('Ron', '->', u'NP')
('Paul', '->', u'NP')
('Paul', '->', u'NP')
('Colorado', '->', u'NP')
('Athens', '->', u'NP')
('Clarke', '->', u'NP')
('Republican', '->', u'NP')
('Ron', '->', u'NP')
('Paul', '->', u'NP')
('Iowa', '->', u'NP')
('Ron', '->', u'NP')
('Paul', '->', u'NP')
('U', '->', u'NP')
('S', '->', u'NP')
('Ron', '->', u'NP')
('Paul', '->', u'NP')
('Jesus', '->', u'NP')
('Loving', '->', u'NP')
('Ron', '->', u'NP')
('Paul', '->', u'NP')
('California', '->', u'NP')
('Ron', '->', u'NP')
('Paul', '->', u'NP')
('Alabama', '->', u'NP')
('Ron', '->', u'NP')
('Paul', '->', u'NP')
('Iran', '->', u'NP')
('Ron', '->', u'NP')
('Paul', '->', u'NP')
('Ron', '->', u'NP')
('Paul', '->', u'NP')
('John', '->', u'NP')
('Ron', '->', u'NP')
('Paul', '->', u'NP')
('Ron', '->', u'NP')
('Paul', '->', u'NP')
('Louisiana', '->', u'NP')
('Arizona', '->', u'NP')
('February', '->', u'NP')
('Joshua', '->', u'NP')
('Boston', '->', u'NP')
('Alex', '->', u'NP')
('Jones', '->', u'NP')
('Piers', '->', u'NP')
('Morgan', '->', u'NP')
('Iowa', '->', u'NP')
('Ron', '->', u'NP')
('Paul', '->', u'NP')
('Oklahoma', '->', u'NP')
('Ron', '->', u'NP')
('Paul', '->', u'NP')
('Roger', '->', u'NP')
('Ron', '->', u'NP')
('Paul', '->', u'NP')
('Nevada', '->', u'NP')
('Ron', '->', u'NP')
('Paul', '->', u'NP')
('Ron', '->', u'NP')
('Paul', '->', u'NP')
('Republican', '->', u'NP')
('U', '->', u'NP')
('S', '->', u'NP')
('Ron', '->', u'NP')
('Paul', '->', u'NP')
('ABC', '->', u'NP')
('Iowa', '->', u'NP')
('Ron', '->', u'NP')
('Paul', '->', u'NP')
('Ron', '->', u'NP')
('Paul', '->', u'NP')
('Fox', '->', u'NP')
('Ron', '->', u'NP')
('Paul', '->', u'NP')
('Ron', '->', u'NP')
('Paul', '->', u'NP')
('Ron', '->', u'NP')
('Paul', '->', u'NP')
('Ron', '->', u'NP')
('Paul', '->', u'NP')
('Iowa', '->', u'NP')
('Ron', '->', u'NP')
('Paul', '->', u'NP')
('Ron', '->', u'NP')
('Paul', '->', u'NP')
('Iowa', '->', u'NP')
('Ron', '->', u'NP')
('Paul', '->', u'NP')
('Ron', '->', u'NP')
('Paul', '->', u'NP')
('Ron', '->', u'NP')
('Paul', '->', u'NP')
('Ron', '->', u'NP')
('Paul', '->', u'NP')
('Bradley', '->', u'NP')
('Manning', '->', u'NP')
('Ron', '->', u'NP')
('Paul', '->', u'NP')
('Ron', '->', u'NP')
('Paul', '->', u'NP')
('Jon', '->', u'NP')
('Stewart', '->', u'NP')
('Alaska', '->', u'NP')
('Ron', '->', u'NP')
('Paul', '->', u'NP')
('Nevada', '->', u'NP')
('Maine', '->', u'NP')
('Louisiana', '->', u'NP')
('Massachusetts', '->', u'NP')
('Alaska', '->', u'NP')
('Iowa', '->', u'NP')
('Minnesota', '->', u'NP')
('Washington', '->', u'NP')
('Ron', '->', u'NP')
('Paul', '->', u'NP')
('March', '->', u'NP')
('Washington', '->', u'NP')
('Ron', '->', u'NP')
('Paul', '->', u'NP')
('Joe', '->', u'NP')
('Perry', '->', u'NP')
('Ron', '->', u'NP')
('Paul', '->', u'NP')
('Ron', '->', u'NP')
('Paul', '->', u'NP')
('Rand', '->', u'NP')
('Paul', '->', u'NP')
('Ron', '->', u'NP')
('Paul', '->', u'NP')
('California', '->', u'NP')
('Fox', '->', u'NP')
('Ron', '->', u'NP')
('Paul', '->', u'NP')
('Julie', '->', u'NP')
('Ron', '->', u'NP')
('Paul', '->', u'NP')
('Ron', '->', u'NP')
('Jesse', '->', u'NP')
('Ron', '->', u'NP')
('Paul', '->', u'NP')
('Oregon', '->', u'NP')
('Gun', '->', u'NP')
('Rand', '->', u'NP')
('Paul', '->', u'NP')
('Fox', '->', u'NP')
('Ron', '->', u'NP')
('Paul', '->', u'NP')
('Republican', '->', u'NP')
('Ron', '->', u'NP')
('Paul', '->', u'NP')
('Ron', '->', u'NP')
('Paul', '->', u'NP')
('Morton', '->', u'NP')
('Ron', '->', u'NP')
('Paul', '->', u'NP')
('Ron', '->', u'NP')
('Paul', '->', u'NP')
('Ron', '->', u'NP')
('Ron', '->', u'NP')
('Paul', '->', u'NP')
('Rand', '->', u'NP')
('Paul', '->', u'NP')
('Republican', '->', u'NP')
('Ron', '->', u'NP')
('Paul', '->', u'NP')
('Ron', '->', u'NP')
('Paul', '->', u'NP')
('Ron', '->', u'NP')
('Paul', '->', u'NP')
('Johnson', '->', u'NP')
('Stein', '->', u'NP')
('Paul', '->', u'NP')
('Paul', '->', u'NP')
('Met', '->', u'NP')
('Worth', '->', u'NP')
('Ron', '->', u'NP')
('Paul', '->', u'NP')
('Ron', '->', u'NP')
('Paul', '->', u'NP')
('Ron', '->', u'NP')
('Paul', '->', u'NP')
('Ron', '->', u'NP')
('Paul', '->', u'NP')
('Ron', '->', u'NP')
('Paul', '->', u'NP')
('Michigan', '->', u'NP')
('Ron', '->', u'NP')
('Paul', '->', u'NP')
('Iowa', '->', u'NP')
('Ron', '->', u'NP')
('Paul', '->', u'NP')
('Iran', '->', u'NP')
('Israel', '->', u'NP')
('Paul', '->', u'NP')
('Ron', '->', u'NP')
('Paul', '->', u'NP')
('Ron', '->', u'NP')
('Paul', '->', u'NP')
('Paul', '->', u'NP')
('Rachel', '->', u'NP')
('Ron', '->', u'NP')
('Paul', '->', u'NP')
('Minnesota', '->', u'NP')
('Washington', '->', u'NP')
('Paul', '->', u'NP')
('Ron', '->', u'NP')
('Paul', '->', u'NP')
('Ron', '->', u'NP')
('Paul', '->', u'NP')
('Kelly', '->', u'NP')
('Ron', '->', u'NP')
('Paul', '->', u'NP')
('Ron', '->', u'NP')
('Paul', '->', u'NP')
('Texas', '->', u'NP')
('Worth', '->', u'NP')
('Nevada', '->', u'NP')
('Ron', '->', u'NP')
('Paul', '->', u'NP')
('Smith', '->', u'NP')
('Ron', '->', u'NP')
('Paul', '->', u'NP')
('Rachel', '->', u'NP')
('Republican', '->', u'NP')
('Ron', '->', u'NP')
('Paul', '->', u'NP')
('Paul', '->', u'NP')
('Ron', '->', u'NP')
('Paul', '->', u'NP')
('Wesley', '->', u'NP')
('Clark', '->', u'NP')
('Iran', '->', u'NP')
('Maine', '->', u'NP')
('Ron', '->', u'NP')
('Paul', '->', u'NP')
('Ron', '->', u'NP')
('Paul', '->', u'NP')
('Ron', '->', u'NP')
('Paul', '->', u'NP')
('Texas', '->', u'NP')
('Hawaii', '->', u'NP')
('Ron', '->', u'NP')
('Paul', '->', u'NP')
('Ron', '->', u'NP')
('Paul', '->', u'NP')
('Ron', '->', u'NP')
('Paul', '->', u'NP')
('May', '->', u'NP')
('March', '->', u'NP')
('Ron', '->', u'NP')
('Paul', '->', u'NP')
('Virginia', '->', u'NP')
('Paul', '->', u'NP')
('Broun', '->', u'NP')
('Ron', '->', u'NP')
('Paul', '->', u'NP')
('Ron', '->', u'NP')
('Paul', '->', u'NP')
('Gary', '->', u'NP')
('Johnson', '->', u'NP')
('Don', '->', u'NP')
('Ron', '->', u'NP')
('Paul', '->', u'NP')
('Paul', '->', u'NP')
('Nate', '->', u'NP')
('Paul', '->', u'NP')
('Washington', '->', u'NP')
('Ron', '->', u'NP')
('Paul', '->', u'NP')
('Ron', '->', u'NP')
('Paul', '->', u'NP')
('Eric', '->', u'NP')
('Ron', '->', u'NP')
('Paul', '->', u'NP')
('Carol', '->', u'NP')
('Ron', '->', u'NP')
('Paul', '->', u'NP')
('S', '->', u'NP')
('Paul', '->', u'NP')
('Iowa', '->', u'NP')
('Edward', '->', u'NP')
('Edward', '->', u'NP')
('Ron', '->', u'NP')
('Ron', '->', u'NP')
('Paul', '->', u'NP')
('Ron', '->', u'NP')
('Paul', '->', u'NP')
('Michigan', '->', u'NP')
('February', '->', u'NP')
('Ron', '->', u'NP')
('Paul', '->', u'NP')
('Gary', '->', u'NP')
('Johnson', '->', u'NP')
('Ron', '->', u'NP')
('Paul', '->', u'NP')
('Robert', '->', u'NP')
('Iowa', '->', u'NP')
('Ben', '->', u'NP')
('Ron', '->', u'NP')
('Paul', '->', u'NP')
('Paul', '->', u'NP')
('Paul', '->', u'NP')
('Ron', '->', u'NP')
('Paul', '->', u'NP')
('James', '->', u'NP')
('Ron', '->', u'NP')
('Paul', '->', u'NP')
('Republican', '->', u'NP')
('Ron', '->', u'NP')
('Paul', '->', u'NP')
('Bryan', '->', u'NP')
('Spencer', '->', u'NP')
('Charles', '->', u'NP')
('Charles', '->', u'NP')
('Ron', '->', u'NP')
('Paul', '->', u'NP')
('Wolf', '->', u'NP')
('Ron', '->', u'NP')
('Paul', '->', u'NP')
('Ron', '->', u'NP')
('Paul', '->', u'NP')
('America', '->', u'NP')
('Ron', '->', u'NP')
('Rand', '->', u'NP')
('Paul', '->', u'NP')
('Texas', '->', u'NP')
('Paul', '->', u'NP')
('Republican', '->', u'NP')
('Republican', '->', u'NP')
('Nevada', '->', u'NP')
('Ron', '->', u'NP')
('Paul', '->', u'NP')
('Ron', '->', u'NP')
('Paul', '->', u'NP')
('Tucker', '->', u'NP')
('Carlson', '->', u'NP')
('Paul', '->', u'NP')
('Ron', '->', u'NP')
('Paul', '->', u'NP')
('Ron', '->', u'NP')
('Paul', '->', u'NP')
('Ron', '->', u'NP')
('Paul', '->', u'NP')
('Ron', '->', u'NP')
('Paul', '->', u'NP')
('Oklahoma', '->', u'NP')
('Larry', '->', u'NP')
('Ron', '->', u'NP')
('Paul', '->', u'NP')
('Ron', '->', u'NP')
('Paul', '->', u'NP')
('Tom', '->', u'NP')
('Ron', '->', u'NP')
('Paul', '->', u'NP')
('Stewart', '->', u'NP')
('Ron', '->', u'NP')
('Paul', '->', u'NP')
('Perry', '->', u'NP')
('Paul', '->', u'NP')
('Ron', '->', u'NP')
('Paul', '->', u'NP')
('Maine', '->', u'NP')
('Ron', '->', u'NP')
('Paul', '->', u'NP')
('Dana', '->', u'NP')
('Ron', '->', u'NP')
('Paul', '->', u'NP')
('Gary', '->', u'NP')
('Johnson', '->', u'NP')
('Ron', '->', u'NP')
('Paul', '->', u'NP')
('Pennsylvania', '->', u'NP')
('Pittsburgh', '->', u'NP')
('Ron', '->', u'NP')
('Paul', '->', u'NP')
('Ron', '->', u'NP')
('Paul', '->', u'NP')
('Louisiana', '->', u'NP')
('Ron', '->', u'NP')
('Paul', '->', u'NP')
('Nevada', '->', u'NP')
('Maine', '->', u'NP')
('Ron', '->', u'NP')
('Paul', '->', u'NP')
('Georgia', '->', u'NP')
('Ron', '->', u'NP')
('Paul', '->', u'NP')
('Harlem', '->', u'NP')
('Learned', '->', u'NP')
('Ron', '->', u'NP')
('Paul', '->', u'NP')
('Don', '->', u'NP')
('Kentucky', '->', u'NP')
('Nevada', '->', u'NP')
('Ron', '->', u'NP')
('Paul', '->', u'NP')
('Amazon', '->', u'NP')
('Paul', '->', u'NP')
('Black', '->', u'NP')
('Ron', '->', u'NP')
('Paul', '->', u'NP')
('Ron', '->', u'NP')
('Paul', '->', u'NP')
('March', '->', u'NP')
('Ron', '->', u'NP')
('Paul', '->', u'NP')
('Fox', '->', u'NP')
('Ron', '->', u'NP')
('Paul', '->', u'NP')
('Iowa', '->', u'NP')
('Ron', '->', u'NP')
('Paul', '->', u'NP')
('Ron', '->', u'NP')
('Paul', '->', u'NP')
('Ron', '->', u'NP')
('Paul', '->', u'NP')
('Ron', '->', u'NP')
('Paul', '->', u'NP')
('Maine', '->', u'NP')
('Michigan', '->', u'NP')
('Arizona', '->', u'NP')
('Ron', '->', u'NP')
('Paul', '->', u'NP')
('Peter', '->', u'NP')
('Ron', '->', u'NP')
('Paul', '->', u'NP')
('Florida', '->', u'NP')
('Ron', '->', u'NP')
('Paul', '->', u'NP')
('Paul', '->', u'NP')
('Ron', '->', u'NP')
('Paul', '->', u'NP')
('S', '->', u'NP')
('Ron', '->', u'NP')
('Paul', '->', u'NP')
('Ron', '->', u'NP')
('Paul', '->', u'NP')
('Ron', '->', u'NP')
('Paul', '->', u'NP')
('Rosa', '->', u'NP')
('Ron', '->', u'NP')
('Paul', '->', u'NP')
('Fox', '->', u'NP')
('Ron', '->', u'NP')
('Paul', '->', u'NP')
('Ron', '->', u'NP')
('Paul', '->', u'NP')
('Perry', '->', u'NP')
('Ron', '->', u'NP')
('Paul', '->', u'NP')
('Don', '->', u'NP')
('Ron', '->', u'NP')
('Paul', '->', u'NP')
('Jay', '->', u'NP')
('Oklahoma', '->', u'NP')
('Job', '->', u'NP')
('Ron', '->', u'NP')
('Paul', '->', u'NP')
('Iraq', '->', u'NP')
('Bush', '->', u'NP')
('Ron', '->', u'NP')
('Paul', '->', u'NP')
('Ron', '->', u'NP')
('Paul', '->', u'NP')
('Nevada', '->', u'NP')
('Ron', '->', u'NP')
('Paul', '->', u'NP')
('Democrat', '->', u'NP')
('Republican', '->', u'NP')
('Republican', '->', u'NP')
('Alaska', '->', u'NP')
('Ron', '->', u'NP')
('Paul', '->', u'NP')
('Ron', '->', u'NP')
('Paul', '->', u'NP')
('Ron', '->', u'NP')
('Paul', '->', u'NP')
('Iowa', '->', u'NP')
('Perry', '->', u'NP')
('God', '->', u'NP')
('Texas', '->', u'NP')
('Ron', '->', u'NP')
('Paul', '->', u'NP')
('Ron', '->', u'NP')
('Paul', '->', u'NP')
('Ron', '->', u'NP')
('Paul', '->', u'NP')
('Ron', '->', u'NP')
('Paul', '->', u'NP')
('March', '->', u'NP')
('Ron', '->', u'NP')
('Paul', '->', u'NP')
('Ron', '->', u'NP')
('Paul', '->', u'NP')
('Cuba', '->', u'NP')
('Ron', '->', u'NP')
('Paul', '->', u'NP')
('Paul', '->', u'NP')
('Republican', '->', u'NP')
('Ron', '->', u'NP')
('Paul', '->', u'NP')
('America', '->', u'NP')
('Ron', '->', u'NP')
('Paul', '->', u'NP')
('Fox', '->', u'NP')
('Pat', '->', u'NP')
('Buchanan', '->', u'NP')
('America', '->', u'NP')
('AMA', '->', u'NP')
('Andrew', '->', u'NP')
('Ron', '->', u'NP')
('Paul', '->', u'NP')
('Ron', '->', u'NP')
('Paul', '->', u'NP')
('Iowa', '->', u'NP')
('Ron', '->', u'NP')
('Paul', '->', u'NP')
('Dean', '->', u'NP')
('Reynolds', '->', u'NP')
('Ron', '->', u'NP')
('Paul', '->', u'NP')
('Texas', '->', u'NP')
('Ron', '->', u'NP')
('Paul', '->', u'NP')
('Don', '->', u'NP')
('Ron', '->', u'NP')
('Paul', '->', u'NP')
('Gary', '->', u'NP')
('Johnson', '->', u'NP')
('Ron', '->', u'NP')
('Paul', '->', u'NP')
('Ron', '->', u'NP')
('Paul', '->', u'NP')
('Ron', '->', u'NP')
('Paul', '->', u'NP')
('Iowa', '->', u'NP')
('Paul', '->', u'NP')
('Fox', '->', u'NP')
('Perry', '->', u'NP')
('Minnesota', '->', u'NP')
('AMA', '->', u'NP')
('Ron', '->', u'NP')
('Paul', '->', u'NP')
('Ron', '->', u'NP')
('Paul', '->', u'NP')
('Maryland', '->', u'NP')
('Ron', '->', u'NP')
('Paul', '->', u'NP')
('Florida', '->', u'NP')
('Ron', '->', u'NP')
('Paul', '->', u'NP')
('Rand', '->', u'NP')
('Paul', '->', u'NP')
('Ron', '->', u'NP')
('Paul', '->', u'NP')
('Ron', '->', u'NP')
('Paul', '->', u'NP')
('Ron', '->', u'NP')
('Paul', '->', u'NP')
('Ron', '->', u'NP')
('Paul', '->', u'NP')
('Dennis', '->', u'NP')
('Ron', '->', u'NP')
('Paul', '->', u'NP')
('Ron', '->', u'NP')
('Paul', '->', u'NP')
('Las', '->', u'NP')
('Vegas', '->', u'NP')
('Andy', '->', u'NP')
('Griffith', '->', u'NP')
('Ron', '->', u'NP')
('Paul', '->', u'NP')
('Rush', '->', u'NP')
('Sean', '->', u'NP')
('October', '->', u'NP')
('Sean', '->', u'NP')
('Ron', '->', u'NP')
('Paul', '->', u'NP')
('Ron', '->', u'NP')
('Paul', '->', u'NP')
('Bradley', '->', u'NP')
('Manning', '->', u'NP')
('Ron', '->', u'NP')
('Paul', '->', u'NP')
('Rand', '->', u'NP')
('Ron', '->', u'NP')
('Paul', '->', u'NP')
('Faith', '->', u'NP')
('Ron', '->', u'NP')
('Paul', '->', u'NP')
('Nevada', '->', u'NP')
('Michigan', '->', u'NP')
('Arizona', '->', u'NP')
('Paul', '->', u'NP')
('Ron', '->', u'NP')
('Paul', '->', u'NP')
('America', '->', u'NP')
('Ron', '->', u'NP')
('Paul', '->', u'NP')
('Iowa', '->', u'NP')
('Edward', '->', u'NP')
('Ron', '->', u'NP')
('Paul', '->', u'NP')
('Congress', '->', u'NP')
('Ron', '->', u'NP')
('Paul', '->', u'NP')
('Louisiana', '->', u'NP')
('Ron', '->', u'NP')
('Paul', '->', u'NP')
('Ron', '->', u'NP')
('Paul', '->', u'NP')
('Chris', '->', u'NP')
('Ron', '->', u'NP')
('Paul', '->', u'NP')
('Ron', '->', u'NP')
('Paul', '->', u'NP')
('Paul', '->', u'NP')
('Republican', '->', u'NP')
('Ronald', '->', u'NP')
('Paul', '->', u'NP')
('Peter', '->', u'NP')
('Ron', '->', u'NP')
('Paul', '->', u'NP')
('Philadelphia', '->', u'NP')
('Paul', '->', u'NP')
('Ron', '->', u'NP')
('Paul', '->', u'NP')
('Ron', '->', u'NP')
('Paul', '->', u'NP')
('Paul', '->', u'NP')
('Paul', '->', u'NP')
('Ron', '->', u'NP')
('Paul', '->', u'NP')
('Guy', '->', u'NP')
('Adam', '->', u'NP')
('Ben', '->', u'NP')
('AMA', '->', u'NP')
1770 

16305
