carcrash.csv
0
Sentiment(classification='neg', p_pos=0.16462869731018157, p_neg=0.83537130268981807)


1
Sentiment(classification='neg', p_pos=0.34889325544758631, p_neg=0.65110674455241313)




0.433333333333 1.0 0.743239023621 0.256760976379
0
2002 mustang and a pole meet
Sentiment(polarity=0.34999999999999998, subjectivity=0.65000000000000002)
('Van', '->', u'NP')
('Ford', '->', u'NP')
('T', '->', u'NP')
('Bob', '->', u'NP')
('Colorado', '->', u'NP')
('Friend', '->', u'NP')
('Crane', '->', u'NP')
('Friend', '->', u'NP')
('Bentley', '->', u'NP')
('Egypt', '->', u'NP')
('Cincinnati', '->', u'NP')
('Germany', '->', u'NP')
('Connecticut', '->', u'NP')
('Clifton', '->', u'NP')
('Gore', '->', u'NP')
('Pick', '->', u'NP')
('Australian', '->', u'NP')
('Russia', '->', u'NP')
('Russia', '->', u'NP')
('Don', '->', u'NP')
('Massachusetts', '->', u'NP')
('Indianapolis', '->', u'NP')
('Norway', '->', u'NP')
('April', '->', u'NP')
('Chevrolet', '->', u'NP')
('L', '->', u'NP')
('Saudi', '->', u'NP')
('Mercedes', '->', u'NP')
('Toronto', '->', u'NP')
('Enzo', '->', u'NP')
('Delta', '->', u'NP')
('Le', '->', u'NP')
('Le', '->', u'NP')
('Bermuda', '->', u'NP')
('Vegas', '->', u'NP')
('China', '->', u'NP')
('Winter', '->', u'NP')
('Russia', '->', u'NP')
('T', '->', u'NP')
('Pick', '->', u'NP')
('Cleveland', '->', u'NP')
('Andrea', '->', u'NP')
('Holden', '->', u'NP')
('Le', '->', u'NP')
('Pittsburgh', '->', u'NP')
('June', '->', u'NP')
('Friend', '->', u'NP')
('Russia', '->', u'NP')
('Mercedes', '->', u'NP')
('China', '->', u'NP')
('Russia', '->', u'NP')
('Martin', '->', u'NP')
('Russia', '->', u'NP')
('March', '->', u'NP')
('Russia', '->', u'NP')
('Russia', '->', u'NP')
('March', '->', u'NP')
('Friend', '->', u'NP')
('Van', '->', u'NP')
('Si', '->', u'NP')
('Russia', '->', u'NP')
('Korea', '->', u'NP')
('Moscow', '->', u'NP')
('January', '->', u'NP')
('July', '->', u'NP')
('Rio', '->', u'NP')
('November', '->', u'NP')
('Rio', '->', u'NP')
('Rio', '->', u'NP')
('Las', '->', u'NP')
('Vegas', '->', u'NP')
('Russia', '->', u'NP')
('Russia', '->', u'NP')
('Chevrolet', '->', u'NP')
('Robert', '->', u'NP')
('Finland', '->', u'NP')
('Moscow', '->', u'NP')
('April', '->', u'NP')
('Russia', '->', u'NP')
('Winter', '->', u'NP')
('Ford', '->', u'NP')
('Georgia', '->', u'NP')
('Van', '->', u'NP')
('Moscow', '->', u'NP')
('February', '->', u'NP')
('Winter', '->', u'NP')
('Russia', '->', u'NP')
('March', '->', u'NP')
('February', '->', u'NP')
('Pick', '->', u'NP')
('Snow', '->', u'NP')
('Charleston', '->', u'NP')
('Pretty', '->', u'NP')
('Guy', '->', u'NP')
('Russia', '->', u'NP')
('Russia', '->', u'NP')
('Cam', '->', u'NP')
('Pole', '->', u'NP')
('Hard', '->', u'NP')
('Chase', '->', u'NP')
('Tanker', '->', u'NP')
('T', '->', u'NP')
('March', '->', u'NP')
('Mercedes', '->', u'NP')
('Russia', '->', u'NP')
('Charleston', '->', u'NP')
('Foley', '->', u'NP')
('Wheeler', '->', u'NP')
('U', '->', u'NP')
('U', '->', u'NP')
('S', '->', u'NP')
('Odessa', '->', u'NP')
('B', '->', u'NP')
('Mercedes', '->', u'NP')
('G', '->', u'NP')
('Cam', '->', u'NP')
('Pretty', '->', u'NP')
('Russia', '->', u'NP')
('Russia', '->', u'NP')
('February', '->', u'NP')
('Chevrolet', '->', u'NP')
('Bel', '->', u'NP')
('Chevrolet', '->', u'NP')
('Turkey', '->', u'NP')
('May', '->', u'NP')
('Skip', '->', u'NP')
('Canada', '->', u'NP')
('Russia', '->', u'NP')
('Russia', '->', u'NP')
('Metro', '->', u'NP')
('Houston', '->', u'NP')
('Speed', '->', u'NP')
('Linden', '->', u'NP')
('Germany', '->', u'NP')
('Russia', '->', u'NP')
('Hollywood', '->', u'NP')
('Cam', '->', u'NP')
('February', '->', u'NP')
('November', '->', u'NP')
('Gore', '->', u'NP')
('Russia', '->', u'NP')
('Ford', '->', u'NP')
('Jamaica', '->', u'NP')
('Mercedes', '->', u'NP')
('Taiwan', '->', u'NP')
('Fox', '->', u'NP')
('T', '->', u'NP')
('Hazard', '->', u'NP')
('Green', '->', u'NP')
('Black', '->', u'NP')
('Spain', '->', u'NP')
('Black', '->', u'NP')
('Russia', '->', u'NP')
('Cam', '->', u'NP')
('February', '->', u'NP')
('Lipton', '->', u'NP')
('May', '->', u'NP')
('Russia', '->', u'NP')
('Russia', '->', u'NP')
('T', '->', u'NP')
('Poland', '->', u'NP')
('Mercedes', '->', u'NP')
('February', '->', u'NP')
('Hard', '->', u'NP')
('Jaguar', '->', u'NP')
('Spain', '->', u'NP')
('Brazil', '->', u'NP')
('Peugeot', '->', u'NP')
('Rolls', '->', u'NP')
('Russia', '->', u'NP')
('Russia', '->', u'NP')
('T', '->', u'NP')
('Madison', '->', u'NP')
('Russia', '->', u'NP')
('Hard', '->', u'NP')
('Russia', '->', u'NP')
('February', '->', u'NP')
('Poland', '->', u'NP')
('T', '->', u'NP')
('Saudi', '->', u'NP')
('Guy', '->', u'NP')
('Cam', '->', u'NP')
('Africa', '->', u'NP')
('Crane', '->', u'NP')
('T', '->', u'NP')
('Saudi', '->', u'NP')
('Dallas', '->', u'NP')
('June', '->', u'NP')
('Iowa', '->', u'NP')
('Robin', '->', u'NP')
('Texas', '->', u'NP')
('Russia', '->', u'NP')
('T', '->', u'NP')
('Dies', '->', u'NP')
('Florida', '->', u'NP')
('Speed', '->', u'NP')
('March', '->', u'NP')
('Austin', '->', u'NP')
('Vic', '->', u'NP')
('Wellington', '->', u'NP')
('Detroit', '->', u'NP')
('Russia', '->', u'NP')
('Anne', '->', u'NP')
('Seattle', '->', u'NP')
('Bond', '->', u'NP')
('Mustang', '->', u'NP')
('Speed', '->', u'NP')
('Cam', '->', u'NP')
('Dallas', '->', u'NP')
('June', '->', u'NP')
('T', '->', u'NP')
('Russia', '->', u'NP')
('Russia', '->', u'NP')
('Speed', '->', u'NP')
('China', '->', u'NP')
('Russia', '->', u'NP')
('Saturn', '->', u'NP')
('Cam', '->', u'NP')
('Russia', '->', u'NP')
('June', '->', u'NP')
('Ford', '->', u'NP')
('January', '->', u'NP')
('Russia', '->', u'NP')
('Don', '->', u'NP')
('Bernardo', '->', u'NP')
('Brazil', '->', u'NP')
('Guy', '->', u'NP')
('Chase', '->', u'NP')
('Hard', '->', u'NP')
('Novosibirsk', '->', u'NP')
('Russia', '->', u'NP')
231 

9452
