origami.csv
0
Sentiment(classification='pos', p_pos=0.86033803351104676, p_neg=0.13966196648895191)


1
Sentiment(classification='neg', p_pos=0.068009478672985776, p_neg=0.93199052132701354)




0.5 0.5 0.535826243908 0.464173756092
0
owls Designed and folded by Dimitris Dalas
Sentiment(polarity=0.34999999999999998, subjectivity=0.65000000000000002)
('Japan', '->', u'NP')
('Crane', '->', u'NP')
('Eric', '->', u'NP')
('June', '->', u'NP')
('Robert', '->', u'NP')
('Lang', '->', u'NP')
('Versailles', '->', u'NP')
('Rose', '->', u'NP')
('Valentine', '->', u'NP')
('March', '->', u'NP')
('Japan', '->', u'NP')
('Phoenix', '->', u'NP')
('Friend', '->', u'NP')
('Eric', '->', u'NP')
('Blossom', '->', u'NP')
('Eric', '->', u'NP')
('Bill', '->', u'NP')
('Rose', '->', u'NP')
('Christmas', '->', u'NP')
('Michael', '->', u'NP')
('G', '->', u'NP')
('Da', '->', u'NP')
('Nicolas', '->', u'NP')
('Bill', '->', u'NP')
('Rorschach', '->', u'NP')
('Guy', '->', u'NP')
('Alan', '->', u'NP')
('Moore', '->', u'NP')
('Stephen', '->', u'NP')
('Weber', '->', u'NP')
('Tom', '->', u'NP')
('Hull', '->', u'NP')
('Brian', '->', u'NP')
('Yuri', '->', u'NP')
('Christmas', '->', u'NP')
('Lang', '->', u'NP')
('Mark', '->', u'NP')
('Leonard', '->', u'NP')
('Canada', '->', u'NP')
('Joseph', '->', u'NP')
('Wu', '->', u'NP')
('Lydia', '->', u'NP')
('Eric', '->', u'NP')
('Shafer', '->', u'NP')
('Christmas', '->', u'NP')
('Eric', '->', u'NP')
('Fish', '->', u'NP')
('Christmas', '->', u'NP')
('Christmas', '->', u'NP')
('Brown', '->', u'NP')
('Robert', '->', u'NP')
('Lang', '->', u'NP')
('Fish', '->', u'NP')
('Fish', '->', u'NP')
('Nick', '->', u'NP')
('Robinson', '->', u'NP')
('Green', '->', u'NP')
('Robert', '->', u'NP')
('Lang', '->', u'NP')
('Jason', '->', u'NP')
('Ku', '->', u'NP')
('Eric', '->', u'NP')
('Fox', '->', u'NP')
('Robert', '->', u'NP')
('Lang', '->', u'NP')
('Christmas', '->', u'NP')
('Bill', '->', u'NP')
('Chris', '->', u'NP')
('Palmer', '->', u'NP')
('Tower', '->', u'NP')
('Ray', '->', u'NP')
('Friend', '->', u'NP')
('Rose', '->', u'NP')
('Eric', '->', u'NP')
('Shafer', '->', u'NP')
('Beth', '->', u'NP')
('Johnson', '->', u'NP')
('Stephen', '->', u'NP')
('Weiss', '->', u'NP')
('Monk', '->', u'NP')
('Nicolas', '->', u'NP')
('Terry', '->', u'NP')
('Rose', '->', u'NP')
('Kong', '->', u'NP')
('T', '->', u'NP')
('Rex', '->', u'NP')
('Fujimoto', '->', u'NP')
('Penny', '->', u'NP')
('Crane', '->', u'NP')
('Crane', '->', u'NP')
('Lydia', '->', u'NP')
('Fox', '->', u'NP')
('David', '->', u'NP')
('Robert', '->', u'NP')
('Lang', '->', u'NP')
('Green', '->', u'NP')
('Philip', '->', u'NP')
('Phoenix', '->', u'NP')
('Robert', '->', u'NP')
('Lang', '->', u'NP')
('Paul', '->', u'NP')
('Jackson', '->', u'NP')
('Nautilus', '->', u'NP')
('Manuel', '->', u'NP')
('Eric', '->', u'NP')
('Raccoon', '->', u'NP')
('John', '->', u'NP')
('Lydia', '->', u'NP')
('John', '->', u'NP')
('Tom', '->', u'NP')
('T', '->', u'NP')
('Rex', '->', u'NP')
('George', '->', u'NP')
('Daniel', '->', u'NP')
('Jack', '->', u'NP')
('Hercules', '->', u'NP')
('Eric', '->', u'NP')
('Mario', '->', u'NP')
('David', '->', u'NP')
('Crane', '->', u'NP')
('Eric', '->', u'NP')
('Jason', '->', u'NP')
('Ku', '->', u'NP')
('Fujimoto', '->', u'NP')
('Eric', '->', u'NP')
('Alpha', '->', u'NP')
('Christmas', '->', u'NP')
('Neal', '->', u'NP')
('Crane', '->', u'NP')
('Chris', '->', u'NP')
('Abe', '->', u'NP')
('Lincoln', '->', u'NP')
('Cap', '->', u'NP')
('Lincoln', '->', u'NP')
('Rose', '->', u'NP')
('London', '->', u'NP')
('Robert', '->', u'NP')
('Lang', '->', u'NP')
('Rose', '->', u'NP')
('Weber', '->', u'NP')
('Valentine', '->', u'NP')
('Christmas', '->', u'NP')
('Fox', '->', u'NP')
('Eric', '->', u'NP')
('John', '->', u'NP')
('Crane', '->', u'NP')
('Christmas', '->', u'NP')
('John', '->', u'NP')
('Tien', '->', u'NP')
('Jake', '->', u'NP')
('Robert', '->', u'NP')
('Lang', '->', u'NP')
('Japan', '->', u'NP')
('John', '->', u'NP')
('Eric', '->', u'NP')
('Robert', '->', u'NP')
('Lang', '->', u'NP')
('Halloween', '->', u'NP')
('Shafer', '->', u'NP')
('Eric', '->', u'NP')
('Michael', '->', u'NP')
('Christmas', '->', u'NP')
('Jesse', '->', u'NP')
('Barr', '->', u'NP')
('T', '->', u'NP')
('Rex', '->', u'NP')
('Shafer', '->', u'NP')
('Nolan', '->', u'NP')
('Eric', '->', u'NP')
('Crane', '->', u'NP')
('Self', '->', u'NP')
('Eric', '->', u'NP')
('Crane', '->', u'NP')
('Rainy', '->', u'NP')
('John', '->', u'NP')
('Neal', '->', u'NP')
('Winter', '->', u'NP')
('Robert', '->', u'NP')
('Lang', '->', u'NP')
('Hard', '->', u'NP')
('Rose', '->', u'NP')
('Perry', '->', u'NP')
('Robert', '->', u'NP')
('Lang', '->', u'NP')
('Stephen', '->', u'NP')
('Weber', '->', u'NP')
('Eric', '->', u'NP')
('John', '->', u'NP')
('Wolfgang', '->', u'NP')
('Nolan', '->', u'NP')
('Andrea', '->', u'NP')
('Rose', '->', u'NP')
('Tower', '->', u'NP')
('Robert', '->', u'NP')
('Lang', '->', u'NP')
('Bill', '->', u'NP')
('Christmas', '->', u'NP')
('Steve', '->', u'NP')
('Biddle', '->', u'NP')
('Eric', '->', u'NP')
('Robert', '->', u'NP')
('Lang', '->', u'NP')
('Brian', '->', u'NP')
('Lang', '->', u'NP')
('Jo', '->', u'NP')
('T', '->', u'NP')
('Rex', '->', u'NP')
('John', '->', u'NP')
('Self', '->', u'NP')
('Robert', '->', u'NP')
('Lang', '->', u'NP')
('Lily', '->', u'NP')
('Valentine', '->', u'NP')
('Valentine', '->', u'NP')
('Valentine', '->', u'NP')
('Robert', '->', u'NP')
('Lang', '->', u'NP')
('Valentine', '->', u'NP')
('Pinkie', '->', u'NP')
('Lydia', '->', u'NP')
('Jason', '->', u'NP')
('Ku', '->', u'NP')
('Rose', '->', u'NP')
('Valentine', '->', u'NP')
('Jim', '->', u'NP')
('Crane', '->', u'NP')
('Rose', '->', u'NP')
('Lydia', '->', u'NP')
('Eric', '->', u'NP')
('Masu', '->', u'NP')
('Rose', '->', u'NP')
('Lydia', '->', u'NP')
('Cool', '->', u'NP')
('Eric', '->', u'NP')
('Easter', '->', u'NP')
('Christmas', '->', u'NP')
('Eric', '->', u'NP')
('Nolan', '->', u'NP')
('Self', '->', u'NP')
('Santa', '->', u'NP')
('Cruz', '->', u'NP')
('Omega', '->', u'NP')
('Eric', '->', u'NP')
('Hercules', '->', u'NP')
('Black', '->', u'NP')
('Rose', '->', u'NP')
('Eric', '->', u'NP')
('T', '->', u'NP')
('Andrea', '->', u'NP')
('Thomas', '->', u'NP')
('Hull', '->', u'NP')
('Ball', '->', u'NP')
('Robert', '->', u'NP')
('Lang', '->', u'NP')
('Eric', '->', u'NP')
('Ball', '->', u'NP')
('Joel', '->', u'NP')
('Cooper', '->', u'NP')
('John', '->', u'NP')
('Nolan', '->', u'NP')
('Easter', '->', u'NP')
('Craft', '->', u'NP')
('Fish', '->', u'NP')
('Learned', '->', u'NP')
('Brian', '->', u'NP')
('Santa', '->', u'NP')
('Monica', '->', u'NP')
('Rose', '->', u'NP')
('Christmas', '->', u'NP')
('Mario', '->', u'NP')
('Mephistopheles', '->', u'NP')
('John', '->', u'NP')
('Chris', '->', u'NP')
('Palmer', '->', u'NP')
('Robert', '->', u'NP')
('Lang', '->', u'NP')
('Mead', '->', u'NP')
('T', '->', u'NP')
('Black', '->', u'NP')
279 

10579
