TrueTrueReddit.csv
0
Sentiment(classification='pos', p_pos=0.96715336140426, p_neg=0.032846638595743584)


1
Sentiment(classification='neg', p_pos=0.07098943341051113, p_neg=0.92901056658948966)




0.45 0.4 0.480928602593 0.519071397407
0
What does "No true Scotsman" mean?
Sentiment(polarity=0.34999999999999998, subjectivity=0.65000000000000002)
('Theodore', '->', u'NP')
('Korea', '->', u'NP')
('America', '->', u'NP')
('Harvard', '->', u'NP')
('B', '->', u'NP')
('Yale', '->', u'NP')
('Teller', '->', u'NP')
('Peter', '->', u'NP')
('Jennie', '->', u'NP')
('George', '->', u'NP')
('Wright', '->', u'NP')
('F', '->', u'NP')
('B', '->', u'NP')
('Harvard', '->', u'NP')
('Dies', '->', u'NP')
('Don', '->', u'NP')
('July', '->', u'NP')
('Frederick', '->', u'NP')
('Douglass', '->', u'NP')
('Harper', '->', u'NP')
('Lee', '->', u'NP')
('August', '->', u'NP')
('Michael', '->', u'NP')
('Morton', '->', u'NP')
('Ray', '->', u'NP')
('Nigeria', '->', u'NP')
('Self', '->', u'NP')
('Darling', '->', u'NP')
('Congress', '->', u'NP')
('Louisiana', '->', u'NP')
('Cole', '->', u'NP')
('Africa', '->', u'NP')
('Ohio', '->', u'NP')
('Stalin', '->', u'NP')
('Robert', '->', u'NP')
('Bush', '->', u'NP')
('Mandarin', '->', u'NP')
('Mormon', '->', u'NP')
('Joe', '->', u'NP')
('Washington', '->', u'NP')
('Alan', '->', u'NP')
('Moore', '->', u'NP')
('Korea', '->', u'NP')
('Ike', '->', u'NP')
('Washington', '->', u'NP')
('Albert', '->', u'NP')
('Congress', '->', u'NP')
('S', '->', u'NP')
('Lewis', '->', u'NP')
('Afghan', '->', u'NP')
('Daniel', '->', u'NP')
('Davis', '->', u'NP')
('U', '->', u'NP')
('S', '->', u'NP')
('G', '->', u'NP')
('Detroit', '->', u'NP')
('Black', '->', u'NP')
('Robert', '->', u'NP')
('Bertrand', '->', u'NP')
('Russell', '->', u'NP')
('Albert', '->', u'NP')
('Einstein', '->', u'NP')
('Tech', '->', u'NP')
('David', '->', u'NP')
('Foster', '->', u'NP')
('Wallace', '->', u'NP')
('Republican', '->', u'NP')
('Heard', '->', u'NP')
('Jordan', '->', u'NP')
('Peterson', '->', u'NP')
('Lisa', '->', u'NP')
('Machiavelli', '->', u'NP')
('Gene', '->', u'NP')
('Sharp', '->', u'NP')
('Colombia', '->', u'NP')
('Hunt', '->', u'NP')
('Breeding', '->', u'NP')
('U', '->', u'NP')
('S', '->', u'NP')
('Django', '->', u'NP')
('Egypt', '->', u'NP')
('Egypt', '->', u'NP')
('Louis', '->', u'NP')
('Nate', '->', u'NP')
('Bolivia', '->', u'NP')
('Adam', '->', u'NP')
('Curtis', '->', u'NP')
('Richard', '->', u'NP')
('Grenier', '->', u'NP')
('March', '->', u'NP')
('Case', '->', u'NP')
('Todd', '->', u'NP')
('Stanley', '->', u'NP')
('James', '->', u'NP')
('Michael', '->', u'NP')
('Jordan', '->', u'NP')
('Flip', '->', u'NP')
('David', '->', u'NP')
('Foster', '->', u'NP')
('Wallace', '->', u'NP')
('S', '->', u'NP')
('India', '->', u'NP')
('Pakistan', '->', u'NP')
('Hans', '->', u'NP')
('Francis', '->', u'NP')
('Christmas', '->', u'NP')
('China', '->', u'NP')
('Daniel', '->', u'NP')
('Donald', '->', u'NP')
('Brown', '->', u'NP')
('Julian', '->', u'NP')
('David', '->', u'NP')
('Hume', '->', u'NP')
('Clay', '->', u'NP')
('Brian', '->', u'NP')
('Simmons', '->', u'NP')
('Scott', '->', u'NP')
('Marcos', '->', u'NP')
('Winter', '->', u'NP')
('Adam', '->', u'NP')
('Curtis', '->', u'NP')
('Holden', '->', u'NP')
('Salinger', '->', u'NP')
('Hemingway', '->', u'NP')
('Paris', '->', u'NP')
('Rye', '->', u'NP')
('Turkey', '->', u'NP')
('Gay', '->', u'NP')
('Clayton', '->', u'NP')
('Syria', '->', u'NP')
('Albert', '->', u'NP')
('Stanley', '->', u'NP')
('Wendell', '->', u'NP')
('E', '->', u'NP')
('Berry', '->', u'NP')
('Edward', '->', u'NP')
('Don', '->', u'NP')
('Darwinism', '->', u'NP')
('Georges', '->', u'NP')
('Black', '->', u'NP')
('Hawk', '->', u'NP')
('Lot', '->', u'NP')
('Francis', '->', u'NP')
('Peter', '->', u'NP')
('Arab', '->', u'NP')
('Steve', '->', u'NP')
('Iran', '->', u'NP')
('Pakistan', '->', u'NP')
('Enrique', '->', u'NP')
('Harper', '->', u'NP')
('Picasso', '->', u'NP')
('Detroit', '->', u'NP')
('Joan', '->', u'NP')
('Ted', '->', u'NP')
('Bill', '->', u'NP')
('Dean', '->', u'NP')
('Stephen', '->', u'NP')
('Carter', '->', u'NP')
('California', '->', u'NP')
('Texas', '->', u'NP')
('Faith', '->', u'NP')
('Gun', '->', u'NP')
('Egypt', '->', u'NP')
('El', '->', u'NP')
('Earl', '->', u'NP')
('Ralph', '->', u'NP')
('Waldo', '->', u'NP')
('Emerson', '->', u'NP')
('Louis', '->', u'NP')
('Louis', '->', u'NP')
('Egypt', '->', u'NP')
('Anthony', '->', u'NP')
('Detroit', '->', u'NP')
('Black', '->', u'NP')
('Roger', '->', u'NP')
('Louis', '->', u'NP')
('Persia', '->', u'NP')
('Muhammad', '->', u'NP')
('Harper', '->', u'NP')
('Adam', '->', u'NP')
('Curtis', '->', u'NP')
('Spain', '->', u'NP')
('Bond', '->', u'NP')
('James', '->', u'NP')
('Bond', '->', u'NP')
('Bond', '->', u'NP')
('Fleming', '->', u'NP')
('Iraq', '->', u'NP')
('Jenny', '->', u'NP')
('Cheat', '->', u'NP')
('Cheat', '->', u'NP')
('Ken', '->', u'NP')
('America', '->', u'NP')
('Queens', '->', u'NP')
('Nazi', '->', u'NP')
('Nazi', '->', u'NP')
('Belle', '->', u'NP')
('America', '->', u'NP')
('Martin', '->', u'NP')
('Luther', '->', u'NP')
('Terry', '->', u'NP')
('Bright', '->', u'NP')
('Jose', '->', u'NP')
('Antonio', '->', u'NP')
('Mark', '->', u'NP')
('Aaron', '->', u'NP')
('Errol', '->', u'NP')
('Morris', '->', u'NP')
('Montana', '->', u'NP')
('Jane', '->', u'NP')
('Jacobs', '->', u'NP')
('Sierra', '->', u'NP')
('Nevada', '->', u'NP')
('Daniel', '->', u'NP')
('Greg', '->', u'NP')
('E', '->', u'NP')
('Bruce', '->', u'NP')
('Ritz', '->', u'NP')
('China', '->', u'NP')
('Bugs', '->', u'NP')
('Syria', '->', u'NP')
('John', '->', u'NP')
('John', '->', u'NP')
('L', '->', u'NP')
('Simon', '->', u'NP')
('Picasso', '->', u'NP')
('Marie', '->', u'NP')
('Walter', '->', u'NP')
('Rockefeller', '->', u'NP')
('Texas', '->', u'NP')
('Black', '->', u'NP')
('Tony', '->', u'NP')
('Black', '->', u'NP')
('Detroit', '->', u'NP')
('Cuba', '->', u'NP')
('Ross', '->', u'NP')
('Gay', '->', u'NP')
('Black', '->', u'NP')
('Bentham', '->', u'NP')
('Darwinism', '->', u'NP')
('Moscow', '->', u'NP')
('Russia', '->', u'NP')
('Erik', '->', u'NP')
('Martin', '->', u'NP')
('George', '->', u'NP')
('Case', '->', u'NP')
('Gay', '->', u'NP')
('Saudi', '->', u'NP')
('Arabia', '->', u'NP')
('John', '->', u'NP')
('Baptist', '->', u'NP')
251 

7018
