adultswim.csv
0
Sentiment(classification='pos', p_pos=0.86698960477344145, p_neg=0.13301039522655747)


1
Sentiment(classification='pos', p_pos=0.55358066908490278, p_neg=0.4464193309150975)




0.1 0.3 0.289714863071 0.710285136929
0
Saw this internet ad and it reminded me of Tim Heidecker
Sentiment(polarity=0.34999999999999998, subjectivity=0.65000000000000002)
('Swim', '->', u'NP')
('Dexter', '->', u'NP')
('Boston', '->', u'NP')
('Strickland', '->', u'NP')
('S', '->', u'NP')
('Dexter', '->', u'NP')
('Bob', '->', u'NP')
('Swim', '->', u'NP')
('Swim', '->', u'NP')
('AMA', '->', u'NP')
('Swim', '->', u'NP')
('Black', '->', u'NP')
('Chicago', '->', u'NP')
('Swim', '->', u'NP')
('Emma', '->', u'NP')
('Watson', '->', u'NP')
('Swim', '->', u'NP')
('Swim', '->', u'NP')
('Swim', '->', u'NP')
('Frank', '->', u'NP')
('China', '->', u'NP')
('Tim', '->', u'NP')
('Eric', '->', u'NP')
('Swim', '->', u'NP')
('Black', '->', u'NP')
('China', '->', u'NP')
('Swim', '->', u'NP')
('Tim', '->', u'NP')
('Eric', '->', u'NP')
('AMA', '->', u'NP')
('August', '->', u'NP')
('AMA', '->', u'NP')
('Tim', '->', u'NP')
('Eric', '->', u'NP')
('Harvey', '->', u'NP')
('Swim', '->', u'NP')
('Guy', '->', u'NP')
('AMA', '->', u'NP')
('Tim', '->', u'NP')
('Eric', '->', u'NP')
('Swim', '->', u'NP')
('Harold', '->', u'NP')
('AMA', '->', u'NP')
('Mike', '->', u'NP')
('Swim', '->', u'NP')
('Chicago', '->', u'NP')
('Swim', '->', u'NP')
('Murphy', '->', u'NP')
('Doc', '->', u'NP')
('Hammer', '->', u'NP')
('Jackson', '->', u'NP')
('Turner', '->', u'NP')
('Warner', '->', u'NP')
('Grace', '->', u'NP')
('Jon', '->', u'NP')
('Malcolm', '->', u'NP')
('Swim', '->', u'NP')
('May', '->', u'NP')
('Japan', '->', u'NP')
('Cleveland', '->', u'NP')
('September', '->', u'NP')
('Mary', '->', u'NP')
('Shelley', '->', u'NP')
('AMA', '->', u'NP')
('Black', '->', u'NP')
('Swim', '->', u'NP')
('E', '->', u'NP')
('L', '->', u'NP')
('Tim', '->', u'NP')
('AMA', '->', u'NP')
('Steve', '->', u'NP')
('Jesus', '->', u'NP')
('AMA', '->', u'NP')
('Harvey', '->', u'NP')
('April', '->', u'NP')
('Xavier', '->', u'NP')
('Swim', '->', u'NP')
('AMA', '->', u'NP')
('October', '->', u'NP')
('Swim', '->', u'NP')
('China', '->', u'NP')
('Fox', '->', u'NP')
('Jon', '->', u'NP')
('Crow', '->', u'NP')
('Swim', '->', u'NP')
('Eric', '->', u'NP')
('Andre', '->', u'NP')
('Conan', '->', u'NP')
('Eric', '->', u'NP')
('Andre', '->', u'NP')
('Swim', '->', u'NP')
('Swim', '->', u'NP')
('AMA', '->', u'NP')
('Swim', '->', u'NP')
('Dexter', '->', u'NP')
('David', '->', u'NP')
('Hart', '->', u'NP')
('Eric', '->', u'NP')
('Andre', '->', u'NP')
('T', '->', u'NP')
('E', '->', u'NP')
('James', '->', u'NP')
('Swim', '->', u'NP')
('Robert', '->', u'NP')
('Freeman', '->', u'NP')
('Swim', '->', u'NP')
('Atlanta', '->', u'NP')
('James', '->', u'NP')
('Pretty', '->', u'NP')
('Swim', '->', u'NP')
('Swim', '->', u'NP')
('Harvey', '->', u'NP')
('Dean', '->', u'NP')
('Turner', '->', u'NP')
('Phil', '->', u'NP')
('Ken', '->', u'NP')
('Swim', '->', u'NP')
('Pretty', '->', u'NP')
('AMA', '->', u'NP')
('Black', '->', u'NP')
('Fox', '->', u'NP')
('S', '->', u'NP')
('Morel', '->', u'NP')
('Amazon', '->', u'NP')
('Steve', '->', u'NP')
('Blum', '->', u'NP')
('Atlanta', '->', u'NP')
('Mar', '->', u'NP')
('Eric', '->', u'NP')
('Andre', '->', u'NP')
('Eve', '->', u'NP')
('Dexter', '->', u'NP')
('Frank', '->', u'NP')
('China', '->', u'NP')
('November', '->', u'NP')
('John', '->', u'NP')
('May', '->', u'NP')
('Adam', '->', u'NP')
('Scott', '->', u'NP')
('Gerry', '->', u'NP')
('August', '->', u'NP')
('April', '->', u'NP')
('Tim', '->', u'NP')
('Eric', '->', u'NP')
('Swim', '->', u'NP')
('Jack', '->', u'NP')
('Hunter', '->', u'NP')
('Swim', '->', u'NP')
('AMA', '->', u'NP')
('Swim', '->', u'NP')
('Swim', '->', u'NP')
('Black', '->', u'NP')
('Maynard', '->', u'NP')
('James', '->', u'NP')
('AMA', '->', u'NP')
('Matt', '->', u'NP')
('Swim', '->', u'NP')
('Paul', '->', u'NP')
('James', '->', u'NP')
('Swim', '->', u'NP')
('Dan', '->', u'NP')
('Harmon', '->', u'NP')
('Eric', '->', u'NP')
('Andre', '->', u'NP')
('Swim', '->', u'NP')
('Morel', '->', u'NP')
('Swim', '->', u'NP')
('Swim', '->', u'NP')
('S', '->', u'NP')
('Pretty', '->', u'NP')
('April', '->', u'NP')
('Green', '->', u'NP')
('Django', '->', u'NP')
('AMA', '->', u'NP')
('Jon', '->', u'NP')
('Carl', '->', u'NP')
('China', '->', u'NP')
('Swim', '->', u'NP')
('Swim', '->', u'NP')
('Guy', '->', u'NP')
('Fox', '->', u'NP')
('Judaism', '->', u'NP')
('Chris', '->', u'NP')
('Stephen', '->', u'NP')
('S', '->', u'NP')
('N', '->', u'NP')
('Austin', '->', u'NP')
('Eric', '->', u'NP')
('Andre', '->', u'NP')
('Eric', '->', u'NP')
('Andre', '->', u'NP')
('Swim', '->', u'NP')
('Morel', '->', u'NP')
('Swim', '->', u'NP')
('Tim', '->', u'NP')
('Eric', '->', u'NP')
('Swim', '->', u'NP')
('Jon', '->', u'NP')
('AMA', '->', u'NP')
('Green', '->', u'NP')
('F', '->', u'NP')
('Brendan', '->', u'NP')
('AMA', '->', u'NP')
('Black', '->', u'NP')
('Swim', '->', u'NP')
('Canada', '->', u'NP')
('Tim', '->', u'NP')
('Eric', '->', u'NP')
('Momma', '->', u'NP')
('Swim', '->', u'NP')
('Dave', '->', u'NP')
('Hughes', '->', u'NP')
('Harvey', '->', u'NP')
('Murphy', '->', u'NP')
('AMA', '->', u'NP')
('Swim', '->', u'NP')
('AMA', '->', u'NP')
('AMA', '->', u'NP')
('Mike', '->', u'NP')
('Keith', '->', u'NP')
('Carl', '->', u'NP')
('Coffin', '->', u'NP')
('Swim', '->', u'NP')
('Guy', '->', u'NP')
('Green', '->', u'NP')
('Guy', '->', u'NP')
('Doc', '->', u'NP')
('Hammer', '->', u'NP')
('Swim', '->', u'NP')
('Eric', '->', u'NP')
('Andre', '->', u'NP')
('Atlanta', '->', u'NP')
('Madonna', '->', u'NP')
('Rob', '->', u'NP')
('Swim', '->', u'NP')
('Swim', '->', u'NP')
('AMA', '->', u'NP')
('George', '->', u'NP')
('Low', '->', u'NP')
('Swim', '->', u'NP')
('Swim', '->', u'NP')
('AMA', '->', u'NP')
('Eric', '->', u'NP')
('Andre', '->', u'NP')
('Tom', '->', u'NP')
('April', '->', u'NP')
('Tim', '->', u'NP')
('Eric', '->', u'NP')
('Swim', '->', u'NP')
('B', '->', u'NP')
('W', '->', u'NP')
('Dexter', '->', u'NP')
('Gary', '->', u'NP')
('Guy', '->', u'NP')
('Andy', '->', u'NP')
('Merrill', '->', u'NP')
('Martin', '->', u'NP')
('Swim', '->', u'NP')
('Tim', '->', u'NP')
('Eric', '->', u'NP')
('Miss', '->', u'NP')
('AMA', '->', u'NP')
('Bradley', '->', u'NP')
('Mobile', '->', u'NP')
('AMA', '->', u'NP')
('Black', '->', u'NP')
('Steve', '->', u'NP')
('Swim', '->', u'NP')
('Swim', '->', u'NP')
('Swim', '->', u'NP')
('Swim', '->', u'NP')
('Swim', '->', u'NP')
('Guy', '->', u'NP')
('Stan', '->', u'NP')
('Lee', '->', u'NP')
('Swim', '->', u'NP')
('Swim', '->', u'NP')
('Swim', '->', u'NP')
('China', '->', u'NP')
('Black', '->', u'NP')
('Xavier', '->', u'NP')
('Swim', '->', u'NP')
('Richard', '->', u'NP')
('Christy', '->', u'NP')
('Swim', '->', u'NP')
('Pretty', '->', u'NP')
('Swim', '->', u'NP')
('Stormy', '->', u'NP')
('Black', '->', u'NP')
('Swim', '->', u'NP')
('Swim', '->', u'NP')
('Christy', '->', u'NP')
('Swim', '->', u'NP')
('T', '->', u'NP')
('George', '->', u'NP')
('Lowe', '->', u'NP')
('Carl', '->', u'NP')
('Cleveland', '->', u'NP')
('Mike', '->', u'NP')
('Tyson', '->', u'NP')
('Swim', '->', u'NP')
('Swim', '->', u'NP')
('Kirby', '->', u'NP')
('Weinstein', '->', u'NP')
('Brett', '->', u'NP')
('Butler', '->', u'NP')
('Xavier', '->', u'NP')
('Swim', '->', u'NP')
('Dexter', '->', u'NP')
('Xavier', '->', u'NP')
('Swim', '->', u'NP')
('Tim', '->', u'NP')
('Eric', '->', u'NP')
('Tim', '->', u'NP')
('Eric', '->', u'NP')
('Swim', '->', u'NP')
('F', '->', u'NP')
('Swim', '->', u'NP')
('Guy', '->', u'NP')
('Matt', '->', u'NP')
('Matt', '->', u'NP')
('AMA', '->', u'NP')
('Brandon', '->', u'NP')
('Tommy', '->', u'NP')
('Guy', '->', u'NP')
('AMA', '->', u'NP')
('Aaron', '->', u'NP')
('McGruder', '->', u'NP')
('AMA', '->', u'NP')
('Eric', '->', u'NP')
('Andre', '->', u'NP')
('Hannibal', '->', u'NP')
('Eric', '->', u'NP')
('Andre', '->', u'NP')
('Dana', '->', u'NP')
('Snyder', '->', u'NP')
('Florida', '->', u'NP')
('Swim', '->', u'NP')
('Swim', '->', u'NP')
('Swim', '->', u'NP')
('Cleveland', '->', u'NP')
('Swim', '->', u'NP')
('April', '->', u'NP')
('S', '->', u'NP')
('Swim', '->', u'NP')
('AMA', '->', u'NP')
('Cleveland', '->', u'NP')
('Swim', '->', u'NP')
('Tim', '->', u'NP')
349 

7786
