Cooking.csv
0
Sentiment(classification='neg', p_pos=0.062273231306106472, p_neg=0.93772676869389404)


1
Sentiment(classification='pos', p_pos=0.83092031124619548, p_neg=0.16907968875380566)




0.125 0.2 0.553403228724 0.446596771276
0
Check out this giant sushi cake I made for a friend's birthday. (Recipe in comments)
Sentiment(polarity=0.34999999999999998, subjectivity=0.65000000000000002)
('Alton', '->', u'NP')
('Brown', '->', u'NP')
('Thai', '->', u'NP')
('Denny', '->', u'NP')
('Ron', '->', u'NP')
('Gordon', '->', u'NP')
('Salmon', '->', u'NP')
('Gordon', '->', u'NP')
('Sandwich', '->', u'NP')
('Blackberry', '->', u'NP')
('Guy', '->', u'NP')
('Wellington', '->', u'NP')
('Halloween', '->', u'NP')
('Burger', '->', u'NP')
('Alton', '->', u'NP')
('Brown', '->', u'NP')
('Neapolitan', '->', u'NP')
('Wisconsin', '->', u'NP')
('Bacon', '->', u'NP')
('Gordon', '->', u'NP')
('Forbes', '->', u'NP')
('Gordon', '->', u'NP')
('Paris', '->', u'NP')
('Christmas', '->', u'NP')
('Halloween', '->', u'NP')
('Lemon', '->', u'NP')
('Salmon', '->', u'NP')
('Martha', '->', u'NP')
('Chips', '->', u'NP')
('Bacon', '->', u'NP')
('Chile', '->', u'NP')
('Rice', '->', u'NP')
('Beta', '->', u'NP')
('Jack', '->', u'NP')
('Pyrex', '->', u'NP')
('Gordon', '->', u'NP')
('Rolls', '->', u'NP')
('Salmon', '->', u'NP')
('S', '->', u'NP')
('Blackberry', '->', u'NP')
('Curry', '->', u'NP')
('Wellington', '->', u'NP')
('Bacon', '->', u'NP')
('Learned', '->', u'NP')
('Turkey', '->', u'NP')
('Gordon', '->', u'NP')
('Christmas', '->', u'NP')
('Thomas', '->', u'NP')
('Guy', '->', u'NP')
('Pi', '->', u'NP')
('Brussels', '->', u'NP')
('Creole', '->', u'NP')
('Mignon', '->', u'NP')
('Chicago', '->', u'NP')
('Christmas', '->', u'NP')
('Korea', '->', u'NP')
('Japan', '->', u'NP')
('Jane', '->', u'NP')
('Bacon', '->', u'NP')
('Cook', '->', u'NP')
('Wellington', '->', u'NP')
('Pops', '->', u'NP')
('San', '->', u'NP')
('Antonio', '->', u'NP')
('Tex', '->', u'NP')
('Texan', '->', u'NP')
('Ben', '->', u'NP')
('Starr', '->', u'NP')
('Prometheus', '->', u'NP')
('Bacon', '->', u'NP')
('Christmas', '->', u'NP')
('Julia', '->', u'NP')
('Smithsonian', '->', u'NP')
('Fish', '->', u'NP')
('Fish', '->', u'NP')
('Bacon', '->', u'NP')
('Louis', '->', u'NP')
('Alton', '->', u'NP')
('Brown', '->', u'NP')
('Wyoming', '->', u'NP')
('Wyoming', '->', u'NP')
('Meyer', '->', u'NP')
('Lemon', '->', u'NP')
('Peel', '->', u'NP')
('Sandwich', '->', u'NP')
('Weber', '->', u'NP')
('Porter', '->', u'NP')
('Le', '->', u'NP')
('Gordon', '->', u'NP')
('Tyler', '->', u'NP')
('Florence', '->', u'NP')
('Wisconsin', '->', u'NP')
('Chicago', '->', u'NP')
('Illinois', '->', u'NP')
('Christmas', '->', u'NP')
('Christmas', '->', u'NP')
('Gordon', '->', u'NP')
('Ramsey', '->', u'NP')
('Low', '->', u'NP')
('Herb', '->', u'NP')
('Julia', '->', u'NP')
('Child', '->', u'NP')
('Harry', '->', u'NP')
('Potter', '->', u'NP')
('Alton', '->', u'NP')
('Brown', '->', u'NP')
('Buffalo', '->', u'NP')
('Mac', '->', u'NP')
('Hungary', '->', u'NP')
('Martin', '->', u'NP')
('Alton', '->', u'NP')
('Brown', '->', u'NP')
('Alton', '->', u'NP')
('Brown', '->', u'NP')
('Alton', '->', u'NP')
('Alton', '->', u'NP')
('Brown', '->', u'NP')
('F', '->', u'NP')
('God', '->', u'NP')
('Almighty', '->', u'NP')
('F', '->', u'NP')
('Le', '->', u'NP')
('Chicago', '->', u'NP')
('Alton', '->', u'NP')
('Brown', '->', u'NP')
('Short', '->', u'NP')
('Don', '->', u'NP')
('Bacon', '->', u'NP')
('Mac', '->', u'NP')
('N', '->', u'NP')
('Julia', '->', u'NP')
('Brazil', '->', u'NP')
('Cheat', '->', u'NP')
('Mario', '->', u'NP')
('Anthony', '->', u'NP')
('Curry', '->', u'NP')
('Thai', '->', u'NP')
('Bacon', '->', u'NP')
('Halloween', '->', u'NP')
('Brown', '->', u'NP')
('Olive', '->', u'NP')
('Rachel', '->', u'NP')
('Ray', '->', u'NP')
('Newman', '->', u'NP')
('Jacques', '->', u'NP')
('Wellington', '->', u'NP')
('Wellington', '->', u'NP')
('Christmas', '->', u'NP')
('F', '->', u'NP')
('Bacon', '->', u'NP')
('Mignon', '->', u'NP')
('Bacon', '->', u'NP')
('Bacon', '->', u'NP')
('Mac', '->', u'NP')
('May', '->', u'NP')
('Bill', '->', u'NP')
('Congress', '->', u'NP')
('Basil', '->', u'NP')
('April', '->', u'NP')
('S', '->', u'NP')
('S', '->', u'NP')
('Cook', '->', u'NP')
('Bacon', '->', u'NP')
('Burger', '->', u'NP')
('July', '->', u'NP')
('Lemon', '->', u'NP')
('Katherine', '->', u'NP')
('Easter', '->', u'NP')
('Burger', '->', u'NP')
('Black', '->', u'NP')
('Mole', '->', u'NP')
('Rolls', '->', u'NP')
('Cook', '->', u'NP')
('Ramsey', '->', u'NP')
('Goodwill', '->', u'NP')
('Olive', '->', u'NP')
('Caesar', '->', u'NP')
('Valentine', '->', u'NP')
('Weber', '->', u'NP')
('Israel', '->', u'NP')
('Black', '->', u'NP')
('Houston', '->', u'NP')
('Green', '->', u'NP')
('Fish', '->', u'NP')
('Spain', '->', u'NP')
('Berry', '->', u'NP')
('Lemon', '->', u'NP')
('Christmas', '->', u'NP')
('Black', '->', u'NP')
('Amazon', '->', u'NP')
('Curry', '->', u'NP')
('Rice', '->', u'NP')
('Wellington', '->', u'NP')
('Alton', '->', u'NP')
('Brown', '->', u'NP')
('Hard', '->', u'NP')
('Cook', '->', u'NP')
('Christmas', '->', u'NP')
('Peking', '->', u'NP')
('Lemon', '->', u'NP')
('Christmas', '->', u'NP')
('Thai', '->', u'NP')
('Salmon', '->', u'NP')
('Rice', '->', u'NP')
('Bengal', '->', u'NP')
('Rice', '->', u'NP')
('Bacon', '->', u'NP')
('Mediterranean', '->', u'NP')
('S', '->', u'NP')
('Mignon', '->', u'NP')
('Christmas', '->', u'NP')
('Sandwich', '->', u'NP')
('Ted', '->', u'NP')
('Allen', '->', u'NP')
('Gordon', '->', u'NP')
('Christmas', '->', u'NP')
('Wood', '->', u'NP')
('Turkey', '->', u'NP')
('Bacon', '->', u'NP')
('Betty', '->', u'NP')
('Short', '->', u'NP')
('Cook', '->', u'NP')
('Illinois', '->', u'NP')
223 

14774
