shittyadviceanimals.csv
0
Sentiment(classification='neg', p_pos=0.11310763430397154, p_neg=0.88689236569603025)


1
Sentiment(classification='neg', p_pos=0.070878687339861024, p_neg=0.92912131266013909)




0.1 0.783333333333 0.908006839178 0.0919931608219
0
Think about. Is Simba a good guy?
Sentiment(polarity=0.34999999999999998, subjectivity=0.65000000000000002)
('138', '->', u'NP')
('Guy', '->', u'NP')
('Guy', '->', u'NP')
('Bruce', '->', u'NP')
('Wayne', '->', u'NP')
('Guy', '->', u'NP')
('Black', '->', u'NP')
('Guy', '->', u'NP')
('Friend', '->', u'NP')
('Kurt', '->', u'NP')
('Guy', '->', u'NP')
('Black', '->', u'NP')
('Steve', '->', u'NP')
('Clarence', '->', u'NP')
('Brown', '->', u'NP')
('Doc', '->', u'NP')
('Guy', '->', u'NP')
('Guy', '->', u'NP')
('Guy', '->', u'NP')
('Brian', '->', u'NP')
('Wentworth', '->', u'NP')
('Mormon', '->', u'NP')
('Hook', '->', u'NP')
('S', '->', u'NP')
('Cool', '->', u'NP')
('Armstrong', '->', u'NP')
('Sue', '->', u'NP')
('April', '->', u'NP')
('Page', '->', u'NP')
('Wolf', '->', u'NP')
('Steve', '->', u'NP')
('Clarence', '->', u'NP')
('Don', '->', u'NP')
('Patrick', '->', u'NP')
('Guy', '->', u'NP')
('Greg', '->', u'NP')
('Dick', '->', u'NP')
('B', '->', u'NP')
('Guy', '->', u'NP')
('Sims', '->', u'NP')
('Wolf', '->', u'NP')
('Brew', '->', u'NP')
('Black', '->', u'NP')
('Buzz', '->', u'NP')
('Tech', '->', u'NP')
('Guy', '->', u'NP')
('Greg', '->', u'NP')
('Wise', '->', u'NP')
('Guy', '->', u'NP')
('Greg', '->', u'NP')
('Guy', '->', u'NP')
('Jesus', '->', u'NP')
('Bob', '->', u'NP')
('Gordon', '->', u'NP')
('Emma', '->', u'NP')
('Watson', '->', u'NP')
('Jennifer', '->', u'NP')
('Lawrence', '->', u'NP')
('L', '->', u'NP')
('Guy', '->', u'NP')
('Greg', '->', u'NP')
('Clarence', '->', u'NP')
('Guy', '->', u'NP')
('Greg', '->', u'NP')
('Susan', '->', u'NP')
('B', '->', u'NP')
('Brian', '->', u'NP')
('Guy', '->', u'NP')
('Greg', '->', u'NP')
('Bill', '->', u'NP')
('N', '->', u'NP')
('Black', '->', u'NP')
('Guy', '->', u'NP')
('Greg', '->', u'NP')
('Guy', '->', u'NP')
('Self', '->', u'NP')
('Christ', '->', u'NP')
('Brian', '->', u'NP')
('Clarence', '->', u'NP')
('Greg', '->', u'NP')
('Clarence', '->', u'NP')
('Guy', '->', u'NP')
('Sue', '->', u'NP')
('Guy', '->', u'NP')
('Edward', '->', u'NP')
('Norton', '->', u'NP')
('Clearwater', '->', u'NP')
('Brian', '->', u'NP')
('Rich', '->', u'NP')
('Jew', '->', u'NP')
('Robin', '->', u'NP')
('Dick', '->', u'NP')
('Leo', '->', u'NP')
('February', '->', u'NP')
('Guy', '->', u'NP')
('Bill', '->', u'NP')
('Clinton', '->', u'NP')
('Brian', '->', u'NP')
('Black', '->', u'NP')
('Burger', '->', u'NP')
('Joseph', '->', u'NP')
('T', '->', u'NP')
('Clarence', '->', u'NP')
('Halloween', '->', u'NP')
('Rolls', '->', u'NP')
('Anne', '->', u'NP')
('Frank', '->', u'NP')
('Don', '->', u'NP')
('Le', '->', u'NP')
('Walter', '->', u'NP')
('Wolf', '->', u'NP')
('Brian', '->', u'NP')
('Clarence', '->', u'NP')
('Jesus', '->', u'NP')
('Christ', '->', u'NP')
('Carl', '->', u'NP')
('Guy', '->', u'NP')
('Easter', '->', u'NP')
('Fish', '->', u'NP')
('Cool', '->', u'NP')
('Billy', '->', u'NP')
('Guy', '->', u'NP')
('Guy', '->', u'NP')
('Henry', '->', u'NP')
('Papa', '->', u'NP')
('Arthur', '->', u'NP')
('Jack', '->', u'NP')
('Kitty', '->', u'NP')
('Don', '->', u'NP')
('Steve', '->', u'NP')
('Black', '->', u'NP')
('Cap', '->', u'NP')
('Vince', '->', u'NP')
('Black', '->', u'NP')
('Don', '->', u'NP')
('Guy', '->', u'NP')
('T', '->', u'NP')
('Christmas', '->', u'NP')
('Self', '->', u'NP')
('Teddy', '->', u'NP')
('Guy', '->', u'NP')
('Brace', '->', u'NP')
('Clarence', '->', u'NP')
('Guy', '->', u'NP')
('Al', '->', u'NP')
('Gore', '->', u'NP')
('Greg', '->', u'NP')
('Guy', '->', u'NP')
('Cramer', '->', u'NP')
('Bible', '->', u'NP')
('Black', '->', u'NP')
('Brian', '->', u'NP')
('Ben', '->', u'NP')
('Guy', '->', u'NP')
('Armstrong', '->', u'NP')
('Patrick', '->', u'NP')
('Pick', '->', u'NP')
('Jimmy', '->', u'NP')
('Sam', '->', u'NP')
('Shakespeare', '->', u'NP')
('Guy', '->', u'NP')
('Arab', '->', u'NP')
('Pete', '->', u'NP')
('Ronald', '->', u'NP')
('Guy', '->', u'NP')
('G', '->', u'NP')
('America', '->', u'NP')
('Lil', '->', u'NP')
('Tommy', '->', u'NP')
('Guy', '->', u'NP')
('Speed', '->', u'NP')
('Jesus', '->', u'NP')
('Heard', '->', u'NP')
('Tyson', '->', u'NP')
('Jackson', '->', u'NP')
('Forrest', '->', u'NP')
('Bill', '->', u'NP')
('Clinton', '->', u'NP')
('Powers', '->', u'NP')
('Clarence', '->', u'NP')
('Wolf', '->', u'NP')
('Mormon', '->', u'NP')
('Brian', '->', u'NP')
('Self', '->', u'NP')
('Brian', '->', u'NP')
('Tommy', '->', u'NP')
('Joseph', '->', u'NP')
('Guy', '->', u'NP')
('Don', '->', u'NP')
('Black', '->', u'NP')
('Brian', '->', u'NP')
('Green', '->', u'NP')
('Guy', '->', u'NP')
('Guy', '->', u'NP')
('Gorton', '->', u'NP')
('Heard', '->', u'NP')
('Olivia', '->', u'NP')
('Simba', '->', u'NP')
198 

6282
