Vegetarianism.csv
0
Sentiment(classification='pos', p_pos=0.79340543168950595, p_neg=0.20659456831049436)


1
Sentiment(classification='neg', p_pos=0.44745222929936307, p_neg=0.55254777070063699)




-0.5 0.9 0.379571169506 0.620428830494
0
How to Communicate Effectively with Meat Eaters
Sentiment(polarity=0.34999999999999998, subjectivity=0.65000000000000002)
('Paul', '->', u'NP')
('Linus', '->', u'NP')
('Bill', '->', u'NP')
('Gates', '->', u'NP')
('Phoenix', '->', u'NP')
('Rob', '->', u'NP')
('Harvard', '->', u'NP')
('Robin', '->', u'NP')
('America', '->', u'NP')
('Cambridge', '->', u'NP')
('Fish', '->', u'NP')
('Ryan', '->', u'NP')
('Learned', '->', u'NP')
('Germany', '->', u'NP')
('James', '->', u'NP')
('Cameron', '->', u'NP')
('Don', '->', u'NP')
('India', '->', u'NP')
('Black', '->', u'NP')
('Rice', '->', u'NP')
('Burger', '->', u'NP')
('Mayo', '->', u'NP')
('Brinkley', '->', u'NP')
('Mark', '->', u'NP')
('Doris', '->', u'NP')
('Russell', '->', u'NP')
('Simmons', '->', u'NP')
('Europe', '->', u'NP')
('James', '->', u'NP')
('Cameron', '->', u'NP')
('Steve', '->', u'NP')
('Short', '->', u'NP')
('Green', '->', u'NP')
('Germany', '->', u'NP')
('S', '->', u'NP')
('Black', '->', u'NP')
('Bean', '->', u'NP')
('Burger', '->', u'NP')
('August', '->', u'NP')
('London', '->', u'NP')
('Martin', '->', u'NP')
('Cheat', '->', u'NP')
('Black', '->', u'NP')
('Bean', '->', u'NP')
('Player', '->', u'NP')
('Robert', '->', u'NP')
('Joe', '->', u'NP')
('Brooks', '->', u'NP')
('Krishna', '->', u'NP')
('Muhammad', '->', u'NP')
('Bill', '->', u'NP')
('Clinton', '->', u'NP')
('April', '->', u'NP')
('Albert', '->', u'NP')
('Einstein', '->', u'NP')
('Sandwich', '->', u'NP')
('Black', '->', u'NP')
('Bean', '->', u'NP')
('Mac', '->', u'NP')
('David', '->', u'NP')
('Foster', '->', u'NP')
('Wallace', '->', u'NP')
('Amazon', '->', u'NP')
('Easter', '->', u'NP')
('Miles', '->', u'NP')
('Worth', '->', u'NP')
('Einstein', '->', u'NP')
('Bacon', '->', u'NP')
('California', '->', u'NP')
('Bill', '->', u'NP')
('Chips', '->', u'NP')
('Germany', '->', u'NP')
('Jack', '->', u'NP')
('Sandwich', '->', u'NP')
('Bill', '->', u'NP')
('Morningstar', '->', u'NP')
('April', '->', u'NP')
('Halloween', '->', u'NP')
('James', '->', u'NP')
('Canada', '->', u'NP')
('Paul', '->', u'NP')
('Black', '->', u'NP')
('Bean', '->', u'NP')
('Plate', '->', u'NP')
('Australian', '->', u'NP')
('Rice', '->', u'NP')
('Brown', '->', u'NP')
('Bake', '->', u'NP')
('Carrie', '->', u'NP')
('Underwood', '->', u'NP')
('Gene', '->', u'NP')
('Cheat', '->', u'NP')
('Halloween', '->', u'NP')
('Pops', '->', u'NP')
('Thai', '->', u'NP')
('Oliver', '->', u'NP')
('Bean', '->', u'NP')
('Bacon', '->', u'NP')
('Black', '->', u'NP')
('Bean', '->', u'NP')
('Thai', '->', u'NP')
('Martha', '->', u'NP')
('Stewart', '->', u'NP')
('Curry', '->', u'NP')
('Bean', '->', u'NP')
('June', '->', u'NP')
('August', '->', u'NP')
('Mayo', '->', u'NP')
('Black', '->', u'NP')
('Bean', '->', u'NP')
('Brown', '->', u'NP')
('Halloween', '->', u'NP')
('Sharon', '->', u'NP')
('Warsaw', '->', u'NP')
('Norway', '->', u'NP')
('Kentucky', '->', u'NP')
('Sandwich', '->', u'NP')
('Lemon', '->', u'NP')
('Bean', '->', u'NP')
('Easter', '->', u'NP')
('Ireland', '->', u'NP')
('Sandwich', '->', u'NP')
('Taylor', '->', u'NP')
('Black', '->', u'NP')
('Halloween', '->', u'NP')
('Halloween', '->', u'NP')
('California', '->', u'NP')
('Rice', '->', u'NP')
('July', '->', u'NP')
('Neal', '->', u'NP')
('Barnard', '->', u'NP')
('James', '->', u'NP')
('Bake', '->', u'NP')
('Russia', '->', u'NP')
('Jonathan', '->', u'NP')
('AMA', '->', u'NP')
('Green', '->', u'NP')
('Olive', '->', u'NP')
('Easter', '->', u'NP')
('F', '->', u'NP')
('E', '->', u'NP')
('Berry', '->', u'NP')
('Chi', '->', u'NP')
('Israel', '->', u'NP')
('Lemon', '->', u'NP')
('Herb', '->', u'NP')
('Fish', '->', u'NP')
('Paris', '->', u'NP')
('Green', '->', u'NP')
('Sarah', '->', u'NP')
('Easter', '->', u'NP')
('El', '->', u'NP')
('Plutarch', '->', u'NP')
('Henry', '->', u'NP')
('David', '->', u'NP')
('Thoreau', '->', u'NP')
('Susie', '->', u'NP')
('Duncan', '->', u'NP')
('Sexton', '->', u'NP')
('Bean', '->', u'NP')
('Halloween', '->', u'NP')
('Jonathan', '->', u'NP')
('Bake', '->', u'NP')
('July', '->', u'NP')
('Plate', '->', u'NP')
('Foster', '->', u'NP')
('Berry', '->', u'NP')
('Black', '->', u'NP')
('Bean', '->', u'NP')
('Christmas', '->', u'NP')
('Berry', '->', u'NP')
('Shayne', '->', u'NP')
('Lee', '->', u'NP')
('France', '->', u'NP')
('Hindu', '->', u'NP')
('Paul', '->', u'NP')
('India', '->', u'NP')
('Holland', '->', u'NP')
('Keith', '->', u'NP')
('Bean', '->', u'NP')
('Rolls', '->', u'NP')
('Chicago', '->', u'NP')
('F', '->', u'NP')
('Job', '->', u'NP')
('Peel', '->', u'NP')
('Michael', '->', u'NP')
('Phil', '->', u'NP')
('Ed', '->', u'NP')
('Begley', '->', u'NP')
('March', '->', u'NP')
('Valentine', '->', u'NP')
('Timothy', '->', u'NP')
('Moore', '->', u'NP')
('Mandarin', '->', u'NP')
('Christianity', '->', u'NP')
('Christianity', '->', u'NP')
196 

8447
