longisland.csv
0
Sentiment(classification='pos', p_pos=0.53767358692946454, p_neg=0.46232641307053568)


1
Sentiment(classification='neg', p_pos=0.47238663520014113, p_neg=0.52761336479985899)




0.0589285714286 0.733928571429 0.494969888935 0.505030111065
0
I love classical Horror movies, any groups or theaters info in post...
Sentiment(polarity=0.34999999999999998, subjectivity=0.65000000000000002)
('Chris', '->', u'NP')
('Ashley', '->', u'NP')
('Jesus', '->', u'NP')
('Merrick', '->', u'NP')
('Hempstead', '->', u'NP')
('PM', '->', u'NP')
('Jefferson', '->', u'NP')
('January', '->', u'NP')
('Fred', '->', u'NP')
('Levittown', '->', u'NP')
('Rocky', '->', u'NP')
('Roosevelt', '->', u'NP')
('Simba', '->', u'NP')
('Babylon', '->', u'NP')
('Glen', '->', u'NP')
('Rye', '->', u'NP')
('Chris', '->', u'NP')
('Weidman', '->', u'NP')
('Baldwin', '->', u'NP')
('America', '->', u'NP')
('Miss', '->', u'NP')
('Jane', '->', u'NP')
('July', '->', u'NP')
('Nassau', '->', u'NP')
('Huntington', '->', u'NP')
('Westhampton', '->', u'NP')
('God', '->', u'NP')
('Steve', '->', u'NP')
('Israel', '->', u'NP')
('Jones', '->', u'NP')
('Nassau', '->', u'NP')
('Bill', '->', u'NP')
('Tim', '->', u'NP')
('Ashley', '->', u'NP')
('Murray', '->', u'NP')
('Nassau', '->', u'NP')
('Peter', '->', u'NP')
('Mark', '->', u'NP')
('Babylon', '->', u'NP')
('May', '->', u'NP')
('Connecticut', '->', u'NP')
('Flanders', '->', u'NP')
('Peter', '->', u'NP')
('America', '->', u'NP')
('Canada', '->', u'NP')
('America', '->', u'NP')
('Babylon', '->', u'NP')
('Nassau', '->', u'NP')
('Davis', '->', u'NP')
('Jan', '->', u'NP')
('Jones', '->', u'NP')
('Roosevelt', '->', u'NP')
('Babylon', '->', u'NP')
('May', '->', u'NP')
('Tim', '->', u'NP')
('Plane', '->', u'NP')
('Shirley', '->', u'NP')
('Greg', '->', u'NP')
('Buckley', '->', u'NP')
('Nassau', '->', u'NP')
('Los', '->', u'NP')
('Angeles', '->', u'NP')
('Nassau', '->', u'NP')
('Nassau', '->', u'NP')
('Huntington', '->', u'NP')
('Jefferson', '->', u'NP')
('Irene', '->', u'NP')
('Oceanside', '->', u'NP')
('Nassau', '->', u'NP')
('Hyde', '->', u'NP')
('Nassau', '->', u'NP')
('Vincent', '->', u'NP')
('Huntington', '->', u'NP')
('Matthew', '->', u'NP')
('Matt', '->', u'NP')
('Huntington', '->', u'NP')
('L', '->', u'NP')
('G', '->', u'NP')
('Huntington', '->', u'NP')
('Babylon', '->', u'NP')
('Gay', '->', u'NP')
('Babylon', '->', u'NP')
('May', '->', u'NP')
('AMA', '->', u'NP')
('April', '->', u'NP')
('May', '->', u'NP')
('Sinai', '->', u'NP')
('December', '->', u'NP')
('George', '->', u'NP')
('Hempstead', '->', u'NP')
('Tours', '->', u'NP')
('Smith', '->', u'NP')
('November', '->', u'NP')
('Ed', '->', u'NP')
('Boston', '->', u'NP')
('April', '->', u'NP')
('Burger', '->', u'NP')
('May', '->', u'NP')
('Nassau', '->', u'NP')
('America', '->', u'NP')
('Huntington', '->', u'NP')
('Bloom', '->', u'NP')
('Huntington', '->', u'NP')
('T', '->', u'NP')
('Connie', '->', u'NP')
('Jeff', '->', u'NP')
('June', '->', u'NP')
('March', '->', u'NP')
('April', '->', u'NP')
('Nassau', '->', u'NP')
('Hyde', '->', u'NP')
('Robert', '->', u'NP')
('Mayer', '->', u'NP')
('Weeks', '->', u'NP')
('LaGuardia', '->', u'NP')
('Dawn', '->', u'NP')
('Huntington', '->', u'NP')
('June', '->', u'NP')
('Jefferson', '->', u'NP')
('Florida', '->', u'NP')
('Nassau', '->', u'NP')
('Nassau', '->', u'NP')
('March', '->', u'NP')
('Jones', '->', u'NP')
('March', '->', u'NP')
('Woodside', '->', u'NP')
('Jamaica', '->', u'NP')
('Burger', '->', u'NP')
('Nassau', '->', u'NP')
('Smith', '->', u'NP')
('Nassau', '->', u'NP')
('Nassau', '->', u'NP')
('Queens', '->', u'NP')
('Rockville', '->', u'NP')
('Merrick', '->', u'NP')
('Rockville', '->', u'NP')
('June', '->', u'NP')
('Nassau', '->', u'NP')
('Robert', '->', u'NP')
('Mayer', '->', u'NP')
('July', '->', u'NP')
('Robert', '->', u'NP')
('Moses', '->', u'NP')
('Guy', '->', u'NP')
('Hess', '->', u'NP')
('Melville', '->', u'NP')
('Plainview', '->', u'NP')
('Oceanside', '->', u'NP')
('Nassau', '->', u'NP')
('Plainview', '->', u'NP')
('Jones', '->', u'NP')
('Chris', '->', u'NP')
('Weidman', '->', u'NP')
('Anderson', '->', u'NP')
('July', '->', u'NP')
('Nassau', '->', u'NP')
('Billy', '->', u'NP')
('Craft', '->', u'NP')
('Smithtown', '->', u'NP')
('April', '->', u'NP')
('May', '->', u'NP')
('Selden', '->', u'NP')
('Washington', '->', u'NP')
('Black', '->', u'NP')
('Wolf', '->', u'NP')
('Nassau', '->', u'NP')
('Miller', '->', u'NP')
('Hess', '->', u'NP')
('Noah', '->', u'NP')
('Nassau', '->', u'NP')
('June', '->', u'NP')
('Nassau', '->', u'NP')
('Nassau', '->', u'NP')
('Nile', '->', u'NP')
('Huntington', '->', u'NP')
('Chuck', '->', u'NP')
('E', '->', u'NP')
('Lou', '->', u'NP')
('Reed', '->', u'NP')
('Randall', '->', u'NP')
('July', '->', u'NP')
('Reynolds', '->', u'NP')
('Tom', '->', u'NP')
('Nassau', '->', u'NP')
('Hampton', '->', u'NP')
('Eve', '->', u'NP')
('Nassau', '->', u'NP')
('AMA', '->', u'NP')
('Irene', '->', u'NP')
('Jack', '->', u'NP')
('Russell', '->', u'NP')
('Levittown', '->', u'NP')
('Jan', '->', u'NP')
('Miller', '->', u'NP')
('Smithtown', '->', u'NP')
('Jeff', '->', u'NP')
('Hempstead', '->', u'NP')
('Mark', '->', u'NP')
('Nassau', '->', u'NP')
('Smithtown', '->', u'NP')
('Job', '->', u'NP')
('July', '->', u'NP')
('Huntington', '->', u'NP')
('March', '->', u'NP')
('L', '->', u'NP')
('Jones', '->', u'NP')
('Dies', '->', u'NP')
('Nassau', '->', u'NP')
('Huntington', '->', u'NP')
('AMA', '->', u'NP')
('May', '->', u'NP')
('Irene', '->', u'NP')
('N', '->', u'NP')
('Halloween', '->', u'NP')
('Merrick', '->', u'NP')
('Joe', '->', u'NP')
('Oceanside', '->', u'NP')
('Babylon', '->', u'NP')
('Nassau', '->', u'NP')
('Nassau', '->', u'NP')
('Self', '->', u'NP')
('Nassau', '->', u'NP')
('FDA', '->', u'NP')
('Nat', '->', u'NP')
('Smith', '->', u'NP')
('Charles', '->', u'NP')
('Helen', '->', u'NP')
('Colombian', '->', u'NP')
('Nassau', '->', u'NP')
('PM', '->', u'NP')
('Huntington', '->', u'NP')
('Babylon', '->', u'NP')
('Robert', '->', u'NP')
('Moses', '->', u'NP')
('Melville', '->', u'NP')
('Walt', '->', u'NP')
('Whitman', '->', u'NP')
('Peter', '->', u'NP')
('Jamaica', '->', u'NP')
('Babylon', '->', u'NP')
('Jane', '->', u'NP')
('Huntington', '->', u'NP')
('March', '->', u'NP')
('Nassau', '->', u'NP')
('Selden', '->', u'NP')
('Nassau', '->', u'NP')
('John', '->', u'NP')
('S', '->', u'NP')
('Dies', '->', u'NP')
('Nassau', '->', u'NP')
('Babylon', '->', u'NP')
('Al', '->', u'NP')
('Robert', '->', u'NP')
('Mayer', '->', u'NP')
('July', '->', u'NP')
('Orient', '->', u'NP')
('Winter', '->', u'NP')
('Rockville', '->', u'NP')
('Cable', '->', u'NP')
('Easter', '->', u'NP')
('Freeport', '->', u'NP')
('Freeport', '->', u'NP')
('Rocky', '->', u'NP')
('Halloween', '->', u'NP')
('Huntington', '->', u'NP')
('Plainview', '->', u'NP')
('Jeff', '->', u'NP')
('June', '->', u'NP')
('May', '->', u'NP')
('Babylon', '->', u'NP')
('Rainy', '->', u'NP')
('Bugs', '->', u'NP')
('Gloria', '->', u'NP')
('Freeport', '->', u'NP')
('Mickey', '->', u'NP')
('Hart', '->', u'NP')
('August', '->', u'NP')
('Alec', '->', u'NP')
('Baldwin', '->', u'NP')
('Nassau', '->', u'NP')
('Cliff', '->', u'NP')
('Chance', '->', u'NP')
('Tex', '->', u'NP')
('Hempstead', '->', u'NP')
('July', '->', u'NP')
('Jones', '->', u'NP')
('Raymond', '->', u'NP')
('Lloyd', '->', u'NP')
('Marina', '->', u'NP')
('Fortune', '->', u'NP')
('Levittown', '->', u'NP')
('Penn', '->', u'NP')
('Winter', '->', u'NP')
('Easthampton', '->', u'NP')
('Nassau', '->', u'NP')
('Peter', '->', u'NP')
('Nassau', '->', u'NP')
('Plane', '->', u'NP')
('Jones', '->', u'NP')
('California', '->', u'NP')
('Hempstead', '->', u'NP')
('Nassau', '->', u'NP')
('Hunter', '->', u'NP')
('Angelina', '->', u'NP')
('Hyde', '->', u'NP')
('Jan', '->', u'NP')
('Mead', '->', u'NP')
('N', '->', u'NP')
('Nassau', '->', u'NP')
('Plymouth', '->', u'NP')
('Brian', '->', u'NP')
('Joe', '->', u'NP')
('Hempstead', '->', u'NP')
('August', '->', u'NP')
('Shirley', '->', u'NP')
('Robert', '->', u'NP')
('Moses', '->', u'NP')
('Andrea', '->', u'NP')
('Nassau', '->', u'NP')
('Eve', '->', u'NP')
('Northrop', '->', u'NP')
('Patrick', '->', u'NP')
('Nassau', '->', u'NP')
('Nassau', '->', u'NP')
('Huntington', '->', u'NP')
('Craft', '->', u'NP')
('Sandwich', '->', u'NP')
('Freeport', '->', u'NP')
('Jefferson', '->', u'NP')
329 

12691
