BipolarReddit.csv
0
Sentiment(classification='pos', p_pos=0.67476659208361434, p_neg=0.325233407916388)


1
Sentiment(classification='pos', p_pos=0.90104752907191721, p_neg=0.098952470928082306)




-0.00670454545455 0.264791666667 0.212092939422 0.787907060578
0
My recent accomplishment: Writing again and Doing NaNoWriMo
Sentiment(polarity=0.34999999999999998, subjectivity=0.65000000000000002)
('Michael', '->', u'NP')
('Stephen', '->', u'NP')
('Stephen', '->', u'NP')
('Harvard', '->', u'NP')
('Learned', '->', u'NP')
('Stephen', '->', u'NP')
('October', '->', u'NP')
('Aurora', '->', u'NP')
('God', '->', u'NP')
('Christmas', '->', u'NP')
('Stephen', '->', u'NP')
('Stephen', '->', u'NP')
('Gene', '->', u'NP')
('Stephen', '->', u'NP')
('Stephen', '->', u'NP')
('AMA', '->', u'NP')
('Stephen', '->', u'NP')
('Guest', '->', u'NP')
('Stephen', '->', u'NP')
('November', '->', u'NP')
('Loving', '->', u'NP')
('Kay', '->', u'NP')
('July', '->', u'NP')
('Huxley', '->', u'NP')
('Chicago', '->', u'NP')
('July', '->', u'NP')
('China', '->', u'NP')
('AMA', '->', u'NP')
('Don', '->', u'NP')
('Don', '->', u'NP')
('Christmas', '->', u'NP')
('Pretty', '->', u'NP')
('Jennifer', '->', u'NP')
('Lawrence', '->', u'NP')
('Weeks', '->', u'NP')
('Oscar', '->', u'NP')
('Wilde', '->', u'NP')
('Catherine', '->', u'NP')
('Jones', '->', u'NP')
('Don', '->', u'NP')
('July', '->', u'NP')
('May', '->', u'NP')
('F', '->', u'NP')
('Austin', '->', u'NP')
('February', '->', u'NP')
('Self', '->', u'NP')
('Weeks', '->', u'NP')
('Virginia', '->', u'NP')
('Kay', '->', u'NP')
('Louisiana', '->', u'NP')
('Kelly', '->', u'NP')
('Thomas', '->', u'NP')
('Christmas', '->', u'NP')
('Byron', '->', u'NP')
('AMA', '->', u'NP')
('Siberia', '->', u'NP')
('Paul', '->', u'NP')
('Mobile', '->', u'NP')
('App', '->', u'NP')
('Jones', '->', u'NP')
('Dali', '->', u'NP')
('Pretty', '->', u'NP')
('Charlie', '->', u'NP')
('B', '->', u'NP')
('Floyd', '->', u'NP')
('Self', '->', u'NP')
('Christmas', '->', u'NP')
67 

13218
