dvdcollection.csv
0
Sentiment(classification='pos', p_pos=0.99283142853856143, p_neg=0.007168571461439583)


1
Sentiment(classification='neg', p_pos=0.42743845092101768, p_neg=0.57256154907898227)




0.235227272727 0.327272727273 0.28986506027 0.71013493973
0
TonyPotenza's gift finally came! and on my 21st birthday to boot. :D Sorry for bad picture quality. 
Sentiment(polarity=0.34999999999999998, subjectivity=0.65000000000000002)
('Christmas', '->', u'NP')
('Dexter', '->', u'NP')
('Django', '->', u'NP')
('Ray', '->', u'NP')
('September', '->', u'NP')
('Claire', '->', u'NP')
('Edgar', '->', u'NP')
('Wright', '->', u'NP')
('Amazon', '->', u'NP')
('Job', '->', u'NP')
('Wes', '->', u'NP')
('Anderson', '->', u'NP')
('Don', '->', u'NP')
('Christopher', '->', u'NP')
('Nolan', '->', u'NP')
('Ray', '->', u'NP')
('Walter', '->', u'NP')
('Amazon', '->', u'NP')
('Don', '->', u'NP')
('Amazon', '->', u'NP')
('Ray', '->', u'NP')
('Christmas', '->', u'NP')
('Christmas', '->', u'NP')
('Christmas', '->', u'NP')
('S', '->', u'NP')
('Pick', '->', u'NP')
('Japan', '->', u'NP')
('Amazon', '->', u'NP')
('Cool', '->', u'NP')
('Lawrence', '->', u'NP')
('Arabia', '->', u'NP')
('Ray', '->', u'NP')
('Cool', '->', u'NP')
('Buddy', '->', u'NP')
('Goodwill', '->', u'NP')
('Jackie', '->', u'NP')
('Willy', '->', u'NP')
('Ray', '->', u'NP')
('Peter', '->', u'NP')
('Jackson', '->', u'NP')
('Amazon', '->', u'NP')
('Smith', '->', u'NP')
('Stanley', '->', u'NP')
('Pick', '->', u'NP')
('Amazon', '->', u'NP')
('November', '->', u'NP')
('Pick', '->', u'NP')
('September', '->', u'NP')
('Django', '->', u'NP')
('B', '->', u'NP')
('Bond', '->', u'NP')
('B', '->', u'NP')
('N', '->', u'NP')
('Christmas', '->', u'NP')
('Ray', '->', u'NP')
('June', '->', u'NP')
('May', '->', u'NP')
('Germany', '->', u'NP')
('Channing', '->', u'NP')
('Don', '->', u'NP')
('Ray', '->', u'NP')
('Pick', '->', u'NP')
('Tommy', '->', u'NP')
('Tommy', '->', u'NP')
('Harry', '->', u'NP')
('Potter', '->', u'NP')
('Black', '->', u'NP')
('Harry', '->', u'NP')
('Potter', '->', u'NP')
('Ray', '->', u'NP')
('Ray', '->', u'NP')
('Ray', '->', u'NP')
('Roger', '->', u'NP')
('Via', '->', u'NP')
('Ray', '->', u'NP')
('Smith', '->', u'NP')
('Pretty', '->', u'NP')
('Amazon', '->', u'NP')
('Christmas', '->', u'NP')
('Christmas', '->', u'NP')
('Goodwill', '->', u'NP')
('August', '->', u'NP')
('Ed', '->', u'NP')
('Wood', '->', u'NP')
('Amazon', '->', u'NP')
('Abrams', '->', u'NP')
('Amazon', '->', u'NP')
('Amazon', '->', u'NP')
('Santa', '->', u'NP')
('Pick', '->', u'NP')
('Stanley', '->', u'NP')
('Peter', '->', u'NP')
('Jackson', '->', u'NP')
('Hastings', '->', u'NP')
('B', '->', u'NP')
('S', '->', u'NP')
('April', '->', u'NP')
('Brandon', '->', u'NP')
('James', '->', u'NP')
('Bond', '->', u'NP')
('Christmas', '->', u'NP')
('Goodwill', '->', u'NP')
('April', '->', u'NP')
('July', '->', u'NP')
('Arnold', '->', u'NP')
('Barnes', '->', u'NP')
('James', '->', u'NP')
('Christmas', '->', u'NP')
('Worth', '->', u'NP')
('Bruce', '->', u'NP')
('Jack', '->', u'NP')
('Jon', '->', u'NP')
('Kate', '->', u'NP')
('Scott', '->', u'NP')
('B', '->', u'NP')
('Ray', '->', u'NP')
('Ray', '->', u'NP')
('Amazon', '->', u'NP')
('Amazon', '->', u'NP')
('Floyd', '->', u'NP')
('Ralph', '->', u'NP')
('Mar', '->', u'NP')
('Scott', '->', u'NP')
('Ray', '->', u'NP')
('Christmas', '->', u'NP')
('Christmas', '->', u'NP')
('Eve', '->', u'NP')
('Lee', '->', u'NP')
('May', '->', u'NP')
('June', '->', u'NP')
('May', '->', u'NP')
('Pick', '->', u'NP')
('April', '->', u'NP')
('March', '->', u'NP')
('Pick', '->', u'NP')
('Django', '->', u'NP')
('Ray', '->', u'NP')
('Christmas', '->', u'NP')
('Pick', '->', u'NP')
('November', '->', u'NP')
('Pick', '->', u'NP')
('Barnes', '->', u'NP')
('Pick', '->', u'NP')
('Indiana', '->', u'NP')
('Jones', '->', u'NP')
('Pick', '->', u'NP')
('Dawn', '->', u'NP')
('Gary', '->', u'NP')
('November', '->', u'NP')
('Edgar', '->', u'NP')
('Wright', '->', u'NP')
('Pick', '->', u'NP')
('Combs', '->', u'NP')
('Amazon', '->', u'NP')
('Ray', '->', u'NP')
('S', '->', u'NP')
('E', '->', u'NP')
('Ray', '->', u'NP')
('Django', '->', u'NP')
('Pretty', '->', u'NP')
('Amazon', '->', u'NP')
('Pick', '->', u'NP')
('January', '->', u'NP')
('Barnes', '->', u'NP')
('Pick', '->', u'NP')
('Ray', '->', u'NP')
('PM', '->', u'NP')
('Amazon', '->', u'NP')
('Ray', '->', u'NP')
('Ventura', '->', u'NP')
('Wilfred', '->', u'NP')
('April', '->', u'NP')
('Amazon', '->', u'NP')
('February', '->', u'NP')
('Ray', '->', u'NP')
('Ray', '->', u'NP')
('Christmas', '->', u'NP')
('Christmas', '->', u'NP')
('Christmas', '->', u'NP')
('Hard', '->', u'NP')
('Black', '->', u'NP')
('Ray', '->', u'NP')
('Warner', '->', u'NP')
('Ray', '->', u'NP')
('Cool', '->', u'NP')
('Ray', '->', u'NP')
('Harold', '->', u'NP')
('Sweden', '->', u'NP')
('August', '->', u'NP')
('Joseph', '->', u'NP')
('Gordon', '->', u'NP')
('Levitt', '->', u'NP')
('Lily', '->', u'NP')
('September', '->', u'NP')
('June', '->', u'NP')
('David', '->', u'NP')
('Barnes', '->', u'NP')
('Florida', '->', u'NP')
('Ray', '->', u'NP')
('Christopher', '->', u'NP')
('Nolan', '->', u'NP')
('Nolan', '->', u'NP')
('John', '->', u'NP')
('Amazon', '->', u'NP')
('Django', '->', u'NP')
('Goodwill', '->', u'NP')
('Nolan', '->', u'NP')
('Ray', '->', u'NP')
('Ray', '->', u'NP')
('April', '->', u'NP')
('America', '->', u'NP')
('Christmas', '->', u'NP')
('Christmas', '->', u'NP')
('Santa', '->', u'NP')
('Christmas', '->', u'NP')
('Christmas', '->', u'NP')
('America', '->', u'NP')
('Tyler', '->', u'NP')
('Perry', '->', u'NP')
('Black', '->', u'NP')
('Pick', '->', u'NP')
('Amazon', '->', u'NP')
('Seattle', '->', u'NP')
('Ray', '->', u'NP')
('Amazon', '->', u'NP')
('August', '->', u'NP')
('Samuel', '->', u'NP')
('Fuller', '->', u'NP')
('Stanley', '->', u'NP')
('Barnes', '->', u'NP')
('Ray', '->', u'NP')
('Hitchcock', '->', u'NP')
('Oliver', '->', u'NP')
('Ray', '->', u'NP')
('March', '->', u'NP')
('Amazon', '->', u'NP')
('Bond', '->', u'NP')
('Christmas', '->', u'NP')
('Christmas', '->', u'NP')
('Christmas', '->', u'NP')
('Black', '->', u'NP')
('Black', '->', u'NP')
('Ray', '->', u'NP')
('Ray', '->', u'NP')
('B', '->', u'NP')
('N', '->', u'NP')
('August', '->', u'NP')
('November', '->', u'NP')
('Hunt', '->', u'NP')
('Pick', '->', u'NP')
('Martin', '->', u'NP')
('Barnes', '->', u'NP')
('David', '->', u'NP')
('May', '->', u'NP')
('Hunt', '->', u'NP')
('Hunt', '->', u'NP')
('Ray', '->', u'NP')
257 

13423
