dailydot.csv
0
Sentiment(classification='neg', p_pos=0.19084104012927383, p_neg=0.8091589598707235)


1
Sentiment(classification='neg', p_pos=0.23547680322842449, p_neg=0.76452319677157543)




0.05 0.05 0.786841078321 0.213158921679
0
Game of Thrones actress interview faked, crushing Reddit fans' dreams
Sentiment(polarity=0.34999999999999998, subjectivity=0.65000000000000002)
('AMA', '->', u'NP')
('AMA', '->', u'NP')
('Richard', '->', u'NP')
('Aaron', '->', u'NP')
('AMA', '->', u'NP')
('AMA', '->', u'NP')
('Alice', '->', u'NP')
('Ed', '->', u'NP')
('AMA', '->', u'NP')
('Christmas', '->', u'NP')
('William', '->', u'NP')
('Wheaton', '->', u'NP')
('Sara', '->', u'NP')
('Underwood', '->', u'NP')
('Bohemian', '->', u'NP')
('Barker', '->', u'NP')
('AMA', '->', u'NP')
('John', '->', u'NP')
('Hancock', '->', u'NP')
('AMA', '->', u'NP')
('Sherlock', '->', u'NP')
('Holmes', '->', u'NP')
('Ira', '->', u'NP')
('AMA', '->', u'NP')
('AMA', '->', u'NP')
('AMA', '->', u'NP')
('Mac', '->', u'NP')
('AMA', '->', u'NP')
('Chris', '->', u'NP')
('AMA', '->', u'NP')
('Mark', '->', u'NP')
('Penny', '->', u'NP')
('AMA', '->', u'NP')
('Jason', '->', u'NP')
('Korea', '->', u'NP')
('Bryan', '->', u'NP')
('Cranston', '->', u'NP')
('AMA', '->', u'NP')
('Anderson', '->', u'NP')
('AMA', '->', u'NP')
('Boston', '->', u'NP')
('William', '->', u'NP')
('September', '->', u'NP')
('AMA', '->', u'NP')
('Bill', '->', u'NP')
('AMA', '->', u'NP')
('Ellis', '->', u'NP')
('Amy', '->', u'NP')
('Eric', '->', u'NP')
('AMA', '->', u'NP')
('Chris', '->', u'NP')
('Hansen', '->', u'NP')
('AMA', '->', u'NP')
('AMA', '->', u'NP')
('Chris', '->', u'NP')
('Nick', '->', u'NP')
('AMA', '->', u'NP')
('Anthony', '->', u'NP')
('Adam', '->', u'NP')
('Savage', '->', u'NP')
('AMA', '->', u'NP')
('AMA', '->', u'NP')
('Chris', '->', u'NP')
('Eli', '->', u'NP')
('Waco', '->', u'NP')
('Guy', '->', u'NP')
('Hugo', '->', u'NP')
('Chavez', '->', u'NP')
('AMA', '->', u'NP')
('Atlantis', '->', u'NP')
('Nick', '->', u'NP')
('AMA', '->', u'NP')
('Dan', '->', u'NP')
('Harmon', '->', u'NP')
('AMA', '->', u'NP')
('AMA', '->', u'NP')
('Arnold', '->', u'NP')
('Detroit', '->', u'NP')
('Chris', '->', u'NP')
('Al', '->', u'NP')
('Mick', '->', u'NP')
('Foley', '->', u'NP')
('Patrick', '->', u'NP')
('Stewart', '->', u'NP')
('Boston', '->', u'NP')
('AMA', '->', u'NP')
('Boston', '->', u'NP')
('Chris', '->', u'NP')
('Smith', '->', u'NP')
('Michael', '->', u'NP')
('Arnold', '->', u'NP')
('Japan', '->', u'NP')
('Chris', '->', u'NP')
('Max', '->', u'NP')
('Geiger', '->', u'NP')
('Joel', '->', u'NP')
('Dan', '->', u'NP')
('Shakespeare', '->', u'NP')
('Eugene', '->', u'NP')
('Watson', '->', u'NP')
('T', '->', u'NP')
('Christmas', '->', u'NP')
('Rome', '->', u'NP')
('U', '->', u'NP')
('S', '->', u'NP')
('Lincoln', '->', u'NP')
('Antarctica', '->', u'NP')
('Austin', '->', u'NP')
('AMA', '->', u'NP')
('AMA', '->', u'NP')
('Hank', '->', u'NP')
('U', '->', u'NP')
('S', '->', u'NP')
('Australia', '->', u'NP')
('Roger', '->', u'NP')
('Arnold', '->', u'NP')
('Chuck', '->', u'NP')
('AMA', '->', u'NP')
('Arab', '->', u'NP')
('Islam', '->', u'NP')
('Asia', '->', u'NP')
('Al', '->', u'NP')
('Gore', '->', u'NP')
('Chris', '->', u'NP')
('Goldberg', '->', u'NP')
('Amy', '->', u'NP')
('AMA', '->', u'NP')
('Chris', '->', u'NP')
('Moore', '->', u'NP')
('U', '->', u'NP')
('AMA', '->', u'NP')
('Pi', '->', u'NP')
('John', '->', u'NP')
('Jimmie', '->', u'NP')
('Johnson', '->', u'NP')
('AMA', '->', u'NP')
('Patrick', '->', u'NP')
('AMA', '->', u'NP')
('AMA', '->', u'NP')
('Ken', '->', u'NP')
('Rob', '->', u'NP')
('Neil', '->', u'NP')
('Armstrong', '->', u'NP')
('Bryan', '->', u'NP')
('Cranston', '->', u'NP')
('April', '->', u'NP')
('John', '->', u'NP')
('Green', '->', u'NP')
('AMA', '->', u'NP')
('AMA', '->', u'NP')
('Warwick', '->', u'NP')
('Davis', '->', u'NP')
('Pole', '->', u'NP')
('Dan', '->', u'NP')
('Puerto', '->', u'NP')
('Rico', '->', u'NP')
('Felix', '->', u'NP')
('Amazon', '->', u'NP')
('Adrian', '->', u'NP')
('Chen', '->', u'NP')
('Neil', '->', u'NP')
('Tyson', '->', u'NP')
('Steve', '->', u'NP')
('Aaron', '->', u'NP')
('AMA', '->', u'NP')
('Nicolas', '->', u'NP')
('Butler', '->', u'NP')
('Nate', '->', u'NP')
('Nazi', '->', u'NP')
('Wheaton', '->', u'NP')
('Diane', '->', u'NP')
('Russell', '->', u'NP')
('Eric', '->', u'NP')
('Lander', '->', u'NP')
('AMA', '->', u'NP')
('Alex', '->', u'NP')
('Jonathan', '->', u'NP')
('Ross', '->', u'NP')
('AMA', '->', u'NP')
('AMA', '->', u'NP')
('Margaret', '->', u'NP')
('Booker', '->', u'NP')
('Danny', '->', u'NP')
('Peter', '->', u'NP')
('David', '->', u'NP')
('Blaine', '->', u'NP')
('AMA', '->', u'NP')
('Anita', '->', u'NP')
('Burns', '->', u'NP')
('John', '->', u'NP')
('Rebecca', '->', u'NP')
('Black', '->', u'NP')
('Edward', '->', u'NP')
('Stephen', '->', u'NP')
('AMA', '->', u'NP')
('Arnold', '->', u'NP')
('Morgan', '->', u'NP')
('Freeman', '->', u'NP')
('Lisa', '->', u'NP')
('Mars', '->', u'NP')
('Green', '->', u'NP')
('Stein', '->', u'NP')
('Rand', '->', u'NP')
('AMA', '->', u'NP')
('Mitchell', '->', u'NP')
('AMA', '->', u'NP')
('AMA', '->', u'NP')
('David', '->', u'NP')
('Crane', '->', u'NP')
('AMA', '->', u'NP')
('Hitler', '->', u'NP')
('Dennis', '->', u'NP')
('Farina', '->', u'NP')
('Gary', '->', u'NP')
('Johnson', '->', u'NP')
('AMA', '->', u'NP')
('Clarence', '->', u'NP')
('Hitler', '->', u'NP')
('Joseph', '->', u'NP')
('Gordon', '->', u'NP')
('Levitt', '->', u'NP')
('Jeff', '->', u'NP')
('David', '->', u'NP')
('AMA', '->', u'NP')
('Australia', '->', u'NP')
('Al', '->', u'NP')
('Joe', '->', u'NP')
('March', '->', u'NP')
('AMA', '->', u'NP')
('Jim', '->', u'NP')
('Denver', '->', u'NP')
('Adam', '->', u'NP')
('AMA', '->', u'NP')
('James', '->', u'NP')
('AMA', '->', u'NP')
('Steve', '->', u'NP')
('Austin', '->', u'NP')
('Davis', '->', u'NP')
('Smithsonian', '->', u'NP')
('Michael', '->', u'NP')
('Moore', '->', u'NP')
('Gary', '->', u'NP')
('Johnson', '->', u'NP')
('AMA', '->', u'NP')
('Bill', '->', u'NP')
('Gates', '->', u'NP')
('AMA', '->', u'NP')
('Cairo', '->', u'NP')
('Freddy', '->', u'NP')
('AMA', '->', u'NP')
('Mark', '->', u'NP')
('Santa', '->', u'NP')
('AMA', '->', u'NP')
('George', '->', u'NP')
('Jimmy', '->', u'NP')
('Hoffa', '->', u'NP')
('Sept', '->', u'NP')
('Jim', '->', u'NP')
('Beam', '->', u'NP')
('Pi', '->', u'NP')
('Aaron', '->', u'NP')
('Paul', '->', u'NP')
('AMA', '->', u'NP')
('Theresa', '->', u'NP')
('AMA', '->', u'NP')
('James', '->', u'NP')
('Hitler', '->', u'NP')
('Learned', '->', u'NP')
('Esquire', '->', u'NP')
('Mars', '->', u'NP')
('Afghan', '->', u'NP')
('Rose', '->', u'NP')
('Danny', '->', u'NP')
('AMA', '->', u'NP')
('Booker', '->', u'NP')
('AMA', '->', u'NP')
('Guam', '->', u'NP')
('Japan', '->', u'NP')
('Napoleon', '->', u'NP')
('Bush', '->', u'NP')
('Colorado', '->', u'NP')
('Cambodia', '->', u'NP')
('Venus', '->', u'NP')
('AMA', '->', u'NP')
('Stephen', '->', u'NP')
('Andrew', '->', u'NP')
('AMA', '->', u'NP')
('Rose', '->', u'NP')
('AMA', '->', u'NP')
('Shakespeare', '->', u'NP')
('Larry', '->', u'NP')
('America', '->', u'NP')
('Scot', '->', u'NP')
('AMA', '->', u'NP')
('AMA', '->', u'NP')
('Pi', '->', u'NP')
('Lucas', '->', u'NP')
('David', '->', u'NP')
('AMA', '->', u'NP')
('Ezra', '->', u'NP')
('Klein', '->', u'NP')
('AMA', '->', u'NP')
('Alexis', '->', u'NP')
('Erik', '->', u'NP')
('Martin', '->', u'NP')
('AMA', '->', u'NP')
('AMA', '->', u'NP')
('April', '->', u'NP')
('Jupiter', '->', u'NP')
('AMA', '->', u'NP')
('Canada', '->', u'NP')
('AMA', '->', u'NP')
('AMA', '->', u'NP')
('Rome', '->', u'NP')
('AMA', '->', u'NP')
('Phoenix', '->', u'NP')
('Bill', '->', u'NP')
('Tim', '->', u'NP')
('AMA', '->', u'NP')
('Harry', '->', u'NP')
('Potter', '->', u'NP')
('Satan', '->', u'NP')
('Seattle', '->', u'NP')
('Buzz', '->', u'NP')
('Rob', '->', u'NP')
('AMA', '->', u'NP')
('Canada', '->', u'NP')
('Smith', '->', u'NP')
('Jim', '->', u'NP')
('Breuer', '->', u'NP')
('AMA', '->', u'NP')
('Cambodia', '->', u'NP')
('David', '->', u'NP')
('Aurora', '->', u'NP')
('Japan', '->', u'NP')
('AMA', '->', u'NP')
('AMA', '->', u'NP')
('AMA', '->', u'NP')
('James', '->', u'NP')
('AMA', '->', u'NP')
('Hitler', '->', u'NP')
('Wheaton', '->', u'NP')
('Santa', '->', u'NP')
('Chicago', '->', u'NP')
('Chicago', '->', u'NP')
('Shirley', '->', u'NP')
('Einstein', '->', u'NP')
('Adam', '->', u'NP')
('Eve', '->', u'NP')
('James', '->', u'NP')
('Halloween', '->', u'NP')
('Greenland', '->', u'NP')
('Adrian', '->', u'NP')
('Chen', '->', u'NP')
('AMA', '->', u'NP')
('U', '->', u'NP')
('S', '->', u'NP')
('Louis', '->', u'NP')
('K', '->', u'NP')
('Louis', '->', u'NP')
('K', '->', u'NP')
('Thomas', '->', u'NP')
('Canada', '->', u'NP')
('Jon', '->', u'NP')
('Stewart', '->', u'NP')
('Portugal', '->', u'NP')
('Virginia', '->', u'NP')
('Tech', '->', u'NP')
('AMA', '->', u'NP')
('Robin', '->', u'NP')
('Williams', '->', u'NP')
('Guy', '->', u'NP')
('Louis', '->', u'NP')
('K', '->', u'NP')
('Louis', '->', u'NP')
('K', '->', u'NP')
('Lucas', '->', u'NP')
('AMA', '->', u'NP')
('AMA', '->', u'NP')
('Tyson', '->', u'NP')
('Lucas', '->', u'NP')
('Gonzalez', '->', u'NP')
('Lucas', '->', u'NP')
('Jon', '->', u'NP')
('Stewart', '->', u'NP')
('December', '->', u'NP')
('U', '->', u'NP')
('S', '->', u'NP')
('Brandon', '->', u'NP')
('Harris', '->', u'NP')
('AMA', '->', u'NP')
('Neil', '->', u'NP')
('Tyson', '->', u'NP')
('AMA', '->', u'NP')
('Alexis', '->', u'NP')
('Chicago', '->', u'NP')
('Jan', '->', u'NP')
('Indiana', '->', u'NP')
('Jones', '->', u'NP')
('Jimmy', '->', u'NP')
('April', '->', u'NP')
('Gus', '->', u'NP')
('Jeff', '->', u'NP')
('Lauren', '->', u'NP')
('Slaughter', '->', u'NP')
('Berlin', '->', u'NP')
('Lauren', '->', u'NP')
407 

13960
