ClashOfClans.csv
0
Sentiment(classification='neg', p_pos=0.47455260098536473, p_neg=0.525447399014635)


1
Sentiment(classification='pos', p_pos=0.55766854272888311, p_neg=0.44233145727111617)




-0.4 0.4 0.483889428143 0.516110571857
0
24-31st July Reddit Zulu VS Reddit Phi
Sentiment(polarity=0.34999999999999998, subjectivity=0.65000000000000002)
('Don', '->', u'NP')
('Scott', '->', u'NP')
('S', '->', u'NP')
('Jorge', '->', u'NP')
('U', '->', u'NP')
('Jorge', '->', u'NP')
('Tower', '->', u'NP')
('T', '->', u'NP')
('July', '->', u'NP')
('Jorge', '->', u'NP')
('Jorge', '->', u'NP')
('Wilson', '->', u'NP')
('God', '->', u'NP')
('Tower', '->', u'NP')
('Tower', '->', u'NP')
('Pi', '->', u'NP')
('Jorge', '->', u'NP')
('Steve', '->', u'NP')
('Don', '->', u'NP')
('Jorge', '->', u'NP')
('God', '->', u'NP')
('Christmas', '->', u'NP')
('Scott', '->', u'NP')
('S', '->', u'NP')
('Jorge', '->', u'NP')
('Self', '->', u'NP')
('Cool', '->', u'NP')
('Phi', '->', u'NP')
('Christmas', '->', u'NP')
('Pretty', '->', u'NP')
('Sigma', '->', u'NP')
('Scott', '->', u'NP')
('S', '->', u'NP')
('Tower', '->', u'NP')
('Forbes', '->', u'NP')
('May', '->', u'NP')
('John', '->', u'NP')
('Jorge', '->', u'NP')
('God', '->', u'NP')
('Omega', '->', u'NP')
('Jorge', '->', u'NP')
('Pretty', '->', u'NP')
('Phi', '->', u'NP')
('Met', '->', u'NP')
('Dave', '->', u'NP')
('Max', '->', u'NP')
('Lot', '->', u'NP')
('Epsilon', '->', u'NP')
('Player', '->', u'NP')
('Jorge', '->', u'NP')
('Jorge', '->', u'NP')
('November', '->', u'NP')
('Jorge', '->', u'NP')
('Sigma', '->', u'NP')
('Ray', '->', u'NP')
('Kappa', '->', u'NP')
('Tower', '->', u'NP')
('Chi', '->', u'NP')
('Steve', '->', u'NP')
('F', '->', u'NP')
('Jorge', '->', u'NP')
('Jorge', '->', u'NP')
('Tim', '->', u'NP')
('Don', '->', u'NP')
('Worth', '->', u'NP')
('Player', '->', u'NP')
('Bird', '->', u'NP')
('Bob', '->', u'NP')
('Gary', '->', u'NP')
('Tao', '->', u'NP')
('Gee', '->', u'NP')
('Rider', '->', u'NP')
('July', '->', u'NP')
('Phi', '->', u'NP')
74 

10065
