golf.csv
0
Sentiment(classification='pos', p_pos=0.62897774925225969, p_neg=0.37102225074774053)


1
Sentiment(classification='neg', p_pos=0.064905391707376123, p_neg=0.93509460829262492)




0.534090909091 0.263636363636 0.65305842952 0.34694157048
0
Torrey pines!
Sentiment(polarity=0.34999999999999998, subjectivity=0.65000000000000002)
('Fowler', '->', u'NP')
('Jason', '->', u'NP')
('Green', '->', u'NP')
('Watson', '->', u'NP')
('U', '->', u'NP')
('S', '->', u'NP')
('Adam', '->', u'NP')
('Scott', '->', u'NP')
('U', '->', u'NP')
('S', '->', u'NP')
('Watson', '->', u'NP')
('Watson', '->', u'NP')
('Augusta', '->', u'NP')
('Augusta', '->', u'NP')
('Phil', '->', u'NP')
('Goodwill', '->', u'NP')
('Charlie', '->', u'NP')
('Watson', '->', u'NP')
('Chicago', '->', u'NP')
('Watson', '->', u'NP')
('Pretty', '->', u'NP')
('Guy', '->', u'NP')
('Ball', '->', u'NP')
('Keegan', '->', u'NP')
('Bradley', '->', u'NP')
('Hard', '->', u'NP')
('Phil', '->', u'NP')
('Mike', '->', u'NP')
('Fay', '->', u'NP')
('David', '->', u'NP')
('Austria', '->', u'NP')
('Jason', '->', u'NP')
('Mark', '->', u'NP')
('Fowler', '->', u'NP')
('Jim', '->', u'NP')
('Jasper', '->', u'NP')
('Adam', '->', u'NP')
('Easter', '->', u'NP')
('San', '->', u'NP')
('Antonio', '->', u'NP')
('U', '->', u'NP')
('S', '->', u'NP')
('Scotty', '->', u'NP')
('Cameron', '->', u'NP')
('Garcia', '->', u'NP')
('Jason', '->', u'NP')
('Watson', '->', u'NP')
('Arnold', '->', u'NP')
('Palmer', '->', u'NP')
('Goodwill', '->', u'NP')
('Watson', '->', u'NP')
('U', '->', u'NP')
('S', '->', u'NP')
('U', '->', u'NP')
('S', '->', u'NP')
('Jeff', '->', u'NP')
('Fowler', '->', u'NP')
('Chicago', '->', u'NP')
('Samuel', '->', u'NP')
('L', '->', u'NP')
('Jackson', '->', u'NP')
('Sherlock', '->', u'NP')
('Seattle', '->', u'NP')
('Cool', '->', u'NP')
('Goodwill', '->', u'NP')
('Lee', '->', u'NP')
('Luke', '->', u'NP')
('Donald', '->', u'NP')
('Adam', '->', u'NP')
('Scott', '->', u'NP')
('Adam', '->', u'NP')
('Scott', '->', u'NP')
('Ken', '->', u'NP')
('Pretty', '->', u'NP')
('Andrews', '->', u'NP')
('Ireland', '->', u'NP')
('Cincinnati', '->', u'NP')
('Augusta', '->', u'NP')
('Adam', '->', u'NP')
('Scott', '->', u'NP')
('Australia', '->', u'NP')
('Brian', '->', u'NP')
('138', '->', u'NP')
('Vegas', '->', u'NP')
('Pretty', '->', u'NP')
('Bill', '->', u'NP')
('Murray', '->', u'NP')
('T', '->', u'NP')
('Cash', '->', u'NP')
('April', '->', u'NP')
('Pretty', '->', u'NP')
('Pretty', '->', u'NP')
('Birdie', '->', u'NP')
('Augusta', '->', u'NP')
('Paula', '->', u'NP')
('Don', '->', u'NP')
('Short', '->', u'NP')
('Fowler', '->', u'NP')
('Scotland', '->', u'NP')
('Jim', '->', u'NP')
('Wise', '->', u'NP')
('Arnold', '->', u'NP')
('Seattle', '->', u'NP')
('Miguel', '->', u'NP')
('Iowa', '->', u'NP')
('Iowa', '->', u'NP')
('Quebec', '->', u'NP')
('Canada', '->', u'NP')
('Winter', '->', u'NP')
('Green', '->', u'NP')
('Job', '->', u'NP')
('Hunt', '->', u'NP')
('Texas', '->', u'NP')
('Jason', '->', u'NP')
('Black', '->', u'NP')
('Pretty', '->', u'NP')
('Winter', '->', u'NP')
('Maryland', '->', u'NP')
('Don', '->', u'NP')
('Hunter', '->', u'NP')
('John', '->', u'NP')
('Daly', '->', u'NP')
('Adam', '->', u'NP')
('Scott', '->', u'NP')
('May', '->', u'NP')
('Oklahoma', '->', u'NP')
('Watson', '->', u'NP')
('Don', '->', u'NP')
('March', '->', u'NP')
('Ontario', '->', u'NP')
('America', '->', u'NP')
('Gilmore', '->', u'NP')
('Sprite', '->', u'NP')
('Adam', '->', u'NP')
('Mac', '->', u'NP')
('Bandon', '->', u'NP')
('Webb', '->', u'NP')
('Simpson', '->', u'NP')
('U', '->', u'NP')
('S', '->', u'NP')
('Austria', '->', u'NP')
('AMA', '->', u'NP')
('Augusta', '->', u'NP')
('Colorado', '->', u'NP')
('Augusta', '->', u'NP')
('Winter', '->', u'NP')
('Fowler', '->', u'NP')
('Ontario', '->', u'NP')
('Watson', '->', u'NP')
('Guy', '->', u'NP')
('Greg', '->', u'NP')
('Arnold', '->', u'NP')
('Palmer', '->', u'NP')
('Augusta', '->', u'NP')
('Ireland', '->', u'NP')
('Phil', '->', u'NP')
('Phil', '->', u'NP')
('Iceland', '->', u'NP')
('Fowler', '->', u'NP')
('Phil', '->', u'NP')
('Pemberton', '->', u'NP')
('Andrews', '->', u'NP')
('Friend', '->', u'NP')
('Rose', '->', u'NP')
('Ken', '->', u'NP')
('Venturi', '->', u'NP')
('Hunter', '->', u'NP')
('Swing', '->', u'NP')
('Mill', '->', u'NP')
('Phil', '->', u'NP')
('Cadillac', '->', u'NP')
('Hook', '->', u'NP')
('Winter', '->', u'NP')
('Easter', '->', u'NP')
('Pretty', '->', u'NP')
('Lawrence', '->', u'NP')
('Pretty', '->', u'NP')
('Ryder', '->', u'NP')
('Atlanta', '->', u'NP')
('Johnson', '->', u'NP')
('Andrews', '->', u'NP')
('Lincoln', '->', u'NP')
('San', '->', u'NP')
('Francisco', '->', u'NP')
('Don', '->', u'NP')
('U', '->', u'NP')
('S', '->', u'NP')
('Ireland', '->', u'NP')
('Wilson', '->', u'NP')
('Tom', '->', u'NP')
('Watson', '->', u'NP')
('Boston', '->', u'NP')
('Jim', '->', u'NP')
('Arnold', '->', u'NP')
('Palmer', '->', u'NP')
('Arnold', '->', u'NP')
('Palmer', '->', u'NP')
('Hawaii', '->', u'NP')
('Ball', '->', u'NP')
('John', '->', u'NP')
('Daly', '->', u'NP')
('Fowler', '->', u'NP')
('Cool', '->', u'NP')
('S', '->', u'NP')
('Fowler', '->', u'NP')
('U', '->', u'NP')
('S', '->', u'NP')
('Ireland', '->', u'NP')
('Ball', '->', u'NP')
('Wolf', '->', u'NP')
('Andrews', '->', u'NP')
('Ernie', '->', u'NP')
('Clarke', '->', u'NP')
('George', '->', u'NP')
('Green', '->', u'NP')
('Harvard', '->', u'NP')
('Jack', '->', u'NP')
('Winter', '->', u'NP')
('Ohio', '->', u'NP')
('E', '->', u'NP')
('Arnold', '->', u'NP')
('Ryder', '->', u'NP')
('Ball', '->', u'NP')
('Hunter', '->', u'NP')
('Newcastle', '->', u'NP')
('Friend', '->', u'NP')
('Ellen', '->', u'NP')
('Birdie', '->', u'NP')
('Wales', '->', u'NP')
('Spain', '->', u'NP')
('Maryland', '->', u'NP')
('Christmas', '->', u'NP')
('Lee', '->', u'NP')
('T', '->', u'NP')
('AMA', '->', u'NP')
('Birdie', '->', u'NP')
('Ontario', '->', u'NP')
('Andrew', '->', u'NP')
('Garcia', '->', u'NP')
('Scotty', '->', u'NP')
('Cameron', '->', u'NP')
('Green', '->', u'NP')
('Gilmore', '->', u'NP')
('Bob', '->', u'NP')
('Barker', '->', u'NP')
('Guy', '->', u'NP')
('Jason', '->', u'NP')
('Watson', '->', u'NP')
('Fowler', '->', u'NP')
('Davis', '->', u'NP')
('Nick', '->', u'NP')
('Forrest', '->', u'NP')
('Georgia', '->', u'NP')
('Africa', '->', u'NP')
('Pete', '->', u'NP')
('B', '->', u'NP')
('Adam', '->', u'NP')
('Scott', '->', u'NP')
('England', '->', u'NP')
('Jack', '->', u'NP')
('Nicklaus', '->', u'NP')
('Gary', '->', u'NP')
('Player', '->', u'NP')
('Arnold', '->', u'NP')
('Palmer', '->', u'NP')
('Black', '->', u'NP')
('Bush', '->', u'NP')
('Oakmont', '->', u'NP')
('May', '->', u'NP')
('Vermont', '->', u'NP')
('Ball', '->', u'NP')
('Scotland', '->', u'NP')
('Arizona', '->', u'NP')
('Adam', '->', u'NP')
('Scott', '->', u'NP')
('December', '->', u'NP')
276 

12076
