orangecounty.csv
0
Sentiment(classification='pos', p_pos=0.5, p_neg=0.5)


1
Sentiment(classification='pos', p_pos=0.84035529111114948, p_neg=0.15964470888884907)




-0.09375 0.25 0.329822354444 0.670177645556
0
Any OC Redditors on Google+? 
Sentiment(polarity=0.34999999999999998, subjectivity=0.65000000000000002)
('California', '->', u'NP')
('Disneyland', '->', u'NP')
('Howser', '->', u'NP')
('California', '->', u'NP')
('Towne', '->', u'NP')
('George', '->', u'NP')
('Michael', '->', u'NP')
('Lincoln', '->', u'NP')
('Hercules', '->', u'NP')
('Idaho', '->', u'NP')
('Cool', '->', u'NP')
('San', '->', u'NP')
('San', '->', u'NP')
('San', '->', u'NP')
('Clemente', '->', u'NP')
('Colorado', '->', u'NP')
('Alicia', '->', u'NP')
('Amy', '->', u'NP')
('California', '->', u'NP')
('Winter', '->', u'NP')
('Jay', '->', u'NP')
('Chen', '->', u'NP')
('Congress', '->', u'NP')
('AMA', '->', u'NP')
('Chapman', '->', u'NP')
('Mesa', '->', u'NP')
('July', '->', u'NP')
('California', '->', u'NP')
('San', '->', u'NP')
('Clemente', '->', u'NP')
('E', '->', u'NP')
('U', '->', u'NP')
('S', '->', u'NP')
('Huntington', '->', u'NP')
('Calvin', '->', u'NP')
('Hobbes', '->', u'NP')
('Huntington', '->', u'NP')
('California', '->', u'NP')
('El', '->', u'NP')
('Los', '->', u'NP')
('Angeles', '->', u'NP')
('Bill', '->', u'NP')
('U', '->', u'NP')
('Santa', '->', u'NP')
('Ana', '->', u'NP')
('Kelly', '->', u'NP')
('Thomas', '->', u'NP')
('Huntington', '->', u'NP')
('California', '->', u'NP')
('Los', '->', u'NP')
('Angeles', '->', u'NP')
('San', '->', u'NP')
('Diego', '->', u'NP')
('Kelly', '->', u'NP')
('Thomas', '->', u'NP')
('Bobby', '->', u'NP')
('Newport', '->', u'NP')
('Dana', '->', u'NP')
('Rube', '->', u'NP')
('Goldberg', '->', u'NP')
('Cal', '->', u'NP')
('Hannah', '->', u'NP')
('Anderson', '->', u'NP')
('Idaho', '->', u'NP')
('DiMaggio', '->', u'NP')
('Ed', '->', u'NP')
('Huntington', '->', u'NP')
('Las', '->', u'NP')
('Vegas', '->', u'NP')
('Disneyland', '->', u'NP')
('February', '->', u'NP')
('PM', '->', u'NP')
('Disneyland', '->', u'NP')
('Disneyland', '->', u'NP')
('Mesa', '->', u'NP')
('Sunny', '->', u'NP')
('Snow', '->', u'NP')
('Coronado', '->', u'NP')
('San', '->', u'NP')
('Clemente', '->', u'NP')
('Saigon', '->', u'NP')
('Cal', '->', u'NP')
('Mesa', '->', u'NP')
('Self', '->', u'NP')
('Disneyland', '->', u'NP')
('San', '->', u'NP')
('Bean', '->', u'NP')
('Newport', '->', u'NP')
('Disneyland', '->', u'NP')
('California', '->', u'NP')
('Newport', '->', u'NP')
('California', '->', u'NP')
('Huntington', '->', u'NP')
('Kelly', '->', u'NP')
('Thomas', '->', u'NP')
('Huntington', '->', u'NP')
('Berry', '->', u'NP')
('October', '->', u'NP')
('California', '->', u'NP')
('Kobayashi', '->', u'NP')
('California', '->', u'NP')
('Kelly', '->', u'NP')
('Thomas', '->', u'NP')
('Newport', '->', u'NP')
('Placentia', '->', u'NP')
('June', '->', u'NP')
('Job', '->', u'NP')
('Friend', '->', u'NP')
('Newport', '->', u'NP')
('Sell', '->', u'NP')
('California', '->', u'NP')
('Santa', '->', u'NP')
('Ana', '->', u'NP')
('Santa', '->', u'NP')
('Ana', '->', u'NP')
('Andrew', '->', u'NP')
('Scott', '->', u'NP')
('California', '->', u'NP')
('Dana', '->', u'NP')
('Hoag', '->', u'NP')
('Mormon', '->', u'NP')
('May', '->', u'NP')
('Newport', '->', u'NP')
('Cal', '->', u'NP')
('Marilyn', '->', u'NP')
('Newport', '->', u'NP')
('Guy', '->', u'NP')
('Idaho', '->', u'NP')
('Huntington', '->', u'NP')
('Newport', '->', u'NP')
('Slater', '->', u'NP')
('California', '->', u'NP')
('Santa', '->', u'NP')
('Ana', '->', u'NP')
('Newport', '->', u'NP')
('Mar', '->', u'NP')
('June', '->', u'NP')
('Newport', '->', u'NP')
('Newport', '->', u'NP')
('Bacon', '->', u'NP')
('Huntington', '->', u'NP')
('Huntington', '->', u'NP')
('Newport', '->', u'NP')
('Brown', '->', u'NP')
('California', '->', u'NP')
('Huntington', '->', u'NP')
('Warren', '->', u'NP')
('Newport', '->', u'NP')
('Ku', '->', u'NP')
('Klux', '->', u'NP')
('Klan', '->', u'NP')
('May', '->', u'NP')
('Jim', '->', u'NP')
('Disneyland', '->', u'NP')
('Seattle', '->', u'NP')
('Burger', '->', u'NP')
('Mesa', '->', u'NP')
('Black', '->', u'NP')
('Riverview', '->', u'NP')
('Carmen', '->', u'NP')
('Chase', '->', u'NP')
('Lincoln', '->', u'NP')
('Eisenhower', '->', u'NP')
('PM', '->', u'NP')
('Whiting', '->', u'NP')
('Plaza', '->', u'NP')
('Santa', '->', u'NP')
('Ana', '->', u'NP')
('Disneyland', '->', u'NP')
('Newport', '->', u'NP')
('Florida', '->', u'NP')
('Halloween', '->', u'NP')
('Mar', '->', u'NP')
('June', '->', u'NP')
('Lakewood', '->', u'NP')
('California', '->', u'NP')
('Newport', '->', u'NP')
('Republican', '->', u'NP')
('Carl', '->', u'NP')
('Huntington', '->', u'NP')
('California', '->', u'NP')
('Don', '->', u'NP')
('June', '->', u'NP')
('Hook', '->', u'NP')
('L', '->', u'NP')
('Santa', '->', u'NP')
('Ana', '->', u'NP')
('Slater', '->', u'NP')
('Sept', '->', u'NP')
('PM', '->', u'NP')
('Rider', '->', u'NP')
('Lauren', '->', u'NP')
('Huntington', '->', u'NP')
('Marcos', '->', u'NP')
('California', '->', u'NP')
('Disneyland', '->', u'NP')
('Black', '->', u'NP')
('N', '->', u'NP')
('Mar', '->', u'NP')
('Santa', '->', u'NP')
('Ana', '->', u'NP')
('Barbara', '->', u'NP')
('Whittier', '->', u'NP')
('Christmas', '->', u'NP')
('Santa', '->', u'NP')
('Ana', '->', u'NP')
('America', '->', u'NP')
('Portland', '->', u'NP')
('Santa', '->', u'NP')
('Ana', '->', u'NP')
('Janet', '->', u'NP')
('Greene', '->', u'NP')
('Disneyland', '->', u'NP')
('Newport', '->', u'NP')
('February', '->', u'NP')
('Tech', '->', u'NP')
('Stark', '->', u'NP')
('Disneyland', '->', u'NP')
('Huntington', '->', u'NP')
('Huntington', '->', u'NP')
('Weaver', '->', u'NP')
('Newport', '->', u'NP')
('Linda', '->', u'NP')
('Al', '->', u'NP')
('Fields', '->', u'NP')
('Del', '->', u'NP')
('Del', '->', u'NP')
('Newport', '->', u'NP')
('Bengal', '->', u'NP')
('Newport', '->', u'NP')
('California', '->', u'NP')
('Ray', '->', u'NP')
('Arnold', '->', u'NP')
('Friend', '->', u'NP')
('Dana', '->', u'NP')
('Christmas', '->', u'NP')
('Halloween', '->', u'NP')
('Disneyland', '->', u'NP')
('California', '->', u'NP')
('Dana', '->', u'NP')
('San', '->', u'NP')
('Diego', '->', u'NP')
('San', '->', u'NP')
('Clemente', '->', u'NP')
('Dana', '->', u'NP')
('God', '->', u'NP')
('L', '->', u'NP')
('Newport', '->', u'NP')
('Plaza', '->', u'NP')
('Miles', '->', u'NP')
('California', '->', u'NP')
('Edison', '->', u'NP')
('San', '->', u'NP')
('Carl', '->', u'NP')
('Huntington', '->', u'NP')
('Huntington', '->', u'NP')
('June', '->', u'NP')
('April', '->', u'NP')
('Lemon', '->', u'NP')
('Christmas', '->', u'NP')
('Santa', '->', u'NP')
('Ana', '->', u'NP')
('Dana', '->', u'NP')
('Cox', '->', u'NP')
('America', '->', u'NP')
('Kelly', '->', u'NP')
('Thomas', '->', u'NP')
('Kelly', '->', u'NP')
('Thomas', '->', u'NP')
('Sarah', '->', u'NP')
('Culver', '->', u'NP')
('California', '->', u'NP')
('Edison', '->', u'NP')
('San', '->', u'NP')
('Chapman', '->', u'NP')
('Dana', '->', u'NP')
('Huntington', '->', u'NP')
('Newport', '->', u'NP')
('Paul', '->', u'NP')
('Rebecca', '->', u'NP')
('Black', '->', u'NP')
('John', '->', u'NP')
('Campbell', '->', u'NP')
('S', '->', u'NP')
('Burger', '->', u'NP')
('San', '->', u'NP')
('Juan', '->', u'NP')
('Capistrano', '->', u'NP')
('Santa', '->', u'NP')
('Ana', '->', u'NP')
('Manuel', '->', u'NP')
('Dana', '->', u'NP')
('Newport', '->', u'NP')
('Dana', '->', u'NP')
('Mesa', '->', u'NP')
('Del', '->', u'NP')
('Santa', '->', u'NP')
('Ana', '->', u'NP')
('Las', '->', u'NP')
('Bill', '->', u'NP')
('Clinton', '->', u'NP')
('October', '->', u'NP')
('Bales', '->', u'NP')
('Bales', '->', u'NP')
('Dana', '->', u'NP')
('Ed', '->', u'NP')
('Royce', '->', u'NP')
('December', '->', u'NP')
('California', '->', u'NP')
('Huntington', '->', u'NP')
('Newport', '->', u'NP')
('Rolls', '->', u'NP')
('Dana', '->', u'NP')
('Santa', '->', u'NP')
('Monica', '->', u'NP')
('Huntington', '->', u'NP')
('Santa', '->', u'NP')
('Ana', '->', u'NP')
('Bill', '->', u'NP')
('Clinton', '->', u'NP')
('California', '->', u'NP')
('Metro', '->', u'NP')
('U', '->', u'NP')
('S', '->', u'NP')
('Christmas', '->', u'NP')
('Thomas', '->', u'NP')
('Kelly', '->', u'NP')
('Huntington', '->', u'NP')
('L', '->', u'NP')
('May', '->', u'NP')
('Florida', '->', u'NP')
('Villa', '->', u'NP')
('Dana', '->', u'NP')
('Pick', '->', u'NP')
('September', '->', u'NP')
('Mesa', '->', u'NP')
('Santa', '->', u'NP')
('Ana', '->', u'NP')
('B', '->', u'NP')
('November', '->', u'NP')
('December', '->', u'NP')
('San', '->', u'NP')
('Clemente', '->', u'NP')
('Friend', '->', u'NP')
('Kelly', '->', u'NP')
('Thomas', '->', u'NP')
('Cal', '->', u'NP')
('May', '->', u'NP')
('Rebecca', '->', u'NP')
('Black', '->', u'NP')
('Los', '->', u'NP')
('Angeles', '->', u'NP')
('Mubarak', '->', u'NP')
('Trinity', '->', u'NP')
('Paul', '->', u'NP')
('Crouch', '->', u'NP')
('Huntington', '->', u'NP')
('June', '->', u'NP')
('Burger', '->', u'NP')
('Brown', '->', u'NP')
('Don', '->', u'NP')
('April', '->', u'NP')
('Huntington', '->', u'NP')
('Santa', '->', u'NP')
('Ana', '->', u'NP')
('Linda', '->', u'NP')
('California', '->', u'NP')
('America', '->', u'NP')
('Dana', '->', u'NP')
('June', '->', u'NP')
('May', '->', u'NP')
('Georgia', '->', u'NP')
('Job', '->', u'NP')
('Mar', '->', u'NP')
('Santa', '->', u'NP')
('Ana', '->', u'NP')
('Santa', '->', u'NP')
('Ana', '->', u'NP')
('John', '->', u'NP')
('Campbell', '->', u'NP')
('Los', '->', u'NP')
('Angeles', '->', u'NP')
('Newport', '->', u'NP')
('California', '->', u'NP')
('Santa', '->', u'NP')
('Ana', '->', u'NP')
('Filipino', '->', u'NP')
('Kelly', '->', u'NP')
('Thomas', '->', u'NP')
('Craft', '->', u'NP')
('Disneyland', '->', u'NP')
('April', '->', u'NP')
('June', '->', u'NP')
('Newport', '->', u'NP')
('Mesa', '->', u'NP')
('Job', '->', u'NP')
('Dana', '->', u'NP')
('Santa', '->', u'NP')
('October', '->', u'NP')
('Cook', '->', u'NP')
('June', '->', u'NP')
('Berry', '->', u'NP')
('San', '->', u'NP')
('Java', '->', u'NP')
('Kelly', '->', u'NP')
('Thomas', '->', u'NP')
('Connecticut', '->', u'NP')
('Christmas', '->', u'NP')
('Santa', '->', u'NP')
('Ana', '->', u'NP')
('Newport', '->', u'NP')
('John', '->', u'NP')
('Melvin', '->', u'NP')
('Walker', '->', u'NP')
('April', '->', u'NP')
('Pick', '->', u'NP')
('Bill', '->', u'NP')
('Clinton', '->', u'NP')
('Santa', '->', u'NP')
('Ana', '->', u'NP')
('Amazon', '->', u'NP')
('Afghan', '->', u'NP')
('Adam', '->', u'NP')
('Jim', '->', u'NP')
('California', '->', u'NP')
('Cash', '->', u'NP')
('Newport', '->', u'NP')
('Kelly', '->', u'NP')
('Thomas', '->', u'NP')
('Disneyland', '->', u'NP')
('California', '->', u'NP')
('Dana', '->', u'NP')
('Mesa', '->', u'NP')
('San', '->', u'NP')
('Mesa', '->', u'NP')
('June', '->', u'NP')
('Slater', '->', u'NP')
('Santa', '->', u'NP')
('Ana', '->', u'NP')
('Disneyland', '->', u'NP')
('Pretty', '->', u'NP')
('Mesa', '->', u'NP')
('Victoria', '->', u'NP')
('Dana', '->', u'NP')
('Mario', '->', u'NP')
('Pendleton', '->', u'NP')
('Mayo', '->', u'NP')
('April', '->', u'NP')
('Mesa', '->', u'NP')
('Newport', '->', u'NP')
('Mesa', '->', u'NP')
('Halloween', '->', u'NP')
('October', '->', u'NP')
('Australian', '->', u'NP')
('Santa', '->', u'NP')
('Ana', '->', u'NP')
('December', '->', u'NP')
('Santa', '->', u'NP')
('Ana', '->', u'NP')
('Alton', '->', u'NP')
('Harvard', '->', u'NP')
('Cox', '->', u'NP')
('Halloween', '->', u'NP')
('Mesa', '->', u'NP')
('Dana', '->', u'NP')
('Coward', '->', u'NP')
('Thomas', '->', u'NP')
('Halloween', '->', u'NP')
('Russell', '->', u'NP')
('Wee', '->', u'NP')
('Burger', '->', u'NP')
('G', '->', u'NP')
('Burger', '->', u'NP')
('Bake', '->', u'NP')
('Huntington', '->', u'NP')
('May', '->', u'NP')
('Del', '->', u'NP')
('Del', '->', u'NP')
('Santa', '->', u'NP')
('Ana', '->', u'NP')
('April', '->', u'NP')
('Santa', '->', u'NP')
('Ana', '->', u'NP')
('California', '->', u'NP')
('Don', '->', u'NP')
('Neil', '->', u'NP')
('Saigon', '->', u'NP')
('California', '->', u'NP')
('AMA', '->', u'NP')
('Chris', '->', u'NP')
('Hannah', '->', u'NP')
('October', '->', u'NP')
('September', '->', u'NP')
('California', '->', u'NP')
('Arnold', '->', u'NP')
('Michael', '->', u'NP')
('Lewis', '->', u'NP')
('San', '->', u'NP')
('Jose', '->', u'NP')
('Huntington', '->', u'NP')
('June', '->', u'NP')
('July', '->', u'NP')
('Newport', '->', u'NP')
503 

13771
