tonightsdinner.csv
0
Sentiment(classification='pos', p_pos=0.56544592691911755, p_neg=0.43455407308088262)


1
Sentiment(classification='pos', p_pos=0.86618088877657307, p_neg=0.13381911122342507)




0.05 0.75 0.284186592152 0.715813407848
0
Ostrich burger with shallot, lettuce wrapped with heirloom tomato, sharp cheddar, avocado, and bacon; side of baked spicy sweet potato fries and a glass of Rogue Hazelnut Brown Nectar. 
Sentiment(polarity=0.34999999999999998, subjectivity=0.65000000000000002)
('Pretty', '->', u'NP')
('Gordon', '->', u'NP')
('Ramsey', '->', u'NP')
('Bacon', '->', u'NP')
('Bacon', '->', u'NP')
('Chicago', '->', u'NP')
('Mac', '->', u'NP')
('Caesar', '->', u'NP')
('Arlington', '->', u'NP')
('December', '->', u'NP')
('Herb', '->', u'NP')
('Mac', '->', u'NP')
('Bacon', '->', u'NP')
('Bacon', '->', u'NP')
('Thai', '->', u'NP')
('Thai', '->', u'NP')
('Japan', '->', u'NP')
('Rice', '->', u'NP')
('Buffalo', '->', u'NP')
('Burger', '->', u'NP')
('Rice', '->', u'NP')
('Don', '->', u'NP')
('Sandwich', '->', u'NP')
('Pi', '->', u'NP')
('Salmon', '->', u'NP')
('Nathan', '->', u'NP')
('Rolls', '->', u'NP')
('Green', '->', u'NP')
('Fish', '->', u'NP')
('Black', '->', u'NP')
('Stout', '->', u'NP')
('Chicago', '->', u'NP')
('Fish', '->', u'NP')
('Caesar', '->', u'NP')
('Rice', '->', u'NP')
('Herb', '->', u'NP')
('Bacon', '->', u'NP')
('Easter', '->', u'NP')
('Turkey', '->', u'NP')
('Rice', '->', u'NP')
('Ray', '->', u'NP')
('Lemon', '->', u'NP')
('Fish', '->', u'NP')
('Lucy', '->', u'NP')
('Burger', '->', u'NP')
('Sandwich', '->', u'NP')
('Easter', '->', u'NP')
('Creole', '->', u'NP')
('Rice', '->', u'NP')
('Canada', '->', u'NP')
('Rice', '->', u'NP')
('Bacon', '->', u'NP')
('Turkey', '->', u'NP')
('Ritz', '->', u'NP')
('Reuben', '->', u'NP')
('Mac', '->', u'NP')
('Annie', '->', u'NP')
('Mac', '->', u'NP')
('Mac', '->', u'NP')
('July', '->', u'NP')
('Bacon', '->', u'NP')
('Herb', '->', u'NP')
('Salmon', '->', u'NP')
('Bacon', '->', u'NP')
('Salmon', '->', u'NP')
('Julia', '->', u'NP')
('Burger', '->', u'NP')
('Green', '->', u'NP')
('Lemon', '->', u'NP')
('Bacon', '->', u'NP')
('Porterhouse', '->', u'NP')
('T', '->', u'NP')
('Short', '->', u'NP')
('Green', '->', u'NP')
('Alfredo', '->', u'NP')
('Rainy', '->', u'NP')
('Rice', '->', u'NP')
('Bacon', '->', u'NP')
('Black', '->', u'NP')
('Bean', '->', u'NP')
('Mediterranean', '->', u'NP')
('Brussels', '->', u'NP')
('Bacon', '->', u'NP')
('Olive', '->', u'NP')
('Rice', '->', u'NP')
('Lemon', '->', u'NP')
('Winter', '->', u'NP')
('Champ', '->', u'NP')
('Rosemary', '->', u'NP')
('London', '->', u'NP')
('Caesar', '->', u'NP')
('London', '->', u'NP')
('Black', '->', u'NP')
('Bean', '->', u'NP')
('Salmon', '->', u'NP')
('Rice', '->', u'NP')
('Stout', '->', u'NP')
('Bacon', '->', u'NP')
('Spain', '->', u'NP')
('Alfredo', '->', u'NP')
('Bacon', '->', u'NP')
('Burger', '->', u'NP')
('Brussels', '->', u'NP')
('Christmas', '->', u'NP')
('Green', '->', u'NP')
('Caesar', '->', u'NP')
('London', '->', u'NP')
('Salmon', '->', u'NP')
('T', '->', u'NP')
('Cobb', '->', u'NP')
('S', '->', u'NP')
('Snow', '->', u'NP')
('Lemon', '->', u'NP')
('Blanc', '->', u'NP')
('Puerto', '->', u'NP')
('Bacon', '->', u'NP')
('Emile', '->', u'NP')
('Henry', '->', u'NP')
('Filipino', '->', u'NP')
('Green', '->', u'NP')
('Rice', '->', u'NP')
('Montreal', '->', u'NP')
('Brussels', '->', u'NP')
('Lemon', '->', u'NP')
('Rice', '->', u'NP')
('Boston', '->', u'NP')
('Green', '->', u'NP')
('Bacon', '->', u'NP')
('Salmon', '->', u'NP')
('Gordon', '->', u'NP')
('Ramsey', '->', u'NP')
('Salmon', '->', u'NP')
('Bruxelles', '->', u'NP')
('Frisco', '->', u'NP')
('Mediterranean', '->', u'NP')
('Rice', '->', u'NP')
('Bacon', '->', u'NP')
('Jamaican', '->', u'NP')
('Newcastle', '->', u'NP')
('Mignon', '->', u'NP')
('Bacon', '->', u'NP')
('San', '->', u'NP')
('Green', '->', u'NP')
('Tom', '->', u'NP')
('Bake', '->', u'NP')
('Rice', '->', u'NP')
('Belgium', '->', u'NP')
('Herb', '->', u'NP')
('Chile', '->', u'NP')
('Salmon', '->', u'NP')
('Bacon', '->', u'NP')
('Salmon', '->', u'NP')
('Herb', '->', u'NP')
('Bacon', '->', u'NP')
('Paul', '->', u'NP')
('Rice', '->', u'NP')
('Alla', '->', u'NP')
('Black', '->', u'NP')
('Minnesota', '->', u'NP')
('Orin', '->', u'NP')
('Swift', '->', u'NP')
('Fish', '->', u'NP')
('Alfredo', '->', u'NP')
('Salmon', '->', u'NP')
('Thai', '->', u'NP')
('Curry', '->', u'NP')
('Curry', '->', u'NP')
('Rice', '->', u'NP')
('Wellington', '->', u'NP')
('Easter', '->', u'NP')
('Thai', '->', u'NP')
('Bacon', '->', u'NP')
('Salmon', '->', u'NP')
('Texas', '->', u'NP')
('Thai', '->', u'NP')
('Rolls', '->', u'NP')
('Philly', '->', u'NP')
('Rice', '->', u'NP')
('Turkey', '->', u'NP')
('Rolls', '->', u'NP')
('Burger', '->', u'NP')
('Rosemary', '->', u'NP')
('India', '->', u'NP')
('California', '->', u'NP')
('Brussels', '->', u'NP')
('July', '->', u'NP')
('Savoy', '->', u'NP')
('Sandwich', '->', u'NP')
('Bacon', '->', u'NP')
('Texas', '->', u'NP')
('Neapolitan', '->', u'NP')
('Salmon', '->', u'NP')
('Gordon', '->', u'NP')
('Kansas', '->', u'NP')
('Salmon', '->', u'NP')
('Lo', '->', u'NP')
('Mac', '->', u'NP')
('Bourbon', '->', u'NP')
('T', '->', u'NP')
('July', '->', u'NP')
('Salmon', '->', u'NP')
('Turkey', '->', u'NP')
('Rice', '->', u'NP')
('Thai', '->', u'NP')
('Basil', '->', u'NP')
('Turkey', '->', u'NP')
('Burger', '->', u'NP')
('Rice', '->', u'NP')
('Brown', '->', u'NP')
209 

11653
