RandomKindness.csv
0
Sentiment(classification='pos', p_pos=0.75024862214453425, p_neg=0.24975137785546825)


1
Sentiment(classification='pos', p_pos=0.90919813080394274, p_neg=0.090801869196054999)




0.252604166667 0.35 0.170276623526 0.829723376474
0
[RK] Regarding Monetary Requests and Fundraisers
Sentiment(polarity=0.34999999999999998, subjectivity=0.65000000000000002)
('Lucas', '->', u'NP')
('Caleb', '->', u'NP')
('Aurora', '->', u'NP')
('Colorado', '->', u'NP')
('Lafayette', '->', u'NP')
('Christmas', '->', u'NP')
('California', '->', u'NP')
('Ontario', '->', u'NP')
('Richard', '->', u'NP')
('Nixon', '->', u'NP')
('Australia', '->', u'NP')
('Don', '->', u'NP')
('Emmett', '->', u'NP')
('Chris', '->', u'NP')
('Edward', '->', u'NP')
('Christmas', '->', u'NP')
('Child', '->', u'NP')
('Chance', '->', u'NP')
('Met', '->', u'NP')
('Self', '->', u'NP')
('Halloween', '->', u'NP')
('Aurora', '->', u'NP')
('Colorado', '->', u'NP')
('Christmas', '->', u'NP')
('Christmas', '->', u'NP')
('Ellen', '->', u'NP')
('Christmas', '->', u'NP')
('Japan', '->', u'NP')
('Halloween', '->', u'NP')
('Faith', '->', u'NP')
('Christmas', '->', u'NP')
('Guy', '->', u'NP')
('Florida', '->', u'NP')
('November', '->', u'NP')
('Tim', '->', u'NP')
('Lucas', '->', u'NP')
('Syracuse', '->', u'NP')
('Key', '->', u'NP')
('Friend', '->', u'NP')
('Boulder', '->', u'NP')
('Colorado', '->', u'NP')
('California', '->', u'NP')
('AMA', '->', u'NP')
('Iowa', '->', u'NP')
('Christmas', '->', u'NP')
('Child', '->', u'NP')
('Dallas', '->', u'NP')
('Java', '->', u'NP')
('Virginia', '->', u'NP')
('Wisconsin', '->', u'NP')
('Madison', '->', u'NP')
('Pennsylvania', '->', u'NP')
('Seattle', '->', u'NP')
('Estes', '->', u'NP')
('Colorado', '->', u'NP')
('Eve', '->', u'NP')
('Belgium', '->', u'NP')
('Christmas', '->', u'NP')
('Philadelphia', '->', u'NP')
('Amazon', '->', u'NP')
('Hawaii', '->', u'NP')
('Montana', '->', u'NP')
('Don', '->', u'NP')
('Halloween', '->', u'NP')
('Warner', '->', u'NP')
('Cable', '->', u'NP')
('Christmas', '->', u'NP')
('Florida', '->', u'NP')
('Los', '->', u'NP')
('Angeles', '->', u'NP')
('Java', '->', u'NP')
('Santa', '->', u'NP')
('Mario', '->', u'NP')
('Buddha', '->', u'NP')
('U', '->', u'NP')
('S', '->', u'NP')
('Iraq', '->', u'NP')
('Slim', '->', u'NP')
('Jim', '->', u'NP')
('Christmas', '->', u'NP')
('Peru', '->', u'NP')
('Christmas', '->', u'NP')
('Java', '->', u'NP')
('Mac', '->', u'NP')
('Mac', '->', u'NP')
('Job', '->', u'NP')
('Australia', '->', u'NP')
('Disneyland', '->', u'NP')
('Los', '->', u'NP')
('Angeles', '->', u'NP')
('Berlin', '->', u'NP')
('December', '->', u'NP')
('U', '->', u'NP')
('S', '->', u'NP')
('Valentine', '->', u'NP')
('Amazon', '->', u'NP')
('Denver', '->', u'NP')
('Colorado', '->', u'NP')
('Harry', '->', u'NP')
('Potter', '->', u'NP')
('April', '->', u'NP')
('Christmas', '->', u'NP')
('Virginia', '->', u'NP')
('Toronto', '->', u'NP')
('Pick', '->', u'NP')
('S', '->', u'NP')
('Warner', '->', u'NP')
('Cable', '->', u'NP')
('Windsor', '->', u'NP')
('Ontario', '->', u'NP')
('Chicago', '->', u'NP')
('Don', '->', u'NP')
('Hook', '->', u'NP')
('Stephen', '->', u'NP')
('Christmas', '->', u'NP')
('Faith', '->', u'NP')
('London', '->', u'NP')
('Louis', '->', u'NP')
('London', '->', u'NP')
('Christmas', '->', u'NP')
('Amazon', '->', u'NP')
('Friend', '->', u'NP')
('Hawaii', '->', u'NP')
('Florida', '->', u'NP')
('Job', '->', u'NP')
('Peck', '->', u'NP')
('Christmas', '->', u'NP')
('Idaho', '->', u'NP')
('Lucy', '->', u'NP')
('Amazon', '->', u'NP')
('Christmas', '->', u'NP')
('Dallas', '->', u'NP')
('Dallas', '->', u'NP')
('Iowa', '->', u'NP')
('Texas', '->', u'NP')
('July', '->', u'NP')
('Amazon', '->', u'NP')
('Christmas', '->', u'NP')
('Victoria', '->', u'NP')
('Shih', '->', u'NP')
('California', '->', u'NP')
('Tucson', '->', u'NP')
('Christmas', '->', u'NP')
('Canada', '->', u'NP')
('October', '->', u'NP')
('Da', '->', u'NP')
('Santa', '->', u'NP')
('Canada', '->', u'NP')
('Amazon', '->', u'NP')
('Craft', '->', u'NP')
('Los', '->', u'NP')
('Angeles', '->', u'NP')
('L', '->', u'NP')
('Dulles', '->', u'NP')
('Alaska', '->', u'NP')
('Amazon', '->', u'NP')
('Santa', '->', u'NP')
('Norman', '->', u'NP')
('Amazon', '->', u'NP')
('Sam', '->', u'NP')
('Orlando', '->', u'NP')
('Emanuel', '->', u'NP')
('E', '->', u'NP')
('Maine', '->', u'NP')
('Europe', '->', u'NP')
('Utah', '->', u'NP')
('Christmas', '->', u'NP')
('Friend', '->', u'NP')
('Case', '->', u'NP')
('Asia', '->', u'NP')
('Short', '->', u'NP')
('Canada', '->', u'NP')
('God', '->', u'NP')
('Kitty', '->', u'NP')
('Baltimore', '->', u'NP')
('Baltimore', '->', u'NP')
('Seattle', '->', u'NP')
('Christmas', '->', u'NP')
('Cruise', '->', u'NP')
('Newport', '->', u'NP')
('Amazon', '->', u'NP')
('Amazon', '->', u'NP')
('Canada', '->', u'NP')
('Black', '->', u'NP')
('Christmas', '->', u'NP')
('November', '->', u'NP')
('Christmas', '->', u'NP')
('Turkey', '->', u'NP')
('Stamford', '->', u'NP')
('Beta', '->', u'NP')
('Coke', '->', u'NP')
('Coke', '->', u'NP')
('Boston', '->', u'NP')
('Valentine', '->', u'NP')
('Jan', '->', u'NP')
('Guest', '->', u'NP')
('Paris', '->', u'NP')
('T', '->', u'NP')
('Africa', '->', u'NP')
('S', '->', u'NP')
('Vermont', '->', u'NP')
('Amazon', '->', u'NP')
('Keys', '->', u'NP')
('Christmas', '->', u'NP')
('September', '->', u'NP')
('W', '->', u'NP')
('Madrid', '->', u'NP')
('Christmas', '->', u'NP')
('Christmas', '->', u'NP')
('Christmas', '->', u'NP')
('Christmas', '->', u'NP')
('Texas', '->', u'NP')
('Rose', '->', u'NP')
('Valentine', '->', u'NP')
('Christmas', '->', u'NP')
('Texas', '->', u'NP')
('Oregon', '->', u'NP')
('Sam', '->', u'NP')
('Valentine', '->', u'NP')
('Keys', '->', u'NP')
('Tennessee', '->', u'NP')
('App', '->', u'NP')
('Valentine', '->', u'NP')
('Keys', '->', u'NP')
('Valentine', '->', u'NP')
('Friend', '->', u'NP')
('Keys', '->', u'NP')
('PM', '->', u'NP')
228 

18923
