DaftPunk.csv
0
Sentiment(classification='pos', p_pos=0.71267169065302594, p_neg=0.28732830934697196)


1
Sentiment(classification='neg', p_pos=0.42307692307692324, p_neg=0.57692307692307643)




1.0 1.0 0.432125693135 0.567874306865
0
Long time listener, first time caller. Here's a little sticker candy for y'all while we wait.
Sentiment(polarity=0.34999999999999998, subjectivity=0.65000000000000002)
('Giorgio', '->', u'NP')
('Funk', '->', u'NP')
('Manhattan', '->', u'NP')
('Williams', '->', u'NP')
('Nile', '->', u'NP')
('Rodgers', '->', u'NP')
('Seoul', '->', u'NP')
('Thomas', '->', u'NP')
('Guy', '->', u'NP')
('Gonzales', '->', u'NP')
('Thomas', '->', u'NP')
('Wee', '->', u'NP')
('Bob', '->', u'NP')
('Andrew', '->', u'NP')
('Guy', '->', u'NP')
('Giorgio', '->', u'NP')
('Guy', '->', u'NP')
('Thomas', '->', u'NP')
('Nile', '->', u'NP')
('Rodgers', '->', u'NP')
('Nile', '->', u'NP')
('Rodgers', '->', u'NP')
('Guy', '->', u'NP')
('Manuel', '->', u'NP')
('Japan', '->', u'NP')
('Don', '->', u'NP')
('Morgan', '->', u'NP')
('Freeman', '->', u'NP')
('Guy', '->', u'NP')
('Thomas', '->', u'NP')
('America', '->', u'NP')
('Todd', '->', u'NP')
('Edwards', '->', u'NP')
('Friend', '->', u'NP')
('Pretty', '->', u'NP')
('Austin', '->', u'NP')
('June', '->', u'NP')
('Thomas', '->', u'NP')
('Sweden', '->', u'NP')
('Thomas', '->', u'NP')
('Michael', '->', u'NP')
('Jackson', '->', u'NP')
('Nile', '->', u'NP')
('Rodgers', '->', u'NP')
('Paul', '->', u'NP')
('Williams', '->', u'NP')
('San', '->', u'NP')
('Francisco', '->', u'NP')
('L', '->', u'NP')
('AMA', '->', u'NP')
('Nile', '->', u'NP')
('Rogers', '->', u'NP')
('Thomas', '->', u'NP')
('Guy', '->', u'NP')
('Don', '->', u'NP')
('Wee', '->', u'NP')
('Aaron', '->', u'NP')
('Paul', '->', u'NP')
('Jesse', '->', u'NP')
('Japan', '->', u'NP')
('Giorgio', '->', u'NP')
('Giorgio', '->', u'NP')
('Cranston', '->', u'NP')
('Giorgio', '->', u'NP')
('Thomas', '->', u'NP')
('May', '->', u'NP')
('Paul', '->', u'NP')
('Williams', '->', u'NP')
('Nile', '->', u'NP')
('Sarah', '->', u'NP')
('Thomas', '->', u'NP')
('Oslo', '->', u'NP')
('Ron', '->', u'NP')
('Thomas', '->', u'NP')
('Rodgers', '->', u'NP')
('Michael', '->', u'NP')
('Jackson', '->', u'NP')
('Thomas', '->', u'NP')
('Chicago', '->', u'NP')
('Thomas', '->', u'NP')
('Guy', '->', u'NP')
('Berlin', '->', u'NP')
('Thomas', '->', u'NP')
('God', '->', u'NP')
('Giorgio', '->', u'NP')
('Don', '->', u'NP')
('May', '->', u'NP')
('Nile', '->', u'NP')
('Rodgers', '->', u'NP')
('Oslo', '->', u'NP')
('Rufus', '->', u'NP')
('Warsaw', '->', u'NP')
('Guy', '->', u'NP')
('Wee', '->', u'NP')
('May', '->', u'NP')
('Thomas', '->', u'NP')
('Guy', '->', u'NP')
('Giorgio', '->', u'NP')
('Tokyo', '->', u'NP')
('Thomas', '->', u'NP')
('Guy', '->', u'NP')
('Wee', '->', u'NP')
('Worth', '->', u'NP')
('Stephen', '->', u'NP')
('Guy', '->', u'NP')
('L', '->', u'NP')
('Thomas', '->', u'NP')
('Guy', '->', u'NP')
('Thomas', '->', u'NP')
('Giorgio', '->', u'NP')
('George', '->', u'NP')
('London', '->', u'NP')
('Williams', '->', u'NP')
('Da', '->', u'NP')
('Todd', '->', u'NP')
('Edward', '->', u'NP')
('Argentina', '->', u'NP')
('Guy', '->', u'NP')
('Manuel', '->', u'NP')
('France', '->', u'NP')
('Guy', '->', u'NP')
('Manuel', '->', u'NP')
('Thomas', '->', u'NP')
('Amazon', '->', u'NP')
('Skip', '->', u'NP')
('Nile', '->', u'NP')
('Warsaw', '->', u'NP')
('Di', '->', u'NP')
('Giorgio', '->', u'NP')
('Giorgio', '->', u'NP')
('Buddy', '->', u'NP')
('Wee', '->', u'NP')
('Michael', '->', u'NP')
('Jackson', '->', u'NP')
('John', '->', u'NP')
('Whitney', '->', u'NP')
('Houston', '->', u'NP')
('Paul', '->', u'NP')
('Jackson', '->', u'NP')
('Thomas', '->', u'NP')
('Halloween', '->', u'NP')
('Christmas', '->', u'NP')
('Patrick', '->', u'NP')
('Seymour', '->', u'NP')
('Yin', '->', u'NP')
('God', '->', u'NP')
('Thomas', '->', u'NP')
('Paris', '->', u'NP')
('George', '->', u'NP')
('Barnett', '->', u'NP')
('Samuel', '->', u'NP')
('L', '->', u'NP')
('Jackson', '->', u'NP')
('Giorgio', '->', u'NP')
('Nile', '->', u'NP')
('Rodgers', '->', u'NP')
('Wee', '->', u'NP')
('Los', '->', u'NP')
('Angeles', '->', u'NP')
('Giorgio', '->', u'NP')
('Phoenix', '->', u'NP')
('Williams', '->', u'NP')
('May', '->', u'NP')
('Guy', '->', u'NP')
('Paris', '->', u'NP')
('Amazon', '->', u'NP')
('Guy', '->', u'NP')
('Guy', '->', u'NP')
('Pretty', '->', u'NP')
('Thomas', '->', u'NP')
('Nile', '->', u'NP')
('Thomas', '->', u'NP')
('Guy', '->', u'NP')
('Manuel', '->', u'NP')
('Giorgio', '->', u'NP')
('Giorgio', '->', u'NP')
('Guy', '->', u'NP')
('Giorgio', '->', u'NP')
('Giorgio', '->', u'NP')
('Guy', '->', u'NP')
('Manuel', '->', u'NP')
('Guy', '->', u'NP')
('Giorgio', '->', u'NP')
('Guy', '->', u'NP')
('Igor', '->', u'NP')
('Valentine', '->', u'NP')
('Guy', '->', u'NP')
('Nile', '->', u'NP')
('Rodgers', '->', u'NP')
('Wee', '->', u'NP')
('Guy', '->', u'NP')
('Nile', '->', u'NP')
('Rodgers', '->', u'NP')
('Thomas', '->', u'NP')
('Guy', '->', u'NP')
('Jackson', '->', u'NP')
('Wee', '->', u'NP')
('Los', '->', u'NP')
('Angeles', '->', u'NP')
('Nicolas', '->', u'NP')
('Dave', '->', u'NP')
('Harrington', '->', u'NP')
('Guy', '->', u'NP')
('Thomas', '->', u'NP')
('Nile', '->', u'NP')
('Rodgers', '->', u'NP')
('Pete', '->', u'NP')
('Tong', '->', u'NP')
('Guy', '->', u'NP')
('Mobile', '->', u'NP')
('Italy', '->', u'NP')
('May', '->', u'NP')
('Giorgio', '->', u'NP')
('Tokyo', '->', u'NP')
('Thomas', '->', u'NP')
('Guy', '->', u'NP')
('Van', '->', u'NP')
('S', '->', u'NP')
('November', '->', u'NP')
('Giorgio', '->', u'NP')
('Giorgio', '->', u'NP')
('Nile', '->', u'NP')
('Rodgers', '->', u'NP')
('Thomas', '->', u'NP')
('Jonathan', '->', u'NP')
('Israel', '->', u'NP')
('Wisconsin', '->', u'NP')
('July', '->', u'NP')
('Thomas', '->', u'NP')
('Guy', '->', u'NP')
('Manuel', '->', u'NP')
('Evelyn', '->', u'NP')
('Thomas', '->', u'NP')
('Thomas', '->', u'NP')
('Guy', '->', u'NP')
('Amazon', '->', u'NP')
('Tower', '->', u'NP')
('Japan', '->', u'NP')
('Oklahoma', '->', u'NP')
('Guy', '->', u'NP')
('Dublin', '->', u'NP')
('Norway', '->', u'NP')
('Mario', '->', u'NP')
('Rocky', '->', u'NP')
('Guy', '->', u'NP')
('Manuel', '->', u'NP')
('Amazon', '->', u'NP')
('Pretty', '->', u'NP')
('Pete', '->', u'NP')
('Tong', '->', u'NP')
('Don', '->', u'NP')
('London', '->', u'NP')
('Player', '->', u'NP')
('Friend', '->', u'NP')
('Amazon', '->', u'NP')
('Thomas', '->', u'NP')
('Guy', '->', u'NP')
257 

12034
