GalaxyS3.csv
0
Sentiment(classification='pos', p_pos=0.77784781076386988, p_neg=0.2221521892361305)


1
Sentiment(classification='pos', p_pos=0.61938864318771392, p_neg=0.38061135681228669)




0.170454545455 0.454545454545 0.301381773024 0.698618226976
0
"We're sorry, but your computer or network may be sending automated queries."
Sentiment(polarity=0.34999999999999998, subjectivity=0.65000000000000002)
('S', '->', u'NP')
('S', '->', u'NP')
('Low', '->', u'NP')
('Lemon', '->', u'NP')
('T', '->', u'NP')
('Player', '->', u'NP')
('Speed', '->', u'NP')
('S', '->', u'NP')
('Pandora', '->', u'NP')
('Bean', '->', u'NP')
('S', '->', u'NP')
('S', '->', u'NP')
('Bean', '->', u'NP')
('S', '->', u'NP')
('S', '->', u'NP')
('S', '->', u'NP')
('Bean', '->', u'NP')
('Bean', '->', u'NP')
('T', '->', u'NP')
('Mobile', '->', u'NP')
('Bean', '->', u'NP')
('S', '->', u'NP')
('Lemon', '->', u'NP')
('S', '->', u'NP')
('S', '->', u'NP')
('Black', '->', u'NP')
('Amazon', '->', u'NP')
('S', '->', u'NP')
('S', '->', u'NP')
('Bean', '->', u'NP')
('S', '->', u'NP')
('Mesa', '->', u'NP')
('January', '->', u'NP')
('S', '->', u'NP')
('S', '->', u'NP')
('Bean', '->', u'NP')
('T', '->', u'NP')
('S', '->', u'NP')
('Africa', '->', u'NP')
('Africa', '->', u'NP')
('T', '->', u'NP')
('Mobile', '->', u'NP')
('S', '->', u'NP')
('S', '->', u'NP')
('S', '->', u'NP')
('July', '->', u'NP')
('S', '->', u'NP')
('Rogers', '->', u'NP')
('Bean', '->', u'NP')
('December', '->', u'NP')
('Germany', '->', u'NP')
('Mar', '->', u'NP')
('T', '->', u'NP')
('Bean', '->', u'NP')
('S', '->', u'NP')
('Bean', '->', u'NP')
('App', '->', u'NP')
('Player', '->', u'NP')
('S', '->', u'NP')
('Bean', '->', u'NP')
('Amazon', '->', u'NP')
('Case', '->', u'NP')
('Hard', '->', u'NP')
('January', '->', u'NP')
('Bean', '->', u'NP')
('T', '->', u'NP')
('Bean', '->', u'NP')
('Bean', '->', u'NP')
('Case', '->', u'NP')
('App', '->', u'NP')
('Low', '->', u'NP')
('T', '->', u'NP')
('App', '->', u'NP')
('Europe', '->', u'NP')
('Case', '->', u'NP')
('Don', '->', u'NP')
('Loving', '->', u'NP')
('T', '->', u'NP')
('Mobile', '->', u'NP')
('Page', '->', u'NP')
('Bean', '->', u'NP')
('T', '->', u'NP')
('T', '->', u'NP')
('Jay', '->', u'NP')
('App', '->', u'NP')
('Slim', '->', u'NP')
('Bean', '->', u'NP')
('Bean', '->', u'NP')
('T', '->', u'NP')
('T', '->', u'NP')
('Rogers', '->', u'NP')
('T', '->', u'NP')
('T', '->', u'NP')
('Canada', '->', u'NP')
('Case', '->', u'NP')
('Bean', '->', u'NP')
('Case', '->', u'NP')
('S', '->', u'NP')
('T', '->', u'NP')
('T', '->', u'NP')
('T', '->', u'NP')
('T', '->', u'NP')
('Canada', '->', u'NP')
('S', '->', u'NP')
('China', '->', u'NP')
('Bean', '->', u'NP')
('Bean', '->', u'NP')
('Germany', '->', u'NP')
('David', '->', u'NP')
('Spade', '->', u'NP')
('S', '->', u'NP')
('E', '->', u'NP')
('T', '->', u'NP')
('Mobile', '->', u'NP')
('Bean', '->', u'NP')
('Bean', '->', u'NP')
('S', '->', u'NP')
('Amazon', '->', u'NP')
('Amazon', '->', u'NP')
('Cable', '->', u'NP')
('App', '->', u'NP')
('T', '->', u'NP')
('S', '->', u'NP')
('August', '->', u'NP')
('S', '->', u'NP')
('App', '->', u'NP')
('App', '->', u'NP')
('T', '->', u'NP')
('T', '->', u'NP')
('Mobile', '->', u'NP')
('T', '->', u'NP')
('Mac', '->', u'NP')
('T', '->', u'NP')
('Mobile', '->', u'NP')
('S', '->', u'NP')
('Cambridge', '->', u'NP')
('App', '->', u'NP')
('T', '->', u'NP')
('T', '->', u'NP')
('Mobile', '->', u'NP')
('T', '->', u'NP')
('S', '->', u'NP')
('Bean', '->', u'NP')
('App', '->', u'NP')
('S', '->', u'NP')
('T', '->', u'NP')
('Case', '->', u'NP')
('Bean', '->', u'NP')
('Beta', '->', u'NP')
('Draco', '->', u'NP')
('Black', '->', u'NP')
('T', '->', u'NP')
('Mobile', '->', u'NP')
('Lemon', '->', u'NP')
('Mobile', '->', u'NP')
('E', '->', u'NP')
('Lemon', '->', u'NP')
('London', '->', u'NP')
('Franco', '->', u'NP')
('December', '->', u'NP')
('S', '->', u'NP')
161 

12568
