nin.csv
0
Sentiment(classification='neg', p_pos=0.49491210719688877, p_neg=0.50508789280311328)


1
Sentiment(classification='pos', p_pos=0.91758366532946622, p_neg=0.082416334670535857)




0.117897727273 0.465909090909 0.293752113737 0.706247886263
0
Amazing remix of 'Strings and attractors.' I like this version better than the original. [5:45]
Sentiment(polarity=0.34999999999999998, subjectivity=0.65000000000000002)
('June', '->', u'NP')
('Disneyland', '->', u'NP')
('Fuji', '->', u'NP')
('David', '->', u'NP')
('Chuck', '->', u'NP')
('Guy', '->', u'NP')
('Robin', '->', u'NP')
('April', '->', u'NP')
('Black', '->', u'NP')
('David', '->', u'NP')
('Russell', '->', u'NP')
('Mills', '->', u'NP')
('AMA', '->', u'NP')
('Pretty', '->', u'NP')
('Dave', '->', u'NP')
('Marilyn', '->', u'NP')
('Jon', '->', u'NP')
('Stewart', '->', u'NP')
('Fuji', '->', u'NP')
('Rob', '->', u'NP')
('Sheridan', '->', u'NP')
('Black', '->', u'NP')
('Queens', '->', u'NP')
('David', '->', u'NP')
('Carson', '->', u'NP')
('Amazon', '->', u'NP')
('Russell', '->', u'NP')
('Mills', '->', u'NP')
('Hard', '->', u'NP')
('David', '->', u'NP')
('Portland', '->', u'NP')
('Self', '->', u'NP')
('August', '->', u'NP')
('Vegas', '->', u'NP')
('Oscar', '->', u'NP')
('Billy', '->', u'NP')
('Dave', '->', u'NP')
('March', '->', u'NP')
('San', '->', u'NP')
('Francisco', '->', u'NP')
('Black', '->', u'NP')
('Black', '->', u'NP')
('Peter', '->', u'NP')
('Murphy', '->', u'NP')
('Ross', '->', u'NP')
('Joseph', '->', u'NP')
('B', '->', u'NP')
('Loving', '->', u'NP')
('Boston', '->', u'NP')
('Taylor', '->', u'NP')
('Self', '->', u'NP')
('AMA', '->', u'NP')
('March', '->', u'NP')
('Tate', '->', u'NP')
('Marilyn', '->', u'NP')
('Hollywood', '->', u'NP')
('November', '->', u'NP')
('Plate', '->', u'NP')
('Black', '->', u'NP')
('Fuji', '->', u'NP')
('Paris', '->', u'NP')
('France', '->', u'NP')
('Johnny', '->', u'NP')
('Cash', '->', u'NP')
('Ross', '->', u'NP')
('David', '->', u'NP')
('Louis', '->', u'NP')
('Molotov', '->', u'NP')
('Japan', '->', u'NP')
('Madison', '->', u'NP')
('Fuji', '->', u'NP')
('April', '->', u'NP')
('Chicago', '->', u'NP')
('America', '->', u'NP')
('Philadelphia', '->', u'NP')
('Chicago', '->', u'NP')
('Illinois', '->', u'NP')
('AMA', '->', u'NP')
('Gary', '->', u'NP')
('David', '->', u'NP')
('Hollywood', '->', u'NP')
('Karen', '->', u'NP')
('Bill', '->', u'NP')
('Fuji', '->', u'NP')
('Lowe', '->', u'NP')
('Chicago', '->', u'NP')
('Io', '->', u'NP')
('Pretty', '->', u'NP')
('Fuji', '->', u'NP')
('Black', '->', u'NP')
('Oscar', '->', u'NP')
('Korea', '->', u'NP')
('Tony', '->', u'NP')
('El', '->', u'NP')
('Dave', '->', u'NP')
('Korea', '->', u'NP')
('David', '->', u'NP')
('S', '->', u'NP')
('Floyd', '->', u'NP')
('Floyd', '->', u'NP')
('April', '->', u'NP')
('Japan', '->', u'NP')
('Adrian', '->', u'NP')
('Queens', '->', u'NP')
('Al', '->', u'NP')
('Easter', '->', u'NP')
('Clint', '->', u'NP')
('Mark', '->', u'NP')
('Pretty', '->', u'NP')
('Florida', '->', u'NP')
('Gary', '->', u'NP')
('Carroll', '->', u'NP')
('Dave', '->', u'NP')
('Eric', '->', u'NP')
('Avery', '->', u'NP')
('Jane', '->', u'NP')
('Gibby', '->', u'NP')
('Haynes', '->', u'NP')
('T', '->', u'NP')
('Rob', '->', u'NP')
('Sheridan', '->', u'NP')
('Case', '->', u'NP')
('Queens', '->', u'NP')
('Japan', '->', u'NP')
('Fuji', '->', u'NP')
('Peter', '->', u'NP')
('Murphy', '->', u'NP')
('Bella', '->', u'NP')
('Pretty', '->', u'NP')
('Ireland', '->', u'NP')
('August', '->', u'NP')
('Greyhound', '->', u'NP')
('California', '->', u'NP')
('Greyhound', '->', u'NP')
('March', '->', u'NP')
('David', '->', u'NP')
('L', '->', u'NP')
('Stella', '->', u'NP')
('Richard', '->', u'NP')
('Patrick', '->', u'NP')
('Pretty', '->', u'NP')
('Robin', '->', u'NP')
('Fuji', '->', u'NP')
('Rob', '->', u'NP')
('Sheridan', '->', u'NP')
('Hard', '->', u'NP')
('Karen', '->', u'NP')
('David', '->', u'NP')
('David', '->', u'NP')
('PM', '->', u'NP')
('Low', '->', u'NP')
('Fuji', '->', u'NP')
('Fuji', '->', u'NP')
('Fuji', '->', u'NP')
('Robert', '->', u'NP')
('Palmer', '->', u'NP')
('Adrian', '->', u'NP')
('Ross', '->', u'NP')
('Allen', '->', u'NP')
('Leona', '->', u'NP')
('Lewis', '->', u'NP')
('Pretty', '->', u'NP')
('Aaron', '->', u'NP')
('Dave', '->', u'NP')
('Austin', '->', u'NP')
('Henry', '->', u'NP')
('Mike', '->', u'NP')
('Garson', '->', u'NP')
('December', '->', u'NP')
('Fuji', '->', u'NP')
('Eric', '->', u'NP')
('Avery', '->', u'NP')
('Adrian', '->', u'NP')
('Joshua', '->', u'NP')
('Eustis', '->', u'NP')
('Elvis', '->', u'NP')
('March', '->', u'NP')
('Don', '->', u'NP')
('Ross', '->', u'NP')
('December', '->', u'NP')
('Toronto', '->', u'NP')
('June', '->', u'NP')
('Ross', '->', u'NP')
('Ross', '->', u'NP')
('Simon', '->', u'NP')
('Peter', '->', u'NP')
('Oscar', '->', u'NP')
('Mark', '->', u'NP')
('June', '->', u'NP')
('Chicago', '->', u'NP')
('Abraham', '->', u'NP')
('Lincoln', '->', u'NP')
('Hunter', '->', u'NP')
('San', '->', u'NP')
('Francisco', '->', u'NP')
('David', '->', u'NP')
('Roger', '->', u'NP')
('Waters', '->', u'NP')
('Hannibal', '->', u'NP')
('Robin', '->', u'NP')
('Dillinger', '->', u'NP')
('Peter', '->', u'NP')
('Murphy', '->', u'NP')
('Peter', '->', u'NP')
('Murphy', '->', u'NP')
('Rob', '->', u'NP')
('Sheridan', '->', u'NP')
('AMA', '->', u'NP')
('Ross', '->', u'NP')
('Pretty', '->', u'NP')
('April', '->', u'NP')
('Brian', '->', u'NP')
('Sir', '->', u'NP')
('Saul', '->', u'NP')
('Williams', '->', u'NP')
('Atlanta', '->', u'NP')
('Amazon', '->', u'NP')
('El', '->', u'NP')
('Abe', '->', u'NP')
('Lincoln', '->', u'NP')
('Hunter', '->', u'NP')
('Toronto', '->', u'NP')
('Self', '->', u'NP')
('AMA', '->', u'NP')
('Ross', '->', u'NP')
('Enrique', '->', u'NP')
('Gonzales', '->', u'NP')
('Muller', '->', u'NP')
('App', '->', u'NP')
('Japan', '->', u'NP')
('Fuji', '->', u'NP')
('July', '->', u'NP')
('Mark', '->', u'NP')
('Adrian', '->', u'NP')
('Boston', '->', u'NP')
('Dave', '->', u'NP')
('Pretty', '->', u'NP')
('God', '->', u'NP')
('Black', '->', u'NP')
('Holmes', '->', u'NP')
('Iowa', '->', u'NP')
('Brian', '->', u'NP')
('Warner', '->', u'NP')
('Fuji', '->', u'NP')
('Mercer', '->', u'NP')
('David', '->', u'NP')
('Jon', '->', u'NP')
('Jackson', '->', u'NP')
('Eric', '->', u'NP')
('De', '->', u'NP')
('Cruz', '->', u'NP')
('Leona', '->', u'NP')
('Lewis', '->', u'NP')
('T', '->', u'NP')
('Ross', '->', u'NP')
('Adrian', '->', u'NP')
('Amazon', '->', u'NP')
('Jane', '->', u'NP')
('Eric', '->', u'NP')
('Avery', '->', u'NP')
('Jane', '->', u'NP')
('Andrea', '->', u'NP')
('May', '->', u'NP')
('Australian', '->', u'NP')
('Sydney', '->', u'NP')
('Orlando', '->', u'NP')
('Korea', '->', u'NP')
267 

14080
