raleigh.csv
0
Sentiment(classification='pos', p_pos=0.65708050512950755, p_neg=0.3429194948704925)


1
Sentiment(classification='pos', p_pos=0.6428571428571429, p_neg=0.3571428571428571)




0.2 0.2 0.350031176007 0.649968823993
0
Girl friend's birthday on Sunday; Any suggestions on what to do/where to take her?
Sentiment(polarity=0.34999999999999998, subjectivity=0.65000000000000002)
('Joe', '->', u'NP')
('Cameron', '->', u'NP')
('Speed', '->', u'NP')
('Ferris', '->', u'NP')
('Baltimore', '->', u'NP')
('Speed', '->', u'NP')
('Lafayette', '->', u'NP')
('Speed', '->', u'NP')
('Bird', '->', u'NP')
('Wisconsin', '->', u'NP')
('David', '->', u'NP')
('Graham', '->', u'NP')
('Bern', '->', u'NP')
('America', '->', u'NP')
('Cameron', '->', u'NP')
('Clyde', '->', u'NP')
('Cooper', '->', u'NP')
('Penny', '->', u'NP')
('Cameron', '->', u'NP')
('Sidney', '->', u'NP')
('Lowe', '->', u'NP')
('Cameron', '->', u'NP')
('Speed', '->', u'NP')
('Kroger', '->', u'NP')
('Harris', '->', u'NP')
('Forbes', '->', u'NP')
('Pullen', '->', u'NP')
('June', '->', u'NP')
('Cameron', '->', u'NP')
('Hargett', '->', u'NP')
('June', '->', u'NP')
('Bill', '->', u'NP')
('Clinton', '->', u'NP')
('Pullen', '->', u'NP')
('Oberlin', '->', u'NP')
('Clark', '->', u'NP')
('June', '->', u'NP')
('Fuji', '->', u'NP')
('Speed', '->', u'NP')
('Bill', '->', u'NP')
('Alamo', '->', u'NP')
('Jan', '->', u'NP')
('Bill', '->', u'NP')
('Clinton', '->', u'NP')
('Ben', '->', u'NP')
('Morgan', '->', u'NP')
('William', '->', u'NP')
('B', '->', u'NP')
('Friend', '->', u'NP')
('March', '->', u'NP')
('Charlotte', '->', u'NP')
('June', '->', u'NP')
('Frank', '->', u'NP')
('Smith', '->', u'NP')
('Austin', '->', u'NP')
('Speed', '->', u'NP')
('Harris', '->', u'NP')
('Howard', '->', u'NP')
('Dan', '->', u'NP')
('Allen', '->', u'NP')
('California', '->', u'NP')
('Brace', '->', u'NP')
('America', '->', u'NP')
('February', '->', u'NP')
('Bill', '->', u'NP')
('Clinton', '->', u'NP')
('Pullen', '->', u'NP')
('Black', '->', u'NP')
('Friend', '->', u'NP')
('Cameron', '->', u'NP')
('Florida', '->', u'NP')
('Boston', '->', u'NP')
('Speed', '->', u'NP')
('August', '->', u'NP')
('N', '->', u'NP')
('Valentine', '->', u'NP')
('Sept', '->', u'NP')
('U', '->', u'NP')
('S', '->', u'NP')
('Cameron', '->', u'NP')
('Trinity', '->', u'NP')
('S', '->', u'NP')
('Paschal', '->', u'NP')
('Lewis', '->', u'NP')
('Hard', '->', u'NP')
('August', '->', u'NP')
('August', '->', u'NP')
('June', '->', u'NP')
('Burger', '->', u'NP')
('Case', '->', u'NP')
('July', '->', u'NP')
('Simba', '->', u'NP')
('Cameron', '->', u'NP')
('January', '->', u'NP')
('Moore', '->', u'NP')
('India', '->', u'NP')
('Harris', '->', u'NP')
('May', '->', u'NP')
('Cooke', '->', u'NP')
('October', '->', u'NP')
('Edwards', '->', u'NP')
('Mill', '->', u'NP')
('May', '->', u'NP')
('Edwards', '->', u'NP')
('Rickshaw', '->', u'NP')
('Job', '->', u'NP')
('Rush', '->', u'NP')
('May', '->', u'NP')
('June', '->', u'NP')
('Neptune', '->', u'NP')
('Wilmington', '->', u'NP')
('Martin', '->', u'NP')
('December', '->', u'NP')
('Jerry', '->', u'NP')
('Douglas', '->', u'NP')
('January', '->', u'NP')
('Tech', '->', u'NP')
('Slim', '->', u'NP')
('Mobile', '->', u'NP')
('Miss', '->', u'NP')
('Cable', '->', u'NP')
('Alton', '->', u'NP')
('Brown', '->', u'NP')
('April', '->', u'NP')
('August', '->', u'NP')
('May', '->', u'NP')
('Jason', '->', u'NP')
('Adamo', '->', u'NP')
('Job', '->', u'NP')
('Warner', '->', u'NP')
('Cable', '->', u'NP')
('Rembrandt', '->', u'NP')
('Colt', '->', u'NP')
('Pullen', '->', u'NP')
('Bourbon', '->', u'NP')
('Dodge', '->', u'NP')
('Mitchell', '->', u'NP')
('Chicago', '->', u'NP')
('September', '->', u'NP')
('Halloween', '->', u'NP')
('Slim', '->', u'NP')
('Halloween', '->', u'NP')
('Don', '->', u'NP')
('Clayton', '->', u'NP')
('Warner', '->', u'NP')
('Cable', '->', u'NP')
('March', '->', u'NP')
('September', '->', u'NP')
('Ashley', '->', u'NP')
('Frankie', '->', u'NP')
('Clyde', '->', u'NP')
('August', '->', u'NP')
('Allen', '->', u'NP')
('Sandwich', '->', u'NP')
('Barnes', '->', u'NP')
('May', '->', u'NP')
('Moore', '->', u'NP')
('December', '->', u'NP')
('January', '->', u'NP')
('Christmas', '->', u'NP')
('Charlotte', '->', u'NP')
('T', '->', u'NP')
('U', '->', u'NP')
('Moore', '->', u'NP')
('Don', '->', u'NP')
('September', '->', u'NP')
('Clayton', '->', u'NP')
('Shakespeare', '->', u'NP')
('May', '->', u'NP')
('Bill', '->', u'NP')
('Max', '->', u'NP')
('Bird', '->', u'NP')
('March', '->', u'NP')
('Alicia', '->', u'NP')
('Keys', '->', u'NP')
('Chavis', '->', u'NP')
('Job', '->', u'NP')
('June', '->', u'NP')
('Kerby', '->', u'NP')
('Moore', '->', u'NP')
('Lincoln', '->', u'NP')
('Charlie', '->', u'NP')
('Ransom', '->', u'NP')
('Mobile', '->', u'NP')
('Iowa', '->', u'NP')
('April', '->', u'NP')
('Key', '->', u'NP')
('Lincoln', '->', u'NP')
('August', '->', u'NP')
('September', '->', u'NP')
('July', '->', u'NP')
('Pullen', '->', u'NP')
('Arizona', '->', u'NP')
('Bald', '->', u'NP')
('Hugo', '->', u'NP')
('John', '->', u'NP')
('Sept', '->', u'NP')
('Moore', '->', u'NP')
('L', '->', u'NP')
('Charlotte', '->', u'NP')
('Charlotte', '->', u'NP')
('January', '->', u'NP')
('Jones', '->', u'NP')
('Franklin', '->', u'NP')
('Ransom', '->', u'NP')
('Rocky', '->', u'NP')
('Wayne', '->', u'NP')
('June', '->', u'NP')
('Wilmington', '->', u'NP')
('Don', '->', u'NP')
('May', '->', u'NP')
('Tech', '->', u'NP')
('Rocky', '->', u'NP')
('Wilmington', '->', u'NP')
('Asheville', '->', u'NP')
('June', '->', u'NP')
('Faith', '->', u'NP')
('Ed', '->', u'NP')
('June', '->', u'NP')
('Mac', '->', u'NP')
('Player', '->', u'NP')
('Missy', '->', u'NP')
('Madison', '->', u'NP')
223 

12157
