DecidingToBeBetter.csv
0
Sentiment(classification='neg', p_pos=0.26622081719178065, p_neg=0.73377918280821974)


1
Sentiment(classification='neg', p_pos=0.4871175523349438, p_neg=0.51288244766505664)




0.281481481481 0.42962962963 0.623330815237 0.376669184763
0
Building a Beautiful Life: Moment by Moment
Sentiment(polarity=0.34999999999999998, subjectivity=0.65000000000000002)
('Self', '->', u'NP')
('Self', '->', u'NP')
('Calvin', '->', u'NP')
('Hobbes', '->', u'NP')
('Don', '->', u'NP')
('Patton', '->', u'NP')
('Chris', '->', u'NP')
('Aaron', '->', u'NP')
('Aaron', '->', u'NP')
('Jan', '->', u'NP')
('Ira', '->', u'NP')
('Self', '->', u'NP')
('Rogers', '->', u'NP')
('Chris', '->', u'NP')
('Met', '->', u'NP')
('Monk', '->', u'NP')
('Cheat', '->', u'NP')
('James', '->', u'NP')
('Arnold', '->', u'NP')
('Joe', '->', u'NP')
('Adam', '->', u'NP')
('Duncan', '->', u'NP')
('Ivan', '->', u'NP')
('Joseph', '->', u'NP')
('Self', '->', u'NP')
('Job', '->', u'NP')
('Friend', '->', u'NP')
('Worth', '->', u'NP')
('Larry', '->', u'NP')
('Smith', '->', u'NP')
('Hugh', '->', u'NP')
('Jackman', '->', u'NP')
('Self', '->', u'NP')
('Schmidt', '->', u'NP')
('Daniel', '->', u'NP')
('Sean', '->', u'NP')
('Richardson', '->', u'NP')
('Black', '->', u'NP')
('Princeton', '->', u'NP')
('Harvard', '->', u'NP')
('Learned', '->', u'NP')
('Cool', '->', u'NP')
('Self', '->', u'NP')
('Boston', '->', u'NP')
('David', '->', u'NP')
('Foster', '->', u'NP')
('Wallace', '->', u'NP')
('Byron', '->', u'NP')
('Byron', '->', u'NP')
('Jeff', '->', u'NP')
('Friedrich', '->', u'NP')
('Player', '->', u'NP')
('Don', '->', u'NP')
('Alpha', '->', u'NP')
('Arthur', '->', u'NP')
('Self', '->', u'NP')
('F', '->', u'NP')
('Pick', '->', u'NP')
('Ben', '->', u'NP')
('Franklin', '->', u'NP')
('May', '->', u'NP')
('Self', '->', u'NP')
('Self', '->', u'NP')
('Alan', '->', u'NP')
('Steve', '->', u'NP')
('Zen', '->', u'NP')
('Timothy', '->', u'NP')
('Leary', '->', u'NP')
('Cheat', '->', u'NP')
('Don', '->', u'NP')
('Sam', '->', u'NP')
('Harris', '->', u'NP')
('Henry', '->', u'NP')
('David', '->', u'NP')
('Thoreau', '->', u'NP')
('Mark', '->', u'NP')
('Self', '->', u'NP')
('Harvard', '->', u'NP')
('Zen', '->', u'NP')
('Esther', '->', u'NP')
('Benjamin', '->', u'NP')
('Franklin', '->', u'NP')
('Learned', '->', u'NP')
('Wise', '->', u'NP')
('Younger', '->', u'NP')
('Ernest', '->', u'NP')
('Hemingway', '->', u'NP')
('Self', '->', u'NP')
('Sell', '->', u'NP')
('Jason', '->', u'NP')
('Self', '->', u'NP')
('Sara', '->', u'NP')
('Henry', '->', u'NP')
('Rollins', '->', u'NP')
('Henry', '->', u'NP')
('Rollins', '->', u'NP')
('Michael', '->', u'NP')
('Jordan', '->', u'NP')
('Heard', '->', u'NP')
('Hard', '->', u'NP')
('Rose', '->', u'NP')
('Smith', '->', u'NP')
('Don', '->', u'NP')
('Buddhism', '->', u'NP')
('Don', '->', u'NP')
('Tom', '->', u'NP')
('Ventura', '->', u'NP')
('Spark', '->', u'NP')
('Kelly', '->', u'NP')
('Ann', '->', u'NP')
('Richard', '->', u'NP')
('Self', '->', u'NP')
('Buster', '->', u'NP')
('Benson', '->', u'NP')
('March', '->', u'NP')
('Forbes', '->', u'NP')
('Arnold', '->', u'NP')
('Peter', '->', u'NP')
('Bregman', '->', u'NP')
('Harvard', '->', u'NP')
('John', '->', u'NP')
('Sell', '->', u'NP')
('Cleveland', '->', u'NP')
('David', '->', u'NP')
('Boone', '->', u'NP')
('Harvard', '->', u'NP')
('Joe', '->', u'NP')
('Schlesinger', '->', u'NP')
('Self', '->', u'NP')
('Zen', '->', u'NP')
('Self', '->', u'NP')
('Self', '->', u'NP')
('Don', '->', u'NP')
('F', '->', u'NP')
('Rich', '->', u'NP')
('Benjamin', '->', u'NP')
('Self', '->', u'NP')
('Hard', '->', u'NP')
('Manning', '->', u'NP')
('Job', '->', u'NP')
('Buddha', '->', u'NP')
('Self', '->', u'NP')
('Andy', '->', u'NP')
('AMA', '->', u'NP')
('Ira', '->', u'NP')
('Arnold', '->', u'NP')
('Friend', '->', u'NP')
('AMA', '->', u'NP')
('Ivan', '->', u'NP')
('Wayne', '->', u'NP')
('Dyer', '->', u'NP')
('Arnold', '->', u'NP')
('Stephen', '->', u'NP')
('Alpha', '->', u'NP')
('Martin', '->', u'NP')
('Luther', '->', u'NP')
('Learned', '->', u'NP')
('Learned', '->', u'NP')
('Andy', '->', u'NP')
('Andy', '->', u'NP')
('Brown', '->', u'NP')
('China', '->', u'NP')
('Mel', '->', u'NP')
('Robbins', '->', u'NP')
('F', '->', u'NP')
('Marcus', '->', u'NP')
('Aurelius', '->', u'NP')
('Self', '->', u'NP')
('George', '->', u'NP')
('Learned', '->', u'NP')
('Rich', '->', u'NP')
('AMA', '->', u'NP')
('Case', '->', u'NP')
('Brian', '->', u'NP')
('Key', '->', u'NP')
('Weeks', '->', u'NP')
('Rogers', '->', u'NP')
('Warren', '->', u'NP')
('Mark', '->', u'NP')
('Self', '->', u'NP')
('Self', '->', u'NP')
('Self', '->', u'NP')
('May', '->', u'NP')
('Lincoln', '->', u'NP')
('Jon', '->', u'NP')
('Lovett', '->', u'NP')
('Don', '->', u'NP')
('Hard', '->', u'NP')
('Hard', '->', u'NP')
('Buddhism', '->', u'NP')
('Self', '->', u'NP')
('Manning', '->', u'NP')
('September', '->', u'NP')
('AMA', '->', u'NP')
('Self', '->', u'NP')
('Tech', '->', u'NP')
('Self', '->', u'NP')
('Self', '->', u'NP')
('Key', '->', u'NP')
('Self', '->', u'NP')
('Loving', '->', u'NP')
('Randy', '->', u'NP')
202 

15418
