trailerparkboys.csv
0
Sentiment(classification='pos', p_pos=0.52889084889478633, p_neg=0.47110915110521356)


1
Sentiment(classification='neg', p_pos=0.4490052391930327, p_neg=0.55099476080696752)




0.136363636364 0.454545454545 0.511051955956 0.488948044044
0
Bubbles talkin' hockey on Hockey Night in Canada
Sentiment(polarity=0.34999999999999998, subjectivity=0.65000000000000002)
('Sunnyvale', '->', u'NP')
('Sarah', '->', u'NP')
('AMA', '->', u'NP')
('Richard', '->', u'NP')
('Collins', '->', u'NP')
('Trinity', '->', u'NP')
('Bible', '->', u'NP')
('Bernard', '->', u'NP')
('Cyrus', '->', u'NP')
('Steve', '->', u'NP')
('Sunnyvale', '->', u'NP')
('Halloween', '->', u'NP')
('Phil', '->', u'NP')
('Collins', '->', u'NP')
('Mike', '->', u'NP')
('Smith', '->', u'NP')
('Canada', '->', u'NP')
('Connecticut', '->', u'NP')
('March', '->', u'NP')
('Florida', '->', u'NP')
('Halloween', '->', u'NP')
('Randy', '->', u'NP')
('Fox', '->', u'NP')
('John', '->', u'NP')
('Met', '->', u'NP')
('Phil', '->', u'NP')
('Ray', '->', u'NP')
('Randy', '->', u'NP')
('Randy', '->', u'NP')
('Memphis', '->', u'NP')
('Randy', '->', u'NP')
('Halloween', '->', u'NP')
('Ray', '->', u'NP')
('AMA', '->', u'NP')
('March', '->', u'NP')
('Ray', '->', u'NP')
('Canada', '->', u'NP')
('Portland', '->', u'NP')
('Ottawa', '->', u'NP')
('Met', '->', u'NP')
('Julian', '->', u'NP')
('Julian', '->', u'NP')
('Julian', '->', u'NP')
('Cyrus', '->', u'NP')
('Cyrus', '->', u'NP')
('Metro', '->', u'NP')
('Sarah', '->', u'NP')
('Julian', '->', u'NP')
('Sunnyvale', '->', u'NP')
('Julian', '->', u'NP')
('B', '->', u'NP')
('America', '->', u'NP')
('Randy', '->', u'NP')
('Sunnyvale', '->', u'NP')
('George', '->', u'NP')
('Green', '->', u'NP')
('Julian', '->', u'NP')
('John', '->', u'NP')
('Hunter', '->', u'NP')
('S', '->', u'NP')
('Thompson', '->', u'NP')
('Jim', '->', u'NP')
('Victoria', '->', u'NP')
('Jim', '->', u'NP')
('Manhattan', '->', u'NP')
('Guy', '->', u'NP')
('Green', '->', u'NP')
('Randy', '->', u'NP')
('T', '->', u'NP')
('John', '->', u'NP')
('Philadelphia', '->', u'NP')
('Collins', '->', u'NP')
('Canada', '->', u'NP')
('Julian', '->', u'NP')
('Met', '->', u'NP')
('Phil', '->', u'NP')
('Collins', '->', u'NP')
('Randy', '->', u'NP')
('Randy', '->', u'NP')
('Canada', '->', u'NP')
('Miss', '->', u'NP')
('Green', '->', u'NP')
('Jim', '->', u'NP')
('Randy', '->', u'NP')
('Lot', '->', u'NP')
('Halloween', '->', u'NP')
('Met', '->', u'NP')
('Richard', '->', u'NP')
('Philadelphia', '->', u'NP')
('Collins', '->', u'NP')
('Easter', '->', u'NP')
('Ray', '->', u'NP')
('Indiana', '->', u'NP')
('Guy', '->', u'NP')
('Ray', '->', u'NP')
('Met', '->', u'NP')
('July', '->', u'NP')
('Sunnyvale', '->', u'NP')
('Ray', '->', u'NP')
('Cyrus', '->', u'NP')
('George', '->', u'NP')
('Green', '->', u'NP')
('Sam', '->', u'NP')
('Christmas', '->', u'NP')
('Julian', '->', u'NP')
('Halloween', '->', u'NP')
('June', '->', u'NP')
('Cyrus', '->', u'NP')
('AMA', '->', u'NP')
('Julian', '->', u'NP')
('Bo', '->', u'NP')
('Steve', '->', u'NP')
('Randy', '->', u'NP')
('Julian', '->', u'NP')
('Sims', '->', u'NP')
('Santa', '->', u'NP')
('Claus', '->', u'NP')
('Mike', '->', u'NP')
('Sarah', '->', u'NP')
('Terry', '->', u'NP')
('Lucy', '->', u'NP')
('Sears', '->', u'NP')
('Vince', '->', u'NP')
('T', '->', u'NP')
('Jim', '->', u'NP')
('Randy', '->', u'NP')
('Julian', '->', u'NP')
('Dublin', '->', u'NP')
('Randy', '->', u'NP')
('W', '->', u'NP')
('Christmas', '->', u'NP')
('Julian', '->', u'NP')
('Christmas', '->', u'NP')
('John', '->', u'NP')
('Canada', '->', u'NP')
('Jim', '->', u'NP')
('Kitty', '->', u'NP')
('Steve', '->', u'NP')
('Michigan', '->', u'NP')
('Julian', '->', u'NP')
('Randy', '->', u'NP')
('Jimmy', '->', u'NP')
('Randy', '->', u'NP')
('Randy', '->', u'NP')
('Cyrus', '->', u'NP')
('Randy', '->', u'NP')
('John', '->', u'NP')
('Jim', '->', u'NP')
('Burger', '->', u'NP')
('Burger', '->', u'NP')
('Christmas', '->', u'NP')
('S', '->', u'NP')
('Coke', '->', u'NP')
('Don', '->', u'NP')
('Randy', '->', u'NP')
('Sunnyvale', '->', u'NP')
('God', '->', u'NP')
('Randy', '->', u'NP')
('Julian', '->', u'NP')
('Indianapolis', '->', u'NP')
('Jones', '->', u'NP')
('Ray', '->', u'NP')
('Randy', '->', u'NP')
('AMA', '->', u'NP')
('Julian', '->', u'NP')
('Ray', '->', u'NP')
('Randy', '->', u'NP')
('Philadelphia', '->', u'NP')
('Collins', '->', u'NP')
('Jacob', '->', u'NP')
('Jacob', '->', u'NP')
('Bach', '->', u'NP')
('Halloween', '->', u'NP')
('Ray', '->', u'NP')
('Randy', '->', u'NP')
('Randy', '->', u'NP')
('Julian', '->', u'NP')
('Sunnyvale', '->', u'NP')
('Nick', '->', u'NP')
('Julian', '->', u'NP')
('Randy', '->', u'NP')
('Randy', '->', u'NP')
('Randy', '->', u'NP')
('Cyrus', '->', u'NP')
('Randy', '->', u'NP')
('Halloween', '->', u'NP')
('T', '->', u'NP')
('Randy', '->', u'NP')
('Randy', '->', u'NP')
('Phil', '->', u'NP')
('Alex', '->', u'NP')
('Jacob', '->', u'NP')
('Patrick', '->', u'NP')
('Randy', '->', u'NP')
('Canada', '->', u'NP')
('Randy', '->', u'NP')
('Jacob', '->', u'NP')
('Canada', '->', u'NP')
('Don', '->', u'NP')
('Green', '->', u'NP')
('Case', '->', u'NP')
('Ontario', '->', u'NP')
('Guy', '->', u'NP')
('Julian', '->', u'NP')
('Rush', '->', u'NP')
('Julian', '->', u'NP')
('Guy', '->', u'NP')
('Julian', '->', u'NP')
('Randy', '->', u'NP')
('America', '->', u'NP')
('Julian', '->', u'NP')
('Valentine', '->', u'NP')
('Jacob', '->', u'NP')
('Burger', '->', u'NP')
('London', '->', u'NP')
('Sunnyvale', '->', u'NP')
('Randy', '->', u'NP')
('Jim', '->', u'NP')
('Rush', '->', u'NP')
('Indianapolis', '->', u'NP')
('Jones', '->', u'NP')
('Don', '->', u'NP')
('Julian', '->', u'NP')
('Barbara', '->', u'NP')
('B', '->', u'NP')
('E', '->', u'NP')
('Jimmy', '->', u'NP')
('Julian', '->', u'NP')
('Lil', '->', u'NP')
('Sam', '->', u'NP')
('Christmas', '->', u'NP')
('Mike', '->', u'NP')
('Smith', '->', u'NP')
('Seattle', '->', u'NP')
('Julian', '->', u'NP')
('Steve', '->', u'NP')
('Russia', '->', u'NP')
('Julian', '->', u'NP')
('Jim', '->', u'NP')
('Ray', '->', u'NP')
('Louis', '->', u'NP')
('F', '->', u'NP')
('Julian', '->', u'NP')
('May', '->', u'NP')
('Randy', '->', u'NP')
('Michael', '->', u'NP')
('Jackson', '->', u'NP')
('Wells', '->', u'NP')
('Collins', '->', u'NP')
('Banjo', '->', u'NP')
('Mike', '->', u'NP')
('Smith', '->', u'NP')
('Vince', '->', u'NP')
('Randy', '->', u'NP')
('Sunnyvale', '->', u'NP')
('John', '->', u'NP')
('March', '->', u'NP')
('Jesus', '->', u'NP')
('Phil', '->', u'NP')
('AMA', '->', u'NP')
('Julian', '->', u'NP')
('Santa', '->', u'NP')
('Claus', '->', u'NP')
('Mike', '->', u'NP')
('Smith', '->', u'NP')
('Steve', '->', u'NP')
('Rand', '->', u'NP')
('Cyrus', '->', u'NP')
('Randy', '->', u'NP')
('Mike', '->', u'NP')
('Smith', '->', u'NP')
('Canada', '->', u'NP')
('Julian', '->', u'NP')
('Julian', '->', u'NP')
('Buddy', '->', u'NP')
('Ray', '->', u'NP')
('Canada', '->', u'NP')
277 

9952
