japanlife.csv
0
Sentiment(classification='pos', p_pos=0.90566101338396066, p_neg=0.094338986616039858)


1
Sentiment(classification='pos', p_pos=0.59987856207971901, p_neg=0.40012143792028043)




0.7 0.5 0.247230212268 0.752769787732
0
"Why I left Japan"-One woman's bad relationship experience
Sentiment(polarity=0.34999999999999998, subjectivity=0.65000000000000002)
('Japan', '->', u'NP')
('Coke', '->', u'NP')
('AMA', '->', u'NP')
('Japan', '->', u'NP')
('Japan', '->', u'NP')
('Halloween', '->', u'NP')
('Japan', '->', u'NP')
('Cool', '->', u'NP')
('Japan', '->', u'NP')
('Japan', '->', u'NP')
('Japan', '->', u'NP')
('Japan', '->', u'NP')
('Japan', '->', u'NP')
('Japan', '->', u'NP')
('Japan', '->', u'NP')
('Japan', '->', u'NP')
('Seattle', '->', u'NP')
('Portland', '->', u'NP')
('Japan', '->', u'NP')
('Japan', '->', u'NP')
('Japan', '->', u'NP')
('Jehovah', '->', u'NP')
('Tokyo', '->', u'NP')
('Japan', '->', u'NP')
('Japan', '->', u'NP')
('Kafka', '->', u'NP')
('Japan', '->', u'NP')
('Kyoto', '->', u'NP')
('Kyoto', '->', u'NP')
('Japan', '->', u'NP')
('Japan', '->', u'NP')
('Japan', '->', u'NP')
('Japan', '->', u'NP')
('Japan', '->', u'NP')
('Child', '->', u'NP')
('Tokyo', '->', u'NP')
('Pretty', '->', u'NP')
('Japan', '->', u'NP')
('Kanto', '->', u'NP')
('Australian', '->', u'NP')
('Japan', '->', u'NP')
('Tokyo', '->', u'NP')
('U', '->', u'NP')
('S', '->', u'NP')
('Japan', '->', u'NP')
('Japan', '->', u'NP')
('Japan', '->', u'NP')
('Japan', '->', u'NP')
('Japan', '->', u'NP')
('Japan', '->', u'NP')
('Japan', '->', u'NP')
('Canada', '->', u'NP')
('Tokyo', '->', u'NP')
('Brace', '->', u'NP')
('Japan', '->', u'NP')
('Tokyo', '->', u'NP')
('Tokyo', '->', u'NP')
('Japan', '->', u'NP')
('Japan', '->', u'NP')
('Japan', '->', u'NP')
('Reese', '->', u'NP')
('Japan', '->', u'NP')
('Stinky', '->', u'NP')
('Japan', '->', u'NP')
('Japan', '->', u'NP')
('Korea', '->', u'NP')
('Japan', '->', u'NP')
('Japan', '->', u'NP')
('Tokyo', '->', u'NP')
('Tokyo', '->', u'NP')
('Plane', '->', u'NP')
('Japan', '->', u'NP')
('Tokyo', '->', u'NP')
('Tokyo', '->', u'NP')
('Japan', '->', u'NP')
('Japan', '->', u'NP')
('Japan', '->', u'NP')
('Tokyo', '->', u'NP')
('Japan', '->', u'NP')
('Japan', '->', u'NP')
('Japan', '->', u'NP')
('Japan', '->', u'NP')
('Japan', '->', u'NP')
('Japan', '->', u'NP')
('Japan', '->', u'NP')
('Japan', '->', u'NP')
('Tokyo', '->', u'NP')
('Japan', '->', u'NP')
('Japan', '->', u'NP')
('Japan', '->', u'NP')
('Tokyo', '->', u'NP')
('Japan', '->', u'NP')
('Japan', '->', u'NP')
('Japan', '->', u'NP')
('Japan', '->', u'NP')
('Tokyo', '->', u'NP')
('Japan', '->', u'NP')
('Japan', '->', u'NP')
('Japan', '->', u'NP')
('Japan', '->', u'NP')
('Japan', '->', u'NP')
('Japan', '->', u'NP')
('Japan', '->', u'NP')
('Amazon', '->', u'NP')
('Fuji', '->', u'NP')
('Japan', '->', u'NP')
('Japan', '->', u'NP')
('Japan', '->', u'NP')
('Osaka', '->', u'NP')
('Japan', '->', u'NP')
('Winter', '->', u'NP')
('Christmas', '->', u'NP')
('Tokyo', '->', u'NP')
('T', '->', u'NP')
('Japan', '->', u'NP')
('Japan', '->', u'NP')
('Japan', '->', u'NP')
('Japan', '->', u'NP')
('Kanto', '->', u'NP')
('Tokyo', '->', u'NP')
('Japan', '->', u'NP')
('Japan', '->', u'NP')
('Japan', '->', u'NP')
('Yen', '->', u'NP')
('Japan', '->', u'NP')
('Japan', '->', u'NP')
('Japan', '->', u'NP')
('Japan', '->', u'NP')
('Tokyo', '->', u'NP')
('Japan', '->', u'NP')
('Japan', '->', u'NP')
('Japan', '->', u'NP')
('Japan', '->', u'NP')
('Japan', '->', u'NP')
('Japan', '->', u'NP')
('Japan', '->', u'NP')
('Tokyo', '->', u'NP')
('Japan', '->', u'NP')
('Okinawa', '->', u'NP')
('Tokyo', '->', u'NP')
('Japan', '->', u'NP')
('Tokyo', '->', u'NP')
('Japan', '->', u'NP')
('Japan', '->', u'NP')
('Kyoto', '->', u'NP')
('Japan', '->', u'NP')
('India', '->', u'NP')
('Japan', '->', u'NP')
('Japan', '->', u'NP')
('Japan', '->', u'NP')
('October', '->', u'NP')
('Japan', '->', u'NP')
('Japan', '->', u'NP')
('Tokyo', '->', u'NP')
('Japan', '->', u'NP')
('Japan', '->', u'NP')
('Japan', '->', u'NP')
('Tokyo', '->', u'NP')
('Hitch', '->', u'NP')
('Japan', '->', u'NP')
('Japan', '->', u'NP')
('Japan', '->', u'NP')
('Japan', '->', u'NP')
('Japan', '->', u'NP')
('Japan', '->', u'NP')
('Friend', '->', u'NP')
('Japan', '->', u'NP')
('Tokyo', '->', u'NP')
('Japan', '->', u'NP')
('Kyoto', '->', u'NP')
('May', '->', u'NP')
('Japan', '->', u'NP')
('Tokyo', '->', u'NP')
('Japan', '->', u'NP')
('Tokyo', '->', u'NP')
('Japan', '->', u'NP')
('Kyoto', '->', u'NP')
('Osaka', '->', u'NP')
('Japan', '->', u'NP')
('Japan', '->', u'NP')
('Tokyo', '->', u'NP')
('Japan', '->', u'NP')
('Cash', '->', u'NP')
('K', '->', u'NP')
('Japan', '->', u'NP')
('Japan', '->', u'NP')
('Japan', '->', u'NP')
('Japan', '->', u'NP')
('Japan', '->', u'NP')
('Japan', '->', u'NP')
('Japan', '->', u'NP')
('August', '->', u'NP')
('Tokyo', '->', u'NP')
('Japan', '->', u'NP')
('Japan', '->', u'NP')
('Japan', '->', u'NP')
('Japan', '->', u'NP')
('Tokyo', '->', u'NP')
('Tokyo', '->', u'NP')
('Japan', '->', u'NP')
('Tokyo', '->', u'NP')
('Japan', '->', u'NP')
('Japan', '->', u'NP')
('March', '->', u'NP')
('Japan', '->', u'NP')
('Japan', '->', u'NP')
('U', '->', u'NP')
('S', '->', u'NP')
('Labrador', '->', u'NP')
('Japan', '->', u'NP')
('Japan', '->', u'NP')
('Osaka', '->', u'NP')
('Tokyo', '->', u'NP')
('Kyoto', '->', u'NP')
('Kyoto', '->', u'NP')
('Japan', '->', u'NP')
('Japan', '->', u'NP')
('Japan', '->', u'NP')
('Japan', '->', u'NP')
('Japan', '->', u'NP')
('Tokyo', '->', u'NP')
('Japan', '->', u'NP')
('Tokyo', '->', u'NP')
('Tokyo', '->', u'NP')
('Osaka', '->', u'NP')
('Japan', '->', u'NP')
('Japan', '->', u'NP')
('Tokyo', '->', u'NP')
('Japan', '->', u'NP')
('Japan', '->', u'NP')
('Japan', '->', u'NP')
('Tokyo', '->', u'NP')
('Japan', '->', u'NP')
('Japan', '->', u'NP')
('Japan', '->', u'NP')
('Tokyo', '->', u'NP')
('Tokyo', '->', u'NP')
('Japan', '->', u'NP')
('Japan', '->', u'NP')
('Fuji', '->', u'NP')
('Japan', '->', u'NP')
('Friend', '->', u'NP')
('Tokyo', '->', u'NP')
('Japan', '->', u'NP')
('Japan', '->', u'NP')
('Japan', '->', u'NP')
('Kyoto', '->', u'NP')
('Tokyo', '->', u'NP')
('June', '->', u'NP')
('Japan', '->', u'NP')
('Japan', '->', u'NP')
('Kyoto', '->', u'NP')
('Tokyo', '->', u'NP')
('Osaka', '->', u'NP')
('Tokyo', '->', u'NP')
('Japan', '->', u'NP')
('Japan', '->', u'NP')
('Tokyo', '->', u'NP')
('Japan', '->', u'NP')
('Japan', '->', u'NP')
('Japan', '->', u'NP')
('Japan', '->', u'NP')
('Japan', '->', u'NP')
('Japan', '->', u'NP')
('Japan', '->', u'NP')
('Tokyo', '->', u'NP')
('PM', '->', u'NP')
('Michael', '->', u'NP')
('Booth', '->', u'NP')
('Kyoto', '->', u'NP')
('Japan', '->', u'NP')
('Tokyo', '->', u'NP')
('Japan', '->', u'NP')
('Japan', '->', u'NP')
('Japan', '->', u'NP')
('Tokyo', '->', u'NP')
('Japan', '->', u'NP')
('Tokyo', '->', u'NP')
('March', '->', u'NP')
('Japan', '->', u'NP')
('Tokyo', '->', u'NP')
('Japan', '->', u'NP')
('Japan', '->', u'NP')
('Tokyo', '->', u'NP')
('Japan', '->', u'NP')
('Tokyo', '->', u'NP')
('Japan', '->', u'NP')
('April', '->', u'NP')
('Tokyo', '->', u'NP')
('Pandora', '->', u'NP')
('Japan', '->', u'NP')
('Japan', '->', u'NP')
('Okinawa', '->', u'NP')
('Japan', '->', u'NP')
('Japan', '->', u'NP')
('Japan', '->', u'NP')
('Lindsay', '->', u'NP')
('Japan', '->', u'NP')
('Briton', '->', u'NP')
('Japan', '->', u'NP')
('Osaka', '->', u'NP')
('Japan', '->', u'NP')
('Tokyo', '->', u'NP')
('Japan', '->', u'NP')
('Hiroshima', '->', u'NP')
('Japan', '->', u'NP')
('Japan', '->', u'NP')
('Japan', '->', u'NP')
('Japan', '->', u'NP')
('Tokyo', '->', u'NP')
('Okinawa', '->', u'NP')
('Japan', '->', u'NP')
('Osaka', '->', u'NP')
('Pocket', '->', u'NP')
('U', '->', u'NP')
('S', '->', u'NP')
('Japan', '->', u'NP')
('Japan', '->', u'NP')
('Ray', '->', u'NP')
('Japan', '->', u'NP')
('Tokyo', '->', u'NP')
('Japan', '->', u'NP')
('Japan', '->', u'NP')
('Japan', '->', u'NP')
('Tokyo', '->', u'NP')
('Japan', '->', u'NP')
('Japan', '->', u'NP')
('Tokyo', '->', u'NP')
('Tokyo', '->', u'NP')
('Japan', '->', u'NP')
('Tokyo', '->', u'NP')
('Japan', '->', u'NP')
('Mobile', '->', u'NP')
('Japan', '->', u'NP')
('Japan', '->', u'NP')
('Japan', '->', u'NP')
('Ham', '->', u'NP')
('Japan', '->', u'NP')
('Friend', '->', u'NP')
('Japan', '->', u'NP')
('Japan', '->', u'NP')
('Friend', '->', u'NP')
('Tokyo', '->', u'NP')
('Japan', '->', u'NP')
('China', '->', u'NP')
('Korea', '->', u'NP')
('Japan', '->', u'NP')
('Tokyo', '->', u'NP')
('Tokyo', '->', u'NP')
('Japan', '->', u'NP')
('Bill', '->', u'NP')
('Japan', '->', u'NP')
('Tokyo', '->', u'NP')
('Japan', '->', u'NP')
('Okinawa', '->', u'NP')
('Tokyo', '->', u'NP')
('Japan', '->', u'NP')
('Tokyo', '->', u'NP')
('Japan', '->', u'NP')
('Japan', '->', u'NP')
('Korea', '->', u'NP')
('Japan', '->', u'NP')
('Japan', '->', u'NP')
('Japan', '->', u'NP')
('Japan', '->', u'NP')
('August', '->', u'NP')
('Japan', '->', u'NP')
('Japan', '->', u'NP')
('Tokyo', '->', u'NP')
('Job', '->', u'NP')
('Japan', '->', u'NP')
('S', '->', u'NP')
('Nagasaki', '->', u'NP')
('Nicholas', '->', u'NP')
('Edwards', '->', u'NP')
('Japan', '->', u'NP')
('Tokyo', '->', u'NP')
('Japan', '->', u'NP')
('Japan', '->', u'NP')
('Japan', '->', u'NP')
('Japan', '->', u'NP')
('Japan', '->', u'NP')
('Abe', '->', u'NP')
('Japan', '->', u'NP')
('Tokyo', '->', u'NP')
('Japan', '->', u'NP')
('Australian', '->', u'NP')
('Japan', '->', u'NP')
('B', '->', u'NP')
('Japan', '->', u'NP')
('Tokyo', '->', u'NP')
('Japan', '->', u'NP')
('Japan', '->', u'NP')
('Japan', '->', u'NP')
('Japan', '->', u'NP')
('Japan', '->', u'NP')
('Japan', '->', u'NP')
('Japan', '->', u'NP')
('Korea', '->', u'NP')
('Tokyo', '->', u'NP')
('Japan', '->', u'NP')
('Japan', '->', u'NP')
('Japan', '->', u'NP')
('Japan', '->', u'NP')
('Japan', '->', u'NP')
('Australian', '->', u'NP')
('Tokyo', '->', u'NP')
('England', '->', u'NP')
('Japan', '->', u'NP')
('Japan', '->', u'NP')
('Japan', '->', u'NP')
('Slim', '->', u'NP')
('Japan', '->', u'NP')
('Japan', '->', u'NP')
('Christmas', '->', u'NP')
('Hanukkah', '->', u'NP')
('Japan', '->', u'NP')
('Winter', '->', u'NP')
('Japan', '->', u'NP')
('Japan', '->', u'NP')
('Japan', '->', u'NP')
('Japan', '->', u'NP')
('Kyoto', '->', u'NP')
('Japan', '->', u'NP')
('Christmas', '->', u'NP')
('Hiroshima', '->', u'NP')
('Tokyo', '->', u'NP')
('February', '->', u'NP')
('Japan', '->', u'NP')
('Chiba', '->', u'NP')
('Japan', '->', u'NP')
('Japan', '->', u'NP')
('K', '->', u'NP')
('Japan', '->', u'NP')
('God', '->', u'NP')
('Japan', '->', u'NP')
('Japan', '->', u'NP')
('Japan', '->', u'NP')
('Japan', '->', u'NP')
('Tokyo', '->', u'NP')
('Japan', '->', u'NP')
('Tokyo', '->', u'NP')
('Japan', '->', u'NP')
('Japan', '->', u'NP')
('Tokyo', '->', u'NP')
('Japan', '->', u'NP')
('Japan', '->', u'NP')
('Japan', '->', u'NP')
('Japan', '->', u'NP')
('Osaka', '->', u'NP')
('Tokyo', '->', u'NP')
('Japan', '->', u'NP')
('Japan', '->', u'NP')
('Japan', '->', u'NP')
('Japan', '->', u'NP')
('Japan', '->', u'NP')
('Japan', '->', u'NP')
457 

11213
