DessertPorn.csv
0
Sentiment(classification='neg', p_pos=0.40506773294516041, p_neg=0.59493226705483782)


1
Sentiment(classification='pos', p_pos=0.71768663945031597, p_neg=0.28231336054968459)




0.5 0.5 0.438622813802 0.561377186198
0
Gingerbread Cookies [844 x 563]
Sentiment(polarity=0.34999999999999998, subjectivity=0.65000000000000002)
('Ben', '->', u'NP')
('Jerry', '->', u'NP')
('Black', '->', u'NP')
('S', '->', u'NP')
('Las', '->', u'NP')
('Vegas', '->', u'NP')
('Reese', '->', u'NP')
('Rose', '->', u'NP')
('S', '->', u'NP')
('Reese', '->', u'NP')
('Boston', '->', u'NP')
('S', '->', u'NP')
('Earl', '->', u'NP')
('Stall', '->', u'NP')
('Spain', '->', u'NP')
('Japan', '->', u'NP')
('Reese', '->', u'NP')
('Korea', '->', u'NP')
('Piazza', '->', u'NP')
('Navona', '->', u'NP')
('Gay', '->', u'NP')
('Filipino', '->', u'NP')
('Adonis', '->', u'NP')
('Montreal', '->', u'NP')
('De', '->', u'NP')
('Mayo', '->', u'NP')
('Brown', '->', u'NP')
('Reese', '->', u'NP')
('Paul', '->', u'NP')
('Harry', '->', u'NP')
('Potter', '->', u'NP')
('Boston', '->', u'NP')
('Peter', '->', u'NP')
('Baker', '->', u'NP')
('Rome', '->', u'NP')
('Berry', '->', u'NP')
('Lemon', '->', u'NP')
('Rose', '->', u'NP')
('Pi', '->', u'NP')
('Lemon', '->', u'NP')
('Key', '->', u'NP')
('Reese', '->', u'NP')
('Georgia', '->', u'NP')
('Mille', '->', u'NP')
('Lemon', '->', u'NP')
('Lemon', '->', u'NP')
('Paris', '->', u'NP')
('Bean', '->', u'NP')
('July', '->', u'NP')
('Rose', '->', u'NP')
('Boston', '->', u'NP')
('Morton', '->', u'NP')
('Max', '->', u'NP')
('Brenner', '->', u'NP')
('Georgia', '->', u'NP')
('Reese', '->', u'NP')
('Bake', '->', u'NP')
('Lemon', '->', u'NP')
('Low', '->', u'NP')
('Sydney', '->', u'NP')
('Easter', '->', u'NP')
('Easter', '->', u'NP')
('Victoria', '->', u'NP')
('Napoleon', '->', u'NP')
('Berry', '->', u'NP')
('Key', '->', u'NP')
('Berry', '->', u'NP')
('Rose', '->', u'NP')
('Rose', '->', u'NP')
('Budapest', '->', u'NP')
('Hungary', '->', u'NP')
('Harry', '->', u'NP')
('Potter', '->', u'NP')
('Lemon', '->', u'NP')
('Lemon', '->', u'NP')
('Reese', '->', u'NP')
('Turkey', '->', u'NP')
('Teddy', '->', u'NP')
('S', '->', u'NP')
('Italy', '->', u'NP')
('San', '->', u'NP')
('Diego', '->', u'NP')
('Joe', '->', u'NP')
('Mitchell', '->', u'NP')
('Fish', '->', u'NP')
('Christmas', '->', u'NP')
('Christmas', '->', u'NP')
('Brown', '->', u'NP')
('Reese', '->', u'NP')
('Filipino', '->', u'NP')
('Page', '->', u'NP')
('Rose', '->', u'NP')
('Valentine', '->', u'NP')
('Ritz', '->', u'NP')
('Paris', '->', u'NP')
('Bake', '->', u'NP')
('Indonesia', '->', u'NP')
('Reese', '->', u'NP')
('Black', '->', u'NP')
('Bean', '->', u'NP')
('Lily', '->', u'NP')
('Christmas', '->', u'NP')
('Baker', '->', u'NP')
('Wynn', '->', u'NP')
('Las', '->', u'NP')
('Vegas', '->', u'NP')
('Lemon', '->', u'NP')
('Turkey', '->', u'NP')
('Lemon', '->', u'NP')
('Chantilly', '->', u'NP')
('Martini', '->', u'NP')
('Mille', '->', u'NP')
('Charleston', '->', u'NP')
('Terry', '->', u'NP')
('Thai', '->', u'NP')
('Bake', '->', u'NP')
('Tower', '->', u'NP')
('Blackberry', '->', u'NP')
('Bellini', '->', u'NP')
('Crumb', '->', u'NP')
('Marcel', '->', u'NP')
('Graham', '->', u'NP')
('Black', '->', u'NP')
('Valentine', '->', u'NP')
('Brown', '->', u'NP')
('Bean', '->', u'NP')
('Santa', '->', u'NP')
('Blackberry', '->', u'NP')
('Foster', '->', u'NP')
('Burger', '->', u'NP')
('Mille', '->', u'NP')
('France', '->', u'NP')
('Rich', '->', u'NP')
('Mandarin', '->', u'NP')
('Bacon', '->', u'NP')
('Blackberry', '->', u'NP')
('Blackberry', '->', u'NP')
('Prague', '->', u'NP')
('Alvear', '->', u'NP')
('Elizabeth', '->', u'NP')
('Grace', '->', u'NP')
('Chicago', '->', u'NP')
('Christmas', '->', u'NP')
('Bake', '->', u'NP')
('Black', '->', u'NP')
('Lemon', '->', u'NP')
('Sept', '->', u'NP')
('Harry', '->', u'NP')
('Potter', '->', u'NP')
('Robin', '->', u'NP')
('Germany', '->', u'NP')
('Rush', '->', u'NP')
('Berry', '->', u'NP')
('Indonesia', '->', u'NP')
('Jakarta', '->', u'NP')
('Easter', '->', u'NP')
('Bean', '->', u'NP')
('Bean', '->', u'NP')
('Lemon', '->', u'NP')
('Easter', '->', u'NP')
('Rose', '->', u'NP')
('Napoleon', '->', u'NP')
('Key', '->', u'NP')
('Green', '->', u'NP')
('Green', '->', u'NP')
('Elvis', '->', u'NP')
('Presley', '->', u'NP')
('Texas', '->', u'NP')
('Lemon', '->', u'NP')
('Rocky', '->', u'NP')
('Coke', '->', u'NP')
('Rocky', '->', u'NP')
('Green', '->', u'NP')
('Berry', '->', u'NP')
('Jake', '->', u'NP')
('Lemon', '->', u'NP')
('Friend', '->', u'NP')
('Valentine', '->', u'NP')
('Disneyland', '->', u'NP')
('Brown', '->', u'NP')
('Van', '->', u'NP')
('Gogh', '->', u'NP')
('S', '->', u'NP')
('S', '->', u'NP')
('Pops', '->', u'NP')
('K', '->', u'NP')
('Pops', '->', u'NP')
('Harry', '->', u'NP')
('Potter', '->', u'NP')
('Tokyo', '->', u'NP')
('Jameson', '->', u'NP')
('Lemon', '->', u'NP')
('Berry', '->', u'NP')
('Reese', '->', u'NP')
('Lemon', '->', u'NP')
('Max', '->', u'NP')
('Brenner', '->', u'NP')
('Mickey', '->', u'NP')
('Minnie', '->', u'NP')
('Pops', '->', u'NP')
('S', '->', u'NP')
('Christmas', '->', u'NP')
('Bourbon', '->', u'NP')
('Rio', '->', u'NP')
('Victoria', '->', u'NP')
('Rolls', '->', u'NP')
('July', '->', u'NP')
('Mille', '->', u'NP')
('Black', '->', u'NP')
('Rich', '->', u'NP')
('Sicily', '->', u'NP')
('Groom', '->', u'NP')
('Texas', '->', u'NP')
('S', '->', u'NP')
('Lemon', '->', u'NP')
('Key', '->', u'NP')
('Lemon', '->', u'NP')
('S', '->', u'NP')
('Black', '->', u'NP')
('Green', '->', u'NP')
('July', '->', u'NP')
('Graham', '->', u'NP')
('Bacon', '->', u'NP')
('Blackberry', '->', u'NP')
('Blackberry', '->', u'NP')
('Kitty', '->', u'NP')
('Christmas', '->', u'NP')
('Pops', '->', u'NP')
('Rocky', '->', u'NP')
('Green', '->', u'NP')
('Olive', '->', u'NP')
('Teddy', '->', u'NP')
('Fresno', '->', u'NP')
('Boston', '->', u'NP')
('Earl', '->', u'NP')
('Grey', '->', u'NP')
('Neapolitan', '->', u'NP')
('Max', '->', u'NP')
('Brenner', '->', u'NP')
('Philadelphia', '->', u'NP')
('Lemon', '->', u'NP')
('Mike', '->', u'NP')
('Crumb', '->', u'NP')
('Berry', '->', u'NP')
('Neapolitan', '->', u'NP')
('Blanc', '->', u'NP')
('Christmas', '->', u'NP')
247 

12252
