weeklyreddit.csv
0
Sentiment(classification='pos', p_pos=0.52656250000000016, p_neg=0.47343750000000012)


1
Sentiment(classification='neg', p_pos=0.48876404494382042, p_neg=0.5112359550561798)




0.5 0.5 0.492336727528 0.507663272472
0
Week#46
Sentiment(polarity=0.34999999999999998, subjectivity=0.65000000000000002)
('Jan', '->', u'NP')
('Jan', '->', u'NP')
('Sept', '->', u'NP')
('Sept', '->', u'NP')
('July', '->', u'NP')
('Jan', '->', u'NP')
('Jan', '->', u'NP')
('May', '->', u'NP')
('May', '->', u'NP')
('Mar', '->', u'NP')
('Mar', '->', u'NP')
('Jan', '->', u'NP')
('Jan', '->', u'NP')
('Jan', '->', u'NP')
('May', '->', u'NP')
('May', '->', u'NP')
('Jan', '->', u'NP')
('Jan', '->', u'NP')
('Mar', '->', u'NP')
('Mar', '->', u'NP')
('April', '->', u'NP')
('April', '->', u'NP')
('July', '->', u'NP')
('July', '->', u'NP')
('Sept', '->', u'NP')
('Sept', '->', u'NP')
('April', '->', u'NP')
('May', '->', u'NP')
('Sept', '->', u'NP')
('July', '->', u'NP')
('July', '->', u'NP')
('May', '->', u'NP')
('Mar', '->', u'NP')
('May', '->', u'NP')
('May', '->', u'NP')
('July', '->', u'NP')
('July', '->', u'NP')
('July', '->', u'NP')
('July', '->', u'NP')
('April', '->', u'NP')
('April', '->', u'NP')
('April', '->', u'NP')
('April', '->', u'NP')
('July', '->', u'NP')
('May', '->', u'NP')
('May', '->', u'NP')
('July', '->', u'NP')
('July', '->', u'NP')
('May', '->', u'NP')
('May', '->', u'NP')
('Mar', '->', u'NP')
('Mar', '->', u'NP')
('July', '->', u'NP')
('July', '->', u'NP')
('March', '->', u'NP')
('April', '->', u'NP')
('Mar', '->', u'NP')
('Jan', '->', u'NP')
('June', '->', u'NP')
('June', '->', u'NP')
('Sept', '->', u'NP')
('Sept', '->', u'NP')
('June', '->', u'NP')
('July', '->', u'NP')
('May', '->', u'NP')
('May', '->', u'NP')
('May', '->', u'NP')
('July', '->', u'NP')
('August', '->', u'NP')
69 

573
