shittyaskreddit.csv
0
Sentiment(classification='neg', p_pos=0.19962644971501031, p_neg=0.80037355028498913)


1
Sentiment(classification='pos', p_pos=0.95322822533895823, p_neg=0.046771774661043444)




-0.0293560606061 0.240340909091 0.423572662473 0.576427337527
0
Jizz-moppers of reddit, what is your average pay?
Sentiment(polarity=0.34999999999999998, subjectivity=0.65000000000000002)
('Mark', '->', u'NP')
('Samuel', '->', u'NP')
('L', '->', u'NP')
('Jackson', '->', u'NP')
('Chi', '->', u'NP')
('Bill', '->', u'NP')
('Gates', '->', u'NP')
('AMA', '->', u'NP')
('Steve', '->', u'NP')
('Amy', '->', u'NP')
('Hitler', '->', u'NP')
('Edward', '->', u'NP')
('Hitler', '->', u'NP')
('Korea', '->', u'NP')
('Korea', '->', u'NP')
('S', '->', u'NP')
('Ron', '->', u'NP')
('Burgundy', '->', u'NP')
('Africa', '->', u'NP')
('Korea', '->', u'NP')
('Mark', '->', u'NP')
('Canada', '->', u'NP')
('Dan', '->', u'NP')
('N', '->', u'NP')
('Santa', '->', u'NP')
('Claus', '->', u'NP')
('Santa', '->', u'NP')
('God', '->', u'NP')
('Snow', '->', u'NP')
('Green', '->', u'NP')
('Dyke', '->', u'NP')
('Korea', '->', u'NP')
('Satan', '->', u'NP')
('AMA', '->', u'NP')
('Dexter', '->', u'NP')
('Child', '->', u'NP')
('Child', '->', u'NP')
('Korea', '->', u'NP')
('Korea', '->', u'NP')
('April', '->', u'NP')
('Nelson', '->', u'NP')
('America', '->', u'NP')
('Antarctica', '->', u'NP')
('AMA', '->', u'NP')
('Asia', '->', u'NP')
('Easter', '->', u'NP')
('Gun', '->', u'NP')
('Charlie', '->', u'NP')
('Chaplin', '->', u'NP')
('Detroit', '->', u'NP')
('AMA', '->', u'NP')
('Slim', '->', u'NP')
('U', '->', u'NP')
('Jew', '->', u'NP')
('Hitler', '->', u'NP')
('James', '->', u'NP')
('Cameron', '->', u'NP')
('Jesus', '->', u'NP')
('Australia', '->', u'NP')
('Texas', '->', u'NP')
('Texas', '->', u'NP')
('Puerto', '->', u'NP')
('Rico', '->', u'NP')
('Africa', '->', u'NP')
('Kong', '->', u'NP')
('Al', '->', u'NP')
('Gore', '->', u'NP')
('AMA', '->', u'NP')
('Jack', '->', u'NP')
('Black', '->', u'NP')
('Jack', '->', u'NP')
('Idaho', '->', u'NP')
('Morgan', '->', u'NP')
('Freeman', '->', u'NP')
('AMA', '->', u'NP')
('God', '->', u'NP')
('Muhammad', '->', u'NP')
('Chavez', '->', u'NP')
('Joe', '->', u'NP')
('Venezuela', '->', u'NP')
('Bugs', '->', u'NP')
('Bunny', '->', u'NP')
('Miss', '->', u'NP')
('America', '->', u'NP')
('August', '->', u'NP')
('Manning', '->', u'NP')
('Jesus', '->', u'NP')
('Mohammad', '->', u'NP')
('Smith', '->', u'NP')
('Mohammad', '->', u'NP')
('Smith', '->', u'NP')
('Abraham', '->', u'NP')
('Ham', '->', u'NP')
('Joseph', '->', u'NP')
('L', '->', u'NP')
('AMA', '->', u'NP')
('Abraham', '->', u'NP')
('Lincoln', '->', u'NP')
('Australian', '->', u'NP')
('U', '->', u'NP')
('Antarctica', '->', u'NP')
('Black', '->', u'NP')
('Sabbath', '->', u'NP')
('America', '->', u'NP')
('Willis', '->', u'NP')
('Elijah', '->', u'NP')
('Wood', '->', u'NP')
('Adolf', '->', u'NP')
('Hitler', '->', u'NP')
('Jew', '->', u'NP')
('Hitler', '->', u'NP')
('Miss', '->', u'NP')
('America', '->', u'NP')
('Mario', '->', u'NP')
('Mario', '->', u'NP')
('Perry', '->', u'NP')
('Tyler', '->', u'NP')
('Perry', '->', u'NP')
('AMA', '->', u'NP')
('Rochester', '->', u'NP')
('Sherlock', '->', u'NP')
('Holmes', '->', u'NP')
('Israel', '->', u'NP')
('Jesus', '->', u'NP')
('Bel', '->', u'NP')
('Eve', '->', u'NP')
('Russia', '->', u'NP')
('God', '->', u'NP')
('Jesus', '->', u'NP')
('Christmas', '->', u'NP')
('Berlin', '->', u'NP')
('Jesus', '->', u'NP')
('Christmas', '->', u'NP')
('Korea', '->', u'NP')
('Korea', '->', u'NP')
('Stewart', '->', u'NP')
('Robert', '->', u'NP')
('France', '->', u'NP')
('Sue', '->', u'NP')
('Mecca', '->', u'NP')
('Hitler', '->', u'NP')
('Hitler', '->', u'NP')
('AMA', '->', u'NP')
('Europe', '->', u'NP')
('America', '->', u'NP')
('Australia', '->', u'NP')
('John', '->', u'NP')
('Hitler', '->', u'NP')
('Delaware', '->', u'NP')
('U', '->', u'NP')
('Lemon', '->', u'NP')
('Don', '->', u'NP')
('Jennifer', '->', u'NP')
('Lawrence', '->', u'NP')
('Ohio', '->', u'NP')
('Africa', '->', u'NP')
('America', '->', u'NP')
('Rip', '->', u'NP')
('Congress', '->', u'NP')
('Francis', '->', u'NP')
('AMA', '->', u'NP')
('Richard', '->', u'NP')
('Nixon', '->', u'NP')
('Fox', '->', u'NP')
('Chris', '->', u'NP')
('Christie', '->', u'NP')
('Sparta', '->', u'NP')
('Athens', '->', u'NP')
('America', '->', u'NP')
('Sean', '->', u'NP')
('Mormon', '->', u'NP')
('Jesus', '->', u'NP')
('AMA', '->', u'NP')
('Chris', '->', u'NP')
('Brown', '->', u'NP')
('Kelly', '->', u'NP')
('Black', '->', u'NP')
177 

17575
