assassinscreed.csv
0
Sentiment(classification='pos', p_pos=0.88841019214581929, p_neg=0.11158980785417975)


1
Sentiment(classification='pos', p_pos=0.68940590661542556, p_neg=0.31059409338457622)




0.0 1.0 0.211091950619 0.788908049381
0
A small line you might have missed in AC Brotherhood...
Sentiment(polarity=0.34999999999999998, subjectivity=0.65000000000000002)
('Faith', '->', u'NP')
('Guy', '->', u'NP')
('Connor', '->', u'NP')
('Italy', '->', u'NP')
('Pretty', '->', u'NP')
('Connor', '->', u'NP')
('Connor', '->', u'NP')
('Italy', '->', u'NP')
('Santa', '->', u'NP')
('Eden', '->', u'NP')
('Florence', '->', u'NP')
('Connor', '->', u'NP')
('Child', '->', u'NP')
('Black', '->', u'NP')
('Connor', '->', u'NP')
('Guy', '->', u'NP')
('Black', '->', u'NP')
('China', '->', u'NP')
('Rome', '->', u'NP')
('Da', '->', u'NP')
('Connor', '->', u'NP')
('Benjamin', '->', u'NP')
('Franklin', '->', u'NP')
('Amazon', '->', u'NP')
('Desmond', '->', u'NP')
('Desmond', '->', u'NP')
('Connor', '->', u'NP')
('Connor', '->', u'NP')
('Desmond', '->', u'NP')
('Desmond', '->', u'NP')
('Desmond', '->', u'NP')
('Case', '->', u'NP')
('Connor', '->', u'NP')
('Simpson', '->', u'NP')
('Desmond', '->', u'NP')
('Desmond', '->', u'NP')
('Boston', '->', u'NP')
('B', '->', u'NP')
('Connor', '->', u'NP')
('Black', '->', u'NP')
('Florence', '->', u'NP')
('Italy', '->', u'NP')
('Florence', '->', u'NP')
('Don', '->', u'NP')
('Black', '->', u'NP')
('Connor', '->', u'NP')
('Connor', '->', u'NP')
('Desmond', '->', u'NP')
('Austria', '->', u'NP')
('Florence', '->', u'NP')
('Da', '->', u'NP')
('B', '->', u'NP')
('N', '->', u'NP')
('W', '->', u'NP')
('Montreal', '->', u'NP')
('Canada', '->', u'NP')
('Canada', '->', u'NP')
('Desmond', '->', u'NP')
('Rome', '->', u'NP')
('God', '->', u'NP')
('Al', '->', u'NP')
('Black', '->', u'NP')
('Rome', '->', u'NP')
('Michael', '->', u'NP')
('Connor', '->', u'NP')
('George', '->', u'NP')
('Washington', '->', u'NP')
('Player', '->', u'NP')
('Patrice', '->', u'NP')
('Black', '->', u'NP')
('Connor', '->', u'NP')
('Florence', '->', u'NP')
('Francesco', '->', u'NP')
('Connor', '->', u'NP')
('Connor', '->', u'NP')
('Connor', '->', u'NP')
('Desmond', '->', u'NP')
('Miles', '->', u'NP')
('Desmond', '->', u'NP')
('Connor', '->', u'NP')
('Australian', '->', u'NP')
('Montreal', '->', u'NP')
('Black', '->', u'NP')
('Connor', '->', u'NP')
('Desmond', '->', u'NP')
('William', '->', u'NP')
('Rebecca', '->', u'NP')
('America', '->', u'NP')
('Rome', '->', u'NP')
('Colosseum', '->', u'NP')
('Nietzsche', '->', u'NP')
('AMA', '->', u'NP')
('Connor', '->', u'NP')
('Boston', '->', u'NP')
('Edward', '->', u'NP')
('Black', '->', u'NP')
('G', '->', u'NP')
('Connor', '->', u'NP')
('Connor', '->', u'NP')
('Black', '->', u'NP')
('Connor', '->', u'NP')
('May', '->', u'NP')
('U', '->', u'NP')
('Da', '->', u'NP')
('Desmond', '->', u'NP')
('S', '->', u'NP')
('Vernon', '->', u'NP')
('Connor', '->', u'NP')
('Florence', '->', u'NP')
('Santa', '->', u'NP')
('Maria', '->', u'NP')
('Canada', '->', u'NP')
('Guy', '->', u'NP')
('Connor', '->', u'NP')
('Connor', '->', u'NP')
('Florence', '->', u'NP')
('E', '->', u'NP')
('Connor', '->', u'NP')
('Edward', '->', u'NP')
('Desmond', '->', u'NP')
('Connor', '->', u'NP')
('March', '->', u'NP')
('July', '->', u'NP')
('Cool', '->', u'NP')
('Amazon', '->', u'NP')
('Englishman', '->', u'NP')
('Pen', '->', u'NP')
('Black', '->', u'NP')
('Penny', '->', u'NP')
('Connor', '->', u'NP')
('Connor', '->', u'NP')
('Black', '->', u'NP')
('Noah', '->', u'NP')
('Connor', '->', u'NP')
('Desmond', '->', u'NP')
('Connor', '->', u'NP')
('Italy', '->', u'NP')
('Edward', '->', u'NP')
('Black', '->', u'NP')
('Desmond', '->', u'NP')
('Desmond', '->', u'NP')
('Connor', '->', u'NP')
('Rome', '->', u'NP')
('Desmond', '->', u'NP')
('Boston', '->', u'NP')
('Connor', '->', u'NP')
('October', '->', u'NP')
('Patrice', '->', u'NP')
('Washington', '->', u'NP')
('Waldo', '->', u'NP')
('Rome', '->', u'NP')
('Faith', '->', u'NP')
('Connor', '->', u'NP')
('N', '->', u'NP')
('Connor', '->', u'NP')
('Desmond', '->', u'NP')
('Damascus', '->', u'NP')
('Syria', '->', u'NP')
('Paul', '->', u'NP')
('Revere', '->', u'NP')
('Connor', '->', u'NP')
('Black', '->', u'NP')
('Black', '->', u'NP')
('Cool', '->', u'NP')
('Sir', '->', u'NP')
('Connor', '->', u'NP')
('October', '->', u'NP')
('Charles', '->', u'NP')
('Lee', '->', u'NP')
('Connor', '->', u'NP')
('Wood', '->', u'NP')
('Key', '->', u'NP')
('Connor', '->', u'NP')
('Istanbul', '->', u'NP')
('Connor', '->', u'NP')
('Connor', '->', u'NP')
('Don', '->', u'NP')
('Boston', '->', u'NP')
('Connor', '->', u'NP')
('Valentine', '->', u'NP')
('Black', '->', u'NP')
('Boston', '->', u'NP')
('Canada', '->', u'NP')
('Black', '->', u'NP')
('Montreal', '->', u'NP')
('Rome', '->', u'NP')
('L', '->', u'NP')
('Austin', '->', u'NP')
('Florence', '->', u'NP')
('Black', '->', u'NP')
('Washington', '->', u'NP')
('Havana', '->', u'NP')
('Black', '->', u'NP')
('L', '->', u'NP')
('March', '->', u'NP')
('Desmond', '->', u'NP')
('Francisco', '->', u'NP')
('May', '->', u'NP')
('Washington', '->', u'NP')
('February', '->', u'NP')
('Desmond', '->', u'NP')
('Connor', '->', u'NP')
('Connor', '->', u'NP')
('Tuscany', '->', u'NP')
('Black', '->', u'NP')
('Bel', '->', u'NP')
('Boston', '->', u'NP')
('Oregon', '->', u'NP')
('Washington', '->', u'NP')
('Connor', '->', u'NP')
('Desmond', '->', u'NP')
('Cesare', '->', u'NP')
('Connor', '->', u'NP')
('Black', '->', u'NP')
('Desmond', '->', u'NP')
('Florence', '->', u'NP')
('Connor', '->', u'NP')
('Connor', '->', u'NP')
('Cool', '->', u'NP')
('Connor', '->', u'NP')
('Harvey', '->', u'NP')
('Dent', '->', u'NP')
('Connor', '->', u'NP')
('Washington', '->', u'NP')
224 

11725
