shibe.csv
0
Sentiment(classification='neg', p_pos=0.48471803433925598, p_neg=0.51528196566074402)


1
Sentiment(classification='pos', p_pos=0.79166666666666652, p_neg=0.2083333333333334)




0.0 0.5 0.361807649497 0.638192350503
0
euroshibe
Sentiment(polarity=0.34999999999999998, subjectivity=0.65000000000000002)
('Bob', '->', u'NP')
('Ross', '->', u'NP')
('America', '->', u'NP')
('Tech', '->', u'NP')
('Lilly', '->', u'NP')
('Michigan', '->', u'NP')
('U', '->', u'NP')
('Philadelphia', '->', u'NP')
('Cool', '->', u'NP')
('March', '->', u'NP')
10 

2210
