ArianaGrande.csv
0
Sentiment(classification='neg', p_pos=0.32758620689655193, p_neg=0.67241379310344818)


1
Sentiment(classification='pos', p_pos=0.5, p_neg=0.5)




0.2 0.3 0.586206896552 0.413793103448
0
Ariana's 8/5/12 Livechat video!
Sentiment(polarity=0.34999999999999998, subjectivity=0.65000000000000002)
('Liz', '->', u'NP')
('Valentine', '->', u'NP')
('Christmas', '->', u'NP')
('Grande', '->', u'NP')
('Grande', '->', u'NP')
('Grande', '->', u'NP')
('Victoria', '->', u'NP')
('Brown', '->', u'NP')
('Brown', '->', u'NP')
('Christmas', '->', u'NP')
('Liz', '->', u'NP')
('Grande', '->', u'NP')
('God', '->', u'NP')
('Grande', '->', u'NP')
('Elizabeth', '->', u'NP')
('October', '->', u'NP')
('Monet', '->', u'NP')
('Liz', '->', u'NP')
('Don', '->', u'NP')
('Liz', '->', u'NP')
('Sam', '->', u'NP')
('Grande', '->', u'NP')
('Miss', '->', u'NP')
('Don', '->', u'NP')
('Pretty', '->', u'NP')
('Grande', '->', u'NP')
('God', '->', u'NP')
('Los', '->', u'NP')
('Angeles', '->', u'NP')
('July', '->', u'NP')
('Grande', '->', u'NP')
('Grande', '->', u'NP')
('Grande', '->', u'NP')
('Jones', '->', u'NP')
('Crow', '->', u'NP')
('Grande', '->', u'NP')
('Victoria', '->', u'NP')
('Sam', '->', u'NP')
('Las', '->', u'NP')
('Vegas', '->', u'NP')
('May', '->', u'NP')
('Snow', '->', u'NP')
('Jones', '->', u'NP')
('Crow', '->', u'NP')
('Liz', '->', u'NP')
('Sam', '->', u'NP')
('Victoria', '->', u'NP')
('Liz', '->', u'NP')
('Black', '->', u'NP')
('Low', '->', u'NP')
('Grande', '->', u'NP')
('Brooks', '->', u'NP')
('Bella', '->', u'NP')
('Sam', '->', u'NP')
('Minnie', '->', u'NP')
('Sam', '->', u'NP')
('Grande', '->', u'NP')
('Christmas', '->', u'NP')
('Grande', '->', u'NP')
('Liz', '->', u'NP')
('Vic', '->', u'NP')
('Pretty', '->', u'NP')
('Victoria', '->', u'NP')
('Jones', '->', u'NP')
('Crow', '->', u'NP')
('Selena', '->', u'NP')
('Gomez', '->', u'NP')
('Pretty', '->', u'NP')
('Victoria', '->', u'NP')
('Babe', '->', u'NP')
('Grande', '->', u'NP')
('Bunny', '->', u'NP')
('Liz', '->', u'NP')
('Fresno', '->', u'NP')
('Sam', '->', u'NP')
('Grande', '->', u'NP')
('Elizabeth', '->', u'NP')
('Grande', '->', u'NP')
('Michael', '->', u'NP')
('Simon', '->', u'NP')
('Victoria', '->', u'NP')
('Sarah', '->', u'NP')
('Sam', '->', u'NP')
('Christmas', '->', u'NP')
('Jesus', '->', u'NP')
('Bean', '->', u'NP')
('Liz', '->', u'NP')
('Sam', '->', u'NP')
('Los', '->', u'NP')
('Angeles', '->', u'NP')
('June', '->', u'NP')
('Culver', '->', u'NP')
('April', '->', u'NP')
('Liz', '->', u'NP')
('Grande', '->', u'NP')
('Harlem', '->', u'NP')
('Sam', '->', u'NP')
('Broadway', '->', u'NP')
('April', '->', u'NP')
('Sam', '->', u'NP')
('Hollywood', '->', u'NP')
('Santa', '->', u'NP')
('Elvis', '->', u'NP')
('March', '->', u'NP')
('Snow', '->', u'NP')
('Kleenex', '->', u'NP')
('Pretty', '->', u'NP')
('Sam', '->', u'NP')
('Gibby', '->', u'NP')
('Easter', '->', u'NP')
('Sarah', '->', u'NP')
('July', '->', u'NP')
('Pretty', '->', u'NP')
('Sam', '->', u'NP')
('Frankie', '->', u'NP')
('Los', '->', u'NP')
('Angeles', '->', u'NP')
('Green', '->', u'NP')
('Sam', '->', u'NP')
('Ball', '->', u'NP')
('Los', '->', u'NP')
('Angeles', '->', u'NP')
('December', '->', u'NP')
('November', '->', u'NP')
('Mario', '->', u'NP')
('Liz', '->', u'NP')
('Grande', '->', u'NP')
('Ellen', '->', u'NP')
('Sam', '->', u'NP')
('Mommy', '->', u'NP')
('Don', '->', u'NP')
('Elizabeth', '->', u'NP')
('Valentine', '->', u'NP')
('Grande', '->', u'NP')
('Pretty', '->', u'NP')
('Grande', '->', u'NP')
('Grande', '->', u'NP')
('Liz', '->', u'NP')
('Liz', '->', u'NP')
('Christmas', '->', u'NP')
('Victoria', '->', u'NP')
('Victoria', '->', u'NP')
('Sicily', '->', u'NP')
('Los', '->', u'NP')
('Angeles', '->', u'NP')
('April', '->', u'NP')
('Liz', '->', u'NP')
('Los', '->', u'NP')
('Angeles', '->', u'NP')
('June', '->', u'NP')
('Victoria', '->', u'NP')
('Victoria', '->', u'NP')
('Nick', '->', u'NP')
('Cannon', '->', u'NP')
('Bunny', '->', u'NP')
('Minnie', '->', u'NP')
('Coke', '->', u'NP')
('Grande', '->', u'NP')
('Grande', '->', u'NP')
('Hollywood', '->', u'NP')
('Pandora', '->', u'NP')
('Liz', '->', u'NP')
('Miranda', '->', u'NP')
('E', '->', u'NP')
('November', '->', u'NP')
('Sam', '->', u'NP')
('Dawn', '->', u'NP')
('Los', '->', u'NP')
('Angeles', '->', u'NP')
('November', '->', u'NP')
('November', '->', u'NP')
('Sarah', '->', u'NP')
('Babe', '->', u'NP')
('Grande', '->', u'NP')
('Cool', '->', u'NP')
('Grande', '->', u'NP')
('Liz', '->', u'NP')
('Grande', '->', u'NP')
('June', '->', u'NP')
('Easter', '->', u'NP')
('Bunny', '->', u'NP')
('T', '->', u'NP')
('Grande', '->', u'NP')
('Whitney', '->', u'NP')
('Houston', '->', u'NP')
('Liz', '->', u'NP')
('Grande', '->', u'NP')
('Halloween', '->', u'NP')
('Bella', '->', u'NP')
('Liz', '->', u'NP')
('ABC', '->', u'NP')
('Memphis', '->', u'NP')
('Monet', '->', u'NP')
('Victoria', '->', u'NP')
('Carey', '->', u'NP')
('Victoria', '->', u'NP')
('Liz', '->', u'NP')
('Grande', '->', u'NP')
('Los', '->', u'NP')
('Angeles', '->', u'NP')
('May', '->', u'NP')
('Dorothy', '->', u'NP')
('Sam', '->', u'NP')
('June', '->', u'NP')
('Grande', '->', u'NP')
('Grande', '->', u'NP')
('Fresno', '->', u'NP')
('Black', '->', u'NP')
('Grande', '->', u'NP')
('Nathan', '->', u'NP')
('Grande', '->', u'NP')
('Dorothy', '->', u'NP')
('Matt', '->', u'NP')
('Victoria', '->', u'NP')
('Black', '->', u'NP')
('Bunny', '->', u'NP')
('Michael', '->', u'NP')
('Simon', '->', u'NP')
('Grande', '->', u'NP')
('Grande', '->', u'NP')
('Elizabeth', '->', u'NP')
('Carson', '->', u'NP')
('May', '->', u'NP')
('Lola', '->', u'NP')
('Friend', '->', u'NP')
('January', '->', u'NP')
('Monet', '->', u'NP')
('Grande', '->', u'NP')
('Mommy', '->', u'NP')
('Michael', '->', u'NP')
('Simon', '->', u'NP')
('Los', '->', u'NP')
('Angeles', '->', u'NP')
('August', '->', u'NP')
('Liz', '->', u'NP')
('Valentine', '->', u'NP')
('Friend', '->', u'NP')
('Grande', '->', u'NP')
('Grande', '->', u'NP')
('Bruno', '->', u'NP')
('Mars', '->', u'NP')
('Sam', '->', u'NP')
('Grande', '->', u'NP')
('Abe', '->', u'NP')
('Mac', '->', u'NP')
('Miller', '->', u'NP')
('Grande', '->', u'NP')
('Grande', '->', u'NP')
('Liz', '->', u'NP')
('Grande', '->', u'NP')
('Sean', '->', u'NP')
('Grande', '->', u'NP')
('Mac', '->', u'NP')
('Miller', '->', u'NP')
('Grande', '->', u'NP')
('Mac', '->', u'NP')
('Miller', '->', u'NP')
('Grande', '->', u'NP')
('Fresno', '->', u'NP')
('Grande', '->', u'NP')
('Grande', '->', u'NP')
('Liz', '->', u'NP')
('Frank', '->', u'NP')
('Liz', '->', u'NP')
('Liz', '->', u'NP')
265 

5792
