WritingPrompts.csv
0
Sentiment(classification='neg', p_pos=0.025264705565419217, p_neg=0.97473529443458073)


1
Sentiment(classification='pos', p_pos=0.54832973957141062, p_neg=0.45167026042858938)




0.0347222222222 0.223611111111 0.713202777432 0.286797222568
0
[WP] Have your work narrated by other Redditors!
Sentiment(polarity=0.34999999999999998, subjectivity=0.65000000000000002)
('Jan', '->', u'NP')
('August', '->', u'NP')
('July', '->', u'NP')
('January', '->', u'NP')
('Chuck', '->', u'NP')
('Don', '->', u'NP')
('Watson', '->', u'NP')
('Mark', '->', u'NP')
('July', '->', u'NP')
('E', '->', u'NP')
('July', '->', u'NP')
('August', '->', u'NP')
('January', '->', u'NP')
('Chuck', '->', u'NP')
('Poe', '->', u'NP')
('Molly', '->', u'NP')
('Molly', '->', u'NP')
('Mars', '->', u'NP')
('Billy', '->', u'NP')
('Joel', '->', u'NP')
('November', '->', u'NP')
('September', '->', u'NP')
('August', '->', u'NP')
('Short', '->', u'NP')
('Miranda', '->', u'NP')
('Belgium', '->', u'NP')
('april', '->', u'NP')
('God', '->', u'NP')
('Wilson', '->', u'NP')
('John', '->', u'NP')
('Max', '->', u'NP')
('August', '->', u'NP')
('August', '->', u'NP')
('July', '->', u'NP')
('Tim', '->', u'NP')
('Snow', '->', u'NP')
('Don', '->', u'NP')
('Japan', '->', u'NP')
('June', '->', u'NP')
('Winter', '->', u'NP')
('May', '->', u'NP')
('PM', '->', u'NP')
('Jan', '->', u'NP')
('Black', '->', u'NP')
('September', '->', u'NP')
('AMA', '->', u'NP')
('August', '->', u'NP')
('July', '->', u'NP')
('Pick', '->', u'NP')
('Black', '->', u'NP')
('Mars', '->', u'NP')
('America', '->', u'NP')
('Iowa', '->', u'NP')
('May', '->', u'NP')
('January', '->', u'NP')
('Jan', '->', u'NP')
('September', '->', u'NP')
('October', '->', u'NP')
('Penny', '->', u'NP')
('Caravan', '->', u'NP')
('Satan', '->', u'NP')
('Don', '->', u'NP')
('Brandon', '->', u'NP')
('Las', '->', u'NP')
('Vegas', '->', u'NP')
('Hard', '->', u'NP')
('Belgium', '->', u'NP')
('Foster', '->', u'NP')
('Rice', '->', u'NP')
('Eden', '->', u'NP')
('Swift', '->', u'NP')
('August', '->', u'NP')
('August', '->', u'NP')
('Speed', '->', u'NP')
('America', '->', u'NP')
('Emil', '->', u'NP')
('Richard', '->', u'NP')
('Wagner', '->', u'NP')
('Morgan', '->', u'NP')
('Freeman', '->', u'NP')
('August', '->', u'NP')
('September', '->', u'NP')
('August', '->', u'NP')
('August', '->', u'NP')
('Case', '->', u'NP')
('August', '->', u'NP')
('July', '->', u'NP')
('July', '->', u'NP')
('W', '->', u'NP')
('Chris', '->', u'NP')
('Hitler', '->', u'NP')
('Cain', '->', u'NP')
('Abel', '->', u'NP')
('December', '->', u'NP')
('Swift', '->', u'NP')
('Chance', '->', u'NP')
('September', '->', u'NP')
('Don', '->', u'NP')
('August', '->', u'NP')
('August', '->', u'NP')
('Maurice', '->', u'NP')
('November', '->', u'NP')
('July', '->', u'NP')
('July', '->', u'NP')
('Weeks', '->', u'NP')
('July', '->', u'NP')
('Job', '->', u'NP')
('Jan', '->', u'NP')
('September', '->', u'NP')
('Ana', '->', u'NP')
('September', '->', u'NP')
('September', '->', u'NP')
('September', '->', u'NP')
('October', '->', u'NP')
('Barbara', '->', u'NP')
('Allen', '->', u'NP')
('September', '->', u'NP')
('Hitler', '->', u'NP')
('September', '->', u'NP')
('Benjamin', '->', u'NP')
('August', '->', u'NP')
('Kurt', '->', u'NP')
('August', '->', u'NP')
('Thomas', '->', u'NP')
('Greece', '->', u'NP')
('August', '->', u'NP')
('July', '->', u'NP')
('Cash', '->', u'NP')
('Canada', '->', u'NP')
('B', '->', u'NP')
('Django', '->', u'NP')
('Reinhardt', '->', u'NP')
('Australia', '->', u'NP')
('Child', '->', u'NP')
('Christopher', '->', u'NP')
('Columbus', '->', u'NP')
('Walker', '->', u'NP')
('Lucy', '->', u'NP')
('Lane', '->', u'NP')
('January', '->', u'NP')
('Jan', '->', u'NP')
('Mars', '->', u'NP')
('September', '->', u'NP')
('Black', '->', u'NP')
('August', '->', u'NP')
('Eden', '->', u'NP')
('Eden', '->', u'NP')
('Short', '->', u'NP')
('Short', '->', u'NP')
('August', '->', u'NP')
150 

12556
