spiders.csv
0
Sentiment(classification='pos', p_pos=0.72654296952607256, p_neg=0.27345703047392811)


1
Sentiment(classification='neg', p_pos=0.37799221862499621, p_neg=0.6220077813750039)




-0.5 1.0 0.447732405924 0.552267594076
0
I hope you guys like Golden Orb Weavers. ALBUM. Melbourne, FL.
Sentiment(polarity=0.34999999999999998, subjectivity=0.65000000000000002)
('Thailand', '->', u'NP')
('Brown', '->', u'NP')
('Sheer', '->', u'NP')
('Weaver', '->', u'NP')
('Lydia', '->', u'NP')
('Wolf', '->', u'NP')
('Seattle', '->', u'NP')
('Pretty', '->', u'NP')
('Oregon', '->', u'NP')
('Australia', '->', u'NP')
('Victoria', '->', u'NP')
('Ontario', '->', u'NP')
('Guy', '->', u'NP')
('Sydney', '->', u'NP')
('Halloween', '->', u'NP')
('Australian', '->', u'NP')
('Momma', '->', u'NP')
('Fred', '->', u'NP')
('Quebec', '->', u'NP')
('Amazon', '->', u'NP')
('Texas', '->', u'NP')
('Dublin', '->', u'NP')
('Ireland', '->', u'NP')
('Bali', '->', u'NP')
('Indonesia', '->', u'NP')
('Charlie', '->', u'NP')
('Seattle', '->', u'NP')
('Venezuela', '->', u'NP')
('Weaver', '->', u'NP')
('Guy', '->', u'NP')
('Italy', '->', u'NP')
('California', '->', u'NP')
('Ecuador', '->', u'NP')
('Iowa', '->', u'NP')
('Black', '->', u'NP')
('Black', '->', u'NP')
('Betty', '->', u'NP')
('Ohio', '->', u'NP')
('Via', '->', u'NP')
('Florida', '->', u'NP')
('Black', '->', u'NP')
('Oliver', '->', u'NP')
('S', '->', u'NP')
('Bird', '->', u'NP')
('Turkey', '->', u'NP')
('Canada', '->', u'NP')
('Gainesville', '->', u'NP')
('Wolf', '->', u'NP')
('San', '->', u'NP')
('Wolf', '->', u'NP')
('Australia', '->', u'NP')
('San', '->', u'NP')
('Diego', '->', u'NP')
('Brown', '->', u'NP')
('Black', '->', u'NP')
('Texas', '->', u'NP')
('Farmington', '->', u'NP')
('Ecuador', '->', u'NP')
('Christmas', '->', u'NP')
('Black', '->', u'NP')
('Brandon', '->', u'NP')
('Weaver', '->', u'NP')
('Ecuador', '->', u'NP')
('Wayne', '->', u'NP')
('Maude', '->', u'NP')
('Black', '->', u'NP')
('Tennessee', '->', u'NP')
('Wolf', '->', u'NP')
('Black', '->', u'NP')
('Helena', '->', u'NP')
('Cambodia', '->', u'NP')
('Clearwater', '->', u'NP')
('Florida', '->', u'NP')
('Australia', '->', u'NP')
('Lincoln', '->', u'NP')
('Athens', '->', u'NP')
('Ohio', '->', u'NP')
('Amazon', '->', u'NP')
('August', '->', u'NP')
('Nebraska', '->', u'NP')
('Spain', '->', u'NP')
('Victoria', '->', u'NP')
('Brazil', '->', u'NP')
('Playa', '->', u'NP')
('Carmen', '->', u'NP')
('China', '->', u'NP')
('Trinidad', '->', u'NP')
('Black', '->', u'NP')
('Black', '->', u'NP')
('Arizona', '->', u'NP')
('Detroit', '->', u'NP')
('Sydney', '->', u'NP')
('Australia', '->', u'NP')
('Weaver', '->', u'NP')
('Africa', '->', u'NP')
('Capetown', '->', u'NP')
('Charlie', '->', u'NP')
('Peru', '->', u'NP')
('Panama', '->', u'NP')
('Arizona', '->', u'NP')
('California', '->', u'NP')
('Melbourne', '->', u'NP')
('Green', '->', u'NP')
('Ohio', '->', u'NP')
('Rosie', '->', u'NP')
('Edward', '->', u'NP')
('Utah', '->', u'NP')
('Florida', '->', u'NP')
('Black', '->', u'NP')
('Michigan', '->', u'NP')
('Penny', '->', u'NP')
('Black', '->', u'NP')
('S', '->', u'NP')
('Florida', '->', u'NP')
('Bali', '->', u'NP')
('India', '->', u'NP')
('Wolf', '->', u'NP')
('Frank', '->', u'NP')
('Frank', '->', u'NP')
('Don', '->', u'NP')
('Japan', '->', u'NP')
('Portia', '->', u'NP')
('Tulsa', '->', u'NP')
('Michigan', '->', u'NP')
('Halloween', '->', u'NP')
('Europe', '->', u'NP')
('Weaver', '->', u'NP')
('Virginia', '->', u'NP')
('Weaver', '->', u'NP')
('Weaver', '->', u'NP')
('Norm', '->', u'NP')
('S', '->', u'NP')
('Norm', '->', u'NP')
('Indiana', '->', u'NP')
('Nicaragua', '->', u'NP')
('Brown', '->', u'NP')
('Colorado', '->', u'NP')
('Cambodia', '->', u'NP')
('Wolf', '->', u'NP')
('Australia', '->', u'NP')
('Black', '->', u'NP')
('Weaver', '->', u'NP')
('Black', '->', u'NP')
('Washington', '->', u'NP')
('L', '->', u'NP')
('Florida', '->', u'NP')
('Newcastle', '->', u'NP')
('England', '->', u'NP')
('America', '->', u'NP')
('Black', '->', u'NP')
('Mediterranean', '->', u'NP')
('L', '->', u'NP')
('Weaver', '->', u'NP')
('G', '->', u'NP')
('Queens', '->', u'NP')
('Brown', '->', u'NP')
('S', '->', u'NP')
('Illinois', '->', u'NP')
('Louis', '->', u'NP')
('Taiwan', '->', u'NP')
('Asia', '->', u'NP')
('Australia', '->', u'NP')
('Nevada', '->', u'NP')
('Pretty', '->', u'NP')
('California', '->', u'NP')
('San', '->', u'NP')
('Francisco', '->', u'NP')
('Pennsylvania', '->', u'NP')
('Michigan', '->', u'NP')
('Alabama', '->', u'NP')
('Brisbane', '->', u'NP')
('Australia', '->', u'NP')
('Nevada', '->', u'NP')
('Peru', '->', u'NP')
('San', '->', u'NP')
('Brown', '->', u'NP')
('Nashville', '->', u'NP')
('Shepard', '->', u'NP')
('Sydney', '->', u'NP')
('Australia', '->', u'NP')
('Christmas', '->', u'NP')
('Minnesota', '->', u'NP')
('Adirondack', '->', u'NP')
('Michigan', '->', u'NP')
('Massachusetts', '->', u'NP')
('Pinkie', '->', u'NP')
('Syracuse', '->', u'NP')
('Idaho', '->', u'NP')
('Wolf', '->', u'NP')
('Illinois', '->', u'NP')
('Australia', '->', u'NP')
('Bryan', '->', u'NP')
('Australian', '->', u'NP')
('Weaver', '->', u'NP')
('San', '->', u'NP')
('Antonio', '->', u'NP')
('Australia', '->', u'NP')
('Ontario', '->', u'NP')
('Quebec', '->', u'NP')
('Canada', '->', u'NP')
('Black', '->', u'NP')
('Sydney', '->', u'NP')
('Maryland', '->', u'NP')
('Wolf', '->', u'NP')
('G', '->', u'NP')
('Virginia', '->', u'NP')
('Gertrude', '->', u'NP')
('Australia', '->', u'NP')
('Black', '->', u'NP')
('Fredericksburg', '->', u'NP')
('Athens', '->', u'NP')
('Ohio', '->', u'NP')
('Black', '->', u'NP')
('Montana', '->', u'NP')
('Black', '->', u'NP')
('California', '->', u'NP')
('Sweden', '->', u'NP')
('Smithsonian', '->', u'NP')
('Australian', '->', u'NP')
('Victoria', '->', u'NP')
('Jackie', '->', u'NP')
('Brown', '->', u'NP')
('Scotland', '->', u'NP')
('Nat', '->', u'NP')
('Orlando', '->', u'NP')
('Florida', '->', u'NP')
('Jan', '->', u'NP')
('T', '->', u'NP')
('Buddy', '->', u'NP')
('Ryan', '->', u'NP')
('Chile', '->', u'NP')
('Michigan', '->', u'NP')
('Florida', '->', u'NP')
('Australia', '->', u'NP')
('Wolf', '->', u'NP')
('Laos', '->', u'NP')
('Black', '->', u'NP')
('Greece', '->', u'NP')
('Texas', '->', u'NP')
('Green', '->', u'NP')
('January', '->', u'NP')
('Argentina', '->', u'NP')
('Green', '->', u'NP')
('Weaver', '->', u'NP')
('Ohio', '->', u'NP')
('Virginia', '->', u'NP')
('Sue', '->', u'NP')
('Amazon', '->', u'NP')
('K', '->', u'NP')
('Ecuador', '->', u'NP')
('Amazon', '->', u'NP')
('Australia', '->', u'NP')
('Weaver', '->', u'NP')
('Africa', '->', u'NP')
('Black', '->', u'NP')
('Johannesburg', '->', u'NP')
('Africa', '->', u'NP')
('Wolf', '->', u'NP')
('Texas', '->', u'NP')
('Met', '->', u'NP')
('China', '->', u'NP')
('California', '->', u'NP')
('Brown', '->', u'NP')
('England', '->', u'NP')
('Ecuador', '->', u'NP')
('Florida', '->', u'NP')
('Wolf', '->', u'NP')
('Michigan', '->', u'NP')
('Green', '->', u'NP')
('Guatemala', '->', u'NP')
('Pennsylvania', '->', u'NP')
('Key', '->', u'NP')
('Florida', '->', u'NP')
('Newfoundland', '->', u'NP')
('Louisiana', '->', u'NP')
('Japan', '->', u'NP')
('Russia', '->', u'NP')
('Richmond', '->', u'NP')
('Virginia', '->', u'NP')
('Green', '->', u'NP')
('China', '->', u'NP')
('San', '->', u'NP')
('Diego', '->', u'NP')
('Melbourne', '->', u'NP')
('Australia', '->', u'NP')
('Albany', '->', u'NP')
('Jane', '->', u'NP')
('Alabama', '->', u'NP')
('Brown', '->', u'NP')
('Bancroft', '->', u'NP')
('Canada', '->', u'NP')
('Oklahoma', '->', u'NP')
('California', '->', u'NP')
('Michigan', '->', u'NP')
('Kentucky', '->', u'NP')
('Wolf', '->', u'NP')
('Florida', '->', u'NP')
('Carson', '->', u'NP')
('S', '->', u'NP')
('Australia', '->', u'NP')
('France', '->', u'NP')
('Spain', '->', u'NP')
('Nebraska', '->', u'NP')
('Wolf', '->', u'NP')
('Madagascar', '->', u'NP')
('Australian', '->', u'NP')
('Ida', '->', u'NP')
('Turkey', '->', u'NP')
('Peru', '->', u'NP')
('Black', '->', u'NP')
('Tokyo', '->', u'NP')
('Japan', '->', u'NP')
('Wisconsin', '->', u'NP')
('Florida', '->', u'NP')
('California', '->', u'NP')
('Australian', '->', u'NP')
('Australia', '->', u'NP')
('Green', '->', u'NP')
('Wolf', '->', u'NP')
('S', '->', u'NP')
('Florida', '->', u'NP')
('Michigan', '->', u'NP')
('Austin', '->', u'NP')
('Texas', '->', u'NP')
('Kansas', '->', u'NP')
('Missouri', '->', u'NP')
('Colombia', '->', u'NP')
('Washington', '->', u'NP')
('Brown', '->', u'NP')
('Black', '->', u'NP')
('Australian', '->', u'NP')
('Melbourne', '->', u'NP')
332 

13975
