LetsTalkMusic.csv
0
Sentiment(classification='pos', p_pos=0.88808871445497661, p_neg=0.11191128554502376)


1
Sentiment(classification='neg', p_pos=0.20043846943096721, p_neg=0.79956153056903245)




0.233333333333 0.433333333333 0.455736408057 0.544263591943
0
Queen-A Night At the Opera
Sentiment(polarity=0.34999999999999998, subjectivity=0.65000000000000002)
('Bob', '->', u'NP')
('Steve', '->', u'NP')
('Carl', '->', u'NP')
('Wilson', '->', u'NP')
('February', '->', u'NP')
('Valentine', '->', u'NP')
('Warner', '->', u'NP')
('Brian', '->', u'NP')
('Canada', '->', u'NP')
('September', '->', u'NP')
('Brew', '->', u'NP')
('Miles', '->', u'NP')
('Davis', '->', u'NP')
('Canada', '->', u'NP')
('Paul', '->', u'NP')
('Belle', '->', u'NP')
('Vincent', '->', u'NP')
('John', '->', u'NP')
('Bonham', '->', u'NP')
('Jack', '->', u'NP')
('Lil', '->', u'NP')
('Wayne', '->', u'NP')
('Rocky', '->', u'NP')
('Valentine', '->', u'NP')
('Fields', '->', u'NP')
('Phil', '->', u'NP')
('Bohemian', '->', u'NP')
('Beethoven', '->', u'NP')
('Doug', '->', u'NP')
('Gary', '->', u'NP')
('Texas', '->', u'NP')
('February', '->', u'NP')
('Piero', '->', u'NP')
('Bradford', '->', u'NP')
('Cox', '->', u'NP')
('Mike', '->', u'NP')
('Jack', '->', u'NP')
('Conan', '->', u'NP')
('Brien', '->', u'NP')
('Dan', '->', u'NP')
('David', '->', u'NP')
('December', '->', u'NP')
('Weeks', '->', u'NP')
('Black', '->', u'NP')
('Don', '->', u'NP')
('Hook', '->', u'NP')
('Steve', '->', u'NP')
('Ben', '->', u'NP')
('Gates', '->', u'NP')
('Dawn', '->', u'NP')
('Floyd', '->', u'NP')
('John', '->', u'NP')
('Mayer', '->', u'NP')
('Bradford', '->', u'NP')
('Cox', '->', u'NP')
('Curtis', '->', u'NP')
('Queens', '->', u'NP')
('Frank', '->', u'NP')
('August', '->', u'NP')
('Frank', '->', u'NP')
('John', '->', u'NP')
('Daniel', '->', u'NP')
('Johnston', '->', u'NP')
('Japan', '->', u'NP')
('U', '->', u'NP')
('S', '->', u'NP')
('Harlem', '->', u'NP')
('Ed', '->', u'NP')
('August', '->', u'NP')
('Delta', '->', u'NP')
('Rae', '->', u'NP')
('June', '->', u'NP')
('K', '->', u'NP')
('Stevens', '->', u'NP')
('Dave', '->', u'NP')
('Dan', '->', u'NP')
('Django', '->', u'NP')
('Marc', '->', u'NP')
('T', '->', u'NP')
('Rex', '->', u'NP')
('September', '->', u'NP')
('Floyd', '->', u'NP')
('August', '->', u'NP')
('June', '->', u'NP')
('Bloom', '->', u'NP')
('Black', '->', u'NP')
('March', '->', u'NP')
('Steve', '->', u'NP')
('Black', '->', u'NP')
('Keys', '->', u'NP')
('Amy', '->', u'NP')
('Carter', '->', u'NP')
('Bob', '->', u'NP')
('Dylan', '->', u'NP')
('Kurt', '->', u'NP')
('S', '->', u'NP')
('Canada', '->', u'NP')
('Low', '->', u'NP')
('April', '->', u'NP')
('Van', '->', u'NP')
('Christmas', '->', u'NP')
('Green', '->', u'NP')
('Maynard', '->', u'NP')
('James', '->', u'NP')
('Floyd', '->', u'NP')
('August', '->', u'NP')
('Jackson', '->', u'NP')
('Pollock', '->', u'NP')
('David', '->', u'NP')
('Black', '->', u'NP')
('Sabbath', '->', u'NP')
('Kentucky', '->', u'NP')
('Bright', '->', u'NP')
('Bob', '->', u'NP')
('Dylan', '->', u'NP')
('Impressionism', '->', u'NP')
('Hunter', '->', u'NP')
('Paul', '->', u'NP')
('Williams', '->', u'NP')
('Burma', '->', u'NP')
('Nick', '->', u'NP')
('Drake', '->', u'NP')
('Mars', '->', u'NP')
('Volta', '->', u'NP')
('Mars', '->', u'NP')
('Volta', '->', u'NP')
('Chapman', '->', u'NP')
('America', '->', u'NP')
('Howard', '->', u'NP')
('Stern', '->', u'NP')
('N', '->', u'NP')
('Alice', '->', u'NP')
('Chance', '->', u'NP')
('George', '->', u'NP')
('July', '->', u'NP')
('John', '->', u'NP')
('Mumford', '->', u'NP')
('March', '->', u'NP')
('Paul', '->', u'NP')
('Pete', '->', u'NP')
('Townsend', '->', u'NP')
('Lou', '->', u'NP')
('Reed', '->', u'NP')
('Lou', '->', u'NP')
('Reed', '->', u'NP')
('Reed', '->', u'NP')
('David', '->', u'NP')
('Low', '->', u'NP')
('James', '->', u'NP')
('Blake', '->', u'NP')
('Richard', '->', u'NP')
('James', '->', u'NP')
('Hans', '->', u'NP')
('August', '->', u'NP')
('Robert', '->', u'NP')
('Canada', '->', u'NP')
('Brian', '->', u'NP')
('Wilson', '->', u'NP')
('January', '->', u'NP')
('December', '->', u'NP')
('Dan', '->', u'NP')
('America', '->', u'NP')
('Daniel', '->', u'NP')
('Johnston', '->', u'NP')
('Black', '->', u'NP')
('Julian', '->', u'NP')
('George', '->', u'NP')
('Clinton', '->', u'NP')
('Jesus', '->', u'NP')
('Brian', '->', u'NP')
('Friend', '->', u'NP')
('May', '->', u'NP')
('Dylan', '->', u'NP')
('Steve', '->', u'NP')
('Lo', '->', u'NP')
('May', '->', u'NP')
('Jason', '->', u'NP')
('Otis', '->', u'NP')
('Weeks', '->', u'NP')
('October', '->', u'NP')
('July', '->', u'NP')
('Bob', '->', u'NP')
('Dylan', '->', u'NP')
('Jones', '->', u'NP')
('Coffin', '->', u'NP')
('Steve', '->', u'NP')
('Ralph', '->', u'NP')
('Vaughan', '->', u'NP')
('Williams', '->', u'NP')
('B', '->', u'NP')
('December', '->', u'NP')
('Gotham', '->', u'NP')
('March', '->', u'NP')
('Kurt', '->', u'NP')
('Mozart', '->', u'NP')
('Lou', '->', u'NP')
('Reed', '->', u'NP')
('Lester', '->', u'NP')
('Bangs', '->', u'NP')
('Tom', '->', u'NP')
('Lo', '->', u'NP')
('Green', '->', u'NP')
('Harry', '->', u'NP')
('Nilsson', '->', u'NP')
('Mac', '->', u'NP')
('Dawson', '->', u'NP')
('Scott', '->', u'NP')
('Walker', '->', u'NP')
('June', '->', u'NP')
('Todd', '->', u'NP')
('March', '->', u'NP')
('Stockhausen', '->', u'NP')
('Don', '->', u'NP')
('Van', '->', u'NP')
('Portugal', '->', u'NP')
('Michael', '->', u'NP')
('Jackson', '->', u'NP')
('Mali', '->', u'NP')
('Jackson', '->', u'NP')
('Pollock', '->', u'NP')
('Phoenix', '->', u'NP')
('Wolf', '->', u'NP')
('Darwin', '->', u'NP')
('Bloom', '->', u'NP')
('Steve', '->', u'NP')
('Reich', '->', u'NP')
('L', '->', u'NP')
('L', '->', u'NP')
('Cool', '->', u'NP')
('Valentine', '->', u'NP')
('Loveless', '->', u'NP')
('Dylan', '->', u'NP')
('Frank', '->', u'NP')
('B', '->', u'NP')
('Black', '->', u'NP')
('October', '->', u'NP')
('Friend', '->', u'NP')
('John', '->', u'NP')
('Bob', '->', u'NP')
('Dylan', '->', u'NP')
('Buddy', '->', u'NP')
('Lou', '->', u'NP')
('Reed', '->', u'NP')
('Bob', '->', u'NP')
('Dylan', '->', u'NP')
('Jack', '->', u'NP')
('Paul', '->', u'NP')
('April', '->', u'NP')
('Dave', '->', u'NP')
('Elvis', '->', u'NP')
('Presley', '->', u'NP')
('Andre', '->', u'NP')
('Ziggy', '->', u'NP')
('Billy', '->', u'NP')
('Bragg', '->', u'NP')
('Liz', '->', u'NP')
('Del', '->', u'NP')
('Rey', '->', u'NP')
('Del', '->', u'NP')
('Rey', '->', u'NP')
('Patti', '->', u'NP')
('Smith', '->', u'NP')
('Sammy', '->', u'NP')
('Davis', '->', u'NP')
('Del', '->', u'NP')
('Rey', '->', u'NP')
('Burma', '->', u'NP')
('Leo', '->', u'NP')
('Miriam', '->', u'NP')
269 

13928
