dogs.csv
0
Sentiment(classification='neg', p_pos=0.29290596596277441, p_neg=0.70709403403722515)


1
Sentiment(classification='pos', p_pos=0.96930731505835122, p_neg=0.03069268494165233)




0.175 0.441666666667 0.368893359489 0.631106640511
0
The simplest things make him happy
Sentiment(polarity=0.34999999999999998, subjectivity=0.65000000000000002)
('Buffalo', '->', u'NP')
('Morris', '->', u'NP')
('Guy', '->', u'NP')
('Mi', '->', u'NP')
('Cooper', '->', u'NP')
('Heard', '->', u'NP')
('Tucker', '->', u'NP')
('Maggie', '->', u'NP')
('Colorado', '->', u'NP')
('Diego', '->', u'NP')
('Christmas', '->', u'NP')
('Reilly', '->', u'NP')
('Colorado', '->', u'NP')
('Finnegan', '->', u'NP')
('Dane', '->', u'NP')
('Ontario', '->', u'NP')
('Canada', '->', u'NP')
('July', '->', u'NP')
('Oso', '->', u'NP')
('Bella', '->', u'NP')
('Oklahoma', '->', u'NP')
('Yogi', '->', u'NP')
('Yin', '->', u'NP')
('Olivia', '->', u'NP')
('Sam', '->', u'NP')
('Seattle', '->', u'NP')
('Don', '->', u'NP')
('Jacksonville', '->', u'NP')
('Lola', '->', u'NP')
('Bill', '->', u'NP')
('Dos', '->', u'NP')
('Henry', '->', u'NP')
('Labrador', '->', u'NP')
('Child', '->', u'NP')
('Tennessee', '->', u'NP')
('Eddie', '->', u'NP')
('L', '->', u'NP')
('Oliver', '->', u'NP')
('Pedro', '->', u'NP')
('Oklahoma', '->', u'NP')
('Labrador', '->', u'NP')
('Murphy', '->', u'NP')
('Murphy', '->', u'NP')
('Chuck', '->', u'NP')
('Monty', '->', u'NP')
('Portland', '->', u'NP')
('Perry', '->', u'NP')
('Pretty', '->', u'NP')
('Chase', '->', u'NP')
('Parker', '->', u'NP')
('Player', '->', u'NP')
('Toronto', '->', u'NP')
('Ontario', '->', u'NP')
('Dallas', '->', u'NP')
('K', '->', u'NP')
('Labrador', '->', u'NP')
('Black', '->', u'NP')
('Denver', '->', u'NP')
('Cooper', '->', u'NP')
('Met', '->', u'NP')
('Benjamin', '->', u'NP')
('Bill', '->', u'NP')
('Congress', '->', u'NP')
('Texas', '->', u'NP')
('Worth', '->', u'NP')
('Murphy', '->', u'NP')
('Sam', '->', u'NP')
('Las', '->', u'NP')
('Vegas', '->', u'NP')
('Salem', '->', u'NP')
('Missouri', '->', u'NP')
('Halloween', '->', u'NP')
('Bill', '->', u'NP')
('Oregon', '->', u'NP')
('Jackson', '->', u'NP')
('Thor', '->', u'NP')
('Christmas', '->', u'NP')
('Simba', '->', u'NP')
('Austin', '->', u'NP')
('Ohio', '->', u'NP')
('Nolan', '->', u'NP')
('Emma', '->', u'NP')
('Olivia', '->', u'NP')
('Carl', '->', u'NP')
('Charlie', '->', u'NP')
('Bella', '->', u'NP')
('Sammy', '->', u'NP')
('Dane', '->', u'NP')
('Dane', '->', u'NP')
('Friend', '->', u'NP')
('Phoenix', '->', u'NP')
('Dave', '->', u'NP')
('Dave', '->', u'NP')
('July', '->', u'NP')
('Dave', '->', u'NP')
('Davis', '->', u'NP')
('Remy', '->', u'NP')
('PM', '->', u'NP')
('May', '->', u'NP')
('Bond', '->', u'NP')
('Child', '->', u'NP')
('K', '->', u'NP')
('Tyson', '->', u'NP')
('Tyson', '->', u'NP')
('Colt', '->', u'NP')
('Arizona', '->', u'NP')
('Michigan', '->', u'NP')
('Lucy', '->', u'NP')
('Gibbs', '->', u'NP')
('Dane', '->', u'NP')
('N', '->', u'NP')
('Michigan', '->', u'NP')
('Cyrus', '->', u'NP')
('Bo', '->', u'NP')
('Oklahoma', '->', u'NP')
('Missy', '->', u'NP')
('Nevada', '->', u'NP')
('Harold', '->', u'NP')
('Maine', '->', u'NP')
('Sadie', '->', u'NP')
('Buckley', '->', u'NP')
('Russia', '->', u'NP')
('Rocky', '->', u'NP')
('Ashley', '->', u'NP')
('Bosco', '->', u'NP')
('Sonny', '->', u'NP')
('Dudley', '->', u'NP')
('Labrador', '->', u'NP')
('E', '->', u'NP')
('Olivia', '->', u'NP')
('Milan', '->', u'NP')
('Houston', '->', u'NP')
('Rosie', '->', u'NP')
('Henry', '->', u'NP')
('China', '->', u'NP')
('Phoenix', '->', u'NP')
('Ziggy', '->', u'NP')
('Spain', '->', u'NP')
('Christmas', '->', u'NP')
('Zoe', '->', u'NP')
('Louis', '->', u'NP')
('Alaska', '->', u'NP')
('Christmas', '->', u'NP')
('Christmas', '->', u'NP')
('Wallace', '->', u'NP')
('Labrador', '->', u'NP')
('Gus', '->', u'NP')
('Christmas', '->', u'NP')
('Molly', '->', u'NP')
('Phoenix', '->', u'NP')
('Joey', '->', u'NP')
('Georgia', '->', u'NP')
('PM', '->', u'NP')
('Louis', '->', u'NP')
('Henry', '->', u'NP')
('Lucy', '->', u'NP')
('Afghan', '->', u'NP')
('California', '->', u'NP')
('Dane', '->', u'NP')
('Amazon', '->', u'NP')
('Indiana', '->', u'NP')
('Loving', '->', u'NP')
('Charlie', '->', u'NP')
('Draco', '->', u'NP')
('Corso', '->', u'NP')
('Don', '->', u'NP')
('June', '->', u'NP')
('Friend', '->', u'NP')
('Philadelphia', '->', u'NP')
('Poland', '->', u'NP')
('Warwick', '->', u'NP')
('Chicago', '->', u'NP')
('Cooper', '->', u'NP')
('Gee', '->', u'NP')
('Adams', '->', u'NP')
('Wilfred', '->', u'NP')
('Europe', '->', u'NP')
('Ziggy', '->', u'NP')
('Charlie', '->', u'NP')
('Buddy', '->', u'NP')
('Penn', '->', u'NP')
('Don', '->', u'NP')
('Pocket', '->', u'NP')
('Frankie', '->', u'NP')
('Knox', '->', u'NP')
('Haliburton', '->', u'NP')
('Stark', '->', u'NP')
('Bronx', '->', u'NP')
('Black', '->', u'NP')
('Harry', '->', u'NP')
('Halloween', '->', u'NP')
('Sinatra', '->', u'NP')
('Texas', '->', u'NP')
('Cassius', '->', u'NP')
('Bruce', '->', u'NP')
('Bruce', '->', u'NP')
('Wayne', '->', u'NP')
('Mississippi', '->', u'NP')
('Texas', '->', u'NP')
('Sadie', '->', u'NP')
('Java', '->', u'NP')
('Penny', '->', u'NP')
('Lane', '->', u'NP')
('Dane', '->', u'NP')
('Barney', '->', u'NP')
('Bush', '->', u'NP')
('George', '->', u'NP')
('W', '->', u'NP')
('Laura', '->', u'NP')
('Beau', '->', u'NP')
('Charles', '->', u'NP')
('Norfolk', '->', u'NP')
('Panama', '->', u'NP')
('Florida', '->', u'NP')
('July', '->', u'NP')
('Houston', '->', u'NP')
('B', '->', u'NP')
('B', '->', u'NP')
('Bacon', '->', u'NP')
('Ohio', '->', u'NP')
('Amazon', '->', u'NP')
('Bo', '->', u'NP')
('Rufus', '->', u'NP')
('Chance', '->', u'NP')
224 

16707
